[ 2017-05-05T07:27:50+08:00 ] /JSJD/admin.php | INFO: Tag[ app_begin ] --START--
[ 2017-05-05T07:27:50+08:00 ] /JSJD/admin.php | INFO: Run ReadHtmlCache Behavior [ RunTime:0.002467s ]
[ 2017-05-05T07:27:50+08:00 ] /JSJD/admin.php | INFO: Tag[ app_begin ] --END-- [ RunTime:0.003065s ]
[ 2017-05-05T07:27:50+08:00 ] /JSJD/admin.php | INFO: Tag[ view_template ] --START--
[ 2017-05-05T07:27:50+08:00 ] /JSJD/admin.php | INFO: Run LocationTemplate Behavior [ RunTime:0.000701s ]
[ 2017-05-05T07:27:50+08:00 ] /JSJD/admin.php | INFO: Tag[ view_template ] --END-- [ RunTime:0.000791s ]
[ 2017-05-05T07:27:50+08:00 ] /JSJD/admin.php | INFO: Tag[ view_parse ] --START--
[ 2017-05-05T07:27:50+08:00 ] /JSJD/admin.php | NOTIC: [8192] preg_replace(): The /e modifier is deprecated, use preg_replace_callback instead ThinkTemplate.class.php 第 186 行.
[ 2017-05-05T07:27:50+08:00 ] /JSJD/admin.php | NOTIC: [8192] preg_replace(): The /e modifier is deprecated, use preg_replace_callback instead ThinkTemplate.class.php 第 406 行.
[ 2017-05-05T07:27:50+08:00 ] /JSJD/admin.php | NOTIC: [8192] preg_replace(): The /e modifier is deprecated, use preg_replace_callback instead ThinkTemplate.class.php 第 406 行.
[ 2017-05-05T07:27:50+08:00 ] /JSJD/admin.php | NOTIC: [8192] preg_replace(): The /e modifier is deprecated, use preg_replace_callback instead ThinkTemplate.class.php 第 406 行.
[ 2017-05-05T07:27:50+08:00 ] /JSJD/admin.php | NOTIC: [8192] preg_replace(): The /e modifier is deprecated, use preg_replace_callback instead ThinkTemplate.class.php 第 406 行.
[ 2017-05-05T07:27:50+08:00 ] /JSJD/admin.php | NOTIC: [8192] preg_replace(): The /e modifier is deprecated, use preg_replace_callback instead ThinkTemplate.class.php 第 406 行.
[ 2017-05-05T07:27:50+08:00 ] /JSJD/admin.php | NOTIC: [8192] preg_replace(): The /e modifier is deprecated, use preg_replace_callback instead ThinkTemplate.class.php 第 406 行.
[ 2017-05-05T07:27:50+08:00 ] /JSJD/admin.php | NOTIC: [8192] preg_replace(): The /e modifier is deprecated, use preg_replace_callback instead ThinkTemplate.class.php 第 406 行.
[ 2017-05-05T07:27:50+08:00 ] /JSJD/admin.php | NOTIC: [8192] preg_replace(): The /e modifier is deprecated, use preg_replace_callback instead ThinkTemplate.class.php 第 406 行.
[ 2017-05-05T07:27:50+08:00 ] /JSJD/admin.php | NOTIC: [8192] preg_replace(): The /e modifier is deprecated, use preg_replace_callback instead ThinkTemplate.class.php 第 406 行.
[ 2017-05-05T07:27:50+08:00 ] /JSJD/admin.php | NOTIC: [8192] preg_replace(): The /e modifier is deprecated, use preg_replace_callback instead ThinkTemplate.class.php 第 402 行.
[ 2017-05-05T07:27:50+08:00 ] /JSJD/admin.php | NOTIC: [8192] preg_replace(): The /e modifier is deprecated, use preg_replace_callback instead ThinkTemplate.class.php 第 402 行.
[ 2017-05-05T07:27:50+08:00 ] /JSJD/admin.php | NOTIC: [8192] preg_replace(): The /e modifier is deprecated, use preg_replace_callback instead ThinkTemplate.class.php 第 406 行.
[ 2017-05-05T07:27:50+08:00 ] /JSJD/admin.php | NOTIC: [8192] preg_replace(): The /e modifier is deprecated, use preg_replace_callback instead ThinkTemplate.class.php 第 406 行.
[ 2017-05-05T07:27:50+08:00 ] /JSJD/admin.php | NOTIC: [8192] preg_replace(): The /e modifier is deprecated, use preg_replace_callback instead ThinkTemplate.class.php 第 406 行.
[ 2017-05-05T07:27:50+08:00 ] /JSJD/admin.php | NOTIC: [8192] preg_replace(): The /e modifier is deprecated, use preg_replace_callback instead ThinkTemplate.class.php 第 402 行.
[ 2017-05-05T07:27:50+08:00 ] /JSJD/admin.php | NOTIC: [8192] preg_replace(): The /e modifier is deprecated, use preg_replace_callback instead ThinkTemplate.class.php 第 406 行.
[ 2017-05-05T07:27:50+08:00 ] /JSJD/admin.php | NOTIC: [8192] preg_replace(): The /e modifier is deprecated, use preg_replace_callback instead ThinkTemplate.class.php 第 406 行.
[ 2017-05-05T07:27:50+08:00 ] /JSJD/admin.php | NOTIC: [8192] preg_replace(): The /e modifier is deprecated, use preg_replace_callback instead ThinkTemplate.class.php 第 406 行.
[ 2017-05-05T07:27:50+08:00 ] /JSJD/admin.php | NOTIC: [8192] preg_replace(): The /e modifier is deprecated, use preg_replace_callback instead ThinkTemplate.class.php 第 406 行.
[ 2017-05-05T07:27:50+08:00 ] /JSJD/admin.php | NOTIC: [8192] preg_replace(): The /e modifier is deprecated, use preg_replace_callback instead ThinkTemplate.class.php 第 406 行.
[ 2017-05-05T07:27:50+08:00 ] /JSJD/admin.php | NOTIC: [8192] preg_replace(): The /e modifier is deprecated, use preg_replace_callback instead ThinkTemplate.class.php 第 406 行.
[ 2017-05-05T07:27:50+08:00 ] /JSJD/admin.php | NOTIC: [8192] preg_replace(): The /e modifier is deprecated, use preg_replace_callback instead ThinkTemplate.class.php 第 406 行.
[ 2017-05-05T07:27:50+08:00 ] /JSJD/admin.php | NOTIC: [8192] preg_replace(): The /e modifier is deprecated, use preg_replace_callback instead ThinkTemplate.class.php 第 406 行.
[ 2017-05-05T07:27:50+08:00 ] /JSJD/admin.php | NOTIC: [8192] preg_replace(): The /e modifier is deprecated, use preg_replace_callback instead ThinkTemplate.class.php 第 406 行.
[ 2017-05-05T07:27:50+08:00 ] /JSJD/admin.php | NOTIC: [8192] preg_replace(): The /e modifier is deprecated, use preg_replace_callback instead ThinkTemplate.class.php 第 406 行.
[ 2017-05-05T07:27:50+08:00 ] /JSJD/admin.php | NOTIC: [8192] preg_replace(): The /e modifier is deprecated, use preg_replace_callback instead ThinkTemplate.class.php 第 406 行.
[ 2017-05-05T07:27:50+08:00 ] /JSJD/admin.php | NOTIC: [8192] preg_replace(): The /e modifier is deprecated, use preg_replace_callback instead ThinkTemplate.class.php 第 406 行.
[ 2017-05-05T07:27:50+08:00 ] /JSJD/admin.php | NOTIC: [8192] preg_replace(): The /e modifier is deprecated, use preg_replace_callback instead ThinkTemplate.class.php 第 406 行.
[ 2017-05-05T07:27:50+08:00 ] /JSJD/admin.php | NOTIC: [8192] preg_replace(): The /e modifier is deprecated, use preg_replace_callback instead ThinkTemplate.class.php 第 406 行.
[ 2017-05-05T07:27:50+08:00 ] /JSJD/admin.php | NOTIC: [8192] preg_replace(): The /e modifier is deprecated, use preg_replace_callback instead ThinkTemplate.class.php 第 406 行.
[ 2017-05-05T07:27:50+08:00 ] /JSJD/admin.php | NOTIC: [8192] preg_replace(): The /e modifier is deprecated, use preg_replace_callback instead ThinkTemplate.class.php 第 406 行.
[ 2017-05-05T07:27:50+08:00 ] /JSJD/admin.php | NOTIC: [8192] preg_replace(): The /e modifier is deprecated, use preg_replace_callback instead ThinkTemplate.class.php 第 406 行.
[ 2017-05-05T07:27:50+08:00 ] /JSJD/admin.php | NOTIC: [8192] preg_replace(): The /e modifier is deprecated, use preg_replace_callback instead ThinkTemplate.class.php 第 406 行.
[ 2017-05-05T07:27:50+08:00 ] /JSJD/admin.php | NOTIC: [8192] preg_replace(): The /e modifier is deprecated, use preg_replace_callback instead ThinkTemplate.class.php 第 406 行.
[ 2017-05-05T07:27:50+08:00 ] /JSJD/admin.php | NOTIC: [8192] preg_replace(): The /e modifier is deprecated, use preg_replace_callback instead ThinkTemplate.class.php 第 406 行.
[ 2017-05-05T07:27:50+08:00 ] /JSJD/admin.php | NOTIC: [8192] preg_replace(): The /e modifier is deprecated, use preg_replace_callback instead ThinkTemplate.class.php 第 406 行.
[ 2017-05-05T07:27:50+08:00 ] /JSJD/admin.php | NOTIC: [8192] preg_replace(): The /e modifier is deprecated, use preg_replace_callback instead ThinkTemplate.class.php 第 406 行.
[ 2017-05-05T07:27:50+08:00 ] /JSJD/admin.php | NOTIC: [8192] preg_replace(): The /e modifier is deprecated, use preg_replace_callback instead ThinkTemplate.class.php 第 406 行.
[ 2017-05-05T07:27:50+08:00 ] /JSJD/admin.php | NOTIC: [8192] preg_replace(): The /e modifier is deprecated, use preg_replace_callback instead ThinkTemplate.class.php 第 406 行.
[ 2017-05-05T07:27:50+08:00 ] /JSJD/admin.php | NOTIC: [8192] preg_replace(): The /e modifier is deprecated, use preg_replace_callback instead ThinkTemplate.class.php 第 406 行.
[ 2017-05-05T07:27:50+08:00 ] /JSJD/admin.php | NOTIC: [8192] preg_replace(): The /e modifier is deprecated, use preg_replace_callback instead ThinkTemplate.class.php 第 406 行.
[ 2017-05-05T07:27:50+08:00 ] /JSJD/admin.php | NOTIC: [8192] preg_replace(): The /e modifier is deprecated, use preg_replace_callback instead ThinkTemplate.class.php 第 406 行.
[ 2017-05-05T07:27:50+08:00 ] /JSJD/admin.php | NOTIC: [8192] preg_replace(): The /e modifier is deprecated, use preg_replace_callback instead ThinkTemplate.class.php 第 406 行.
[ 2017-05-05T07:27:50+08:00 ] /JSJD/admin.php | NOTIC: [8192] preg_replace(): The /e modifier is deprecated, use preg_replace_callback instead ThinkTemplate.class.php 第 406 行.
[ 2017-05-05T07:27:50+08:00 ] /JSJD/admin.php | NOTIC: [8192] preg_replace(): The /e modifier is deprecated, use preg_replace_callback instead ThinkTemplate.class.php 第 406 行.
[ 2017-05-05T07:27:50+08:00 ] /JSJD/admin.php | NOTIC: [8192] preg_replace(): The /e modifier is deprecated, use preg_replace_callback instead ThinkTemplate.class.php 第 406 行.
[ 2017-05-05T07:27:50+08:00 ] /JSJD/admin.php | NOTIC: [8192] preg_replace(): The /e modifier is deprecated, use preg_replace_callback instead ThinkTemplate.class.php 第 406 行.
[ 2017-05-05T07:27:50+08:00 ] /JSJD/admin.php | NOTIC: [8192] preg_replace(): The /e modifier is deprecated, use preg_replace_callback instead ThinkTemplate.class.php 第 406 行.
[ 2017-05-05T07:27:50+08:00 ] /JSJD/admin.php | NOTIC: [8192] preg_replace(): The /e modifier is deprecated, use preg_replace_callback instead ThinkTemplate.class.php 第 406 行.
[ 2017-05-05T07:27:50+08:00 ] /JSJD/admin.php | NOTIC: [8192] preg_replace(): The /e modifier is deprecated, use preg_replace_callback instead ThinkTemplate.class.php 第 406 行.
[ 2017-05-05T07:27:50+08:00 ] /JSJD/admin.php | NOTIC: [8192] preg_replace(): The /e modifier is deprecated, use preg_replace_callback instead ThinkTemplate.class.php 第 406 行.
[ 2017-05-05T07:27:50+08:00 ] /JSJD/admin.php | NOTIC: [8192] preg_replace(): The /e modifier is deprecated, use preg_replace_callback instead ThinkTemplate.class.php 第 406 行.
[ 2017-05-05T07:27:50+08:00 ] /JSJD/admin.php | NOTIC: [8192] preg_replace(): The /e modifier is deprecated, use preg_replace_callback instead ThinkTemplate.class.php 第 406 行.
[ 2017-05-05T07:27:50+08:00 ] /JSJD/admin.php | NOTIC: [8192] preg_replace(): The /e modifier is deprecated, use preg_replace_callback instead ThinkTemplate.class.php 第 406 行.
[ 2017-05-05T07:27:50+08:00 ] /JSJD/admin.php | NOTIC: [8192] preg_replace(): The /e modifier is deprecated, use preg_replace_callback instead ThinkTemplate.class.php 第 406 行.
[ 2017-05-05T07:27:50+08:00 ] /JSJD/admin.php | NOTIC: [8192] preg_replace(): The /e modifier is deprecated, use preg_replace_callback instead ThinkTemplate.class.php 第 406 行.
[ 2017-05-05T07:27:50+08:00 ] /JSJD/admin.php | NOTIC: [8192] preg_replace(): The /e modifier is deprecated, use preg_replace_callback instead ThinkTemplate.class.php 第 406 行.
[ 2017-05-05T07:27:50+08:00 ] /JSJD/admin.php | NOTIC: [8192] preg_replace(): The /e modifier is deprecated, use preg_replace_callback instead ThinkTemplate.class.php 第 406 行.
[ 2017-05-05T07:27:50+08:00 ] /JSJD/admin.php | NOTIC: [8192] preg_replace(): The /e modifier is deprecated, use preg_replace_callback instead ThinkTemplate.class.php 第 406 行.
[ 2017-05-05T07:27:50+08:00 ] /JSJD/admin.php | NOTIC: [8192] preg_replace(): The /e modifier is deprecated, use preg_replace_callback instead ThinkTemplate.class.php 第 406 行.
[ 2017-05-05T07:27:50+08:00 ] /JSJD/admin.php | NOTIC: [8192] preg_replace(): The /e modifier is deprecated, use preg_replace_callback instead ThinkTemplate.class.php 第 406 行.
[ 2017-05-05T07:27:50+08:00 ] /JSJD/admin.php | NOTIC: [8192] preg_replace(): The /e modifier is deprecated, use preg_replace_callback instead ThinkTemplate.class.php 第 406 行.
[ 2017-05-05T07:27:50+08:00 ] /JSJD/admin.php | NOTIC: [8192] preg_replace(): The /e modifier is deprecated, use preg_replace_callback instead ThinkTemplate.class.php 第 406 行.
[ 2017-05-05T07:27:50+08:00 ] /JSJD/admin.php | NOTIC: [8192] preg_replace(): The /e modifier is deprecated, use preg_replace_callback instead ThinkTemplate.class.php 第 406 行.
[ 2017-05-05T07:27:50+08:00 ] /JSJD/admin.php | NOTIC: [8192] preg_replace(): The /e modifier is deprecated, use preg_replace_callback instead ThinkTemplate.class.php 第 406 行.
[ 2017-05-05T07:27:50+08:00 ] /JSJD/admin.php | NOTIC: [8192] preg_replace(): The /e modifier is deprecated, use preg_replace_callback instead ThinkTemplate.class.php 第 406 行.
[ 2017-05-05T07:27:50+08:00 ] /JSJD/admin.php | NOTIC: [8192] preg_replace(): The /e modifier is deprecated, use preg_replace_callback instead ThinkTemplate.class.php 第 406 行.
[ 2017-05-05T07:27:50+08:00 ] /JSJD/admin.php | NOTIC: [8192] preg_replace(): The /e modifier is deprecated, use preg_replace_callback instead ThinkTemplate.class.php 第 406 行.
[ 2017-05-05T07:27:50+08:00 ] /JSJD/admin.php | NOTIC: [8192] preg_replace(): The /e modifier is deprecated, use preg_replace_callback instead ThinkTemplate.class.php 第 406 行.
[ 2017-05-05T07:27:50+08:00 ] /JSJD/admin.php | NOTIC: [8192] preg_replace(): The /e modifier is deprecated, use preg_replace_callback instead ThinkTemplate.class.php 第 406 行.
[ 2017-05-05T07:27:50+08:00 ] /JSJD/admin.php | NOTIC: [8192] preg_replace(): The /e modifier is deprecated, use preg_replace_callback instead ThinkTemplate.class.php 第 406 行.
[ 2017-05-05T07:27:50+08:00 ] /JSJD/admin.php | NOTIC: [8192] preg_replace(): The /e modifier is deprecated, use preg_replace_callback instead ThinkTemplate.class.php 第 406 行.
[ 2017-05-05T07:27:50+08:00 ] /JSJD/admin.php | NOTIC: [8192] preg_replace(): The /e modifier is deprecated, use preg_replace_callback instead ThinkTemplate.class.php 第 406 行.
[ 2017-05-05T07:27:50+08:00 ] /JSJD/admin.php | NOTIC: [8192] preg_replace(): The /e modifier is deprecated, use preg_replace_callback instead ThinkTemplate.class.php 第 406 行.
[ 2017-05-05T07:27:50+08:00 ] /JSJD/admin.php | NOTIC: [8192] preg_replace(): The /e modifier is deprecated, use preg_replace_callback instead ThinkTemplate.class.php 第 406 行.
[ 2017-05-05T07:27:50+08:00 ] /JSJD/admin.php | NOTIC: [8192] preg_replace(): The /e modifier is deprecated, use preg_replace_callback instead ThinkTemplate.class.php 第 406 行.
[ 2017-05-05T07:27:50+08:00 ] /JSJD/admin.php | NOTIC: [8192] preg_replace(): The /e modifier is deprecated, use preg_replace_callback instead ThinkTemplate.class.php 第 406 行.
[ 2017-05-05T07:27:50+08:00 ] /JSJD/admin.php | NOTIC: [8192] preg_replace(): The /e modifier is deprecated, use preg_replace_callback instead ThinkTemplate.class.php 第 406 行.
[ 2017-05-05T07:27:50+08:00 ] /JSJD/admin.php | NOTIC: [8192] preg_replace(): The /e modifier is deprecated, use preg_replace_callback instead ThinkTemplate.class.php 第 406 行.
[ 2017-05-05T07:27:50+08:00 ] /JSJD/admin.php | NOTIC: [8192] preg_replace(): The /e modifier is deprecated, use preg_replace_callback instead ThinkTemplate.class.php 第 406 行.
[ 2017-05-05T07:27:50+08:00 ] /JSJD/admin.php | NOTIC: [8192] preg_replace(): The /e modifier is deprecated, use preg_replace_callback instead ThinkTemplate.class.php 第 406 行.
[ 2017-05-05T07:27:50+08:00 ] /JSJD/admin.php | NOTIC: [8192] preg_replace(): The /e modifier is deprecated, use preg_replace_callback instead ThinkTemplate.class.php 第 402 行.
[ 2017-05-05T07:27:50+08:00 ] /JSJD/admin.php | NOTIC: [8192] preg_replace(): The /e modifier is deprecated, use preg_replace_callback instead ThinkTemplate.class.php 第 402 行.
[ 2017-05-05T07:27:50+08:00 ] /JSJD/admin.php | NOTIC: [8192] preg_replace(): The /e modifier is deprecated, use preg_replace_callback instead ThinkTemplate.class.php 第 402 行.
[ 2017-05-05T07:27:50+08:00 ] /JSJD/admin.php | NOTIC: [8192] preg_replace(): The /e modifier is deprecated, use preg_replace_callback instead ThinkTemplate.class.php 第 402 行.
[ 2017-05-05T07:27:50+08:00 ] /JSJD/admin.php | NOTIC: [8192] preg_replace(): The /e modifier is deprecated, use preg_replace_callback instead ThinkTemplate.class.php 第 402 行.
[ 2017-05-05T07:27:50+08:00 ] /JSJD/admin.php | NOTIC: [8192] preg_replace(): The /e modifier is deprecated, use preg_replace_callback instead ThinkTemplate.class.php 第 402 行.
[ 2017-05-05T07:27:50+08:00 ] /JSJD/admin.php | NOTIC: [8192] preg_replace(): The /e modifier is deprecated, use preg_replace_callback instead ThinkTemplate.class.php 第 406 行.
[ 2017-05-05T07:27:50+08:00 ] /JSJD/admin.php | NOTIC: [8192] preg_replace(): The /e modifier is deprecated, use preg_replace_callback instead ThinkTemplate.class.php 第 406 行.
[ 2017-05-05T07:27:50+08:00 ] /JSJD/admin.php | NOTIC: [8192] preg_replace(): The /e modifier is deprecated, use preg_replace_callback instead ThinkTemplate.class.php 第 406 行.
[ 2017-05-05T07:27:50+08:00 ] /JSJD/admin.php | NOTIC: [8192] preg_replace(): The /e modifier is deprecated, use preg_replace_callback instead ThinkTemplate.class.php 第 220 行.
[ 2017-05-05T07:27:50+08:00 ] /JSJD/admin.php | NOTIC: [8192] preg_replace(): The /e modifier is deprecated, use preg_replace_callback instead ThinkTemplate.class.php 第 154 行.
[ 2017-05-05T07:27:50+08:00 ] /JSJD/admin.php | NOTIC: [8192] mysql_connect(): The mysql extension is deprecated and will be removed in the future: use mysqli or PDO instead DbMysql.class.php 第 67 行.
[ 2017-05-05T07:27:50+08:00 ] /JSJD/admin.php | SQL: SHOW COLUMNS FROM `czxy_privilege` [ RunTime:0.003843s ]
[ 2017-05-05T07:27:50+08:00 ] /JSJD/admin.php | SQL: SHOW COLUMNS FROM `czxy_privilege` [ RunTime:0.002341s ]
[ 2017-05-05T07:27:50+08:00 ] /JSJD/admin.php | NOTIC: [8192] preg_replace(): The /e modifier is deprecated, use preg_replace_callback instead Db.class.php 第 660 行.
[ 2017-05-05T07:27:50+08:00 ] /JSJD/admin.php | SQL: SELECT * FROM `czxy_privilege`  [ RunTime:0.000518s ]
[ 2017-05-05T07:27:50+08:00 ] /JSJD/admin.php | INFO: Run ParseTemplate Behavior [ RunTime:0.042716s ]
[ 2017-05-05T07:27:50+08:00 ] /JSJD/admin.php | INFO: Tag[ view_parse ] --END-- [ RunTime:0.042790s ]
[ 2017-05-05T07:27:50+08:00 ] /JSJD/admin.php | INFO: Tag[ view_filter ] --START--
[ 2017-05-05T07:27:50+08:00 ] /JSJD/admin.php | INFO: Run ContentReplace Behavior [ RunTime:0.000601s ]
[ 2017-05-05T07:27:50+08:00 ] /JSJD/admin.php | INFO: Run TokenBuild Behavior [ RunTime:0.000601s ]
[ 2017-05-05T07:27:50+08:00 ] /JSJD/admin.php | INFO: Run WriteHtmlCache Behavior [ RunTime:0.000473s ]
[ 2017-05-05T07:27:50+08:00 ] /JSJD/admin.php | INFO: Run ShowRuntime Behavior [ RunTime:0.000650s ]
[ 2017-05-05T07:27:50+08:00 ] /JSJD/admin.php | INFO: Tag[ view_filter ] --END-- [ RunTime:0.002526s ]
[ 2017-05-05T07:27:50+08:00 ] /JSJD/admin.php | INFO: Tag[ view_end ] --START--
[ 2017-05-05T07:27:50+08:00 ] /JSJD/admin.php | INFO: Run ShowPageTrace Behavior [ RunTime:0.000648s ]
[ 2017-05-05T07:27:50+08:00 ] /JSJD/admin.php | INFO: Tag[ view_end ] --END-- [ RunTime:0.000719s ]
