[ 2017-04-06T17:05:23+08:00 ] /JSJD/admin.php/Login/index | INFO: Tag[ route_check ] --START--
[ 2017-04-06T17:05:23+08:00 ] /JSJD/admin.php/Login/index | INFO: Run CheckRoute Behavior [ RunTime:0.001958s ]
[ 2017-04-06T17:05:23+08:00 ] /JSJD/admin.php/Login/index | INFO: Tag[ route_check ] --END-- [ RunTime:0.002146s ]
[ 2017-04-06T17:05:23+08:00 ] /JSJD/admin.php/Login/index | INFO: Tag[ app_begin ] --START--
[ 2017-04-06T17:05:23+08:00 ] /JSJD/admin.php/Login/index | INFO: Run ReadHtmlCache Behavior [ RunTime:0.000911s ]
[ 2017-04-06T17:05:23+08:00 ] /JSJD/admin.php/Login/index | INFO: Tag[ app_begin ] --END-- [ RunTime:0.001013s ]
[ 2017-04-06T17:05:23+08:00 ] /JSJD/admin.php/Login/index | INFO: Tag[ view_template ] --START--
[ 2017-04-06T17:05:23+08:00 ] /JSJD/admin.php/Login/index | INFO: Run LocationTemplate Behavior [ RunTime:0.007326s ]
[ 2017-04-06T17:05:23+08:00 ] /JSJD/admin.php/Login/index | INFO: Tag[ view_template ] --END-- [ RunTime:0.007414s ]
[ 2017-04-06T17:05:23+08:00 ] /JSJD/admin.php/Login/index | INFO: Tag[ view_parse ] --START--
[ 2017-04-06T17:05:23+08:00 ] /JSJD/admin.php/Login/index | INFO: Run ParseTemplate Behavior [ RunTime:0.052721s ]
[ 2017-04-06T17:05:23+08:00 ] /JSJD/admin.php/Login/index | INFO: Tag[ view_parse ] --END-- [ RunTime:0.052788s ]
[ 2017-04-06T17:05:23+08:00 ] /JSJD/admin.php/Login/index | INFO: Tag[ view_filter ] --START--
[ 2017-04-06T17:05:23+08:00 ] /JSJD/admin.php/Login/index | INFO: Run ContentReplace Behavior [ RunTime:0.009059s ]
[ 2017-04-06T17:05:23+08:00 ] /JSJD/admin.php/Login/index | INFO: Run TokenBuild Behavior [ RunTime:0.007301s ]
[ 2017-04-06T17:05:23+08:00 ] /JSJD/admin.php/Login/index | INFO: Run WriteHtmlCache Behavior [ RunTime:0.007583s ]
[ 2017-04-06T17:05:23+08:00 ] /JSJD/admin.php/Login/index | INFO: Run ShowRuntime Behavior [ RunTime:0.004081s ]
[ 2017-04-06T17:05:23+08:00 ] /JSJD/admin.php/Login/index | INFO: Tag[ view_filter ] --END-- [ RunTime:0.028271s ]
[ 2017-04-06T17:05:23+08:00 ] /JSJD/admin.php/Login/index | INFO: Tag[ view_end ] --START--
[ 2017-04-06T17:05:23+08:00 ] /JSJD/admin.php/Login/index | INFO: Run ShowPageTrace Behavior [ RunTime:0.001736s ]
[ 2017-04-06T17:05:23+08:00 ] /JSJD/admin.php/Login/index | INFO: Tag[ view_end ] --END-- [ RunTime:0.001802s ]
[ 2017-04-06T17:05:23+08:00 ] /JSJD/admin.php/Login/verify | INFO: Tag[ route_check ] --START--
[ 2017-04-06T17:05:23+08:00 ] /JSJD/admin.php/Login/verify | INFO: Run CheckRoute Behavior [ RunTime:0.000947s ]
[ 2017-04-06T17:05:23+08:00 ] /JSJD/admin.php/Login/verify | INFO: Tag[ route_check ] --END-- [ RunTime:0.001080s ]
[ 2017-04-06T17:05:23+08:00 ] /JSJD/admin.php/Login/verify | INFO: Tag[ app_begin ] --START--
[ 2017-04-06T17:05:23+08:00 ] /JSJD/admin.php/Login/verify | INFO: Run ReadHtmlCache Behavior [ RunTime:0.000730s ]
[ 2017-04-06T17:05:23+08:00 ] /JSJD/admin.php/Login/verify | INFO: Tag[ app_begin ] --END-- [ RunTime:0.000795s ]
[ 2017-04-06T17:05:38+08:00 ] /JSJD/admin.php/Login/login | INFO: Tag[ route_check ] --START--
[ 2017-04-06T17:05:38+08:00 ] /JSJD/admin.php/Login/login | INFO: Run CheckRoute Behavior [ RunTime:0.000883s ]
[ 2017-04-06T17:05:38+08:00 ] /JSJD/admin.php/Login/login | INFO: Tag[ route_check ] --END-- [ RunTime:0.001002s ]
[ 2017-04-06T17:05:38+08:00 ] /JSJD/admin.php/Login/login | INFO: Tag[ app_begin ] --START--
[ 2017-04-06T17:05:38+08:00 ] /JSJD/admin.php/Login/login | INFO: Run ReadHtmlCache Behavior [ RunTime:0.000727s ]
[ 2017-04-06T17:05:38+08:00 ] /JSJD/admin.php/Login/login | INFO: Tag[ app_begin ] --END-- [ RunTime:0.000786s ]
[ 2017-04-06T17:05:38+08:00 ] /JSJD/admin.php/Login/login | NOTIC: [8] Undefined offset: 1 Action.class.php 第 233 行.
[ 2017-04-06T17:05:38+08:00 ] /JSJD/admin.php/Login/login | SQL: SHOW COLUMNS FROM `czxy_admin` [ RunTime:0.008124s ]
[ 2017-04-06T17:05:38+08:00 ] /JSJD/admin.php/Login/login | SQL: SELECT * FROM `czxy_admin` WHERE ( `adminusername` = 'admin' ) LIMIT 1   [ RunTime:0.000537s ]
[ 2017-04-06T17:05:38+08:00 ] /JSJD/admin.php/Login/login | NOTIC: [8] Use of undefined constant user - assumed 'user' LoginAction.class.php 第 37 行.
[ 2017-04-06T17:05:38+08:00 ] /JSJD/admin.php/Login/login | SQL: UPDATE `czxy_admin` SET `lasttime`=1491469538,`lastip`='127.0.0.1' WHERE ( `id` = '1' ) [ RunTime:0.077857s ]
[ 2017-04-06T17:05:38+08:00 ] /JSJD/admin.php/Login/login | INFO: Tag[ view_template ] --START--
[ 2017-04-06T17:05:38+08:00 ] /JSJD/admin.php/Login/login | INFO: Run LocationTemplate Behavior [ RunTime:0.000716s ]
[ 2017-04-06T17:05:38+08:00 ] /JSJD/admin.php/Login/login | INFO: Tag[ view_template ] --END-- [ RunTime:0.000767s ]
[ 2017-04-06T17:05:38+08:00 ] /JSJD/admin.php/Login/login | INFO: Tag[ view_parse ] --START--
[ 2017-04-06T17:05:38+08:00 ] /JSJD/admin.php/Login/login | INFO: Run ParseTemplate Behavior [ RunTime:0.017494s ]
[ 2017-04-06T17:05:38+08:00 ] /JSJD/admin.php/Login/login | INFO: Tag[ view_parse ] --END-- [ RunTime:0.017560s ]
[ 2017-04-06T17:05:38+08:00 ] /JSJD/admin.php/Login/login | INFO: Tag[ view_filter ] --START--
[ 2017-04-06T17:05:38+08:00 ] /JSJD/admin.php/Login/login | INFO: Run ContentReplace Behavior [ RunTime:0.000557s ]
[ 2017-04-06T17:05:38+08:00 ] /JSJD/admin.php/Login/login | INFO: Run TokenBuild Behavior [ RunTime:0.000734s ]
[ 2017-04-06T17:05:38+08:00 ] /JSJD/admin.php/Login/login | INFO: Run WriteHtmlCache Behavior [ RunTime:0.000473s ]
[ 2017-04-06T17:05:38+08:00 ] /JSJD/admin.php/Login/login | INFO: Run ShowRuntime Behavior [ RunTime:0.000716s ]
[ 2017-04-06T17:05:38+08:00 ] /JSJD/admin.php/Login/login | INFO: Tag[ view_filter ] --END-- [ RunTime:0.002644s ]
[ 2017-04-06T17:05:38+08:00 ] /JSJD/admin.php/Login/login | INFO: Tag[ view_end ] --START--
[ 2017-04-06T17:05:38+08:00 ] /JSJD/admin.php/Login/login | INFO: Run ShowPageTrace Behavior [ RunTime:0.001011s ]
[ 2017-04-06T17:05:38+08:00 ] /JSJD/admin.php/Login/login | INFO: Tag[ view_end ] --END-- [ RunTime:0.001164s ]
[ 2017-04-06T17:05:39+08:00 ] /JSJD/admin.php | INFO: Tag[ app_begin ] --START--
[ 2017-04-06T17:05:39+08:00 ] /JSJD/admin.php | INFO: Run ReadHtmlCache Behavior [ RunTime:0.001133s ]
[ 2017-04-06T17:05:39+08:00 ] /JSJD/admin.php | INFO: Tag[ app_begin ] --END-- [ RunTime:0.001297s ]
[ 2017-04-06T17:05:39+08:00 ] /JSJD/admin.php | INFO: Tag[ view_template ] --START--
[ 2017-04-06T17:05:39+08:00 ] /JSJD/admin.php | INFO: Run LocationTemplate Behavior [ RunTime:0.023245s ]
[ 2017-04-06T17:05:39+08:00 ] /JSJD/admin.php | INFO: Tag[ view_template ] --END-- [ RunTime:0.023355s ]
[ 2017-04-06T17:05:39+08:00 ] /JSJD/admin.php | INFO: Tag[ view_parse ] --START--
[ 2017-04-06T17:05:39+08:00 ] /JSJD/admin.php | SQL: SHOW COLUMNS FROM `czxy_privilege` [ RunTime:0.163767s ]
[ 2017-04-06T17:05:39+08:00 ] /JSJD/admin.php | SQL: SHOW COLUMNS FROM `czxy_privilege` [ RunTime:0.017548s ]
[ 2017-04-06T17:05:39+08:00 ] /JSJD/admin.php | SQL: SELECT * FROM `czxy_privilege`  [ RunTime:0.001474s ]
[ 2017-04-06T17:05:39+08:00 ] /JSJD/admin.php | INFO: Run ParseTemplate Behavior [ RunTime:0.222857s ]
[ 2017-04-06T17:05:39+08:00 ] /JSJD/admin.php | INFO: Tag[ view_parse ] --END-- [ RunTime:0.222930s ]
[ 2017-04-06T17:05:39+08:00 ] /JSJD/admin.php | INFO: Tag[ view_filter ] --START--
[ 2017-04-06T17:05:39+08:00 ] /JSJD/admin.php | INFO: Run ContentReplace Behavior [ RunTime:0.000743s ]
[ 2017-04-06T17:05:39+08:00 ] /JSJD/admin.php | INFO: Run TokenBuild Behavior [ RunTime:0.000803s ]
[ 2017-04-06T17:05:39+08:00 ] /JSJD/admin.php | INFO: Run WriteHtmlCache Behavior [ RunTime:0.000691s ]
[ 2017-04-06T17:05:39+08:00 ] /JSJD/admin.php | INFO: Run ShowRuntime Behavior [ RunTime:0.000849s ]
[ 2017-04-06T17:05:39+08:00 ] /JSJD/admin.php | INFO: Tag[ view_filter ] --END-- [ RunTime:0.003323s ]
[ 2017-04-06T17:05:39+08:00 ] /JSJD/admin.php | INFO: Tag[ view_end ] --START--
[ 2017-04-06T17:05:39+08:00 ] /JSJD/admin.php | INFO: Run ShowPageTrace Behavior [ RunTime:0.000755s ]
[ 2017-04-06T17:05:39+08:00 ] /JSJD/admin.php | INFO: Tag[ view_end ] --END-- [ RunTime:0.000820s ]
[ 2017-04-06T17:05:39+08:00 ] /JSJD/admin.php/Index/copy | INFO: Tag[ route_check ] --START--
[ 2017-04-06T17:05:39+08:00 ] /JSJD/admin.php/Index/copy | INFO: Run CheckRoute Behavior [ RunTime:0.001006s ]
[ 2017-04-06T17:05:39+08:00 ] /JSJD/admin.php/Index/copy | INFO: Tag[ route_check ] --END-- [ RunTime:0.001140s ]
[ 2017-04-06T17:05:39+08:00 ] /JSJD/admin.php/Index/copy | INFO: Tag[ app_begin ] --START--
[ 2017-04-06T17:05:39+08:00 ] /JSJD/admin.php/Index/copy | INFO: Run ReadHtmlCache Behavior [ RunTime:0.000858s ]
[ 2017-04-06T17:05:39+08:00 ] /JSJD/admin.php/Index/copy | INFO: Tag[ app_begin ] --END-- [ RunTime:0.000937s ]
[ 2017-04-06T17:05:39+08:00 ] /JSJD/admin.php/Index/copy | INFO: Tag[ view_template ] --START--
[ 2017-04-06T17:05:39+08:00 ] /JSJD/admin.php/Index/copy | INFO: Run LocationTemplate Behavior [ RunTime:0.001024s ]
[ 2017-04-06T17:05:39+08:00 ] /JSJD/admin.php/Index/copy | INFO: Tag[ view_template ] --END-- [ RunTime:0.001129s ]
[ 2017-04-06T17:05:39+08:00 ] /JSJD/admin.php/Index/copy | INFO: Tag[ view_parse ] --START--
[ 2017-04-06T17:05:40+08:00 ] /JSJD/admin.php/Index/copy | NOTIC: [2] mysql_get_server_info() [<a href='function.mysql-get-server-info'>function.mysql-get-server-info</a>]: Access denied for user ''@'localhost' (using password: NO) f50709f4c96babd9a294fb55fb5076ad.php 第 28 行.
[ 2017-04-06T17:05:40+08:00 ] /JSJD/admin.php/Index/copy | NOTIC: [2] mysql_get_server_info() [<a href='function.mysql-get-server-info'>function.mysql-get-server-info</a>]: A link to the server could not be established f50709f4c96babd9a294fb55fb5076ad.php 第 28 行.
[ 2017-04-06T17:05:40+08:00 ] /JSJD/admin.php/Index/copy | INFO: Run ParseTemplate Behavior [ RunTime:1.032501s ]
[ 2017-04-06T17:05:40+08:00 ] /JSJD/admin.php/Index/copy | INFO: Tag[ view_parse ] --END-- [ RunTime:1.032574s ]
[ 2017-04-06T17:05:40+08:00 ] /JSJD/admin.php/Index/copy | INFO: Tag[ view_filter ] --START--
[ 2017-04-06T17:05:40+08:00 ] /JSJD/admin.php/Index/copy | INFO: Run ContentReplace Behavior [ RunTime:0.000867s ]
[ 2017-04-06T17:05:40+08:00 ] /JSJD/admin.php/Index/copy | INFO: Run TokenBuild Behavior [ RunTime:0.000850s ]
[ 2017-04-06T17:05:40+08:00 ] /JSJD/admin.php/Index/copy | INFO: Run WriteHtmlCache Behavior [ RunTime:0.000700s ]
[ 2017-04-06T17:05:40+08:00 ] /JSJD/admin.php/Index/copy | INFO: Run ShowRuntime Behavior [ RunTime:0.001523s ]
[ 2017-04-06T17:05:40+08:00 ] /JSJD/admin.php/Index/copy | INFO: Tag[ view_filter ] --END-- [ RunTime:0.004297s ]
[ 2017-04-06T17:05:40+08:00 ] /JSJD/admin.php/Index/copy | INFO: Tag[ view_end ] --START--
[ 2017-04-06T17:05:40+08:00 ] /JSJD/admin.php/Index/copy | INFO: Run ShowPageTrace Behavior [ RunTime:0.001058s ]
[ 2017-04-06T17:05:40+08:00 ] /JSJD/admin.php/Index/copy | INFO: Tag[ view_end ] --END-- [ RunTime:0.001183s ]
[ 2017-04-06T17:05:44+08:00 ] /JSJD/admin.php/System/webinfo | INFO: Tag[ route_check ] --START--
[ 2017-04-06T17:05:44+08:00 ] /JSJD/admin.php/System/webinfo | INFO: Run CheckRoute Behavior [ RunTime:0.000795s ]
[ 2017-04-06T17:05:44+08:00 ] /JSJD/admin.php/System/webinfo | INFO: Tag[ route_check ] --END-- [ RunTime:0.000891s ]
[ 2017-04-06T17:05:44+08:00 ] /JSJD/admin.php/System/webinfo | INFO: Tag[ app_begin ] --START--
[ 2017-04-06T17:05:44+08:00 ] /JSJD/admin.php/System/webinfo | INFO: Run ReadHtmlCache Behavior [ RunTime:0.000647s ]
[ 2017-04-06T17:05:44+08:00 ] /JSJD/admin.php/System/webinfo | INFO: Tag[ app_begin ] --END-- [ RunTime:0.000701s ]
[ 2017-04-06T17:05:44+08:00 ] /JSJD/admin.php/System/webinfo | SQL: SHOW COLUMNS FROM `czxy_privilege` [ RunTime:0.007049s ]
[ 2017-04-06T17:05:44+08:00 ] /JSJD/admin.php/System/webinfo | SQL: SHOW COLUMNS FROM `czxy_systemconfig` [ RunTime:0.053234s ]
[ 2017-04-06T17:05:44+08:00 ] /JSJD/admin.php/System/webinfo | SQL: SELECT * FROM `czxy_systemconfig` LIMIT 1   [ RunTime:0.000355s ]
[ 2017-04-06T17:05:44+08:00 ] /JSJD/admin.php/System/webinfo | INFO: Tag[ view_template ] --START--
[ 2017-04-06T17:05:44+08:00 ] /JSJD/admin.php/System/webinfo | INFO: Run LocationTemplate Behavior [ RunTime:0.000909s ]
[ 2017-04-06T17:05:44+08:00 ] /JSJD/admin.php/System/webinfo | INFO: Tag[ view_template ] --END-- [ RunTime:0.000969s ]
[ 2017-04-06T17:05:44+08:00 ] /JSJD/admin.php/System/webinfo | INFO: Tag[ view_parse ] --START--
[ 2017-04-06T17:05:44+08:00 ] /JSJD/admin.php/System/webinfo | NOTIC: [8] Undefined variable: title bf8cf6ef20d62dd510a10f400ea93687.php 第 5 行.
[ 2017-04-06T17:05:44+08:00 ] /JSJD/admin.php/System/webinfo | NOTIC: [8] Undefined variable: config bf8cf6ef20d62dd510a10f400ea93687.php 第 19 行.
[ 2017-04-06T17:05:44+08:00 ] /JSJD/admin.php/System/webinfo | NOTIC: [8] Undefined variable: config bf8cf6ef20d62dd510a10f400ea93687.php 第 25 行.
[ 2017-04-06T17:05:44+08:00 ] /JSJD/admin.php/System/webinfo | NOTIC: [8] Undefined variable: config bf8cf6ef20d62dd510a10f400ea93687.php 第 31 行.
[ 2017-04-06T17:05:44+08:00 ] /JSJD/admin.php/System/webinfo | NOTIC: [8] Undefined variable: config bf8cf6ef20d62dd510a10f400ea93687.php 第 32 行.
[ 2017-04-06T17:05:44+08:00 ] /JSJD/admin.php/System/webinfo | NOTIC: [8] Undefined variable: config bf8cf6ef20d62dd510a10f400ea93687.php 第 38 行.
[ 2017-04-06T17:05:44+08:00 ] /JSJD/admin.php/System/webinfo | NOTIC: [8] Undefined variable: config bf8cf6ef20d62dd510a10f400ea93687.php 第 39 行.
[ 2017-04-06T17:05:44+08:00 ] /JSJD/admin.php/System/webinfo | INFO: Run ParseTemplate Behavior [ RunTime:0.012975s ]
[ 2017-04-06T17:05:44+08:00 ] /JSJD/admin.php/System/webinfo | INFO: Tag[ view_parse ] --END-- [ RunTime:0.013032s ]
[ 2017-04-06T17:05:44+08:00 ] /JSJD/admin.php/System/webinfo | INFO: Tag[ view_filter ] --START--
[ 2017-04-06T17:05:44+08:00 ] /JSJD/admin.php/System/webinfo | INFO: Run ContentReplace Behavior [ RunTime:0.000736s ]
[ 2017-04-06T17:05:44+08:00 ] /JSJD/admin.php/System/webinfo | INFO: Run TokenBuild Behavior [ RunTime:0.000615s ]
[ 2017-04-06T17:05:44+08:00 ] /JSJD/admin.php/System/webinfo | INFO: Run WriteHtmlCache Behavior [ RunTime:0.000640s ]
[ 2017-04-06T17:05:44+08:00 ] /JSJD/admin.php/System/webinfo | INFO: Run ShowRuntime Behavior [ RunTime:0.000863s ]
[ 2017-04-06T17:05:44+08:00 ] /JSJD/admin.php/System/webinfo | INFO: Tag[ view_filter ] --END-- [ RunTime:0.003038s ]
[ 2017-04-06T17:05:44+08:00 ] /JSJD/admin.php/System/webinfo | INFO: Tag[ view_end ] --START--
[ 2017-04-06T17:05:44+08:00 ] /JSJD/admin.php/System/webinfo | INFO: Run ShowPageTrace Behavior [ RunTime:0.000642s ]
[ 2017-04-06T17:05:44+08:00 ] /JSJD/admin.php/System/webinfo | INFO: Tag[ view_end ] --END-- [ RunTime:0.000692s ]
[ 2017-04-06T17:05:46+08:00 ] /JSJD/admin.php/System/rotateimg | INFO: Tag[ route_check ] --START--
[ 2017-04-06T17:05:46+08:00 ] /JSJD/admin.php/System/rotateimg | INFO: Run CheckRoute Behavior [ RunTime:0.000774s ]
[ 2017-04-06T17:05:46+08:00 ] /JSJD/admin.php/System/rotateimg | INFO: Tag[ route_check ] --END-- [ RunTime:0.000871s ]
[ 2017-04-06T17:05:46+08:00 ] /JSJD/admin.php/System/rotateimg | INFO: Tag[ app_begin ] --START--
[ 2017-04-06T17:05:46+08:00 ] /JSJD/admin.php/System/rotateimg | INFO: Run ReadHtmlCache Behavior [ RunTime:0.000587s ]
[ 2017-04-06T17:05:46+08:00 ] /JSJD/admin.php/System/rotateimg | INFO: Tag[ app_begin ] --END-- [ RunTime:0.000641s ]
[ 2017-04-06T17:05:46+08:00 ] /JSJD/admin.php/System/rotateimg | SQL: SHOW COLUMNS FROM `czxy_privilege` [ RunTime:0.008285s ]
[ 2017-04-06T17:05:46+08:00 ] /JSJD/admin.php/System/rotateimg | SQL: SHOW COLUMNS FROM `czxy_systemconfig` [ RunTime:0.008300s ]
[ 2017-04-06T17:05:46+08:00 ] /JSJD/admin.php/System/rotateimg | SQL: SELECT * FROM `czxy_systemconfig` WHERE ( `ckey` = 'rotateimg' )  [ RunTime:0.000422s ]
[ 2017-04-06T17:05:46+08:00 ] /JSJD/admin.php/System/rotateimg | INFO: Tag[ view_template ] --START--
[ 2017-04-06T17:05:46+08:00 ] /JSJD/admin.php/System/rotateimg | INFO: Run LocationTemplate Behavior [ RunTime:0.024390s ]
[ 2017-04-06T17:05:46+08:00 ] /JSJD/admin.php/System/rotateimg | INFO: Tag[ view_template ] --END-- [ RunTime:0.024451s ]
[ 2017-04-06T17:05:46+08:00 ] /JSJD/admin.php/System/rotateimg | INFO: Tag[ view_parse ] --START--
[ 2017-04-06T17:05:46+08:00 ] /JSJD/admin.php/System/rotateimg | NOTIC: [8] Undefined variable: title 5cd5027347409348ea3c4a3ef6a97d6e.php 第 5 行.
[ 2017-04-06T17:05:46+08:00 ] /JSJD/admin.php/System/rotateimg | INFO: Run ParseTemplate Behavior [ RunTime:0.014256s ]
[ 2017-04-06T17:05:46+08:00 ] /JSJD/admin.php/System/rotateimg | INFO: Tag[ view_parse ] --END-- [ RunTime:0.014319s ]
[ 2017-04-06T17:05:46+08:00 ] /JSJD/admin.php/System/rotateimg | INFO: Tag[ view_filter ] --START--
[ 2017-04-06T17:05:46+08:00 ] /JSJD/admin.php/System/rotateimg | INFO: Run ContentReplace Behavior [ RunTime:0.000669s ]
[ 2017-04-06T17:05:46+08:00 ] /JSJD/admin.php/System/rotateimg | INFO: Run TokenBuild Behavior [ RunTime:0.000634s ]
[ 2017-04-06T17:05:46+08:00 ] /JSJD/admin.php/System/rotateimg | INFO: Run WriteHtmlCache Behavior [ RunTime:0.000509s ]
[ 2017-04-06T17:05:46+08:00 ] /JSJD/admin.php/System/rotateimg | INFO: Run ShowRuntime Behavior [ RunTime:0.000652s ]
[ 2017-04-06T17:05:46+08:00 ] /JSJD/admin.php/System/rotateimg | INFO: Tag[ view_filter ] --END-- [ RunTime:0.002609s ]
[ 2017-04-06T17:05:46+08:00 ] /JSJD/admin.php/System/rotateimg | INFO: Tag[ view_end ] --START--
[ 2017-04-06T17:05:46+08:00 ] /JSJD/admin.php/System/rotateimg | INFO: Run ShowPageTrace Behavior [ RunTime:0.000739s ]
[ 2017-04-06T17:05:46+08:00 ] /JSJD/admin.php/System/rotateimg | INFO: Tag[ view_end ] --END-- [ RunTime:0.000800s ]
[ 2017-04-06T17:05:49+08:00 ] /JSJD/admin.php/System/modifyPwd | INFO: Tag[ route_check ] --START--
[ 2017-04-06T17:05:49+08:00 ] /JSJD/admin.php/System/modifyPwd | INFO: Run CheckRoute Behavior [ RunTime:0.000811s ]
[ 2017-04-06T17:05:49+08:00 ] /JSJD/admin.php/System/modifyPwd | INFO: Tag[ route_check ] --END-- [ RunTime:0.000902s ]
[ 2017-04-06T17:05:49+08:00 ] /JSJD/admin.php/System/modifyPwd | INFO: Tag[ app_begin ] --START--
[ 2017-04-06T17:05:49+08:00 ] /JSJD/admin.php/System/modifyPwd | INFO: Run ReadHtmlCache Behavior [ RunTime:0.000656s ]
[ 2017-04-06T17:05:49+08:00 ] /JSJD/admin.php/System/modifyPwd | INFO: Tag[ app_begin ] --END-- [ RunTime:0.000711s ]
[ 2017-04-06T17:05:49+08:00 ] /JSJD/admin.php/System/modifyPwd | SQL: SHOW COLUMNS FROM `czxy_privilege` [ RunTime:0.007214s ]
[ 2017-04-06T17:05:49+08:00 ] /JSJD/admin.php/System/modifyPwd | INFO: Tag[ view_template ] --START--
[ 2017-04-06T17:05:49+08:00 ] /JSJD/admin.php/System/modifyPwd | INFO: Run LocationTemplate Behavior [ RunTime:0.000794s ]
[ 2017-04-06T17:05:49+08:00 ] /JSJD/admin.php/System/modifyPwd | INFO: Tag[ view_template ] --END-- [ RunTime:0.000856s ]
[ 2017-04-06T17:05:49+08:00 ] /JSJD/admin.php/System/modifyPwd | INFO: Tag[ view_parse ] --START--
[ 2017-04-06T17:05:49+08:00 ] /JSJD/admin.php/System/modifyPwd | NOTIC: [8] Undefined variable: title efe24268473ce2b5f06bdc3709b25331.php 第 5 行.
[ 2017-04-06T17:05:49+08:00 ] /JSJD/admin.php/System/modifyPwd | INFO: Run ParseTemplate Behavior [ RunTime:0.058166s ]
[ 2017-04-06T17:05:49+08:00 ] /JSJD/admin.php/System/modifyPwd | INFO: Tag[ view_parse ] --END-- [ RunTime:0.058211s ]
[ 2017-04-06T17:05:49+08:00 ] /JSJD/admin.php/System/modifyPwd | INFO: Tag[ view_filter ] --START--
[ 2017-04-06T17:05:49+08:00 ] /JSJD/admin.php/System/modifyPwd | INFO: Run ContentReplace Behavior [ RunTime:0.000644s ]
[ 2017-04-06T17:05:49+08:00 ] /JSJD/admin.php/System/modifyPwd | INFO: Run TokenBuild Behavior [ RunTime:0.000618s ]
[ 2017-04-06T17:05:49+08:00 ] /JSJD/admin.php/System/modifyPwd | INFO: Run WriteHtmlCache Behavior [ RunTime:0.000463s ]
[ 2017-04-06T17:05:49+08:00 ] /JSJD/admin.php/System/modifyPwd | INFO: Run ShowRuntime Behavior [ RunTime:0.000567s ]
[ 2017-04-06T17:05:49+08:00 ] /JSJD/admin.php/System/modifyPwd | INFO: Tag[ view_filter ] --END-- [ RunTime:0.002430s ]
[ 2017-04-06T17:05:49+08:00 ] /JSJD/admin.php/System/modifyPwd | INFO: Tag[ view_end ] --START--
[ 2017-04-06T17:05:49+08:00 ] /JSJD/admin.php/System/modifyPwd | INFO: Run ShowPageTrace Behavior [ RunTime:0.000739s ]
[ 2017-04-06T17:05:49+08:00 ] /JSJD/admin.php/System/modifyPwd | INFO: Tag[ view_end ] --END-- [ RunTime:0.000794s ]
[ 2017-04-06T17:05:50+08:00 ] /JSJD/admin.php/System/setting | INFO: Tag[ route_check ] --START--
[ 2017-04-06T17:05:50+08:00 ] /JSJD/admin.php/System/setting | INFO: Run CheckRoute Behavior [ RunTime:0.000825s ]
[ 2017-04-06T17:05:50+08:00 ] /JSJD/admin.php/System/setting | INFO: Tag[ route_check ] --END-- [ RunTime:0.000936s ]
[ 2017-04-06T17:05:50+08:00 ] /JSJD/admin.php/System/setting | INFO: Tag[ app_begin ] --START--
[ 2017-04-06T17:05:50+08:00 ] /JSJD/admin.php/System/setting | INFO: Run ReadHtmlCache Behavior [ RunTime:0.000881s ]
[ 2017-04-06T17:05:50+08:00 ] /JSJD/admin.php/System/setting | INFO: Tag[ app_begin ] --END-- [ RunTime:0.000963s ]
[ 2017-04-06T17:05:50+08:00 ] /JSJD/admin.php/System/setting | SQL: SHOW COLUMNS FROM `czxy_privilege` [ RunTime:0.029148s ]
[ 2017-04-06T17:05:50+08:00 ] /JSJD/admin.php/System/setting | INFO: Tag[ view_template ] --START--
[ 2017-04-06T17:05:50+08:00 ] /JSJD/admin.php/System/setting | INFO: Run LocationTemplate Behavior [ RunTime:0.000856s ]
[ 2017-04-06T17:05:50+08:00 ] /JSJD/admin.php/System/setting | INFO: Tag[ view_template ] --END-- [ RunTime:0.000942s ]
[ 2017-04-06T17:05:50+08:00 ] /JSJD/admin.php/System/setting | INFO: Tag[ view_parse ] --START--
[ 2017-04-06T17:05:50+08:00 ] /JSJD/admin.php/System/setting | NOTIC: [8] Undefined index: COMMON_ON e3a83fac9682fbabf93c11e5e142e179.php 第 38 行.
[ 2017-04-06T17:05:50+08:00 ] /JSJD/admin.php/System/setting | NOTIC: [8] Undefined index: COMMON_ON e3a83fac9682fbabf93c11e5e142e179.php 第 39 行.
[ 2017-04-06T17:05:50+08:00 ] /JSJD/admin.php/System/setting | INFO: Run ParseTemplate Behavior [ RunTime:0.014268s ]
[ 2017-04-06T17:05:50+08:00 ] /JSJD/admin.php/System/setting | INFO: Tag[ view_parse ] --END-- [ RunTime:0.014328s ]
[ 2017-04-06T17:05:50+08:00 ] /JSJD/admin.php/System/setting | INFO: Tag[ view_filter ] --START--
[ 2017-04-06T17:05:50+08:00 ] /JSJD/admin.php/System/setting | INFO: Run ContentReplace Behavior [ RunTime:0.000792s ]
[ 2017-04-06T17:05:50+08:00 ] /JSJD/admin.php/System/setting | INFO: Run TokenBuild Behavior [ RunTime:0.000685s ]
[ 2017-04-06T17:05:50+08:00 ] /JSJD/admin.php/System/setting | INFO: Run WriteHtmlCache Behavior [ RunTime:0.000564s ]
[ 2017-04-06T17:05:50+08:00 ] /JSJD/admin.php/System/setting | INFO: Run ShowRuntime Behavior [ RunTime:0.001014s ]
[ 2017-04-06T17:05:50+08:00 ] /JSJD/admin.php/System/setting | INFO: Tag[ view_filter ] --END-- [ RunTime:0.003259s ]
[ 2017-04-06T17:05:50+08:00 ] /JSJD/admin.php/System/setting | INFO: Tag[ view_end ] --START--
[ 2017-04-06T17:05:50+08:00 ] /JSJD/admin.php/System/setting | INFO: Run ShowPageTrace Behavior [ RunTime:0.000718s ]
[ 2017-04-06T17:05:50+08:00 ] /JSJD/admin.php/System/setting | INFO: Tag[ view_end ] --END-- [ RunTime:0.000770s ]
[ 2017-04-06T17:05:52+08:00 ] /JSJD/admin.php/System/webinfo | INFO: Tag[ route_check ] --START--
[ 2017-04-06T17:05:52+08:00 ] /JSJD/admin.php/System/webinfo | INFO: Run CheckRoute Behavior [ RunTime:0.000725s ]
[ 2017-04-06T17:05:52+08:00 ] /JSJD/admin.php/System/webinfo | INFO: Tag[ route_check ] --END-- [ RunTime:0.000806s ]
[ 2017-04-06T17:05:52+08:00 ] /JSJD/admin.php/System/webinfo | INFO: Tag[ app_begin ] --START--
[ 2017-04-06T17:05:52+08:00 ] /JSJD/admin.php/System/webinfo | INFO: Run ReadHtmlCache Behavior [ RunTime:0.000580s ]
[ 2017-04-06T17:05:52+08:00 ] /JSJD/admin.php/System/webinfo | INFO: Tag[ app_begin ] --END-- [ RunTime:0.000634s ]
[ 2017-04-06T17:05:52+08:00 ] /JSJD/admin.php/System/webinfo | SQL: SHOW COLUMNS FROM `czxy_privilege` [ RunTime:0.008718s ]
[ 2017-04-06T17:05:52+08:00 ] /JSJD/admin.php/System/webinfo | SQL: SHOW COLUMNS FROM `czxy_systemconfig` [ RunTime:0.006836s ]
[ 2017-04-06T17:05:52+08:00 ] /JSJD/admin.php/System/webinfo | SQL: SELECT * FROM `czxy_systemconfig` LIMIT 1   [ RunTime:0.000370s ]
[ 2017-04-06T17:05:52+08:00 ] /JSJD/admin.php/System/webinfo | INFO: Tag[ view_template ] --START--
[ 2017-04-06T17:05:52+08:00 ] /JSJD/admin.php/System/webinfo | INFO: Run LocationTemplate Behavior [ RunTime:0.000883s ]
[ 2017-04-06T17:05:52+08:00 ] /JSJD/admin.php/System/webinfo | INFO: Tag[ view_template ] --END-- [ RunTime:0.000945s ]
[ 2017-04-06T17:05:52+08:00 ] /JSJD/admin.php/System/webinfo | INFO: Tag[ view_parse ] --START--
[ 2017-04-06T17:05:52+08:00 ] /JSJD/admin.php/System/webinfo | NOTIC: [8] Undefined variable: title bf8cf6ef20d62dd510a10f400ea93687.php 第 5 行.
[ 2017-04-06T17:05:52+08:00 ] /JSJD/admin.php/System/webinfo | NOTIC: [8] Undefined variable: config bf8cf6ef20d62dd510a10f400ea93687.php 第 19 行.
[ 2017-04-06T17:05:52+08:00 ] /JSJD/admin.php/System/webinfo | NOTIC: [8] Undefined variable: config bf8cf6ef20d62dd510a10f400ea93687.php 第 25 行.
[ 2017-04-06T17:05:52+08:00 ] /JSJD/admin.php/System/webinfo | NOTIC: [8] Undefined variable: config bf8cf6ef20d62dd510a10f400ea93687.php 第 31 行.
[ 2017-04-06T17:05:52+08:00 ] /JSJD/admin.php/System/webinfo | NOTIC: [8] Undefined variable: config bf8cf6ef20d62dd510a10f400ea93687.php 第 32 行.
[ 2017-04-06T17:05:52+08:00 ] /JSJD/admin.php/System/webinfo | NOTIC: [8] Undefined variable: config bf8cf6ef20d62dd510a10f400ea93687.php 第 38 行.
[ 2017-04-06T17:05:52+08:00 ] /JSJD/admin.php/System/webinfo | NOTIC: [8] Undefined variable: config bf8cf6ef20d62dd510a10f400ea93687.php 第 39 行.
[ 2017-04-06T17:05:52+08:00 ] /JSJD/admin.php/System/webinfo | INFO: Run ParseTemplate Behavior [ RunTime:0.008393s ]
[ 2017-04-06T17:05:52+08:00 ] /JSJD/admin.php/System/webinfo | INFO: Tag[ view_parse ] --END-- [ RunTime:0.008461s ]
[ 2017-04-06T17:05:52+08:00 ] /JSJD/admin.php/System/webinfo | INFO: Tag[ view_filter ] --START--
[ 2017-04-06T17:05:52+08:00 ] /JSJD/admin.php/System/webinfo | INFO: Run ContentReplace Behavior [ RunTime:0.001243s ]
[ 2017-04-06T17:05:52+08:00 ] /JSJD/admin.php/System/webinfo | INFO: Run TokenBuild Behavior [ RunTime:0.000798s ]
[ 2017-04-06T17:05:52+08:00 ] /JSJD/admin.php/System/webinfo | INFO: Run WriteHtmlCache Behavior [ RunTime:0.000505s ]
[ 2017-04-06T17:05:52+08:00 ] /JSJD/admin.php/System/webinfo | INFO: Run ShowRuntime Behavior [ RunTime:0.000694s ]
[ 2017-04-06T17:05:52+08:00 ] /JSJD/admin.php/System/webinfo | INFO: Tag[ view_filter ] --END-- [ RunTime:0.003511s ]
[ 2017-04-06T17:05:52+08:00 ] /JSJD/admin.php/System/webinfo | INFO: Tag[ view_end ] --START--
[ 2017-04-06T17:05:52+08:00 ] /JSJD/admin.php/System/webinfo | INFO: Run ShowPageTrace Behavior [ RunTime:0.000941s ]
[ 2017-04-06T17:05:52+08:00 ] /JSJD/admin.php/System/webinfo | INFO: Tag[ view_end ] --END-- [ RunTime:0.000999s ]
