[ 2017-03-03T09:40:39+08:00 ] /JSJD/admin.php/ | INFO: Tag[ route_check ] --START--
[ 2017-03-03T09:40:39+08:00 ] /JSJD/admin.php/ | INFO: Run CheckRoute Behavior [ RunTime:0.002621s ]
[ 2017-03-03T09:40:39+08:00 ] /JSJD/admin.php/ | INFO: Tag[ route_check ] --END-- [ RunTime:0.002756s ]
[ 2017-03-03T09:40:39+08:00 ] /JSJD/admin.php/ | INFO: Tag[ app_begin ] --START--
[ 2017-03-03T09:40:39+08:00 ] /JSJD/admin.php/ | INFO: Run ReadHtmlCache Behavior [ RunTime:0.001862s ]
[ 2017-03-03T09:40:39+08:00 ] /JSJD/admin.php/ | INFO: Tag[ app_begin ] --END-- [ RunTime:0.001920s ]
[ 2017-03-03T09:40:39+08:00 ] /JSJD/admin.php/ | INFO: Tag[ view_template ] --START--
[ 2017-03-03T09:40:39+08:00 ] /JSJD/admin.php/ | INFO: Run LocationTemplate Behavior [ RunTime:0.007588s ]
[ 2017-03-03T09:40:39+08:00 ] /JSJD/admin.php/ | INFO: Tag[ view_template ] --END-- [ RunTime:0.007673s ]
[ 2017-03-03T09:40:39+08:00 ] /JSJD/admin.php/ | INFO: Tag[ view_parse ] --START--
[ 2017-03-03T09:40:40+08:00 ] /JSJD/admin.php/ | SQL: SHOW COLUMNS FROM `czxy_privilege` [ RunTime:0.069481s ]
[ 2017-03-03T09:40:40+08:00 ] /JSJD/admin.php/ | SQL: SHOW COLUMNS FROM `czxy_privilege` [ RunTime:0.009732s ]
[ 2017-03-03T09:40:40+08:00 ] /JSJD/admin.php/ | SQL: SELECT * FROM `czxy_privilege`  [ RunTime:0.000799s ]
[ 2017-03-03T09:40:40+08:00 ] /JSJD/admin.php/ | INFO: Run ParseTemplate Behavior [ RunTime:0.176562s ]
[ 2017-03-03T09:40:40+08:00 ] /JSJD/admin.php/ | INFO: Tag[ view_parse ] --END-- [ RunTime:0.176658s ]
[ 2017-03-03T09:40:40+08:00 ] /JSJD/admin.php/ | INFO: Tag[ view_filter ] --START--
[ 2017-03-03T09:40:40+08:00 ] /JSJD/admin.php/ | INFO: Run ContentReplace Behavior [ RunTime:0.027376s ]
[ 2017-03-03T09:40:40+08:00 ] /JSJD/admin.php/ | INFO: Run TokenBuild Behavior [ RunTime:0.006847s ]
[ 2017-03-03T09:40:40+08:00 ] /JSJD/admin.php/ | INFO: Run WriteHtmlCache Behavior [ RunTime:0.006311s ]
[ 2017-03-03T09:40:40+08:00 ] /JSJD/admin.php/ | INFO: Run ShowRuntime Behavior [ RunTime:0.004910s ]
[ 2017-03-03T09:40:40+08:00 ] /JSJD/admin.php/ | INFO: Tag[ view_filter ] --END-- [ RunTime:0.045794s ]
[ 2017-03-03T09:40:40+08:00 ] /JSJD/admin.php/ | INFO: Tag[ view_end ] --START--
[ 2017-03-03T09:40:40+08:00 ] /JSJD/admin.php/ | INFO: Run ShowPageTrace Behavior [ RunTime:0.001768s ]
[ 2017-03-03T09:40:40+08:00 ] /JSJD/admin.php/ | INFO: Tag[ view_end ] --END-- [ RunTime:0.001835s ]
[ 2017-03-03T09:40:40+08:00 ] /JSJD/admin.php/Index/copy | INFO: Tag[ route_check ] --START--
[ 2017-03-03T09:40:40+08:00 ] /JSJD/admin.php/Index/copy | INFO: Run CheckRoute Behavior [ RunTime:0.001079s ]
[ 2017-03-03T09:40:40+08:00 ] /JSJD/admin.php/Index/copy | INFO: Tag[ route_check ] --END-- [ RunTime:0.001173s ]
[ 2017-03-03T09:40:40+08:00 ] /JSJD/admin.php/Index/copy | INFO: Tag[ app_begin ] --START--
[ 2017-03-03T09:40:40+08:00 ] /JSJD/admin.php/Index/copy | INFO: Run ReadHtmlCache Behavior [ RunTime:0.000561s ]
[ 2017-03-03T09:40:40+08:00 ] /JSJD/admin.php/Index/copy | INFO: Tag[ app_begin ] --END-- [ RunTime:0.000609s ]
[ 2017-03-03T09:40:40+08:00 ] /JSJD/admin.php/Index/copy | INFO: Tag[ view_template ] --START--
[ 2017-03-03T09:40:40+08:00 ] /JSJD/admin.php/Index/copy | INFO: Run LocationTemplate Behavior [ RunTime:0.000373s ]
[ 2017-03-03T09:40:40+08:00 ] /JSJD/admin.php/Index/copy | INFO: Tag[ view_template ] --END-- [ RunTime:0.000434s ]
[ 2017-03-03T09:40:40+08:00 ] /JSJD/admin.php/Index/copy | INFO: Tag[ view_parse ] --START--
[ 2017-03-03T09:40:40+08:00 ] /JSJD/admin.php/Index/copy | NOTIC: [2] mysql_get_server_info() [<a href='function.mysql-get-server-info'>function.mysql-get-server-info</a>]: Access denied for user 'ODBC'@'localhost' (using password: NO) f50709f4c96babd9a294fb55fb5076ad.php 第 28 行.
[ 2017-03-03T09:40:40+08:00 ] /JSJD/admin.php/Index/copy | NOTIC: [2] mysql_get_server_info() [<a href='function.mysql-get-server-info'>function.mysql-get-server-info</a>]: A link to the server could not be established f50709f4c96babd9a294fb55fb5076ad.php 第 28 行.
[ 2017-03-03T09:40:40+08:00 ] /JSJD/admin.php/Index/copy | INFO: Run ParseTemplate Behavior [ RunTime:0.017668s ]
[ 2017-03-03T09:40:40+08:00 ] /JSJD/admin.php/Index/copy | INFO: Tag[ view_parse ] --END-- [ RunTime:0.017717s ]
[ 2017-03-03T09:40:40+08:00 ] /JSJD/admin.php/Index/copy | INFO: Tag[ view_filter ] --START--
[ 2017-03-03T09:40:40+08:00 ] /JSJD/admin.php/Index/copy | INFO: Run ContentReplace Behavior [ RunTime:0.000558s ]
[ 2017-03-03T09:40:40+08:00 ] /JSJD/admin.php/Index/copy | INFO: Run TokenBuild Behavior [ RunTime:0.000372s ]
[ 2017-03-03T09:40:40+08:00 ] /JSJD/admin.php/Index/copy | INFO: Run WriteHtmlCache Behavior [ RunTime:0.000213s ]
[ 2017-03-03T09:40:40+08:00 ] /JSJD/admin.php/Index/copy | INFO: Run ShowRuntime Behavior [ RunTime:0.000427s ]
[ 2017-03-03T09:40:40+08:00 ] /JSJD/admin.php/Index/copy | INFO: Tag[ view_filter ] --END-- [ RunTime:0.001697s ]
[ 2017-03-03T09:40:40+08:00 ] /JSJD/admin.php/Index/copy | INFO: Tag[ view_end ] --START--
[ 2017-03-03T09:40:40+08:00 ] /JSJD/admin.php/Index/copy | INFO: Run ShowPageTrace Behavior [ RunTime:0.000411s ]
[ 2017-03-03T09:40:40+08:00 ] /JSJD/admin.php/Index/copy | INFO: Tag[ view_end ] --END-- [ RunTime:0.000449s ]
[ 2017-03-03T09:40:47+08:00 ] /JSJD/admin.php/Privilege/index | INFO: Tag[ route_check ] --START--
[ 2017-03-03T09:40:47+08:00 ] /JSJD/admin.php/Privilege/index | INFO: Run CheckRoute Behavior [ RunTime:0.001425s ]
[ 2017-03-03T09:40:47+08:00 ] /JSJD/admin.php/Privilege/index | INFO: Tag[ route_check ] --END-- [ RunTime:0.001518s ]
[ 2017-03-03T09:40:47+08:00 ] /JSJD/admin.php/Privilege/index | INFO: Tag[ app_begin ] --START--
[ 2017-03-03T09:40:47+08:00 ] /JSJD/admin.php/Privilege/index | INFO: Run ReadHtmlCache Behavior [ RunTime:0.001115s ]
[ 2017-03-03T09:40:47+08:00 ] /JSJD/admin.php/Privilege/index | INFO: Tag[ app_begin ] --END-- [ RunTime:0.001168s ]
[ 2017-03-03T09:40:47+08:00 ] /JSJD/admin.php/Privilege/index | SQL: SHOW COLUMNS FROM `czxy_privilege` [ RunTime:0.004029s ]
[ 2017-03-03T09:40:47+08:00 ] /JSJD/admin.php/Privilege/index | SQL: SHOW COLUMNS FROM `czxy_privilege` [ RunTime:0.004672s ]
[ 2017-03-03T09:40:47+08:00 ] /JSJD/admin.php/Privilege/index | SQL: SELECT * FROM `czxy_privilege`  [ RunTime:0.000363s ]
[ 2017-03-03T09:40:47+08:00 ] /JSJD/admin.php/Privilege/index | NOTIC: [8] Use of undefined constant id - assumed 'id' PrivilegeModel.class.php 第 31 行.
[ 2017-03-03T09:40:47+08:00 ] /JSJD/admin.php/Privilege/index | NOTIC: [8] Use of undefined constant id - assumed 'id' PrivilegeModel.class.php 第 31 行.
[ 2017-03-03T09:40:47+08:00 ] /JSJD/admin.php/Privilege/index | NOTIC: [8] Use of undefined constant id - assumed 'id' PrivilegeModel.class.php 第 31 行.
[ 2017-03-03T09:40:47+08:00 ] /JSJD/admin.php/Privilege/index | NOTIC: [8] Use of undefined constant id - assumed 'id' PrivilegeModel.class.php 第 31 行.
[ 2017-03-03T09:40:47+08:00 ] /JSJD/admin.php/Privilege/index | NOTIC: [8] Use of undefined constant id - assumed 'id' PrivilegeModel.class.php 第 31 行.
[ 2017-03-03T09:40:47+08:00 ] /JSJD/admin.php/Privilege/index | NOTIC: [8] Use of undefined constant id - assumed 'id' PrivilegeModel.class.php 第 31 行.
[ 2017-03-03T09:40:47+08:00 ] /JSJD/admin.php/Privilege/index | NOTIC: [8] Use of undefined constant id - assumed 'id' PrivilegeModel.class.php 第 31 行.
[ 2017-03-03T09:40:47+08:00 ] /JSJD/admin.php/Privilege/index | NOTIC: [8] Use of undefined constant id - assumed 'id' PrivilegeModel.class.php 第 31 行.
[ 2017-03-03T09:40:47+08:00 ] /JSJD/admin.php/Privilege/index | NOTIC: [8] Use of undefined constant id - assumed 'id' PrivilegeModel.class.php 第 31 行.
[ 2017-03-03T09:40:47+08:00 ] /JSJD/admin.php/Privilege/index | NOTIC: [8] Use of undefined constant id - assumed 'id' PrivilegeModel.class.php 第 31 行.
[ 2017-03-03T09:40:47+08:00 ] /JSJD/admin.php/Privilege/index | NOTIC: [8] Use of undefined constant id - assumed 'id' PrivilegeModel.class.php 第 31 行.
[ 2017-03-03T09:40:47+08:00 ] /JSJD/admin.php/Privilege/index | NOTIC: [8] Use of undefined constant id - assumed 'id' PrivilegeModel.class.php 第 31 行.
[ 2017-03-03T09:40:47+08:00 ] /JSJD/admin.php/Privilege/index | NOTIC: [8] Use of undefined constant id - assumed 'id' PrivilegeModel.class.php 第 31 行.
[ 2017-03-03T09:40:47+08:00 ] /JSJD/admin.php/Privilege/index | NOTIC: [8] Use of undefined constant id - assumed 'id' PrivilegeModel.class.php 第 31 行.
[ 2017-03-03T09:40:47+08:00 ] /JSJD/admin.php/Privilege/index | NOTIC: [8] Use of undefined constant id - assumed 'id' PrivilegeModel.class.php 第 31 行.
[ 2017-03-03T09:40:47+08:00 ] /JSJD/admin.php/Privilege/index | NOTIC: [8] Use of undefined constant id - assumed 'id' PrivilegeModel.class.php 第 31 行.
[ 2017-03-03T09:40:47+08:00 ] /JSJD/admin.php/Privilege/index | NOTIC: [8] Use of undefined constant id - assumed 'id' PrivilegeModel.class.php 第 31 行.
[ 2017-03-03T09:40:47+08:00 ] /JSJD/admin.php/Privilege/index | NOTIC: [8] Use of undefined constant id - assumed 'id' PrivilegeModel.class.php 第 31 行.
[ 2017-03-03T09:40:47+08:00 ] /JSJD/admin.php/Privilege/index | NOTIC: [8] Use of undefined constant id - assumed 'id' PrivilegeModel.class.php 第 31 行.
[ 2017-03-03T09:40:47+08:00 ] /JSJD/admin.php/Privilege/index | NOTIC: [8] Use of undefined constant id - assumed 'id' PrivilegeModel.class.php 第 31 行.
[ 2017-03-03T09:40:47+08:00 ] /JSJD/admin.php/Privilege/index | NOTIC: [8] Use of undefined constant id - assumed 'id' PrivilegeModel.class.php 第 31 行.
[ 2017-03-03T09:40:47+08:00 ] /JSJD/admin.php/Privilege/index | NOTIC: [8] Use of undefined constant id - assumed 'id' PrivilegeModel.class.php 第 31 行.
[ 2017-03-03T09:40:47+08:00 ] /JSJD/admin.php/Privilege/index | NOTIC: [8] Use of undefined constant id - assumed 'id' PrivilegeModel.class.php 第 31 行.
[ 2017-03-03T09:40:47+08:00 ] /JSJD/admin.php/Privilege/index | NOTIC: [8] Use of undefined constant id - assumed 'id' PrivilegeModel.class.php 第 31 行.
[ 2017-03-03T09:40:47+08:00 ] /JSJD/admin.php/Privilege/index | NOTIC: [8] Use of undefined constant id - assumed 'id' PrivilegeModel.class.php 第 31 行.
[ 2017-03-03T09:40:47+08:00 ] /JSJD/admin.php/Privilege/index | NOTIC: [8] Use of undefined constant id - assumed 'id' PrivilegeModel.class.php 第 31 行.
[ 2017-03-03T09:40:47+08:00 ] /JSJD/admin.php/Privilege/index | NOTIC: [8] Use of undefined constant id - assumed 'id' PrivilegeModel.class.php 第 31 行.
[ 2017-03-03T09:40:47+08:00 ] /JSJD/admin.php/Privilege/index | NOTIC: [8] Use of undefined constant id - assumed 'id' PrivilegeModel.class.php 第 31 行.
[ 2017-03-03T09:40:47+08:00 ] /JSJD/admin.php/Privilege/index | NOTIC: [8] Use of undefined constant id - assumed 'id' PrivilegeModel.class.php 第 31 行.
[ 2017-03-03T09:40:47+08:00 ] /JSJD/admin.php/Privilege/index | NOTIC: [8] Use of undefined constant id - assumed 'id' PrivilegeModel.class.php 第 31 行.
[ 2017-03-03T09:40:47+08:00 ] /JSJD/admin.php/Privilege/index | NOTIC: [8] Use of undefined constant id - assumed 'id' PrivilegeModel.class.php 第 31 行.
[ 2017-03-03T09:40:47+08:00 ] /JSJD/admin.php/Privilege/index | NOTIC: [8] Use of undefined constant id - assumed 'id' PrivilegeModel.class.php 第 31 行.
[ 2017-03-03T09:40:47+08:00 ] /JSJD/admin.php/Privilege/index | NOTIC: [8] Use of undefined constant id - assumed 'id' PrivilegeModel.class.php 第 31 行.
[ 2017-03-03T09:40:47+08:00 ] /JSJD/admin.php/Privilege/index | NOTIC: [8] Use of undefined constant id - assumed 'id' PrivilegeModel.class.php 第 31 行.
[ 2017-03-03T09:40:47+08:00 ] /JSJD/admin.php/Privilege/index | NOTIC: [8] Use of undefined constant id - assumed 'id' PrivilegeModel.class.php 第 31 行.
[ 2017-03-03T09:40:47+08:00 ] /JSJD/admin.php/Privilege/index | NOTIC: [8] Use of undefined constant id - assumed 'id' PrivilegeModel.class.php 第 31 行.
[ 2017-03-03T09:40:47+08:00 ] /JSJD/admin.php/Privilege/index | NOTIC: [8] Use of undefined constant id - assumed 'id' PrivilegeModel.class.php 第 31 行.
[ 2017-03-03T09:40:47+08:00 ] /JSJD/admin.php/Privilege/index | NOTIC: [8] Use of undefined constant id - assumed 'id' PrivilegeModel.class.php 第 31 行.
[ 2017-03-03T09:40:47+08:00 ] /JSJD/admin.php/Privilege/index | NOTIC: [8] Use of undefined constant id - assumed 'id' PrivilegeModel.class.php 第 31 行.
[ 2017-03-03T09:40:47+08:00 ] /JSJD/admin.php/Privilege/index | NOTIC: [8] Use of undefined constant id - assumed 'id' PrivilegeModel.class.php 第 31 行.
[ 2017-03-03T09:40:47+08:00 ] /JSJD/admin.php/Privilege/index | NOTIC: [8] Use of undefined constant id - assumed 'id' PrivilegeModel.class.php 第 31 行.
[ 2017-03-03T09:40:47+08:00 ] /JSJD/admin.php/Privilege/index | NOTIC: [8] Use of undefined constant id - assumed 'id' PrivilegeModel.class.php 第 31 行.
[ 2017-03-03T09:40:47+08:00 ] /JSJD/admin.php/Privilege/index | NOTIC: [8] Use of undefined constant id - assumed 'id' PrivilegeModel.class.php 第 31 行.
[ 2017-03-03T09:40:47+08:00 ] /JSJD/admin.php/Privilege/index | NOTIC: [8] Use of undefined constant id - assumed 'id' PrivilegeModel.class.php 第 31 行.
[ 2017-03-03T09:40:47+08:00 ] /JSJD/admin.php/Privilege/index | NOTIC: [8] Use of undefined constant id - assumed 'id' PrivilegeModel.class.php 第 31 行.
[ 2017-03-03T09:40:47+08:00 ] /JSJD/admin.php/Privilege/index | NOTIC: [8] Use of undefined constant id - assumed 'id' PrivilegeModel.class.php 第 31 行.
[ 2017-03-03T09:40:47+08:00 ] /JSJD/admin.php/Privilege/index | NOTIC: [8] Use of undefined constant id - assumed 'id' PrivilegeModel.class.php 第 31 行.
[ 2017-03-03T09:40:47+08:00 ] /JSJD/admin.php/Privilege/index | NOTIC: [8] Use of undefined constant id - assumed 'id' PrivilegeModel.class.php 第 31 行.
[ 2017-03-03T09:40:47+08:00 ] /JSJD/admin.php/Privilege/index | NOTIC: [8] Use of undefined constant id - assumed 'id' PrivilegeModel.class.php 第 31 行.
[ 2017-03-03T09:40:47+08:00 ] /JSJD/admin.php/Privilege/index | NOTIC: [8] Use of undefined constant id - assumed 'id' PrivilegeModel.class.php 第 31 行.
[ 2017-03-03T09:40:47+08:00 ] /JSJD/admin.php/Privilege/index | NOTIC: [8] Use of undefined constant id - assumed 'id' PrivilegeModel.class.php 第 31 行.
[ 2017-03-03T09:40:47+08:00 ] /JSJD/admin.php/Privilege/index | NOTIC: [8] Use of undefined constant id - assumed 'id' PrivilegeModel.class.php 第 31 行.
[ 2017-03-03T09:40:47+08:00 ] /JSJD/admin.php/Privilege/index | NOTIC: [8] Use of undefined constant id - assumed 'id' PrivilegeModel.class.php 第 31 行.
[ 2017-03-03T09:40:47+08:00 ] /JSJD/admin.php/Privilege/index | NOTIC: [8] Use of undefined constant id - assumed 'id' PrivilegeModel.class.php 第 31 行.
[ 2017-03-03T09:40:47+08:00 ] /JSJD/admin.php/Privilege/index | INFO: Tag[ view_template ] --START--
[ 2017-03-03T09:40:47+08:00 ] /JSJD/admin.php/Privilege/index | INFO: Run LocationTemplate Behavior [ RunTime:0.002013s ]
[ 2017-03-03T09:40:47+08:00 ] /JSJD/admin.php/Privilege/index | INFO: Tag[ view_template ] --END-- [ RunTime:0.002090s ]
[ 2017-03-03T09:40:47+08:00 ] /JSJD/admin.php/Privilege/index | INFO: Tag[ view_parse ] --START--
[ 2017-03-03T09:40:48+08:00 ] /JSJD/admin.php/Privilege/index | INFO: Run ParseTemplate Behavior [ RunTime:0.045410s ]
[ 2017-03-03T09:40:48+08:00 ] /JSJD/admin.php/Privilege/index | INFO: Tag[ view_parse ] --END-- [ RunTime:0.045484s ]
[ 2017-03-03T09:40:48+08:00 ] /JSJD/admin.php/Privilege/index | INFO: Tag[ view_filter ] --START--
[ 2017-03-03T09:40:48+08:00 ] /JSJD/admin.php/Privilege/index | INFO: Run ContentReplace Behavior [ RunTime:0.001040s ]
[ 2017-03-03T09:40:48+08:00 ] /JSJD/admin.php/Privilege/index | INFO: Run TokenBuild Behavior [ RunTime:0.000996s ]
[ 2017-03-03T09:40:48+08:00 ] /JSJD/admin.php/Privilege/index | INFO: Run WriteHtmlCache Behavior [ RunTime:0.000782s ]
[ 2017-03-03T09:40:48+08:00 ] /JSJD/admin.php/Privilege/index | INFO: Run ShowRuntime Behavior [ RunTime:0.000995s ]
[ 2017-03-03T09:40:48+08:00 ] /JSJD/admin.php/Privilege/index | INFO: Tag[ view_filter ] --END-- [ RunTime:0.003956s ]
[ 2017-03-03T09:40:48+08:00 ] /JSJD/admin.php/Privilege/index | INFO: Tag[ view_end ] --START--
[ 2017-03-03T09:40:48+08:00 ] /JSJD/admin.php/Privilege/index | INFO: Run ShowPageTrace Behavior [ RunTime:0.001311s ]
[ 2017-03-03T09:40:48+08:00 ] /JSJD/admin.php/Privilege/index | INFO: Tag[ view_end ] --END-- [ RunTime:0.001386s ]
[ 2017-03-03T09:40:50+08:00 ] /JSJD/admin.php/Adminrole/index | INFO: Tag[ route_check ] --START--
[ 2017-03-03T09:40:50+08:00 ] /JSJD/admin.php/Adminrole/index | INFO: Run CheckRoute Behavior [ RunTime:0.000921s ]
[ 2017-03-03T09:40:50+08:00 ] /JSJD/admin.php/Adminrole/index | INFO: Tag[ route_check ] --END-- [ RunTime:0.001009s ]
[ 2017-03-03T09:40:50+08:00 ] /JSJD/admin.php/Adminrole/index | INFO: Tag[ app_begin ] --START--
[ 2017-03-03T09:40:50+08:00 ] /JSJD/admin.php/Adminrole/index | INFO: Run ReadHtmlCache Behavior [ RunTime:0.000620s ]
[ 2017-03-03T09:40:50+08:00 ] /JSJD/admin.php/Adminrole/index | INFO: Tag[ app_begin ] --END-- [ RunTime:0.000668s ]
[ 2017-03-03T09:40:50+08:00 ] /JSJD/admin.php/Adminrole/index | SQL: SHOW COLUMNS FROM `czxy_privilege` [ RunTime:0.004600s ]
[ 2017-03-03T09:40:51+08:00 ] /JSJD/admin.php/Adminrole/index | SQL: SHOW COLUMNS FROM `czxy_adminrole` [ RunTime:0.034501s ]
[ 2017-03-03T09:40:51+08:00 ] /JSJD/admin.php/Adminrole/index | NOTIC: [8] Use of undefined constant czxy_ - assumed 'czxy_' Db.class.php(660) : regexp code 第 1 行.
[ 2017-03-03T09:40:51+08:00 ] /JSJD/admin.php/Adminrole/index | NOTIC: [8] Use of undefined constant czxy_ - assumed 'czxy_' Db.class.php(660) : regexp code 第 1 行.
[ 2017-03-03T09:40:51+08:00 ] /JSJD/admin.php/Adminrole/index | SQL: SELECT a.*,GROUP_CONCAT(c.priname) priname FROM czxy_adminrole a LEFT JOIN czxy_rolepri b ON a.id=b.rid 
		        LEFT JOIN czxy_privilege c ON b.pid=c.id
		        GROUP BY a.id  [ RunTime:0.022321s ]
[ 2017-03-03T09:40:51+08:00 ] /JSJD/admin.php/Adminrole/index | INFO: Tag[ view_template ] --START--
[ 2017-03-03T09:40:51+08:00 ] /JSJD/admin.php/Adminrole/index | INFO: Run LocationTemplate Behavior [ RunTime:0.002515s ]
[ 2017-03-03T09:40:51+08:00 ] /JSJD/admin.php/Adminrole/index | INFO: Tag[ view_template ] --END-- [ RunTime:0.002604s ]
[ 2017-03-03T09:40:51+08:00 ] /JSJD/admin.php/Adminrole/index | INFO: Tag[ view_parse ] --START--
[ 2017-03-03T09:40:51+08:00 ] /JSJD/admin.php/Adminrole/index | NOTIC: [8] Undefined variable: page aebd427a1135200f34ac07a80b35c6ae.php 第 39 行.
[ 2017-03-03T09:40:51+08:00 ] /JSJD/admin.php/Adminrole/index | INFO: Run ParseTemplate Behavior [ RunTime:0.021373s ]
[ 2017-03-03T09:40:51+08:00 ] /JSJD/admin.php/Adminrole/index | INFO: Tag[ view_parse ] --END-- [ RunTime:0.021443s ]
[ 2017-03-03T09:40:51+08:00 ] /JSJD/admin.php/Adminrole/index | INFO: Tag[ view_filter ] --START--
[ 2017-03-03T09:40:51+08:00 ] /JSJD/admin.php/Adminrole/index | INFO: Run ContentReplace Behavior [ RunTime:0.000573s ]
[ 2017-03-03T09:40:51+08:00 ] /JSJD/admin.php/Adminrole/index | INFO: Run TokenBuild Behavior [ RunTime:0.000546s ]
[ 2017-03-03T09:40:51+08:00 ] /JSJD/admin.php/Adminrole/index | INFO: Run WriteHtmlCache Behavior [ RunTime:0.000414s ]
[ 2017-03-03T09:40:51+08:00 ] /JSJD/admin.php/Adminrole/index | INFO: Run ShowRuntime Behavior [ RunTime:0.000643s ]
[ 2017-03-03T09:40:51+08:00 ] /JSJD/admin.php/Adminrole/index | INFO: Tag[ view_filter ] --END-- [ RunTime:0.002433s ]
[ 2017-03-03T09:40:51+08:00 ] /JSJD/admin.php/Adminrole/index | INFO: Tag[ view_end ] --START--
[ 2017-03-03T09:40:51+08:00 ] /JSJD/admin.php/Adminrole/index | INFO: Run ShowPageTrace Behavior [ RunTime:0.000715s ]
[ 2017-03-03T09:40:51+08:00 ] /JSJD/admin.php/Adminrole/index | INFO: Tag[ view_end ] --END-- [ RunTime:0.000791s ]
[ 2017-03-03T09:40:52+08:00 ] /JSJD/admin.php/Admin/index | INFO: Tag[ route_check ] --START--
[ 2017-03-03T09:40:52+08:00 ] /JSJD/admin.php/Admin/index | INFO: Run CheckRoute Behavior [ RunTime:0.000906s ]
[ 2017-03-03T09:40:52+08:00 ] /JSJD/admin.php/Admin/index | INFO: Tag[ route_check ] --END-- [ RunTime:0.000995s ]
[ 2017-03-03T09:40:52+08:00 ] /JSJD/admin.php/Admin/index | INFO: Tag[ app_begin ] --START--
[ 2017-03-03T09:40:52+08:00 ] /JSJD/admin.php/Admin/index | INFO: Run ReadHtmlCache Behavior [ RunTime:0.000594s ]
[ 2017-03-03T09:40:52+08:00 ] /JSJD/admin.php/Admin/index | INFO: Tag[ app_begin ] --END-- [ RunTime:0.000642s ]
[ 2017-03-03T09:40:52+08:00 ] /JSJD/admin.php/Admin/index | SQL: SHOW COLUMNS FROM `czxy_privilege` [ RunTime:0.004260s ]
[ 2017-03-03T09:40:52+08:00 ] /JSJD/admin.php/Admin/index | SQL: SHOW COLUMNS FROM `czxy_admin` [ RunTime:0.049494s ]
[ 2017-03-03T09:40:52+08:00 ] /JSJD/admin.php/Admin/index | NOTIC: [8] Use of undefined constant czxy_ - assumed 'czxy_' Db.class.php(660) : regexp code 第 1 行.
[ 2017-03-03T09:40:52+08:00 ] /JSJD/admin.php/Admin/index | NOTIC: [8] Use of undefined constant czxy_ - assumed 'czxy_' Db.class.php(660) : regexp code 第 1 行.
[ 2017-03-03T09:40:52+08:00 ] /JSJD/admin.php/Admin/index | SQL: SELECT a.*,GROUP_CONCAT(c.rname) as rname FROM czxy_admin a LEFT JOIN czxy_roleadmin b ON b.aid=a.id LEFT JOIN czxy_adminrole c ON c.id=b.rid GROUP BY a.id  [ RunTime:0.014047s ]
[ 2017-03-03T09:40:52+08:00 ] /JSJD/admin.php/Admin/index | INFO: Tag[ view_template ] --START--
[ 2017-03-03T09:40:52+08:00 ] /JSJD/admin.php/Admin/index | INFO: Run LocationTemplate Behavior [ RunTime:0.001083s ]
[ 2017-03-03T09:40:52+08:00 ] /JSJD/admin.php/Admin/index | INFO: Tag[ view_template ] --END-- [ RunTime:0.001139s ]
[ 2017-03-03T09:40:52+08:00 ] /JSJD/admin.php/Admin/index | INFO: Tag[ view_parse ] --START--
[ 2017-03-03T09:40:52+08:00 ] /JSJD/admin.php/Admin/index | NOTIC: [2] date() expects parameter 2 to be long, string given 124651ed3b27acf2999acf711ddfefec.php 第 36 行.
[ 2017-03-03T09:40:52+08:00 ] /JSJD/admin.php/Admin/index | INFO: Run ParseTemplate Behavior [ RunTime:0.017196s ]
[ 2017-03-03T09:40:52+08:00 ] /JSJD/admin.php/Admin/index | INFO: Tag[ view_parse ] --END-- [ RunTime:0.017259s ]
[ 2017-03-03T09:40:52+08:00 ] /JSJD/admin.php/Admin/index | INFO: Tag[ view_filter ] --START--
[ 2017-03-03T09:40:52+08:00 ] /JSJD/admin.php/Admin/index | INFO: Run ContentReplace Behavior [ RunTime:0.000574s ]
[ 2017-03-03T09:40:52+08:00 ] /JSJD/admin.php/Admin/index | INFO: Run TokenBuild Behavior [ RunTime:0.000475s ]
[ 2017-03-03T09:40:52+08:00 ] /JSJD/admin.php/Admin/index | INFO: Run WriteHtmlCache Behavior [ RunTime:0.000270s ]
[ 2017-03-03T09:40:52+08:00 ] /JSJD/admin.php/Admin/index | INFO: Run ShowRuntime Behavior [ RunTime:0.000474s ]
[ 2017-03-03T09:40:52+08:00 ] /JSJD/admin.php/Admin/index | INFO: Tag[ view_filter ] --END-- [ RunTime:0.001966s ]
[ 2017-03-03T09:40:52+08:00 ] /JSJD/admin.php/Admin/index | INFO: Tag[ view_end ] --START--
[ 2017-03-03T09:40:52+08:00 ] /JSJD/admin.php/Admin/index | INFO: Run ShowPageTrace Behavior [ RunTime:0.000506s ]
[ 2017-03-03T09:40:52+08:00 ] /JSJD/admin.php/Admin/index | INFO: Tag[ view_end ] --END-- [ RunTime:0.000553s ]
[ 2017-03-03T09:40:57+08:00 ] /JSJD/admin.php/Adminrole/index | INFO: Tag[ route_check ] --START--
[ 2017-03-03T09:40:57+08:00 ] /JSJD/admin.php/Adminrole/index | INFO: Run CheckRoute Behavior [ RunTime:0.001129s ]
[ 2017-03-03T09:40:57+08:00 ] /JSJD/admin.php/Adminrole/index | INFO: Tag[ route_check ] --END-- [ RunTime:0.001231s ]
[ 2017-03-03T09:40:57+08:00 ] /JSJD/admin.php/Adminrole/index | INFO: Tag[ app_begin ] --START--
[ 2017-03-03T09:40:57+08:00 ] /JSJD/admin.php/Adminrole/index | INFO: Run ReadHtmlCache Behavior [ RunTime:0.000672s ]
[ 2017-03-03T09:40:57+08:00 ] /JSJD/admin.php/Adminrole/index | INFO: Tag[ app_begin ] --END-- [ RunTime:0.000725s ]
[ 2017-03-03T09:40:57+08:00 ] /JSJD/admin.php/Adminrole/index | SQL: SHOW COLUMNS FROM `czxy_privilege` [ RunTime:0.004761s ]
[ 2017-03-03T09:40:57+08:00 ] /JSJD/admin.php/Adminrole/index | SQL: SHOW COLUMNS FROM `czxy_adminrole` [ RunTime:0.004089s ]
[ 2017-03-03T09:40:57+08:00 ] /JSJD/admin.php/Adminrole/index | NOTIC: [8] Use of undefined constant czxy_ - assumed 'czxy_' Db.class.php(660) : regexp code 第 1 行.
[ 2017-03-03T09:40:57+08:00 ] /JSJD/admin.php/Adminrole/index | NOTIC: [8] Use of undefined constant czxy_ - assumed 'czxy_' Db.class.php(660) : regexp code 第 1 行.
[ 2017-03-03T09:40:57+08:00 ] /JSJD/admin.php/Adminrole/index | SQL: SELECT a.*,GROUP_CONCAT(c.priname) priname FROM czxy_adminrole a LEFT JOIN czxy_rolepri b ON a.id=b.rid 
		        LEFT JOIN czxy_privilege c ON b.pid=c.id
		        GROUP BY a.id  [ RunTime:0.000703s ]
[ 2017-03-03T09:40:57+08:00 ] /JSJD/admin.php/Adminrole/index | INFO: Tag[ view_template ] --START--
[ 2017-03-03T09:40:57+08:00 ] /JSJD/admin.php/Adminrole/index | INFO: Run LocationTemplate Behavior [ RunTime:0.000498s ]
[ 2017-03-03T09:40:57+08:00 ] /JSJD/admin.php/Adminrole/index | INFO: Tag[ view_template ] --END-- [ RunTime:0.000544s ]
[ 2017-03-03T09:40:57+08:00 ] /JSJD/admin.php/Adminrole/index | INFO: Tag[ view_parse ] --START--
[ 2017-03-03T09:40:57+08:00 ] /JSJD/admin.php/Adminrole/index | NOTIC: [8] Undefined variable: page aebd427a1135200f34ac07a80b35c6ae.php 第 39 行.
[ 2017-03-03T09:40:57+08:00 ] /JSJD/admin.php/Adminrole/index | INFO: Run ParseTemplate Behavior [ RunTime:0.009532s ]
[ 2017-03-03T09:40:57+08:00 ] /JSJD/admin.php/Adminrole/index | INFO: Tag[ view_parse ] --END-- [ RunTime:0.009582s ]
[ 2017-03-03T09:40:57+08:00 ] /JSJD/admin.php/Adminrole/index | INFO: Tag[ view_filter ] --START--
[ 2017-03-03T09:40:57+08:00 ] /JSJD/admin.php/Adminrole/index | INFO: Run ContentReplace Behavior [ RunTime:0.000368s ]
[ 2017-03-03T09:40:57+08:00 ] /JSJD/admin.php/Adminrole/index | INFO: Run TokenBuild Behavior [ RunTime:0.000382s ]
[ 2017-03-03T09:40:57+08:00 ] /JSJD/admin.php/Adminrole/index | INFO: Run WriteHtmlCache Behavior [ RunTime:0.000235s ]
[ 2017-03-03T09:40:57+08:00 ] /JSJD/admin.php/Adminrole/index | INFO: Run ShowRuntime Behavior [ RunTime:0.000424s ]
[ 2017-03-03T09:40:57+08:00 ] /JSJD/admin.php/Adminrole/index | INFO: Tag[ view_filter ] --END-- [ RunTime:0.001533s ]
[ 2017-03-03T09:40:57+08:00 ] /JSJD/admin.php/Adminrole/index | INFO: Tag[ view_end ] --START--
[ 2017-03-03T09:40:57+08:00 ] /JSJD/admin.php/Adminrole/index | INFO: Run ShowPageTrace Behavior [ RunTime:0.000701s ]
[ 2017-03-03T09:40:57+08:00 ] /JSJD/admin.php/Adminrole/index | INFO: Tag[ view_end ] --END-- [ RunTime:0.000755s ]
[ 2017-03-03T09:41:01+08:00 ] /JSJD/admin.php/Login/index | INFO: Tag[ route_check ] --START--
[ 2017-03-03T09:41:01+08:00 ] /JSJD/admin.php/Login/index | INFO: Run CheckRoute Behavior [ RunTime:0.001027s ]
[ 2017-03-03T09:41:01+08:00 ] /JSJD/admin.php/Login/index | INFO: Tag[ route_check ] --END-- [ RunTime:0.001141s ]
[ 2017-03-03T09:41:01+08:00 ] /JSJD/admin.php/Login/index | INFO: Tag[ app_begin ] --START--
[ 2017-03-03T09:41:01+08:00 ] /JSJD/admin.php/Login/index | INFO: Run ReadHtmlCache Behavior [ RunTime:0.000688s ]
[ 2017-03-03T09:41:01+08:00 ] /JSJD/admin.php/Login/index | INFO: Tag[ app_begin ] --END-- [ RunTime:0.000752s ]
[ 2017-03-03T09:41:01+08:00 ] /JSJD/admin.php/Login/index | INFO: Tag[ view_template ] --START--
[ 2017-03-03T09:41:01+08:00 ] /JSJD/admin.php/Login/index | INFO: Run LocationTemplate Behavior [ RunTime:0.000996s ]
[ 2017-03-03T09:41:01+08:00 ] /JSJD/admin.php/Login/index | INFO: Tag[ view_template ] --END-- [ RunTime:0.001059s ]
[ 2017-03-03T09:41:01+08:00 ] /JSJD/admin.php/Login/index | INFO: Tag[ view_parse ] --START--
[ 2017-03-03T09:41:01+08:00 ] /JSJD/admin.php/Login/index | INFO: Run ParseTemplate Behavior [ RunTime:0.020001s ]
[ 2017-03-03T09:41:01+08:00 ] /JSJD/admin.php/Login/index | INFO: Tag[ view_parse ] --END-- [ RunTime:0.020068s ]
[ 2017-03-03T09:41:01+08:00 ] /JSJD/admin.php/Login/index | INFO: Tag[ view_filter ] --START--
[ 2017-03-03T09:41:01+08:00 ] /JSJD/admin.php/Login/index | INFO: Run ContentReplace Behavior [ RunTime:0.000448s ]
[ 2017-03-03T09:41:01+08:00 ] /JSJD/admin.php/Login/index | INFO: Run TokenBuild Behavior [ RunTime:0.000456s ]
[ 2017-03-03T09:41:01+08:00 ] /JSJD/admin.php/Login/index | INFO: Run WriteHtmlCache Behavior [ RunTime:0.000262s ]
[ 2017-03-03T09:41:01+08:00 ] /JSJD/admin.php/Login/index | INFO: Run ShowRuntime Behavior [ RunTime:0.000477s ]
[ 2017-03-03T09:41:01+08:00 ] /JSJD/admin.php/Login/index | INFO: Tag[ view_filter ] --END-- [ RunTime:0.001778s ]
[ 2017-03-03T09:41:01+08:00 ] /JSJD/admin.php/Login/index | INFO: Tag[ view_end ] --START--
[ 2017-03-03T09:41:01+08:00 ] /JSJD/admin.php/Login/index | INFO: Run ShowPageTrace Behavior [ RunTime:0.000492s ]
[ 2017-03-03T09:41:01+08:00 ] /JSJD/admin.php/Login/index | INFO: Tag[ view_end ] --END-- [ RunTime:0.000537s ]
[ 2017-03-03T09:41:01+08:00 ] /JSJD/admin.php/Login/verify | INFO: Tag[ route_check ] --START--
[ 2017-03-03T09:41:01+08:00 ] /JSJD/admin.php/Login/verify | INFO: Run CheckRoute Behavior [ RunTime:0.001276s ]
[ 2017-03-03T09:41:01+08:00 ] /JSJD/admin.php/Login/verify | INFO: Tag[ route_check ] --END-- [ RunTime:0.001361s ]
[ 2017-03-03T09:41:01+08:00 ] /JSJD/admin.php/Login/verify | INFO: Tag[ app_begin ] --START--
[ 2017-03-03T09:41:01+08:00 ] /JSJD/admin.php/Login/verify | INFO: Run ReadHtmlCache Behavior [ RunTime:0.000925s ]
[ 2017-03-03T09:41:01+08:00 ] /JSJD/admin.php/Login/verify | INFO: Tag[ app_begin ] --END-- [ RunTime:0.000967s ]
[ 2017-03-03T09:41:11+08:00 ] /JSJD/admin.php/Login/login | INFO: Tag[ route_check ] --START--
[ 2017-03-03T09:41:11+08:00 ] /JSJD/admin.php/Login/login | INFO: Run CheckRoute Behavior [ RunTime:0.002171s ]
[ 2017-03-03T09:41:11+08:00 ] /JSJD/admin.php/Login/login | INFO: Tag[ route_check ] --END-- [ RunTime:0.002354s ]
[ 2017-03-03T09:41:11+08:00 ] /JSJD/admin.php/Login/login | INFO: Tag[ app_begin ] --START--
[ 2017-03-03T09:41:11+08:00 ] /JSJD/admin.php/Login/login | INFO: Run ReadHtmlCache Behavior [ RunTime:0.001235s ]
[ 2017-03-03T09:41:11+08:00 ] /JSJD/admin.php/Login/login | INFO: Tag[ app_begin ] --END-- [ RunTime:0.001332s ]
[ 2017-03-03T09:41:11+08:00 ] /JSJD/admin.php/Login/login | NOTIC: [8] Undefined offset:  1 Action.class.php 第 233 行.
[ 2017-03-03T09:41:11+08:00 ] /JSJD/admin.php/Login/login | SQL: SHOW COLUMNS FROM `czxy_admin` [ RunTime:0.004002s ]
[ 2017-03-03T09:41:11+08:00 ] /JSJD/admin.php/Login/login | SQL: SELECT * FROM `czxy_admin` WHERE ( `adminusername` = 'xuexi' ) LIMIT 1   [ RunTime:0.000351s ]
[ 2017-03-03T09:41:11+08:00 ] /JSJD/admin.php/Login/login | NOTIC: [8] Use of undefined constant user - assumed 'user' LoginAction.class.php 第 37 行.
[ 2017-03-03T09:41:11+08:00 ] /JSJD/admin.php/Login/login | SQL: UPDATE `czxy_admin` SET `lasttime`=1488505271,`lastip`='127.0.0.1' WHERE ( `id` = '6' ) [ RunTime:0.131446s ]
[ 2017-03-03T09:41:11+08:00 ] /JSJD/admin.php/Login/login | INFO: Tag[ view_template ] --START--
[ 2017-03-03T09:41:11+08:00 ] /JSJD/admin.php/Login/login | INFO: Run LocationTemplate Behavior [ RunTime:0.002691s ]
[ 2017-03-03T09:41:11+08:00 ] /JSJD/admin.php/Login/login | INFO: Tag[ view_template ] --END-- [ RunTime:0.002861s ]
[ 2017-03-03T09:41:11+08:00 ] /JSJD/admin.php/Login/login | INFO: Tag[ view_parse ] --START--
[ 2017-03-03T09:41:11+08:00 ] /JSJD/admin.php/Login/login | INFO: Run ParseTemplate Behavior [ RunTime:0.058299s ]
[ 2017-03-03T09:41:11+08:00 ] /JSJD/admin.php/Login/login | INFO: Tag[ view_parse ] --END-- [ RunTime:0.058475s ]
[ 2017-03-03T09:41:11+08:00 ] /JSJD/admin.php/Login/login | INFO: Tag[ view_filter ] --START--
[ 2017-03-03T09:41:11+08:00 ] /JSJD/admin.php/Login/login | INFO: Run ContentReplace Behavior [ RunTime:0.000551s ]
[ 2017-03-03T09:41:11+08:00 ] /JSJD/admin.php/Login/login | INFO: Run TokenBuild Behavior [ RunTime:0.000549s ]
[ 2017-03-03T09:41:11+08:00 ] /JSJD/admin.php/Login/login | INFO: Run WriteHtmlCache Behavior [ RunTime:0.000346s ]
[ 2017-03-03T09:41:11+08:00 ] /JSJD/admin.php/Login/login | INFO: Run ShowRuntime Behavior [ RunTime:0.000677s ]
[ 2017-03-03T09:41:11+08:00 ] /JSJD/admin.php/Login/login | INFO: Tag[ view_filter ] --END-- [ RunTime:0.002308s ]
[ 2017-03-03T09:41:11+08:00 ] /JSJD/admin.php/Login/login | INFO: Tag[ view_end ] --START--
[ 2017-03-03T09:41:11+08:00 ] /JSJD/admin.php/Login/login | INFO: Run ShowPageTrace Behavior [ RunTime:0.000679s ]
[ 2017-03-03T09:41:11+08:00 ] /JSJD/admin.php/Login/login | INFO: Tag[ view_end ] --END-- [ RunTime:0.000742s ]
[ 2017-03-03T09:41:12+08:00 ] /JSJD/admin.php | INFO: Tag[ app_begin ] --START--
[ 2017-03-03T09:41:12+08:00 ] /JSJD/admin.php | INFO: Run ReadHtmlCache Behavior [ RunTime:0.000609s ]
[ 2017-03-03T09:41:12+08:00 ] /JSJD/admin.php | INFO: Tag[ app_begin ] --END-- [ RunTime:0.000695s ]
[ 2017-03-03T09:41:12+08:00 ] /JSJD/admin.php | INFO: Tag[ view_template ] --START--
[ 2017-03-03T09:41:12+08:00 ] /JSJD/admin.php | INFO: Run LocationTemplate Behavior [ RunTime:0.000899s ]
[ 2017-03-03T09:41:12+08:00 ] /JSJD/admin.php | INFO: Tag[ view_template ] --END-- [ RunTime:0.000959s ]
[ 2017-03-03T09:41:12+08:00 ] /JSJD/admin.php | INFO: Tag[ view_parse ] --START--
[ 2017-03-03T09:41:12+08:00 ] /JSJD/admin.php | SQL: SHOW COLUMNS FROM `czxy_privilege` [ RunTime:0.004546s ]
[ 2017-03-03T09:41:12+08:00 ] /JSJD/admin.php | SQL: SHOW COLUMNS FROM `czxy_roleadmin` [ RunTime:0.004461s ]
[ 2017-03-03T09:41:12+08:00 ] /JSJD/admin.php | NOTIC: [8] Use of undefined constant czxy_ - assumed 'czxy_' Db.class.php(660) : regexp code 第 1 行.
[ 2017-03-03T09:41:12+08:00 ] /JSJD/admin.php | NOTIC: [8] Use of undefined constant czxy_ - assumed 'czxy_' Db.class.php(660) : regexp code 第 1 行.
[ 2017-03-03T09:41:12+08:00 ] /JSJD/admin.php | SQL: SELECT DISTINCT c.id,c.priname,c.modulename,c.controllername,c.actionname,c.parentid FROM czxy_roleadmin a LEFT JOIN czxy_rolepri b ON b.rid=a.rid
                    LEFT JOIN czxy_privilege c ON c.id=b.pid
                     WHERE ( a.aid = '6' )  [ RunTime:0.032474s ]
[ 2017-03-03T09:41:12+08:00 ] /JSJD/admin.php | INFO: Run ParseTemplate Behavior [ RunTime:0.064670s ]
[ 2017-03-03T09:41:12+08:00 ] /JSJD/admin.php | INFO: Tag[ view_parse ] --END-- [ RunTime:0.064719s ]
[ 2017-03-03T09:41:12+08:00 ] /JSJD/admin.php | INFO: Tag[ view_filter ] --START--
[ 2017-03-03T09:41:12+08:00 ] /JSJD/admin.php | INFO: Run ContentReplace Behavior [ RunTime:0.000480s ]
[ 2017-03-03T09:41:12+08:00 ] /JSJD/admin.php | INFO: Run TokenBuild Behavior [ RunTime:0.000382s ]
[ 2017-03-03T09:41:12+08:00 ] /JSJD/admin.php | INFO: Run WriteHtmlCache Behavior [ RunTime:0.000237s ]
[ 2017-03-03T09:41:12+08:00 ] /JSJD/admin.php | INFO: Run ShowRuntime Behavior [ RunTime:0.000448s ]
[ 2017-03-03T09:41:12+08:00 ] /JSJD/admin.php | INFO: Tag[ view_filter ] --END-- [ RunTime:0.001669s ]
[ 2017-03-03T09:41:12+08:00 ] /JSJD/admin.php | INFO: Tag[ view_end ] --START--
[ 2017-03-03T09:41:12+08:00 ] /JSJD/admin.php | INFO: Run ShowPageTrace Behavior [ RunTime:0.000439s ]
[ 2017-03-03T09:41:12+08:00 ] /JSJD/admin.php | INFO: Tag[ view_end ] --END-- [ RunTime:0.000479s ]
[ 2017-03-03T09:41:12+08:00 ] /JSJD/admin.php/Index/copy | INFO: Tag[ route_check ] --START--
[ 2017-03-03T09:41:12+08:00 ] /JSJD/admin.php/Index/copy | INFO: Run CheckRoute Behavior [ RunTime:0.001213s ]
[ 2017-03-03T09:41:12+08:00 ] /JSJD/admin.php/Index/copy | INFO: Tag[ route_check ] --END-- [ RunTime:0.001383s ]
[ 2017-03-03T09:41:12+08:00 ] /JSJD/admin.php/Index/copy | INFO: Tag[ app_begin ] --START--
[ 2017-03-03T09:41:12+08:00 ] /JSJD/admin.php/Index/copy | INFO: Run ReadHtmlCache Behavior [ RunTime:0.001310s ]
[ 2017-03-03T09:41:12+08:00 ] /JSJD/admin.php/Index/copy | INFO: Tag[ app_begin ] --END-- [ RunTime:0.001479s ]
[ 2017-03-03T09:41:12+08:00 ] /JSJD/admin.php/Index/copy | INFO: Tag[ view_template ] --START--
[ 2017-03-03T09:41:12+08:00 ] /JSJD/admin.php/Index/copy | INFO: Run LocationTemplate Behavior [ RunTime:0.000578s ]
[ 2017-03-03T09:41:12+08:00 ] /JSJD/admin.php/Index/copy | INFO: Tag[ view_template ] --END-- [ RunTime:0.000648s ]
[ 2017-03-03T09:41:12+08:00 ] /JSJD/admin.php/Index/copy | INFO: Tag[ view_parse ] --START--
[ 2017-03-03T09:41:12+08:00 ] /JSJD/admin.php/Index/copy | NOTIC: [2] mysql_get_server_info() [<a href='function.mysql-get-server-info'>function.mysql-get-server-info</a>]: Access denied for user 'ODBC'@'localhost' (using password: NO) f50709f4c96babd9a294fb55fb5076ad.php 第 28 行.
[ 2017-03-03T09:41:12+08:00 ] /JSJD/admin.php/Index/copy | NOTIC: [2] mysql_get_server_info() [<a href='function.mysql-get-server-info'>function.mysql-get-server-info</a>]: A link to the server could not be established f50709f4c96babd9a294fb55fb5076ad.php 第 28 行.
[ 2017-03-03T09:41:12+08:00 ] /JSJD/admin.php/Index/copy | INFO: Run ParseTemplate Behavior [ RunTime:0.011437s ]
[ 2017-03-03T09:41:12+08:00 ] /JSJD/admin.php/Index/copy | INFO: Tag[ view_parse ] --END-- [ RunTime:0.011498s ]
[ 2017-03-03T09:41:12+08:00 ] /JSJD/admin.php/Index/copy | INFO: Tag[ view_filter ] --START--
[ 2017-03-03T09:41:12+08:00 ] /JSJD/admin.php/Index/copy | INFO: Run ContentReplace Behavior [ RunTime:0.000495s ]
[ 2017-03-03T09:41:12+08:00 ] /JSJD/admin.php/Index/copy | INFO: Run TokenBuild Behavior [ RunTime:0.000359s ]
[ 2017-03-03T09:41:12+08:00 ] /JSJD/admin.php/Index/copy | INFO: Run WriteHtmlCache Behavior [ RunTime:0.000222s ]
[ 2017-03-03T09:41:12+08:00 ] /JSJD/admin.php/Index/copy | INFO: Run ShowRuntime Behavior [ RunTime:0.000426s ]
[ 2017-03-03T09:41:12+08:00 ] /JSJD/admin.php/Index/copy | INFO: Tag[ view_filter ] --END-- [ RunTime:0.001651s ]
[ 2017-03-03T09:41:12+08:00 ] /JSJD/admin.php/Index/copy | INFO: Tag[ view_end ] --START--
[ 2017-03-03T09:41:12+08:00 ] /JSJD/admin.php/Index/copy | INFO: Run ShowPageTrace Behavior [ RunTime:0.000422s ]
[ 2017-03-03T09:41:12+08:00 ] /JSJD/admin.php/Index/copy | INFO: Tag[ view_end ] --END-- [ RunTime:0.000459s ]
[ 2017-03-03T09:41:22+08:00 ] /JSJD/admin.php/Login/index | INFO: Tag[ route_check ] --START--
[ 2017-03-03T09:41:22+08:00 ] /JSJD/admin.php/Login/index | INFO: Run CheckRoute Behavior [ RunTime:0.000792s ]
[ 2017-03-03T09:41:22+08:00 ] /JSJD/admin.php/Login/index | INFO: Tag[ route_check ] --END-- [ RunTime:0.000871s ]
[ 2017-03-03T09:41:22+08:00 ] /JSJD/admin.php/Login/index | INFO: Tag[ app_begin ] --START--
[ 2017-03-03T09:41:22+08:00 ] /JSJD/admin.php/Login/index | INFO: Run ReadHtmlCache Behavior [ RunTime:0.000487s ]
[ 2017-03-03T09:41:22+08:00 ] /JSJD/admin.php/Login/index | INFO: Tag[ app_begin ] --END-- [ RunTime:0.000528s ]
[ 2017-03-03T09:41:22+08:00 ] /JSJD/admin.php/Login/index | INFO: Tag[ view_template ] --START--
[ 2017-03-03T09:41:22+08:00 ] /JSJD/admin.php/Login/index | INFO: Run LocationTemplate Behavior [ RunTime:0.000863s ]
[ 2017-03-03T09:41:22+08:00 ] /JSJD/admin.php/Login/index | INFO: Tag[ view_template ] --END-- [ RunTime:0.000922s ]
[ 2017-03-03T09:41:22+08:00 ] /JSJD/admin.php/Login/index | INFO: Tag[ view_parse ] --START--
[ 2017-03-03T09:41:22+08:00 ] /JSJD/admin.php/Login/index | INFO: Run ParseTemplate Behavior [ RunTime:0.008137s ]
[ 2017-03-03T09:41:22+08:00 ] /JSJD/admin.php/Login/index | INFO: Tag[ view_parse ] --END-- [ RunTime:0.008192s ]
[ 2017-03-03T09:41:22+08:00 ] /JSJD/admin.php/Login/index | INFO: Tag[ view_filter ] --START--
[ 2017-03-03T09:41:22+08:00 ] /JSJD/admin.php/Login/index | INFO: Run ContentReplace Behavior [ RunTime:0.000363s ]
[ 2017-03-03T09:41:22+08:00 ] /JSJD/admin.php/Login/index | INFO: Run TokenBuild Behavior [ RunTime:0.000354s ]
[ 2017-03-03T09:41:22+08:00 ] /JSJD/admin.php/Login/index | INFO: Run WriteHtmlCache Behavior [ RunTime:0.000215s ]
[ 2017-03-03T09:41:22+08:00 ] /JSJD/admin.php/Login/index | INFO: Run ShowRuntime Behavior [ RunTime:0.000422s ]
[ 2017-03-03T09:41:22+08:00 ] /JSJD/admin.php/Login/index | INFO: Tag[ view_filter ] --END-- [ RunTime:0.001466s ]
[ 2017-03-03T09:41:22+08:00 ] /JSJD/admin.php/Login/index | INFO: Tag[ view_end ] --START--
[ 2017-03-03T09:41:22+08:00 ] /JSJD/admin.php/Login/index | INFO: Run ShowPageTrace Behavior [ RunTime:0.000446s ]
[ 2017-03-03T09:41:22+08:00 ] /JSJD/admin.php/Login/index | INFO: Tag[ view_end ] --END-- [ RunTime:0.000487s ]
[ 2017-03-03T09:41:22+08:00 ] /JSJD/admin.php/Login/verify | INFO: Tag[ route_check ] --START--
[ 2017-03-03T09:41:22+08:00 ] /JSJD/admin.php/Login/verify | INFO: Run CheckRoute Behavior [ RunTime:0.001363s ]
[ 2017-03-03T09:41:22+08:00 ] /JSJD/admin.php/Login/verify | INFO: Tag[ route_check ] --END-- [ RunTime:0.001498s ]
[ 2017-03-03T09:41:22+08:00 ] /JSJD/admin.php/Login/verify | INFO: Tag[ app_begin ] --START--
[ 2017-03-03T09:41:22+08:00 ] /JSJD/admin.php/Login/verify | INFO: Run ReadHtmlCache Behavior [ RunTime:0.000858s ]
[ 2017-03-03T09:41:22+08:00 ] /JSJD/admin.php/Login/verify | INFO: Tag[ app_begin ] --END-- [ RunTime:0.000938s ]
[ 2017-03-03T09:41:36+08:00 ] /JSJD/admin.php/Login/login | INFO: Tag[ route_check ] --START--
[ 2017-03-03T09:41:36+08:00 ] /JSJD/admin.php/Login/login | INFO: Run CheckRoute Behavior [ RunTime:0.001197s ]
[ 2017-03-03T09:41:36+08:00 ] /JSJD/admin.php/Login/login | INFO: Tag[ route_check ] --END-- [ RunTime:0.001276s ]
[ 2017-03-03T09:41:36+08:00 ] /JSJD/admin.php/Login/login | INFO: Tag[ app_begin ] --START--
[ 2017-03-03T09:41:36+08:00 ] /JSJD/admin.php/Login/login | INFO: Run ReadHtmlCache Behavior [ RunTime:0.001244s ]
[ 2017-03-03T09:41:36+08:00 ] /JSJD/admin.php/Login/login | INFO: Tag[ app_begin ] --END-- [ RunTime:0.001327s ]
[ 2017-03-03T09:41:36+08:00 ] /JSJD/admin.php/Login/login | NOTIC: [8] Undefined offset:  1 Action.class.php 第 233 行.
[ 2017-03-03T09:41:36+08:00 ] /JSJD/admin.php/Login/login | SQL: SHOW COLUMNS FROM `czxy_admin` [ RunTime:0.005153s ]
[ 2017-03-03T09:41:36+08:00 ] /JSJD/admin.php/Login/login | SQL: SELECT * FROM `czxy_admin` WHERE ( `adminusername` = 'admin' ) LIMIT 1   [ RunTime:0.000304s ]
[ 2017-03-03T09:41:36+08:00 ] /JSJD/admin.php/Login/login | NOTIC: [8] Use of undefined constant user - assumed 'user' LoginAction.class.php 第 37 行.
[ 2017-03-03T09:41:36+08:00 ] /JSJD/admin.php/Login/login | SQL: UPDATE `czxy_admin` SET `lasttime`=1488505296,`lastip`='127.0.0.1' WHERE ( `id` = '1' ) [ RunTime:0.092362s ]
[ 2017-03-03T09:41:36+08:00 ] /JSJD/admin.php/Login/login | INFO: Tag[ view_template ] --START--
[ 2017-03-03T09:41:36+08:00 ] /JSJD/admin.php/Login/login | INFO: Run LocationTemplate Behavior [ RunTime:0.003072s ]
[ 2017-03-03T09:41:36+08:00 ] /JSJD/admin.php/Login/login | INFO: Tag[ view_template ] --END-- [ RunTime:0.003223s ]
[ 2017-03-03T09:41:36+08:00 ] /JSJD/admin.php/Login/login | INFO: Tag[ view_parse ] --START--
[ 2017-03-03T09:41:37+08:00 ] /JSJD/admin.php/Login/login | INFO: Run ParseTemplate Behavior [ RunTime:0.024923s ]
[ 2017-03-03T09:41:37+08:00 ] /JSJD/admin.php/Login/login | INFO: Tag[ view_parse ] --END-- [ RunTime:0.025023s ]
[ 2017-03-03T09:41:37+08:00 ] /JSJD/admin.php/Login/login | INFO: Tag[ view_filter ] --START--
[ 2017-03-03T09:41:37+08:00 ] /JSJD/admin.php/Login/login | INFO: Run ContentReplace Behavior [ RunTime:0.001106s ]
[ 2017-03-03T09:41:37+08:00 ] /JSJD/admin.php/Login/login | INFO: Run TokenBuild Behavior [ RunTime:0.001227s ]
[ 2017-03-03T09:41:37+08:00 ] /JSJD/admin.php/Login/login | INFO: Run WriteHtmlCache Behavior [ RunTime:0.001020s ]
[ 2017-03-03T09:41:37+08:00 ] /JSJD/admin.php/Login/login | INFO: Run ShowRuntime Behavior [ RunTime:0.000864s ]
[ 2017-03-03T09:41:37+08:00 ] /JSJD/admin.php/Login/login | INFO: Tag[ view_filter ] --END-- [ RunTime:0.004377s ]
[ 2017-03-03T09:41:37+08:00 ] /JSJD/admin.php/Login/login | INFO: Tag[ view_end ] --START--
[ 2017-03-03T09:41:37+08:00 ] /JSJD/admin.php/Login/login | INFO: Run ShowPageTrace Behavior [ RunTime:0.000861s ]
[ 2017-03-03T09:41:37+08:00 ] /JSJD/admin.php/Login/login | INFO: Tag[ view_end ] --END-- [ RunTime:0.000911s ]
[ 2017-03-03T09:41:38+08:00 ] /JSJD/admin.php | INFO: Tag[ app_begin ] --START--
[ 2017-03-03T09:41:38+08:00 ] /JSJD/admin.php | INFO: Run ReadHtmlCache Behavior [ RunTime:0.000699s ]
[ 2017-03-03T09:41:38+08:00 ] /JSJD/admin.php | INFO: Tag[ app_begin ] --END-- [ RunTime:0.000816s ]
[ 2017-03-03T09:41:38+08:00 ] /JSJD/admin.php | INFO: Tag[ view_template ] --START--
[ 2017-03-03T09:41:38+08:00 ] /JSJD/admin.php | INFO: Run LocationTemplate Behavior [ RunTime:0.000812s ]
[ 2017-03-03T09:41:38+08:00 ] /JSJD/admin.php | INFO: Tag[ view_template ] --END-- [ RunTime:0.000872s ]
[ 2017-03-03T09:41:38+08:00 ] /JSJD/admin.php | INFO: Tag[ view_parse ] --START--
[ 2017-03-03T09:41:38+08:00 ] /JSJD/admin.php | SQL: SHOW COLUMNS FROM `czxy_privilege` [ RunTime:0.004362s ]
[ 2017-03-03T09:41:38+08:00 ] /JSJD/admin.php | SQL: SHOW COLUMNS FROM `czxy_privilege` [ RunTime:0.004113s ]
[ 2017-03-03T09:41:38+08:00 ] /JSJD/admin.php | SQL: SELECT * FROM `czxy_privilege`  [ RunTime:0.000332s ]
[ 2017-03-03T09:41:38+08:00 ] /JSJD/admin.php | INFO: Run ParseTemplate Behavior [ RunTime:0.030464s ]
[ 2017-03-03T09:41:38+08:00 ] /JSJD/admin.php | INFO: Tag[ view_parse ] --END-- [ RunTime:0.030516s ]
[ 2017-03-03T09:41:38+08:00 ] /JSJD/admin.php | INFO: Tag[ view_filter ] --START--
[ 2017-03-03T09:41:38+08:00 ] /JSJD/admin.php | INFO: Run ContentReplace Behavior [ RunTime:0.000469s ]
[ 2017-03-03T09:41:38+08:00 ] /JSJD/admin.php | INFO: Run TokenBuild Behavior [ RunTime:0.000391s ]
[ 2017-03-03T09:41:38+08:00 ] /JSJD/admin.php | INFO: Run WriteHtmlCache Behavior [ RunTime:0.000260s ]
[ 2017-03-03T09:41:38+08:00 ] /JSJD/admin.php | INFO: Run ShowRuntime Behavior [ RunTime:0.000487s ]
[ 2017-03-03T09:41:38+08:00 ] /JSJD/admin.php | INFO: Tag[ view_filter ] --END-- [ RunTime:0.001740s ]
[ 2017-03-03T09:41:38+08:00 ] /JSJD/admin.php | INFO: Tag[ view_end ] --START--
[ 2017-03-03T09:41:38+08:00 ] /JSJD/admin.php | INFO: Run ShowPageTrace Behavior [ RunTime:0.000490s ]
[ 2017-03-03T09:41:38+08:00 ] /JSJD/admin.php | INFO: Tag[ view_end ] --END-- [ RunTime:0.000537s ]
[ 2017-03-03T09:41:38+08:00 ] /JSJD/admin.php/Index/copy | INFO: Tag[ route_check ] --START--
[ 2017-03-03T09:41:38+08:00 ] /JSJD/admin.php/Index/copy | INFO: Run CheckRoute Behavior [ RunTime:0.001289s ]
[ 2017-03-03T09:41:38+08:00 ] /JSJD/admin.php/Index/copy | INFO: Tag[ route_check ] --END-- [ RunTime:0.001434s ]
[ 2017-03-03T09:41:38+08:00 ] /JSJD/admin.php/Index/copy | INFO: Tag[ app_begin ] --START--
[ 2017-03-03T09:41:38+08:00 ] /JSJD/admin.php/Index/copy | INFO: Run ReadHtmlCache Behavior [ RunTime:0.001054s ]
[ 2017-03-03T09:41:38+08:00 ] /JSJD/admin.php/Index/copy | INFO: Tag[ app_begin ] --END-- [ RunTime:0.001167s ]
[ 2017-03-03T09:41:38+08:00 ] /JSJD/admin.php/Index/copy | INFO: Tag[ view_template ] --START--
[ 2017-03-03T09:41:38+08:00 ] /JSJD/admin.php/Index/copy | INFO: Run LocationTemplate Behavior [ RunTime:0.000456s ]
[ 2017-03-03T09:41:38+08:00 ] /JSJD/admin.php/Index/copy | INFO: Tag[ view_template ] --END-- [ RunTime:0.000522s ]
[ 2017-03-03T09:41:38+08:00 ] /JSJD/admin.php/Index/copy | INFO: Tag[ view_parse ] --START--
[ 2017-03-03T09:41:38+08:00 ] /JSJD/admin.php/Index/copy | NOTIC: [2] mysql_get_server_info() [<a href='function.mysql-get-server-info'>function.mysql-get-server-info</a>]: Access denied for user 'ODBC'@'localhost' (using password: NO) f50709f4c96babd9a294fb55fb5076ad.php 第 28 行.
[ 2017-03-03T09:41:38+08:00 ] /JSJD/admin.php/Index/copy | NOTIC: [2] mysql_get_server_info() [<a href='function.mysql-get-server-info'>function.mysql-get-server-info</a>]: A link to the server could not be established f50709f4c96babd9a294fb55fb5076ad.php 第 28 行.
[ 2017-03-03T09:41:38+08:00 ] /JSJD/admin.php/Index/copy | INFO: Run ParseTemplate Behavior [ RunTime:0.011532s ]
[ 2017-03-03T09:41:38+08:00 ] /JSJD/admin.php/Index/copy | INFO: Tag[ view_parse ] --END-- [ RunTime:0.011584s ]
[ 2017-03-03T09:41:38+08:00 ] /JSJD/admin.php/Index/copy | INFO: Tag[ view_filter ] --START--
[ 2017-03-03T09:41:38+08:00 ] /JSJD/admin.php/Index/copy | INFO: Run ContentReplace Behavior [ RunTime:0.000491s ]
[ 2017-03-03T09:41:38+08:00 ] /JSJD/admin.php/Index/copy | INFO: Run TokenBuild Behavior [ RunTime:0.000368s ]
[ 2017-03-03T09:41:38+08:00 ] /JSJD/admin.php/Index/copy | INFO: Run WriteHtmlCache Behavior [ RunTime:0.000244s ]
[ 2017-03-03T09:41:38+08:00 ] /JSJD/admin.php/Index/copy | INFO: Run ShowRuntime Behavior [ RunTime:0.000483s ]
[ 2017-03-03T09:41:38+08:00 ] /JSJD/admin.php/Index/copy | INFO: Tag[ view_filter ] --END-- [ RunTime:0.001712s ]
[ 2017-03-03T09:41:38+08:00 ] /JSJD/admin.php/Index/copy | INFO: Tag[ view_end ] --START--
[ 2017-03-03T09:41:38+08:00 ] /JSJD/admin.php/Index/copy | INFO: Run ShowPageTrace Behavior [ RunTime:0.001009s ]
[ 2017-03-03T09:41:38+08:00 ] /JSJD/admin.php/Index/copy | INFO: Tag[ view_end ] --END-- [ RunTime:0.001108s ]
[ 2017-03-03T09:44:38+08:00 ] /JSJD/admin.php/Adminrole/add | INFO: Tag[ route_check ] --START--
[ 2017-03-03T09:44:38+08:00 ] /JSJD/admin.php/Adminrole/add | INFO: Run CheckRoute Behavior [ RunTime:0.001792s ]
[ 2017-03-03T09:44:38+08:00 ] /JSJD/admin.php/Adminrole/add | INFO: Tag[ route_check ] --END-- [ RunTime:0.001933s ]
[ 2017-03-03T09:44:38+08:00 ] /JSJD/admin.php/Adminrole/add | INFO: Tag[ app_begin ] --START--
[ 2017-03-03T09:44:38+08:00 ] /JSJD/admin.php/Adminrole/add | INFO: Run ReadHtmlCache Behavior [ RunTime:0.001006s ]
[ 2017-03-03T09:44:38+08:00 ] /JSJD/admin.php/Adminrole/add | INFO: Tag[ app_begin ] --END-- [ RunTime:0.001061s ]
[ 2017-03-03T09:44:38+08:00 ] /JSJD/admin.php/Adminrole/add | SQL: SHOW COLUMNS FROM `czxy_privilege` [ RunTime:0.005586s ]
[ 2017-03-03T09:44:38+08:00 ] /JSJD/admin.php/Adminrole/add | SQL: SHOW COLUMNS FROM `czxy_privilege` [ RunTime:0.005549s ]
[ 2017-03-03T09:44:38+08:00 ] /JSJD/admin.php/Adminrole/add | SQL: SELECT * FROM `czxy_privilege`  [ RunTime:0.000433s ]
[ 2017-03-03T09:44:38+08:00 ] /JSJD/admin.php/Adminrole/add | NOTIC: [8] Use of undefined constant id - assumed 'id' PrivilegeModel.class.php 第 31 行.
[ 2017-03-03T09:44:38+08:00 ] /JSJD/admin.php/Adminrole/add | NOTIC: [8] Use of undefined constant id - assumed 'id' PrivilegeModel.class.php 第 31 行.
[ 2017-03-03T09:44:38+08:00 ] /JSJD/admin.php/Adminrole/add | NOTIC: [8] Use of undefined constant id - assumed 'id' PrivilegeModel.class.php 第 31 行.
[ 2017-03-03T09:44:38+08:00 ] /JSJD/admin.php/Adminrole/add | NOTIC: [8] Use of undefined constant id - assumed 'id' PrivilegeModel.class.php 第 31 行.
[ 2017-03-03T09:44:38+08:00 ] /JSJD/admin.php/Adminrole/add | NOTIC: [8] Use of undefined constant id - assumed 'id' PrivilegeModel.class.php 第 31 行.
[ 2017-03-03T09:44:38+08:00 ] /JSJD/admin.php/Adminrole/add | NOTIC: [8] Use of undefined constant id - assumed 'id' PrivilegeModel.class.php 第 31 行.
[ 2017-03-03T09:44:38+08:00 ] /JSJD/admin.php/Adminrole/add | NOTIC: [8] Use of undefined constant id - assumed 'id' PrivilegeModel.class.php 第 31 行.
[ 2017-03-03T09:44:38+08:00 ] /JSJD/admin.php/Adminrole/add | NOTIC: [8] Use of undefined constant id - assumed 'id' PrivilegeModel.class.php 第 31 行.
[ 2017-03-03T09:44:38+08:00 ] /JSJD/admin.php/Adminrole/add | NOTIC: [8] Use of undefined constant id - assumed 'id' PrivilegeModel.class.php 第 31 行.
[ 2017-03-03T09:44:38+08:00 ] /JSJD/admin.php/Adminrole/add | NOTIC: [8] Use of undefined constant id - assumed 'id' PrivilegeModel.class.php 第 31 行.
[ 2017-03-03T09:44:38+08:00 ] /JSJD/admin.php/Adminrole/add | NOTIC: [8] Use of undefined constant id - assumed 'id' PrivilegeModel.class.php 第 31 行.
[ 2017-03-03T09:44:38+08:00 ] /JSJD/admin.php/Adminrole/add | NOTIC: [8] Use of undefined constant id - assumed 'id' PrivilegeModel.class.php 第 31 行.
[ 2017-03-03T09:44:38+08:00 ] /JSJD/admin.php/Adminrole/add | NOTIC: [8] Use of undefined constant id - assumed 'id' PrivilegeModel.class.php 第 31 行.
[ 2017-03-03T09:44:38+08:00 ] /JSJD/admin.php/Adminrole/add | NOTIC: [8] Use of undefined constant id - assumed 'id' PrivilegeModel.class.php 第 31 行.
[ 2017-03-03T09:44:38+08:00 ] /JSJD/admin.php/Adminrole/add | NOTIC: [8] Use of undefined constant id - assumed 'id' PrivilegeModel.class.php 第 31 行.
[ 2017-03-03T09:44:38+08:00 ] /JSJD/admin.php/Adminrole/add | NOTIC: [8] Use of undefined constant id - assumed 'id' PrivilegeModel.class.php 第 31 行.
[ 2017-03-03T09:44:38+08:00 ] /JSJD/admin.php/Adminrole/add | NOTIC: [8] Use of undefined constant id - assumed 'id' PrivilegeModel.class.php 第 31 行.
[ 2017-03-03T09:44:38+08:00 ] /JSJD/admin.php/Adminrole/add | NOTIC: [8] Use of undefined constant id - assumed 'id' PrivilegeModel.class.php 第 31 行.
[ 2017-03-03T09:44:38+08:00 ] /JSJD/admin.php/Adminrole/add | NOTIC: [8] Use of undefined constant id - assumed 'id' PrivilegeModel.class.php 第 31 行.
[ 2017-03-03T09:44:38+08:00 ] /JSJD/admin.php/Adminrole/add | NOTIC: [8] Use of undefined constant id - assumed 'id' PrivilegeModel.class.php 第 31 行.
[ 2017-03-03T09:44:38+08:00 ] /JSJD/admin.php/Adminrole/add | NOTIC: [8] Use of undefined constant id - assumed 'id' PrivilegeModel.class.php 第 31 行.
[ 2017-03-03T09:44:38+08:00 ] /JSJD/admin.php/Adminrole/add | NOTIC: [8] Use of undefined constant id - assumed 'id' PrivilegeModel.class.php 第 31 行.
[ 2017-03-03T09:44:38+08:00 ] /JSJD/admin.php/Adminrole/add | NOTIC: [8] Use of undefined constant id - assumed 'id' PrivilegeModel.class.php 第 31 行.
[ 2017-03-03T09:44:38+08:00 ] /JSJD/admin.php/Adminrole/add | NOTIC: [8] Use of undefined constant id - assumed 'id' PrivilegeModel.class.php 第 31 行.
[ 2017-03-03T09:44:38+08:00 ] /JSJD/admin.php/Adminrole/add | NOTIC: [8] Use of undefined constant id - assumed 'id' PrivilegeModel.class.php 第 31 行.
[ 2017-03-03T09:44:38+08:00 ] /JSJD/admin.php/Adminrole/add | NOTIC: [8] Use of undefined constant id - assumed 'id' PrivilegeModel.class.php 第 31 行.
[ 2017-03-03T09:44:38+08:00 ] /JSJD/admin.php/Adminrole/add | NOTIC: [8] Use of undefined constant id - assumed 'id' PrivilegeModel.class.php 第 31 行.
[ 2017-03-03T09:44:38+08:00 ] /JSJD/admin.php/Adminrole/add | NOTIC: [8] Use of undefined constant id - assumed 'id' PrivilegeModel.class.php 第 31 行.
[ 2017-03-03T09:44:38+08:00 ] /JSJD/admin.php/Adminrole/add | NOTIC: [8] Use of undefined constant id - assumed 'id' PrivilegeModel.class.php 第 31 行.
[ 2017-03-03T09:44:38+08:00 ] /JSJD/admin.php/Adminrole/add | NOTIC: [8] Use of undefined constant id - assumed 'id' PrivilegeModel.class.php 第 31 行.
[ 2017-03-03T09:44:38+08:00 ] /JSJD/admin.php/Adminrole/add | NOTIC: [8] Use of undefined constant id - assumed 'id' PrivilegeModel.class.php 第 31 行.
[ 2017-03-03T09:44:38+08:00 ] /JSJD/admin.php/Adminrole/add | NOTIC: [8] Use of undefined constant id - assumed 'id' PrivilegeModel.class.php 第 31 行.
[ 2017-03-03T09:44:38+08:00 ] /JSJD/admin.php/Adminrole/add | NOTIC: [8] Use of undefined constant id - assumed 'id' PrivilegeModel.class.php 第 31 行.
[ 2017-03-03T09:44:38+08:00 ] /JSJD/admin.php/Adminrole/add | NOTIC: [8] Use of undefined constant id - assumed 'id' PrivilegeModel.class.php 第 31 行.
[ 2017-03-03T09:44:38+08:00 ] /JSJD/admin.php/Adminrole/add | NOTIC: [8] Use of undefined constant id - assumed 'id' PrivilegeModel.class.php 第 31 行.
[ 2017-03-03T09:44:38+08:00 ] /JSJD/admin.php/Adminrole/add | NOTIC: [8] Use of undefined constant id - assumed 'id' PrivilegeModel.class.php 第 31 行.
[ 2017-03-03T09:44:38+08:00 ] /JSJD/admin.php/Adminrole/add | NOTIC: [8] Use of undefined constant id - assumed 'id' PrivilegeModel.class.php 第 31 行.
[ 2017-03-03T09:44:38+08:00 ] /JSJD/admin.php/Adminrole/add | NOTIC: [8] Use of undefined constant id - assumed 'id' PrivilegeModel.class.php 第 31 行.
[ 2017-03-03T09:44:38+08:00 ] /JSJD/admin.php/Adminrole/add | NOTIC: [8] Use of undefined constant id - assumed 'id' PrivilegeModel.class.php 第 31 行.
[ 2017-03-03T09:44:38+08:00 ] /JSJD/admin.php/Adminrole/add | NOTIC: [8] Use of undefined constant id - assumed 'id' PrivilegeModel.class.php 第 31 行.
[ 2017-03-03T09:44:38+08:00 ] /JSJD/admin.php/Adminrole/add | NOTIC: [8] Use of undefined constant id - assumed 'id' PrivilegeModel.class.php 第 31 行.
[ 2017-03-03T09:44:38+08:00 ] /JSJD/admin.php/Adminrole/add | NOTIC: [8] Use of undefined constant id - assumed 'id' PrivilegeModel.class.php 第 31 行.
[ 2017-03-03T09:44:38+08:00 ] /JSJD/admin.php/Adminrole/add | NOTIC: [8] Use of undefined constant id - assumed 'id' PrivilegeModel.class.php 第 31 行.
[ 2017-03-03T09:44:38+08:00 ] /JSJD/admin.php/Adminrole/add | NOTIC: [8] Use of undefined constant id - assumed 'id' PrivilegeModel.class.php 第 31 行.
[ 2017-03-03T09:44:38+08:00 ] /JSJD/admin.php/Adminrole/add | NOTIC: [8] Use of undefined constant id - assumed 'id' PrivilegeModel.class.php 第 31 行.
[ 2017-03-03T09:44:38+08:00 ] /JSJD/admin.php/Adminrole/add | NOTIC: [8] Use of undefined constant id - assumed 'id' PrivilegeModel.class.php 第 31 行.
[ 2017-03-03T09:44:38+08:00 ] /JSJD/admin.php/Adminrole/add | NOTIC: [8] Use of undefined constant id - assumed 'id' PrivilegeModel.class.php 第 31 行.
[ 2017-03-03T09:44:38+08:00 ] /JSJD/admin.php/Adminrole/add | NOTIC: [8] Use of undefined constant id - assumed 'id' PrivilegeModel.class.php 第 31 行.
[ 2017-03-03T09:44:38+08:00 ] /JSJD/admin.php/Adminrole/add | NOTIC: [8] Use of undefined constant id - assumed 'id' PrivilegeModel.class.php 第 31 行.
[ 2017-03-03T09:44:38+08:00 ] /JSJD/admin.php/Adminrole/add | NOTIC: [8] Use of undefined constant id - assumed 'id' PrivilegeModel.class.php 第 31 行.
[ 2017-03-03T09:44:38+08:00 ] /JSJD/admin.php/Adminrole/add | NOTIC: [8] Use of undefined constant id - assumed 'id' PrivilegeModel.class.php 第 31 行.
[ 2017-03-03T09:44:38+08:00 ] /JSJD/admin.php/Adminrole/add | NOTIC: [8] Use of undefined constant id - assumed 'id' PrivilegeModel.class.php 第 31 行.
[ 2017-03-03T09:44:38+08:00 ] /JSJD/admin.php/Adminrole/add | NOTIC: [8] Use of undefined constant id - assumed 'id' PrivilegeModel.class.php 第 31 行.
[ 2017-03-03T09:44:38+08:00 ] /JSJD/admin.php/Adminrole/add | NOTIC: [8] Use of undefined constant id - assumed 'id' PrivilegeModel.class.php 第 31 行.
[ 2017-03-03T09:44:38+08:00 ] /JSJD/admin.php/Adminrole/add | INFO: Tag[ view_template ] --START--
[ 2017-03-03T09:44:38+08:00 ] /JSJD/admin.php/Adminrole/add | INFO: Run LocationTemplate Behavior [ RunTime:0.001817s ]
[ 2017-03-03T09:44:38+08:00 ] /JSJD/admin.php/Adminrole/add | INFO: Tag[ view_template ] --END-- [ RunTime:0.001896s ]
[ 2017-03-03T09:44:38+08:00 ] /JSJD/admin.php/Adminrole/add | INFO: Tag[ view_parse ] --START--
[ 2017-03-03T09:44:38+08:00 ] /JSJD/admin.php/Adminrole/add | INFO: Run ParseTemplate Behavior [ RunTime:0.087058s ]
[ 2017-03-03T09:44:38+08:00 ] /JSJD/admin.php/Adminrole/add | INFO: Tag[ view_parse ] --END-- [ RunTime:0.087135s ]
[ 2017-03-03T09:44:38+08:00 ] /JSJD/admin.php/Adminrole/add | INFO: Tag[ view_filter ] --START--
[ 2017-03-03T09:44:38+08:00 ] /JSJD/admin.php/Adminrole/add | INFO: Run ContentReplace Behavior [ RunTime:0.001619s ]
[ 2017-03-03T09:44:38+08:00 ] /JSJD/admin.php/Adminrole/add | INFO: Run TokenBuild Behavior [ RunTime:0.001525s ]
[ 2017-03-03T09:44:38+08:00 ] /JSJD/admin.php/Adminrole/add | INFO: Run WriteHtmlCache Behavior [ RunTime:0.001243s ]
[ 2017-03-03T09:44:38+08:00 ] /JSJD/admin.php/Adminrole/add | INFO: Run ShowRuntime Behavior [ RunTime:0.001266s ]
[ 2017-03-03T09:44:38+08:00 ] /JSJD/admin.php/Adminrole/add | INFO: Tag[ view_filter ] --END-- [ RunTime:0.005811s ]
[ 2017-03-03T09:44:38+08:00 ] /JSJD/admin.php/Adminrole/add | INFO: Tag[ view_end ] --START--
[ 2017-03-03T09:44:38+08:00 ] /JSJD/admin.php/Adminrole/add | INFO: Run ShowPageTrace Behavior [ RunTime:0.002451s ]
[ 2017-03-03T09:44:38+08:00 ] /JSJD/admin.php/Adminrole/add | INFO: Tag[ view_end ] --END-- [ RunTime:0.002517s ]
[ 2017-03-03T09:44:43+08:00 ] /JSJD/admin.php/ | INFO: Tag[ route_check ] --START--
[ 2017-03-03T09:44:43+08:00 ] /JSJD/admin.php/ | INFO: Run CheckRoute Behavior [ RunTime:0.000953s ]
[ 2017-03-03T09:44:43+08:00 ] /JSJD/admin.php/ | INFO: Tag[ route_check ] --END-- [ RunTime:0.001054s ]
[ 2017-03-03T09:44:43+08:00 ] /JSJD/admin.php/ | INFO: Tag[ app_begin ] --START--
[ 2017-03-03T09:44:43+08:00 ] /JSJD/admin.php/ | INFO: Run ReadHtmlCache Behavior [ RunTime:0.000553s ]
[ 2017-03-03T09:44:43+08:00 ] /JSJD/admin.php/ | INFO: Tag[ app_begin ] --END-- [ RunTime:0.000601s ]
[ 2017-03-03T09:44:43+08:00 ] /JSJD/admin.php/ | INFO: Tag[ view_template ] --START--
[ 2017-03-03T09:44:43+08:00 ] /JSJD/admin.php/ | INFO: Run LocationTemplate Behavior [ RunTime:0.001005s ]
[ 2017-03-03T09:44:43+08:00 ] /JSJD/admin.php/ | INFO: Tag[ view_template ] --END-- [ RunTime:0.001066s ]
[ 2017-03-03T09:44:43+08:00 ] /JSJD/admin.php/ | INFO: Tag[ view_parse ] --START--
[ 2017-03-03T09:44:43+08:00 ] /JSJD/admin.php/ | SQL: SHOW COLUMNS FROM `czxy_privilege` [ RunTime:0.004916s ]
[ 2017-03-03T09:44:43+08:00 ] /JSJD/admin.php/ | SQL: SHOW COLUMNS FROM `czxy_privilege` [ RunTime:0.005216s ]
[ 2017-03-03T09:44:43+08:00 ] /JSJD/admin.php/ | SQL: SELECT * FROM `czxy_privilege`  [ RunTime:0.000355s ]
[ 2017-03-03T09:44:43+08:00 ] /JSJD/admin.php/ | INFO: Run ParseTemplate Behavior [ RunTime:0.032629s ]
[ 2017-03-03T09:44:43+08:00 ] /JSJD/admin.php/ | INFO: Tag[ view_parse ] --END-- [ RunTime:0.032683s ]
[ 2017-03-03T09:44:43+08:00 ] /JSJD/admin.php/ | INFO: Tag[ view_filter ] --START--
[ 2017-03-03T09:44:43+08:00 ] /JSJD/admin.php/ | INFO: Run ContentReplace Behavior [ RunTime:0.001321s ]
[ 2017-03-03T09:44:43+08:00 ] /JSJD/admin.php/ | INFO: Run TokenBuild Behavior [ RunTime:0.001125s ]
[ 2017-03-03T09:44:43+08:00 ] /JSJD/admin.php/ | INFO: Run WriteHtmlCache Behavior [ RunTime:0.000999s ]
[ 2017-03-03T09:44:43+08:00 ] /JSJD/admin.php/ | INFO: Run ShowRuntime Behavior [ RunTime:0.001229s ]
[ 2017-03-03T09:44:43+08:00 ] /JSJD/admin.php/ | INFO: Tag[ view_filter ] --END-- [ RunTime:0.004831s ]
[ 2017-03-03T09:44:43+08:00 ] /JSJD/admin.php/ | INFO: Tag[ view_end ] --START--
[ 2017-03-03T09:44:43+08:00 ] /JSJD/admin.php/ | INFO: Run ShowPageTrace Behavior [ RunTime:0.001696s ]
[ 2017-03-03T09:44:43+08:00 ] /JSJD/admin.php/ | INFO: Tag[ view_end ] --END-- [ RunTime:0.001775s ]
[ 2017-03-03T09:44:43+08:00 ] /JSJD/admin.php/Index/copy | INFO: Tag[ route_check ] --START--
[ 2017-03-03T09:44:43+08:00 ] /JSJD/admin.php/Index/copy | INFO: Run CheckRoute Behavior [ RunTime:0.000955s ]
[ 2017-03-03T09:44:43+08:00 ] /JSJD/admin.php/Index/copy | INFO: Tag[ route_check ] --END-- [ RunTime:0.001068s ]
[ 2017-03-03T09:44:43+08:00 ] /JSJD/admin.php/Index/copy | INFO: Tag[ app_begin ] --START--
[ 2017-03-03T09:44:43+08:00 ] /JSJD/admin.php/Index/copy | INFO: Run ReadHtmlCache Behavior [ RunTime:0.000589s ]
[ 2017-03-03T09:44:43+08:00 ] /JSJD/admin.php/Index/copy | INFO: Tag[ app_begin ] --END-- [ RunTime:0.000638s ]
[ 2017-03-03T09:44:43+08:00 ] /JSJD/admin.php/Index/copy | INFO: Tag[ view_template ] --START--
[ 2017-03-03T09:44:43+08:00 ] /JSJD/admin.php/Index/copy | INFO: Run LocationTemplate Behavior [ RunTime:0.001600s ]
[ 2017-03-03T09:44:43+08:00 ] /JSJD/admin.php/Index/copy | INFO: Tag[ view_template ] --END-- [ RunTime:0.001691s ]
[ 2017-03-03T09:44:43+08:00 ] /JSJD/admin.php/Index/copy | INFO: Tag[ view_parse ] --START--
[ 2017-03-03T09:44:43+08:00 ] /JSJD/admin.php/Index/copy | NOTIC: [2] mysql_get_server_info() [<a href='function.mysql-get-server-info'>function.mysql-get-server-info</a>]: Access denied for user 'ODBC'@'localhost' (using password: NO) f50709f4c96babd9a294fb55fb5076ad.php 第 28 行.
[ 2017-03-03T09:44:43+08:00 ] /JSJD/admin.php/Index/copy | NOTIC: [2] mysql_get_server_info() [<a href='function.mysql-get-server-info'>function.mysql-get-server-info</a>]: A link to the server could not be established f50709f4c96babd9a294fb55fb5076ad.php 第 28 行.
[ 2017-03-03T09:44:43+08:00 ] /JSJD/admin.php/Index/copy | INFO: Run ParseTemplate Behavior [ RunTime:0.013448s ]
[ 2017-03-03T09:44:43+08:00 ] /JSJD/admin.php/Index/copy | INFO: Tag[ view_parse ] --END-- [ RunTime:0.013508s ]
[ 2017-03-03T09:44:43+08:00 ] /JSJD/admin.php/Index/copy | INFO: Tag[ view_filter ] --START--
[ 2017-03-03T09:44:43+08:00 ] /JSJD/admin.php/Index/copy | INFO: Run ContentReplace Behavior [ RunTime:0.001368s ]
[ 2017-03-03T09:44:43+08:00 ] /JSJD/admin.php/Index/copy | INFO: Run TokenBuild Behavior [ RunTime:0.001555s ]
[ 2017-03-03T09:44:43+08:00 ] /JSJD/admin.php/Index/copy | INFO: Run WriteHtmlCache Behavior [ RunTime:0.001535s ]
[ 2017-03-03T09:44:43+08:00 ] /JSJD/admin.php/Index/copy | INFO: Run ShowRuntime Behavior [ RunTime:0.001579s ]
[ 2017-03-03T09:44:43+08:00 ] /JSJD/admin.php/Index/copy | INFO: Tag[ view_filter ] --END-- [ RunTime:0.006254s ]
[ 2017-03-03T09:44:43+08:00 ] /JSJD/admin.php/Index/copy | INFO: Tag[ view_end ] --START--
[ 2017-03-03T09:44:43+08:00 ] /JSJD/admin.php/Index/copy | INFO: Run ShowPageTrace Behavior [ RunTime:0.002367s ]
[ 2017-03-03T09:44:43+08:00 ] /JSJD/admin.php/Index/copy | INFO: Tag[ view_end ] --END-- [ RunTime:0.002459s ]
[ 2017-03-03T09:44:48+08:00 ] /JSJD/admin.php/Qualitydevestore/index | INFO: Tag[ route_check ] --START--
[ 2017-03-03T09:44:48+08:00 ] /JSJD/admin.php/Qualitydevestore/index | INFO: Run CheckRoute Behavior [ RunTime:0.001583s ]
[ 2017-03-03T09:44:48+08:00 ] /JSJD/admin.php/Qualitydevestore/index | INFO: Tag[ route_check ] --END-- [ RunTime:0.001725s ]
[ 2017-03-03T09:44:48+08:00 ] /JSJD/admin.php/Qualitydevestore/index | INFO: Tag[ app_begin ] --START--
[ 2017-03-03T09:44:48+08:00 ] /JSJD/admin.php/Qualitydevestore/index | INFO: Run ReadHtmlCache Behavior [ RunTime:0.000897s ]
[ 2017-03-03T09:44:48+08:00 ] /JSJD/admin.php/Qualitydevestore/index | INFO: Tag[ app_begin ] --END-- [ RunTime:0.000964s ]
[ 2017-03-03T09:44:48+08:00 ] /JSJD/admin.php/Qualitydevestore/index | SQL: SHOW COLUMNS FROM `czxy_privilege` [ RunTime:0.005098s ]
[ 2017-03-03T09:44:48+08:00 ] /JSJD/admin.php/Qualitydevestore/index | SQL: SHOW COLUMNS FROM `czxy_qualitydevestore` [ RunTime:0.011819s ]
[ 2017-03-03T09:44:48+08:00 ] /JSJD/admin.php/Qualitydevestore/index | SQL: SELECT COUNT(*) AS tp_count FROM `czxy_qualitydevestore` LIMIT 1   [ RunTime:0.024214s ]
[ 2017-03-03T09:44:48+08:00 ] /JSJD/admin.php/Qualitydevestore/index | SQL: SELECT * FROM `czxy_qualitydevestore`  [ RunTime:0.003102s ]
[ 2017-03-03T09:44:48+08:00 ] /JSJD/admin.php/Qualitydevestore/index | INFO: Tag[ view_template ] --START--
[ 2017-03-03T09:44:48+08:00 ] /JSJD/admin.php/Qualitydevestore/index | INFO: Run LocationTemplate Behavior [ RunTime:0.002091s ]
[ 2017-03-03T09:44:48+08:00 ] /JSJD/admin.php/Qualitydevestore/index | INFO: Tag[ view_template ] --END-- [ RunTime:0.002191s ]
[ 2017-03-03T09:44:48+08:00 ] /JSJD/admin.php/Qualitydevestore/index | INFO: Tag[ view_parse ] --START--
[ 2017-03-03T09:44:48+08:00 ] /JSJD/admin.php/Qualitydevestore/index | INFO: Run ParseTemplate Behavior [ RunTime:0.023612s ]
[ 2017-03-03T09:44:48+08:00 ] /JSJD/admin.php/Qualitydevestore/index | INFO: Tag[ view_parse ] --END-- [ RunTime:0.023821s ]
[ 2017-03-03T09:44:48+08:00 ] /JSJD/admin.php/Qualitydevestore/index | INFO: Tag[ view_filter ] --START--
[ 2017-03-03T09:44:48+08:00 ] /JSJD/admin.php/Qualitydevestore/index | INFO: Run ContentReplace Behavior [ RunTime:0.001560s ]
[ 2017-03-03T09:44:48+08:00 ] /JSJD/admin.php/Qualitydevestore/index | INFO: Run TokenBuild Behavior [ RunTime:0.001715s ]
[ 2017-03-03T09:44:48+08:00 ] /JSJD/admin.php/Qualitydevestore/index | INFO: Run WriteHtmlCache Behavior [ RunTime:0.001443s ]
[ 2017-03-03T09:44:48+08:00 ] /JSJD/admin.php/Qualitydevestore/index | INFO: Run ShowRuntime Behavior [ RunTime:0.001525s ]
[ 2017-03-03T09:44:48+08:00 ] /JSJD/admin.php/Qualitydevestore/index | INFO: Tag[ view_filter ] --END-- [ RunTime:0.006441s ]
[ 2017-03-03T09:44:48+08:00 ] /JSJD/admin.php/Qualitydevestore/index | INFO: Tag[ view_end ] --START--
[ 2017-03-03T09:44:48+08:00 ] /JSJD/admin.php/Qualitydevestore/index | INFO: Run ShowPageTrace Behavior [ RunTime:0.001611s ]
[ 2017-03-03T09:44:48+08:00 ] /JSJD/admin.php/Qualitydevestore/index | INFO: Tag[ view_end ] --END-- [ RunTime:0.001674s ]
[ 2017-03-03T09:44:49+08:00 ] /JSJD/admin.php/Qualitydevestore/add | INFO: Tag[ route_check ] --START--
[ 2017-03-03T09:44:49+08:00 ] /JSJD/admin.php/Qualitydevestore/add | INFO: Run CheckRoute Behavior [ RunTime:0.000911s ]
[ 2017-03-03T09:44:49+08:00 ] /JSJD/admin.php/Qualitydevestore/add | INFO: Tag[ route_check ] --END-- [ RunTime:0.000997s ]
[ 2017-03-03T09:44:49+08:00 ] /JSJD/admin.php/Qualitydevestore/add | INFO: Tag[ app_begin ] --START--
[ 2017-03-03T09:44:49+08:00 ] /JSJD/admin.php/Qualitydevestore/add | INFO: Run ReadHtmlCache Behavior [ RunTime:0.000611s ]
[ 2017-03-03T09:44:49+08:00 ] /JSJD/admin.php/Qualitydevestore/add | INFO: Tag[ app_begin ] --END-- [ RunTime:0.000673s ]
[ 2017-03-03T09:44:49+08:00 ] /JSJD/admin.php/Qualitydevestore/add | SQL: SHOW COLUMNS FROM `czxy_privilege` [ RunTime:0.004442s ]
[ 2017-03-03T09:44:49+08:00 ] /JSJD/admin.php/Qualitydevestore/add | INFO: Tag[ view_template ] --START--
[ 2017-03-03T09:44:49+08:00 ] /JSJD/admin.php/Qualitydevestore/add | INFO: Run LocationTemplate Behavior [ RunTime:0.001045s ]
[ 2017-03-03T09:44:49+08:00 ] /JSJD/admin.php/Qualitydevestore/add | INFO: Tag[ view_template ] --END-- [ RunTime:0.001093s ]
[ 2017-03-03T09:44:49+08:00 ] /JSJD/admin.php/Qualitydevestore/add | INFO: Tag[ view_parse ] --START--
[ 2017-03-03T09:44:49+08:00 ] /JSJD/admin.php/Qualitydevestore/add | INFO: Run ParseTemplate Behavior [ RunTime:0.051782s ]
[ 2017-03-03T09:44:49+08:00 ] /JSJD/admin.php/Qualitydevestore/add | INFO: Tag[ view_parse ] --END-- [ RunTime:0.051862s ]
[ 2017-03-03T09:44:49+08:00 ] /JSJD/admin.php/Qualitydevestore/add | INFO: Tag[ view_filter ] --START--
[ 2017-03-03T09:44:49+08:00 ] /JSJD/admin.php/Qualitydevestore/add | INFO: Run ContentReplace Behavior [ RunTime:0.001373s ]
[ 2017-03-03T09:44:49+08:00 ] /JSJD/admin.php/Qualitydevestore/add | INFO: Run TokenBuild Behavior [ RunTime:0.001397s ]
[ 2017-03-03T09:44:49+08:00 ] /JSJD/admin.php/Qualitydevestore/add | INFO: Run WriteHtmlCache Behavior [ RunTime:0.001175s ]
[ 2017-03-03T09:44:49+08:00 ] /JSJD/admin.php/Qualitydevestore/add | INFO: Run ShowRuntime Behavior [ RunTime:0.001384s ]
[ 2017-03-03T09:44:49+08:00 ] /JSJD/admin.php/Qualitydevestore/add | INFO: Tag[ view_filter ] --END-- [ RunTime:0.005476s ]
[ 2017-03-03T09:44:49+08:00 ] /JSJD/admin.php/Qualitydevestore/add | INFO: Tag[ view_end ] --START--
[ 2017-03-03T09:44:49+08:00 ] /JSJD/admin.php/Qualitydevestore/add | INFO: Run ShowPageTrace Behavior [ RunTime:0.001484s ]
[ 2017-03-03T09:44:49+08:00 ] /JSJD/admin.php/Qualitydevestore/add | INFO: Tag[ view_end ] --END-- [ RunTime:0.001542s ]
