[ 2017-05-12T17:03:48+08:00 ] /JSJD/mobile.php | INFO: Tag[ app_begin ] --START--
[ 2017-05-12T17:03:48+08:00 ] /JSJD/mobile.php | INFO: Run ReadHtmlCache Behavior [ RunTime:0.000931s ]
[ 2017-05-12T17:03:48+08:00 ] /JSJD/mobile.php | INFO: Tag[ app_begin ] --END-- [ RunTime:0.001044s ]
[ 2017-05-12T17:03:48+08:00 ] /JSJD/mobile.php | NOTIC: [8192] mysql_connect(): The mysql extension is deprecated and will be removed in the future: use mysqli or PDO instead DbMysql.class.php 第 67 行.
[ 2017-05-12T17:03:48+08:00 ] /JSJD/mobile.php | SQL: SHOW COLUMNS FROM `czxy_systemconfig` [ RunTime:0.002200s ]
[ 2017-05-12T17:03:48+08:00 ] /JSJD/mobile.php | NOTIC: [8192] preg_replace(): The /e modifier is deprecated, use preg_replace_callback instead Db.class.php 第 660 行.
[ 2017-05-12T17:03:48+08:00 ] /JSJD/mobile.php | SQL: SELECT * FROM `czxy_systemconfig` WHERE ( `ckey` = 'rotateimg' )  [ RunTime:0.000389s ]
[ 2017-05-12T17:03:48+08:00 ] /JSJD/mobile.php | INFO: Tag[ view_template ] --START--
[ 2017-05-12T17:03:48+08:00 ] /JSJD/mobile.php | INFO: Run LocationTemplate Behavior [ RunTime:0.000349s ]
[ 2017-05-12T17:03:48+08:00 ] /JSJD/mobile.php | INFO: Tag[ view_template ] --END-- [ RunTime:0.000414s ]
[ 2017-05-12T17:03:48+08:00 ] /JSJD/mobile.php | INFO: Tag[ view_parse ] --START--
[ 2017-05-12T17:03:48+08:00 ] /JSJD/mobile.php | NOTIC: [8192] preg_replace(): The /e modifier is deprecated, use preg_replace_callback instead ThinkTemplate.class.php 第 186 行.
[ 2017-05-12T17:03:48+08:00 ] /JSJD/mobile.php | NOTIC: [8192] preg_replace(): The /e modifier is deprecated, use preg_replace_callback instead ThinkTemplate.class.php 第 406 行.
[ 2017-05-12T17:03:48+08:00 ] /JSJD/mobile.php | NOTIC: [8192] preg_replace(): The /e modifier is deprecated, use preg_replace_callback instead ThinkTemplate.class.php 第 406 行.
[ 2017-05-12T17:03:48+08:00 ] /JSJD/mobile.php | NOTIC: [8192] preg_replace(): The /e modifier is deprecated, use preg_replace_callback instead ThinkTemplate.class.php 第 406 行.
[ 2017-05-12T17:03:48+08:00 ] /JSJD/mobile.php | NOTIC: [8192] preg_replace(): The /e modifier is deprecated, use preg_replace_callback instead ThinkTemplate.class.php 第 406 行.
[ 2017-05-12T17:03:48+08:00 ] /JSJD/mobile.php | NOTIC: [8192] preg_replace(): The /e modifier is deprecated, use preg_replace_callback instead ThinkTemplate.class.php 第 406 行.
[ 2017-05-12T17:03:48+08:00 ] /JSJD/mobile.php | NOTIC: [8192] preg_replace(): The /e modifier is deprecated, use preg_replace_callback instead ThinkTemplate.class.php 第 406 行.
[ 2017-05-12T17:03:48+08:00 ] /JSJD/mobile.php | NOTIC: [8192] preg_replace(): The /e modifier is deprecated, use preg_replace_callback instead ThinkTemplate.class.php 第 406 行.
[ 2017-05-12T17:03:48+08:00 ] /JSJD/mobile.php | NOTIC: [8192] preg_replace(): The /e modifier is deprecated, use preg_replace_callback instead ThinkTemplate.class.php 第 406 行.
[ 2017-05-12T17:03:48+08:00 ] /JSJD/mobile.php | NOTIC: [8192] preg_replace(): The /e modifier is deprecated, use preg_replace_callback instead ThinkTemplate.class.php 第 406 行.
[ 2017-05-12T17:03:48+08:00 ] /JSJD/mobile.php | NOTIC: [8192] preg_replace(): The /e modifier is deprecated, use preg_replace_callback instead ThinkTemplate.class.php 第 402 行.
[ 2017-05-12T17:03:48+08:00 ] /JSJD/mobile.php | NOTIC: [8192] preg_replace(): The /e modifier is deprecated, use preg_replace_callback instead ThinkTemplate.class.php 第 402 行.
[ 2017-05-12T17:03:48+08:00 ] /JSJD/mobile.php | NOTIC: [8192] preg_replace(): The /e modifier is deprecated, use preg_replace_callback instead ThinkTemplate.class.php 第 406 行.
[ 2017-05-12T17:03:48+08:00 ] /JSJD/mobile.php | NOTIC: [8192] preg_replace(): The /e modifier is deprecated, use preg_replace_callback instead ThinkTemplate.class.php 第 406 行.
[ 2017-05-12T17:03:48+08:00 ] /JSJD/mobile.php | NOTIC: [8192] preg_replace(): The /e modifier is deprecated, use preg_replace_callback instead ThinkTemplate.class.php 第 406 行.
[ 2017-05-12T17:03:48+08:00 ] /JSJD/mobile.php | NOTIC: [8192] preg_replace(): The /e modifier is deprecated, use preg_replace_callback instead ThinkTemplate.class.php 第 402 行.
[ 2017-05-12T17:03:48+08:00 ] /JSJD/mobile.php | NOTIC: [8192] preg_replace(): The /e modifier is deprecated, use preg_replace_callback instead ThinkTemplate.class.php 第 406 行.
[ 2017-05-12T17:03:48+08:00 ] /JSJD/mobile.php | NOTIC: [8192] preg_replace(): The /e modifier is deprecated, use preg_replace_callback instead ThinkTemplate.class.php 第 406 行.
[ 2017-05-12T17:03:48+08:00 ] /JSJD/mobile.php | NOTIC: [8192] preg_replace(): The /e modifier is deprecated, use preg_replace_callback instead ThinkTemplate.class.php 第 406 行.
[ 2017-05-12T17:03:48+08:00 ] /JSJD/mobile.php | NOTIC: [8192] preg_replace(): The /e modifier is deprecated, use preg_replace_callback instead ThinkTemplate.class.php 第 406 行.
[ 2017-05-12T17:03:48+08:00 ] /JSJD/mobile.php | NOTIC: [8192] preg_replace(): The /e modifier is deprecated, use preg_replace_callback instead ThinkTemplate.class.php 第 406 行.
[ 2017-05-12T17:03:48+08:00 ] /JSJD/mobile.php | NOTIC: [8192] preg_replace(): The /e modifier is deprecated, use preg_replace_callback instead ThinkTemplate.class.php 第 406 行.
[ 2017-05-12T17:03:48+08:00 ] /JSJD/mobile.php | NOTIC: [8192] preg_replace(): The /e modifier is deprecated, use preg_replace_callback instead ThinkTemplate.class.php 第 406 行.
[ 2017-05-12T17:03:48+08:00 ] /JSJD/mobile.php | NOTIC: [8192] preg_replace(): The /e modifier is deprecated, use preg_replace_callback instead ThinkTemplate.class.php 第 406 行.
[ 2017-05-12T17:03:48+08:00 ] /JSJD/mobile.php | NOTIC: [8192] preg_replace(): The /e modifier is deprecated, use preg_replace_callback instead ThinkTemplate.class.php 第 406 行.
[ 2017-05-12T17:03:48+08:00 ] /JSJD/mobile.php | NOTIC: [8192] preg_replace(): The /e modifier is deprecated, use preg_replace_callback instead ThinkTemplate.class.php 第 406 行.
[ 2017-05-12T17:03:48+08:00 ] /JSJD/mobile.php | NOTIC: [8192] preg_replace(): The /e modifier is deprecated, use preg_replace_callback instead ThinkTemplate.class.php 第 406 行.
[ 2017-05-12T17:03:48+08:00 ] /JSJD/mobile.php | NOTIC: [8192] preg_replace(): The /e modifier is deprecated, use preg_replace_callback instead ThinkTemplate.class.php 第 406 行.
[ 2017-05-12T17:03:48+08:00 ] /JSJD/mobile.php | NOTIC: [8192] preg_replace(): The /e modifier is deprecated, use preg_replace_callback instead ThinkTemplate.class.php 第 406 行.
[ 2017-05-12T17:03:48+08:00 ] /JSJD/mobile.php | NOTIC: [8192] preg_replace(): The /e modifier is deprecated, use preg_replace_callback instead ThinkTemplate.class.php 第 406 行.
[ 2017-05-12T17:03:48+08:00 ] /JSJD/mobile.php | NOTIC: [8192] preg_replace(): The /e modifier is deprecated, use preg_replace_callback instead ThinkTemplate.class.php 第 406 行.
[ 2017-05-12T17:03:48+08:00 ] /JSJD/mobile.php | NOTIC: [8192] preg_replace(): The /e modifier is deprecated, use preg_replace_callback instead ThinkTemplate.class.php 第 406 行.
[ 2017-05-12T17:03:48+08:00 ] /JSJD/mobile.php | NOTIC: [8192] preg_replace(): The /e modifier is deprecated, use preg_replace_callback instead ThinkTemplate.class.php 第 406 行.
[ 2017-05-12T17:03:48+08:00 ] /JSJD/mobile.php | NOTIC: [8192] preg_replace(): The /e modifier is deprecated, use preg_replace_callback instead ThinkTemplate.class.php 第 406 行.
[ 2017-05-12T17:03:48+08:00 ] /JSJD/mobile.php | NOTIC: [8192] preg_replace(): The /e modifier is deprecated, use preg_replace_callback instead ThinkTemplate.class.php 第 406 行.
[ 2017-05-12T17:03:48+08:00 ] /JSJD/mobile.php | NOTIC: [8192] preg_replace(): The /e modifier is deprecated, use preg_replace_callback instead ThinkTemplate.class.php 第 406 行.
[ 2017-05-12T17:03:48+08:00 ] /JSJD/mobile.php | NOTIC: [8192] preg_replace(): The /e modifier is deprecated, use preg_replace_callback instead ThinkTemplate.class.php 第 406 行.
[ 2017-05-12T17:03:48+08:00 ] /JSJD/mobile.php | NOTIC: [8192] preg_replace(): The /e modifier is deprecated, use preg_replace_callback instead ThinkTemplate.class.php 第 406 行.
[ 2017-05-12T17:03:48+08:00 ] /JSJD/mobile.php | NOTIC: [8192] preg_replace(): The /e modifier is deprecated, use preg_replace_callback instead ThinkTemplate.class.php 第 406 行.
[ 2017-05-12T17:03:48+08:00 ] /JSJD/mobile.php | NOTIC: [8192] preg_replace(): The /e modifier is deprecated, use preg_replace_callback instead ThinkTemplate.class.php 第 406 行.
[ 2017-05-12T17:03:48+08:00 ] /JSJD/mobile.php | NOTIC: [8192] preg_replace(): The /e modifier is deprecated, use preg_replace_callback instead ThinkTemplate.class.php 第 406 行.
[ 2017-05-12T17:03:48+08:00 ] /JSJD/mobile.php | NOTIC: [8192] preg_replace(): The /e modifier is deprecated, use preg_replace_callback instead ThinkTemplate.class.php 第 406 行.
[ 2017-05-12T17:03:48+08:00 ] /JSJD/mobile.php | NOTIC: [8192] preg_replace(): The /e modifier is deprecated, use preg_replace_callback instead ThinkTemplate.class.php 第 406 行.
[ 2017-05-12T17:03:48+08:00 ] /JSJD/mobile.php | NOTIC: [8192] preg_replace(): The /e modifier is deprecated, use preg_replace_callback instead ThinkTemplate.class.php 第 406 行.
[ 2017-05-12T17:03:48+08:00 ] /JSJD/mobile.php | NOTIC: [8192] preg_replace(): The /e modifier is deprecated, use preg_replace_callback instead ThinkTemplate.class.php 第 406 行.
[ 2017-05-12T17:03:48+08:00 ] /JSJD/mobile.php | NOTIC: [8192] preg_replace(): The /e modifier is deprecated, use preg_replace_callback instead ThinkTemplate.class.php 第 406 行.
[ 2017-05-12T17:03:48+08:00 ] /JSJD/mobile.php | NOTIC: [8192] preg_replace(): The /e modifier is deprecated, use preg_replace_callback instead ThinkTemplate.class.php 第 406 行.
[ 2017-05-12T17:03:48+08:00 ] /JSJD/mobile.php | NOTIC: [8192] preg_replace(): The /e modifier is deprecated, use preg_replace_callback instead ThinkTemplate.class.php 第 406 行.
[ 2017-05-12T17:03:48+08:00 ] /JSJD/mobile.php | NOTIC: [8192] preg_replace(): The /e modifier is deprecated, use preg_replace_callback instead ThinkTemplate.class.php 第 406 行.
[ 2017-05-12T17:03:48+08:00 ] /JSJD/mobile.php | NOTIC: [8192] preg_replace(): The /e modifier is deprecated, use preg_replace_callback instead ThinkTemplate.class.php 第 406 行.
[ 2017-05-12T17:03:48+08:00 ] /JSJD/mobile.php | NOTIC: [8192] preg_replace(): The /e modifier is deprecated, use preg_replace_callback instead ThinkTemplate.class.php 第 406 行.
[ 2017-05-12T17:03:48+08:00 ] /JSJD/mobile.php | NOTIC: [8192] preg_replace(): The /e modifier is deprecated, use preg_replace_callback instead ThinkTemplate.class.php 第 406 行.
[ 2017-05-12T17:03:48+08:00 ] /JSJD/mobile.php | NOTIC: [8192] preg_replace(): The /e modifier is deprecated, use preg_replace_callback instead ThinkTemplate.class.php 第 406 行.
[ 2017-05-12T17:03:48+08:00 ] /JSJD/mobile.php | NOTIC: [8192] preg_replace(): The /e modifier is deprecated, use preg_replace_callback instead ThinkTemplate.class.php 第 406 行.
[ 2017-05-12T17:03:48+08:00 ] /JSJD/mobile.php | NOTIC: [8192] preg_replace(): The /e modifier is deprecated, use preg_replace_callback instead ThinkTemplate.class.php 第 406 行.
[ 2017-05-12T17:03:48+08:00 ] /JSJD/mobile.php | NOTIC: [8192] preg_replace(): The /e modifier is deprecated, use preg_replace_callback instead ThinkTemplate.class.php 第 406 行.
[ 2017-05-12T17:03:48+08:00 ] /JSJD/mobile.php | NOTIC: [8192] preg_replace(): The /e modifier is deprecated, use preg_replace_callback instead ThinkTemplate.class.php 第 406 行.
[ 2017-05-12T17:03:48+08:00 ] /JSJD/mobile.php | NOTIC: [8192] preg_replace(): The /e modifier is deprecated, use preg_replace_callback instead ThinkTemplate.class.php 第 406 行.
[ 2017-05-12T17:03:48+08:00 ] /JSJD/mobile.php | NOTIC: [8192] preg_replace(): The /e modifier is deprecated, use preg_replace_callback instead ThinkTemplate.class.php 第 406 行.
[ 2017-05-12T17:03:48+08:00 ] /JSJD/mobile.php | NOTIC: [8192] preg_replace(): The /e modifier is deprecated, use preg_replace_callback instead ThinkTemplate.class.php 第 406 行.
[ 2017-05-12T17:03:48+08:00 ] /JSJD/mobile.php | NOTIC: [8192] preg_replace(): The /e modifier is deprecated, use preg_replace_callback instead ThinkTemplate.class.php 第 406 行.
[ 2017-05-12T17:03:48+08:00 ] /JSJD/mobile.php | NOTIC: [8192] preg_replace(): The /e modifier is deprecated, use preg_replace_callback instead ThinkTemplate.class.php 第 406 行.
[ 2017-05-12T17:03:48+08:00 ] /JSJD/mobile.php | NOTIC: [8192] preg_replace(): The /e modifier is deprecated, use preg_replace_callback instead ThinkTemplate.class.php 第 406 行.
[ 2017-05-12T17:03:48+08:00 ] /JSJD/mobile.php | NOTIC: [8192] preg_replace(): The /e modifier is deprecated, use preg_replace_callback instead ThinkTemplate.class.php 第 406 行.
[ 2017-05-12T17:03:48+08:00 ] /JSJD/mobile.php | NOTIC: [8192] preg_replace(): The /e modifier is deprecated, use preg_replace_callback instead ThinkTemplate.class.php 第 406 行.
[ 2017-05-12T17:03:48+08:00 ] /JSJD/mobile.php | NOTIC: [8192] preg_replace(): The /e modifier is deprecated, use preg_replace_callback instead ThinkTemplate.class.php 第 406 行.
[ 2017-05-12T17:03:48+08:00 ] /JSJD/mobile.php | NOTIC: [8192] preg_replace(): The /e modifier is deprecated, use preg_replace_callback instead ThinkTemplate.class.php 第 406 行.
[ 2017-05-12T17:03:48+08:00 ] /JSJD/mobile.php | NOTIC: [8192] preg_replace(): The /e modifier is deprecated, use preg_replace_callback instead ThinkTemplate.class.php 第 406 行.
[ 2017-05-12T17:03:48+08:00 ] /JSJD/mobile.php | NOTIC: [8192] preg_replace(): The /e modifier is deprecated, use preg_replace_callback instead ThinkTemplate.class.php 第 406 行.
[ 2017-05-12T17:03:48+08:00 ] /JSJD/mobile.php | NOTIC: [8192] preg_replace(): The /e modifier is deprecated, use preg_replace_callback instead ThinkTemplate.class.php 第 406 行.
[ 2017-05-12T17:03:48+08:00 ] /JSJD/mobile.php | NOTIC: [8192] preg_replace(): The /e modifier is deprecated, use preg_replace_callback instead ThinkTemplate.class.php 第 406 行.
[ 2017-05-12T17:03:48+08:00 ] /JSJD/mobile.php | NOTIC: [8192] preg_replace(): The /e modifier is deprecated, use preg_replace_callback instead ThinkTemplate.class.php 第 406 行.
[ 2017-05-12T17:03:48+08:00 ] /JSJD/mobile.php | NOTIC: [8192] preg_replace(): The /e modifier is deprecated, use preg_replace_callback instead ThinkTemplate.class.php 第 406 行.
[ 2017-05-12T17:03:48+08:00 ] /JSJD/mobile.php | NOTIC: [8192] preg_replace(): The /e modifier is deprecated, use preg_replace_callback instead ThinkTemplate.class.php 第 406 行.
[ 2017-05-12T17:03:48+08:00 ] /JSJD/mobile.php | NOTIC: [8192] preg_replace(): The /e modifier is deprecated, use preg_replace_callback instead ThinkTemplate.class.php 第 406 行.
[ 2017-05-12T17:03:48+08:00 ] /JSJD/mobile.php | NOTIC: [8192] preg_replace(): The /e modifier is deprecated, use preg_replace_callback instead ThinkTemplate.class.php 第 406 行.
[ 2017-05-12T17:03:48+08:00 ] /JSJD/mobile.php | NOTIC: [8192] preg_replace(): The /e modifier is deprecated, use preg_replace_callback instead ThinkTemplate.class.php 第 406 行.
[ 2017-05-12T17:03:48+08:00 ] /JSJD/mobile.php | NOTIC: [8192] preg_replace(): The /e modifier is deprecated, use preg_replace_callback instead ThinkTemplate.class.php 第 406 行.
[ 2017-05-12T17:03:48+08:00 ] /JSJD/mobile.php | NOTIC: [8192] preg_replace(): The /e modifier is deprecated, use preg_replace_callback instead ThinkTemplate.class.php 第 406 行.
[ 2017-05-12T17:03:48+08:00 ] /JSJD/mobile.php | NOTIC: [8192] preg_replace(): The /e modifier is deprecated, use preg_replace_callback instead ThinkTemplate.class.php 第 406 行.
[ 2017-05-12T17:03:48+08:00 ] /JSJD/mobile.php | NOTIC: [8192] preg_replace(): The /e modifier is deprecated, use preg_replace_callback instead ThinkTemplate.class.php 第 406 行.
[ 2017-05-12T17:03:48+08:00 ] /JSJD/mobile.php | NOTIC: [8192] preg_replace(): The /e modifier is deprecated, use preg_replace_callback instead ThinkTemplate.class.php 第 406 行.
[ 2017-05-12T17:03:48+08:00 ] /JSJD/mobile.php | NOTIC: [8192] preg_replace(): The /e modifier is deprecated, use preg_replace_callback instead ThinkTemplate.class.php 第 402 行.
[ 2017-05-12T17:03:48+08:00 ] /JSJD/mobile.php | NOTIC: [8192] preg_replace(): The /e modifier is deprecated, use preg_replace_callback instead ThinkTemplate.class.php 第 402 行.
[ 2017-05-12T17:03:48+08:00 ] /JSJD/mobile.php | NOTIC: [8192] preg_replace(): The /e modifier is deprecated, use preg_replace_callback instead ThinkTemplate.class.php 第 402 行.
[ 2017-05-12T17:03:48+08:00 ] /JSJD/mobile.php | NOTIC: [8192] preg_replace(): The /e modifier is deprecated, use preg_replace_callback instead ThinkTemplate.class.php 第 402 行.
[ 2017-05-12T17:03:48+08:00 ] /JSJD/mobile.php | NOTIC: [8192] preg_replace(): The /e modifier is deprecated, use preg_replace_callback instead ThinkTemplate.class.php 第 402 行.
[ 2017-05-12T17:03:48+08:00 ] /JSJD/mobile.php | NOTIC: [8192] preg_replace(): The /e modifier is deprecated, use preg_replace_callback instead ThinkTemplate.class.php 第 402 行.
[ 2017-05-12T17:03:48+08:00 ] /JSJD/mobile.php | NOTIC: [8192] preg_replace(): The /e modifier is deprecated, use preg_replace_callback instead ThinkTemplate.class.php 第 406 行.
[ 2017-05-12T17:03:48+08:00 ] /JSJD/mobile.php | NOTIC: [8192] preg_replace(): The /e modifier is deprecated, use preg_replace_callback instead ThinkTemplate.class.php 第 406 行.
[ 2017-05-12T17:03:48+08:00 ] /JSJD/mobile.php | NOTIC: [8192] preg_replace(): The /e modifier is deprecated, use preg_replace_callback instead ThinkTemplate.class.php 第 406 行.
[ 2017-05-12T17:03:48+08:00 ] /JSJD/mobile.php | NOTIC: [8192] preg_replace(): The /e modifier is deprecated, use preg_replace_callback instead ThinkTemplate.class.php 第 220 行.
[ 2017-05-12T17:03:48+08:00 ] /JSJD/mobile.php | NOTIC: [8192] preg_replace(): The /e modifier is deprecated, use preg_replace_callback instead ThinkTemplate.class.php 第 154 行.
[ 2017-05-12T17:03:48+08:00 ] /JSJD/mobile.php | INFO: Run ParseTemplate Behavior [ RunTime:0.015718s ]
[ 2017-05-12T17:03:48+08:00 ] /JSJD/mobile.php | INFO: Tag[ view_parse ] --END-- [ RunTime:0.015774s ]
[ 2017-05-12T17:03:48+08:00 ] /JSJD/mobile.php | INFO: Tag[ view_filter ] --START--
[ 2017-05-12T17:03:48+08:00 ] /JSJD/mobile.php | INFO: Run ContentReplace Behavior [ RunTime:0.000237s ]
[ 2017-05-12T17:03:48+08:00 ] /JSJD/mobile.php | INFO: Run TokenBuild Behavior [ RunTime:0.000277s ]
[ 2017-05-12T17:03:48+08:00 ] /JSJD/mobile.php | INFO: Run WriteHtmlCache Behavior [ RunTime:0.000134s ]
[ 2017-05-12T17:03:48+08:00 ] /JSJD/mobile.php | INFO: Run ShowRuntime Behavior [ RunTime:0.000264s ]
[ 2017-05-12T17:03:48+08:00 ] /JSJD/mobile.php | INFO: Tag[ view_filter ] --END-- [ RunTime:0.001016s ]
[ 2017-05-12T17:03:48+08:00 ] /JSJD/mobile.php | INFO: Tag[ view_end ] --START--
[ 2017-05-12T17:03:48+08:00 ] /JSJD/mobile.php | INFO: Run ShowPageTrace Behavior [ RunTime:0.000383s ]
[ 2017-05-12T17:03:48+08:00 ] /JSJD/mobile.php | INFO: Tag[ view_end ] --END-- [ RunTime:0.000433s ]
