[ 2017-03-17T17:20:45+08:00 ] /JSJD/mobile.php | INFO: Tag[ app_begin ] --START--
[ 2017-03-17T17:20:45+08:00 ] /JSJD/mobile.php | INFO: Run ReadHtmlCache Behavior [ RunTime:0.000668s ]
[ 2017-03-17T17:20:45+08:00 ] /JSJD/mobile.php | INFO: Tag[ app_begin ] --END-- [ RunTime:0.000732s ]
[ 2017-03-17T17:20:45+08:00 ] /JSJD/mobile.php | INFO: Tag[ view_template ] --START--
[ 2017-03-17T17:20:45+08:00 ] /JSJD/mobile.php | INFO: Run LocationTemplate Behavior [ RunTime:0.043899s ]
[ 2017-03-17T17:20:45+08:00 ] /JSJD/mobile.php | INFO: Tag[ view_template ] --END-- [ RunTime:0.043960s ]
[ 2017-03-17T17:20:45+08:00 ] /JSJD/mobile.php | INFO: Tag[ view_parse ] --START--
[ 2017-03-17T17:20:45+08:00 ] /JSJD/mobile.php | NOTIC: [8192] preg_replace(): The /e modifier is deprecated, use preg_replace_callback instead ThinkTemplate.class.php 第 186 行.
[ 2017-03-17T17:20:45+08:00 ] /JSJD/mobile.php | NOTIC: [8192] preg_replace(): The /e modifier is deprecated, use preg_replace_callback instead ThinkTemplate.class.php 第 406 行.
[ 2017-03-17T17:20:45+08:00 ] /JSJD/mobile.php | NOTIC: [8192] preg_replace(): The /e modifier is deprecated, use preg_replace_callback instead ThinkTemplate.class.php 第 406 行.
[ 2017-03-17T17:20:45+08:00 ] /JSJD/mobile.php | NOTIC: [8192] preg_replace(): The /e modifier is deprecated, use preg_replace_callback instead ThinkTemplate.class.php 第 406 行.
[ 2017-03-17T17:20:45+08:00 ] /JSJD/mobile.php | NOTIC: [8192] preg_replace(): The /e modifier is deprecated, use preg_replace_callback instead ThinkTemplate.class.php 第 406 行.
[ 2017-03-17T17:20:45+08:00 ] /JSJD/mobile.php | NOTIC: [8192] preg_replace(): The /e modifier is deprecated, use preg_replace_callback instead ThinkTemplate.class.php 第 406 行.
[ 2017-03-17T17:20:45+08:00 ] /JSJD/mobile.php | NOTIC: [8192] preg_replace(): The /e modifier is deprecated, use preg_replace_callback instead ThinkTemplate.class.php 第 406 行.
[ 2017-03-17T17:20:45+08:00 ] /JSJD/mobile.php | NOTIC: [8192] preg_replace(): The /e modifier is deprecated, use preg_replace_callback instead ThinkTemplate.class.php 第 406 行.
[ 2017-03-17T17:20:45+08:00 ] /JSJD/mobile.php | NOTIC: [8192] preg_replace(): The /e modifier is deprecated, use preg_replace_callback instead ThinkTemplate.class.php 第 406 行.
[ 2017-03-17T17:20:45+08:00 ] /JSJD/mobile.php | NOTIC: [8192] preg_replace(): The /e modifier is deprecated, use preg_replace_callback instead ThinkTemplate.class.php 第 406 行.
[ 2017-03-17T17:20:45+08:00 ] /JSJD/mobile.php | NOTIC: [8192] preg_replace(): The /e modifier is deprecated, use preg_replace_callback instead ThinkTemplate.class.php 第 402 行.
[ 2017-03-17T17:20:45+08:00 ] /JSJD/mobile.php | NOTIC: [8192] preg_replace(): The /e modifier is deprecated, use preg_replace_callback instead ThinkTemplate.class.php 第 402 行.
[ 2017-03-17T17:20:45+08:00 ] /JSJD/mobile.php | NOTIC: [8192] preg_replace(): The /e modifier is deprecated, use preg_replace_callback instead ThinkTemplate.class.php 第 406 行.
[ 2017-03-17T17:20:45+08:00 ] /JSJD/mobile.php | NOTIC: [8192] preg_replace(): The /e modifier is deprecated, use preg_replace_callback instead ThinkTemplate.class.php 第 406 行.
[ 2017-03-17T17:20:45+08:00 ] /JSJD/mobile.php | NOTIC: [8192] preg_replace(): The /e modifier is deprecated, use preg_replace_callback instead ThinkTemplate.class.php 第 406 行.
[ 2017-03-17T17:20:45+08:00 ] /JSJD/mobile.php | NOTIC: [8192] preg_replace(): The /e modifier is deprecated, use preg_replace_callback instead ThinkTemplate.class.php 第 402 行.
[ 2017-03-17T17:20:45+08:00 ] /JSJD/mobile.php | NOTIC: [8192] preg_replace(): The /e modifier is deprecated, use preg_replace_callback instead ThinkTemplate.class.php 第 406 行.
[ 2017-03-17T17:20:45+08:00 ] /JSJD/mobile.php | NOTIC: [8192] preg_replace(): The /e modifier is deprecated, use preg_replace_callback instead ThinkTemplate.class.php 第 406 行.
[ 2017-03-17T17:20:45+08:00 ] /JSJD/mobile.php | NOTIC: [8192] preg_replace(): The /e modifier is deprecated, use preg_replace_callback instead ThinkTemplate.class.php 第 406 行.
[ 2017-03-17T17:20:45+08:00 ] /JSJD/mobile.php | NOTIC: [8192] preg_replace(): The /e modifier is deprecated, use preg_replace_callback instead ThinkTemplate.class.php 第 406 行.
[ 2017-03-17T17:20:45+08:00 ] /JSJD/mobile.php | NOTIC: [8192] preg_replace(): The /e modifier is deprecated, use preg_replace_callback instead ThinkTemplate.class.php 第 406 行.
[ 2017-03-17T17:20:45+08:00 ] /JSJD/mobile.php | NOTIC: [8192] preg_replace(): The /e modifier is deprecated, use preg_replace_callback instead ThinkTemplate.class.php 第 406 行.
[ 2017-03-17T17:20:45+08:00 ] /JSJD/mobile.php | NOTIC: [8192] preg_replace(): The /e modifier is deprecated, use preg_replace_callback instead ThinkTemplate.class.php 第 406 行.
[ 2017-03-17T17:20:45+08:00 ] /JSJD/mobile.php | NOTIC: [8192] preg_replace(): The /e modifier is deprecated, use preg_replace_callback instead ThinkTemplate.class.php 第 406 行.
[ 2017-03-17T17:20:45+08:00 ] /JSJD/mobile.php | NOTIC: [8192] preg_replace(): The /e modifier is deprecated, use preg_replace_callback instead ThinkTemplate.class.php 第 406 行.
[ 2017-03-17T17:20:45+08:00 ] /JSJD/mobile.php | NOTIC: [8192] preg_replace(): The /e modifier is deprecated, use preg_replace_callback instead ThinkTemplate.class.php 第 406 行.
[ 2017-03-17T17:20:45+08:00 ] /JSJD/mobile.php | NOTIC: [8192] preg_replace(): The /e modifier is deprecated, use preg_replace_callback instead ThinkTemplate.class.php 第 406 行.
[ 2017-03-17T17:20:45+08:00 ] /JSJD/mobile.php | NOTIC: [8192] preg_replace(): The /e modifier is deprecated, use preg_replace_callback instead ThinkTemplate.class.php 第 406 行.
[ 2017-03-17T17:20:45+08:00 ] /JSJD/mobile.php | NOTIC: [8192] preg_replace(): The /e modifier is deprecated, use preg_replace_callback instead ThinkTemplate.class.php 第 406 行.
[ 2017-03-17T17:20:45+08:00 ] /JSJD/mobile.php | NOTIC: [8192] preg_replace(): The /e modifier is deprecated, use preg_replace_callback instead ThinkTemplate.class.php 第 406 行.
[ 2017-03-17T17:20:45+08:00 ] /JSJD/mobile.php | NOTIC: [8192] preg_replace(): The /e modifier is deprecated, use preg_replace_callback instead ThinkTemplate.class.php 第 406 行.
[ 2017-03-17T17:20:45+08:00 ] /JSJD/mobile.php | NOTIC: [8192] preg_replace(): The /e modifier is deprecated, use preg_replace_callback instead ThinkTemplate.class.php 第 406 行.
[ 2017-03-17T17:20:45+08:00 ] /JSJD/mobile.php | NOTIC: [8192] preg_replace(): The /e modifier is deprecated, use preg_replace_callback instead ThinkTemplate.class.php 第 406 行.
[ 2017-03-17T17:20:45+08:00 ] /JSJD/mobile.php | NOTIC: [8192] preg_replace(): The /e modifier is deprecated, use preg_replace_callback instead ThinkTemplate.class.php 第 406 行.
[ 2017-03-17T17:20:45+08:00 ] /JSJD/mobile.php | NOTIC: [8192] preg_replace(): The /e modifier is deprecated, use preg_replace_callback instead ThinkTemplate.class.php 第 406 行.
[ 2017-03-17T17:20:45+08:00 ] /JSJD/mobile.php | NOTIC: [8192] preg_replace(): The /e modifier is deprecated, use preg_replace_callback instead ThinkTemplate.class.php 第 406 行.
[ 2017-03-17T17:20:45+08:00 ] /JSJD/mobile.php | NOTIC: [8192] preg_replace(): The /e modifier is deprecated, use preg_replace_callback instead ThinkTemplate.class.php 第 406 行.
[ 2017-03-17T17:20:45+08:00 ] /JSJD/mobile.php | NOTIC: [8192] preg_replace(): The /e modifier is deprecated, use preg_replace_callback instead ThinkTemplate.class.php 第 406 行.
[ 2017-03-17T17:20:45+08:00 ] /JSJD/mobile.php | NOTIC: [8192] preg_replace(): The /e modifier is deprecated, use preg_replace_callback instead ThinkTemplate.class.php 第 406 行.
[ 2017-03-17T17:20:45+08:00 ] /JSJD/mobile.php | NOTIC: [8192] preg_replace(): The /e modifier is deprecated, use preg_replace_callback instead ThinkTemplate.class.php 第 406 行.
[ 2017-03-17T17:20:45+08:00 ] /JSJD/mobile.php | NOTIC: [8192] preg_replace(): The /e modifier is deprecated, use preg_replace_callback instead ThinkTemplate.class.php 第 406 行.
[ 2017-03-17T17:20:45+08:00 ] /JSJD/mobile.php | NOTIC: [8192] preg_replace(): The /e modifier is deprecated, use preg_replace_callback instead ThinkTemplate.class.php 第 406 行.
[ 2017-03-17T17:20:45+08:00 ] /JSJD/mobile.php | NOTIC: [8192] preg_replace(): The /e modifier is deprecated, use preg_replace_callback instead ThinkTemplate.class.php 第 406 行.
[ 2017-03-17T17:20:45+08:00 ] /JSJD/mobile.php | NOTIC: [8192] preg_replace(): The /e modifier is deprecated, use preg_replace_callback instead ThinkTemplate.class.php 第 406 行.
[ 2017-03-17T17:20:45+08:00 ] /JSJD/mobile.php | NOTIC: [8192] preg_replace(): The /e modifier is deprecated, use preg_replace_callback instead ThinkTemplate.class.php 第 406 行.
[ 2017-03-17T17:20:45+08:00 ] /JSJD/mobile.php | NOTIC: [8192] preg_replace(): The /e modifier is deprecated, use preg_replace_callback instead ThinkTemplate.class.php 第 406 行.
[ 2017-03-17T17:20:45+08:00 ] /JSJD/mobile.php | NOTIC: [8192] preg_replace(): The /e modifier is deprecated, use preg_replace_callback instead ThinkTemplate.class.php 第 406 行.
[ 2017-03-17T17:20:45+08:00 ] /JSJD/mobile.php | NOTIC: [8192] preg_replace(): The /e modifier is deprecated, use preg_replace_callback instead ThinkTemplate.class.php 第 406 行.
[ 2017-03-17T17:20:45+08:00 ] /JSJD/mobile.php | NOTIC: [8192] preg_replace(): The /e modifier is deprecated, use preg_replace_callback instead ThinkTemplate.class.php 第 406 行.
[ 2017-03-17T17:20:45+08:00 ] /JSJD/mobile.php | NOTIC: [8192] preg_replace(): The /e modifier is deprecated, use preg_replace_callback instead ThinkTemplate.class.php 第 406 行.
[ 2017-03-17T17:20:45+08:00 ] /JSJD/mobile.php | NOTIC: [8192] preg_replace(): The /e modifier is deprecated, use preg_replace_callback instead ThinkTemplate.class.php 第 406 行.
[ 2017-03-17T17:20:45+08:00 ] /JSJD/mobile.php | NOTIC: [8192] preg_replace(): The /e modifier is deprecated, use preg_replace_callback instead ThinkTemplate.class.php 第 406 行.
[ 2017-03-17T17:20:45+08:00 ] /JSJD/mobile.php | NOTIC: [8192] preg_replace(): The /e modifier is deprecated, use preg_replace_callback instead ThinkTemplate.class.php 第 406 行.
[ 2017-03-17T17:20:45+08:00 ] /JSJD/mobile.php | NOTIC: [8192] preg_replace(): The /e modifier is deprecated, use preg_replace_callback instead ThinkTemplate.class.php 第 406 行.
[ 2017-03-17T17:20:45+08:00 ] /JSJD/mobile.php | NOTIC: [8192] preg_replace(): The /e modifier is deprecated, use preg_replace_callback instead ThinkTemplate.class.php 第 406 行.
[ 2017-03-17T17:20:45+08:00 ] /JSJD/mobile.php | NOTIC: [8192] preg_replace(): The /e modifier is deprecated, use preg_replace_callback instead ThinkTemplate.class.php 第 406 行.
[ 2017-03-17T17:20:45+08:00 ] /JSJD/mobile.php | NOTIC: [8192] preg_replace(): The /e modifier is deprecated, use preg_replace_callback instead ThinkTemplate.class.php 第 406 行.
[ 2017-03-17T17:20:45+08:00 ] /JSJD/mobile.php | NOTIC: [8192] preg_replace(): The /e modifier is deprecated, use preg_replace_callback instead ThinkTemplate.class.php 第 406 行.
[ 2017-03-17T17:20:45+08:00 ] /JSJD/mobile.php | NOTIC: [8192] preg_replace(): The /e modifier is deprecated, use preg_replace_callback instead ThinkTemplate.class.php 第 406 行.
[ 2017-03-17T17:20:45+08:00 ] /JSJD/mobile.php | NOTIC: [8192] preg_replace(): The /e modifier is deprecated, use preg_replace_callback instead ThinkTemplate.class.php 第 406 行.
[ 2017-03-17T17:20:45+08:00 ] /JSJD/mobile.php | NOTIC: [8192] preg_replace(): The /e modifier is deprecated, use preg_replace_callback instead ThinkTemplate.class.php 第 406 行.
[ 2017-03-17T17:20:45+08:00 ] /JSJD/mobile.php | NOTIC: [8192] preg_replace(): The /e modifier is deprecated, use preg_replace_callback instead ThinkTemplate.class.php 第 406 行.
[ 2017-03-17T17:20:45+08:00 ] /JSJD/mobile.php | NOTIC: [8192] preg_replace(): The /e modifier is deprecated, use preg_replace_callback instead ThinkTemplate.class.php 第 406 行.
[ 2017-03-17T17:20:45+08:00 ] /JSJD/mobile.php | NOTIC: [8192] preg_replace(): The /e modifier is deprecated, use preg_replace_callback instead ThinkTemplate.class.php 第 406 行.
[ 2017-03-17T17:20:45+08:00 ] /JSJD/mobile.php | NOTIC: [8192] preg_replace(): The /e modifier is deprecated, use preg_replace_callback instead ThinkTemplate.class.php 第 406 行.
[ 2017-03-17T17:20:45+08:00 ] /JSJD/mobile.php | NOTIC: [8192] preg_replace(): The /e modifier is deprecated, use preg_replace_callback instead ThinkTemplate.class.php 第 406 行.
[ 2017-03-17T17:20:45+08:00 ] /JSJD/mobile.php | NOTIC: [8192] preg_replace(): The /e modifier is deprecated, use preg_replace_callback instead ThinkTemplate.class.php 第 406 行.
[ 2017-03-17T17:20:45+08:00 ] /JSJD/mobile.php | NOTIC: [8192] preg_replace(): The /e modifier is deprecated, use preg_replace_callback instead ThinkTemplate.class.php 第 406 行.
[ 2017-03-17T17:20:45+08:00 ] /JSJD/mobile.php | NOTIC: [8192] preg_replace(): The /e modifier is deprecated, use preg_replace_callback instead ThinkTemplate.class.php 第 406 行.
[ 2017-03-17T17:20:45+08:00 ] /JSJD/mobile.php | NOTIC: [8192] preg_replace(): The /e modifier is deprecated, use preg_replace_callback instead ThinkTemplate.class.php 第 406 行.
[ 2017-03-17T17:20:45+08:00 ] /JSJD/mobile.php | NOTIC: [8192] preg_replace(): The /e modifier is deprecated, use preg_replace_callback instead ThinkTemplate.class.php 第 406 行.
[ 2017-03-17T17:20:45+08:00 ] /JSJD/mobile.php | NOTIC: [8192] preg_replace(): The /e modifier is deprecated, use preg_replace_callback instead ThinkTemplate.class.php 第 406 行.
[ 2017-03-17T17:20:45+08:00 ] /JSJD/mobile.php | NOTIC: [8192] preg_replace(): The /e modifier is deprecated, use preg_replace_callback instead ThinkTemplate.class.php 第 406 行.
[ 2017-03-17T17:20:45+08:00 ] /JSJD/mobile.php | NOTIC: [8192] preg_replace(): The /e modifier is deprecated, use preg_replace_callback instead ThinkTemplate.class.php 第 406 行.
[ 2017-03-17T17:20:45+08:00 ] /JSJD/mobile.php | NOTIC: [8192] preg_replace(): The /e modifier is deprecated, use preg_replace_callback instead ThinkTemplate.class.php 第 406 行.
[ 2017-03-17T17:20:45+08:00 ] /JSJD/mobile.php | NOTIC: [8192] preg_replace(): The /e modifier is deprecated, use preg_replace_callback instead ThinkTemplate.class.php 第 406 行.
[ 2017-03-17T17:20:45+08:00 ] /JSJD/mobile.php | NOTIC: [8192] preg_replace(): The /e modifier is deprecated, use preg_replace_callback instead ThinkTemplate.class.php 第 406 行.
[ 2017-03-17T17:20:45+08:00 ] /JSJD/mobile.php | NOTIC: [8192] preg_replace(): The /e modifier is deprecated, use preg_replace_callback instead ThinkTemplate.class.php 第 406 行.
[ 2017-03-17T17:20:45+08:00 ] /JSJD/mobile.php | NOTIC: [8192] preg_replace(): The /e modifier is deprecated, use preg_replace_callback instead ThinkTemplate.class.php 第 406 行.
[ 2017-03-17T17:20:45+08:00 ] /JSJD/mobile.php | NOTIC: [8192] preg_replace(): The /e modifier is deprecated, use preg_replace_callback instead ThinkTemplate.class.php 第 406 行.
[ 2017-03-17T17:20:45+08:00 ] /JSJD/mobile.php | NOTIC: [8192] preg_replace(): The /e modifier is deprecated, use preg_replace_callback instead ThinkTemplate.class.php 第 406 行.
[ 2017-03-17T17:20:45+08:00 ] /JSJD/mobile.php | NOTIC: [8192] preg_replace(): The /e modifier is deprecated, use preg_replace_callback instead ThinkTemplate.class.php 第 406 行.
[ 2017-03-17T17:20:45+08:00 ] /JSJD/mobile.php | NOTIC: [8192] preg_replace(): The /e modifier is deprecated, use preg_replace_callback instead ThinkTemplate.class.php 第 402 行.
[ 2017-03-17T17:20:45+08:00 ] /JSJD/mobile.php | NOTIC: [8192] preg_replace(): The /e modifier is deprecated, use preg_replace_callback instead ThinkTemplate.class.php 第 402 行.
[ 2017-03-17T17:20:45+08:00 ] /JSJD/mobile.php | NOTIC: [8192] preg_replace(): The /e modifier is deprecated, use preg_replace_callback instead ThinkTemplate.class.php 第 402 行.
[ 2017-03-17T17:20:45+08:00 ] /JSJD/mobile.php | NOTIC: [8192] preg_replace(): The /e modifier is deprecated, use preg_replace_callback instead ThinkTemplate.class.php 第 402 行.
[ 2017-03-17T17:20:45+08:00 ] /JSJD/mobile.php | NOTIC: [8192] preg_replace(): The /e modifier is deprecated, use preg_replace_callback instead ThinkTemplate.class.php 第 402 行.
[ 2017-03-17T17:20:45+08:00 ] /JSJD/mobile.php | NOTIC: [8192] preg_replace(): The /e modifier is deprecated, use preg_replace_callback instead ThinkTemplate.class.php 第 402 行.
[ 2017-03-17T17:20:45+08:00 ] /JSJD/mobile.php | NOTIC: [8192] preg_replace(): The /e modifier is deprecated, use preg_replace_callback instead ThinkTemplate.class.php 第 406 行.
[ 2017-03-17T17:20:45+08:00 ] /JSJD/mobile.php | NOTIC: [8192] preg_replace(): The /e modifier is deprecated, use preg_replace_callback instead ThinkTemplate.class.php 第 406 行.
[ 2017-03-17T17:20:45+08:00 ] /JSJD/mobile.php | NOTIC: [8192] preg_replace(): The /e modifier is deprecated, use preg_replace_callback instead ThinkTemplate.class.php 第 406 行.
[ 2017-03-17T17:20:45+08:00 ] /JSJD/mobile.php | NOTIC: [8192] preg_replace(): The /e modifier is deprecated, use preg_replace_callback instead ThinkTemplate.class.php 第 220 行.
[ 2017-03-17T17:20:45+08:00 ] /JSJD/mobile.php | NOTIC: [8192] preg_replace(): The /e modifier is deprecated, use preg_replace_callback instead ThinkTemplate.class.php 第 154 行.
[ 2017-03-17T17:20:46+08:00 ] /JSJD/mobile.php | INFO: Run ParseTemplate Behavior [ RunTime:0.111966s ]
[ 2017-03-17T17:20:46+08:00 ] /JSJD/mobile.php | INFO: Tag[ view_parse ] --END-- [ RunTime:0.112038s ]
[ 2017-03-17T17:20:46+08:00 ] /JSJD/mobile.php | INFO: Tag[ view_filter ] --START--
[ 2017-03-17T17:20:46+08:00 ] /JSJD/mobile.php | INFO: Run ContentReplace Behavior [ RunTime:0.000936s ]
[ 2017-03-17T17:20:46+08:00 ] /JSJD/mobile.php | INFO: Run TokenBuild Behavior [ RunTime:0.000799s ]
[ 2017-03-17T17:20:46+08:00 ] /JSJD/mobile.php | INFO: Run WriteHtmlCache Behavior [ RunTime:0.000585s ]
[ 2017-03-17T17:20:46+08:00 ] /JSJD/mobile.php | INFO: Run ShowRuntime Behavior [ RunTime:0.000678s ]
[ 2017-03-17T17:20:46+08:00 ] /JSJD/mobile.php | INFO: Tag[ view_filter ] --END-- [ RunTime:0.003160s ]
[ 2017-03-17T17:20:46+08:00 ] /JSJD/mobile.php | INFO: Tag[ view_end ] --START--
[ 2017-03-17T17:20:46+08:00 ] /JSJD/mobile.php | INFO: Run ShowPageTrace Behavior [ RunTime:0.000659s ]
[ 2017-03-17T17:20:46+08:00 ] /JSJD/mobile.php | INFO: Tag[ view_end ] --END-- [ RunTime:0.000719s ]
[ 2017-03-17T17:20:53+08:00 ] /JSJD/mobile.php | INFO: Tag[ app_begin ] --START--
[ 2017-03-17T17:20:53+08:00 ] /JSJD/mobile.php | INFO: Run ReadHtmlCache Behavior [ RunTime:0.000898s ]
[ 2017-03-17T17:20:53+08:00 ] /JSJD/mobile.php | INFO: Tag[ app_begin ] --END-- [ RunTime:0.001052s ]
[ 2017-03-17T17:20:53+08:00 ] /JSJD/mobile.php | INFO: Tag[ view_template ] --START--
[ 2017-03-17T17:20:53+08:00 ] /JSJD/mobile.php | INFO: Run LocationTemplate Behavior [ RunTime:0.001038s ]
[ 2017-03-17T17:20:53+08:00 ] /JSJD/mobile.php | INFO: Tag[ view_template ] --END-- [ RunTime:0.001127s ]
[ 2017-03-17T17:20:53+08:00 ] /JSJD/mobile.php | INFO: Tag[ view_parse ] --START--
[ 2017-03-17T17:20:53+08:00 ] /JSJD/mobile.php | NOTIC: [8192] preg_replace(): The /e modifier is deprecated, use preg_replace_callback instead ThinkTemplate.class.php 第 186 行.
[ 2017-03-17T17:20:53+08:00 ] /JSJD/mobile.php | NOTIC: [8192] preg_replace(): The /e modifier is deprecated, use preg_replace_callback instead ThinkTemplate.class.php 第 406 行.
[ 2017-03-17T17:20:53+08:00 ] /JSJD/mobile.php | NOTIC: [8192] preg_replace(): The /e modifier is deprecated, use preg_replace_callback instead ThinkTemplate.class.php 第 406 行.
[ 2017-03-17T17:20:53+08:00 ] /JSJD/mobile.php | NOTIC: [8192] preg_replace(): The /e modifier is deprecated, use preg_replace_callback instead ThinkTemplate.class.php 第 406 行.
[ 2017-03-17T17:20:53+08:00 ] /JSJD/mobile.php | NOTIC: [8192] preg_replace(): The /e modifier is deprecated, use preg_replace_callback instead ThinkTemplate.class.php 第 406 行.
[ 2017-03-17T17:20:53+08:00 ] /JSJD/mobile.php | NOTIC: [8192] preg_replace(): The /e modifier is deprecated, use preg_replace_callback instead ThinkTemplate.class.php 第 406 行.
[ 2017-03-17T17:20:53+08:00 ] /JSJD/mobile.php | NOTIC: [8192] preg_replace(): The /e modifier is deprecated, use preg_replace_callback instead ThinkTemplate.class.php 第 406 行.
[ 2017-03-17T17:20:53+08:00 ] /JSJD/mobile.php | NOTIC: [8192] preg_replace(): The /e modifier is deprecated, use preg_replace_callback instead ThinkTemplate.class.php 第 406 行.
[ 2017-03-17T17:20:53+08:00 ] /JSJD/mobile.php | NOTIC: [8192] preg_replace(): The /e modifier is deprecated, use preg_replace_callback instead ThinkTemplate.class.php 第 406 行.
[ 2017-03-17T17:20:53+08:00 ] /JSJD/mobile.php | NOTIC: [8192] preg_replace(): The /e modifier is deprecated, use preg_replace_callback instead ThinkTemplate.class.php 第 406 行.
[ 2017-03-17T17:20:53+08:00 ] /JSJD/mobile.php | NOTIC: [8192] preg_replace(): The /e modifier is deprecated, use preg_replace_callback instead ThinkTemplate.class.php 第 402 行.
[ 2017-03-17T17:20:53+08:00 ] /JSJD/mobile.php | NOTIC: [8192] preg_replace(): The /e modifier is deprecated, use preg_replace_callback instead ThinkTemplate.class.php 第 402 行.
[ 2017-03-17T17:20:53+08:00 ] /JSJD/mobile.php | NOTIC: [8192] preg_replace(): The /e modifier is deprecated, use preg_replace_callback instead ThinkTemplate.class.php 第 406 行.
[ 2017-03-17T17:20:53+08:00 ] /JSJD/mobile.php | NOTIC: [8192] preg_replace(): The /e modifier is deprecated, use preg_replace_callback instead ThinkTemplate.class.php 第 406 行.
[ 2017-03-17T17:20:53+08:00 ] /JSJD/mobile.php | NOTIC: [8192] preg_replace(): The /e modifier is deprecated, use preg_replace_callback instead ThinkTemplate.class.php 第 406 行.
[ 2017-03-17T17:20:53+08:00 ] /JSJD/mobile.php | NOTIC: [8192] preg_replace(): The /e modifier is deprecated, use preg_replace_callback instead ThinkTemplate.class.php 第 402 行.
[ 2017-03-17T17:20:53+08:00 ] /JSJD/mobile.php | NOTIC: [8192] preg_replace(): The /e modifier is deprecated, use preg_replace_callback instead ThinkTemplate.class.php 第 406 行.
[ 2017-03-17T17:20:53+08:00 ] /JSJD/mobile.php | NOTIC: [8192] preg_replace(): The /e modifier is deprecated, use preg_replace_callback instead ThinkTemplate.class.php 第 406 行.
[ 2017-03-17T17:20:53+08:00 ] /JSJD/mobile.php | NOTIC: [8192] preg_replace(): The /e modifier is deprecated, use preg_replace_callback instead ThinkTemplate.class.php 第 406 行.
[ 2017-03-17T17:20:53+08:00 ] /JSJD/mobile.php | NOTIC: [8192] preg_replace(): The /e modifier is deprecated, use preg_replace_callback instead ThinkTemplate.class.php 第 406 行.
[ 2017-03-17T17:20:53+08:00 ] /JSJD/mobile.php | NOTIC: [8192] preg_replace(): The /e modifier is deprecated, use preg_replace_callback instead ThinkTemplate.class.php 第 406 行.
[ 2017-03-17T17:20:53+08:00 ] /JSJD/mobile.php | NOTIC: [8192] preg_replace(): The /e modifier is deprecated, use preg_replace_callback instead ThinkTemplate.class.php 第 406 行.
[ 2017-03-17T17:20:53+08:00 ] /JSJD/mobile.php | NOTIC: [8192] preg_replace(): The /e modifier is deprecated, use preg_replace_callback instead ThinkTemplate.class.php 第 406 行.
[ 2017-03-17T17:20:53+08:00 ] /JSJD/mobile.php | NOTIC: [8192] preg_replace(): The /e modifier is deprecated, use preg_replace_callback instead ThinkTemplate.class.php 第 406 行.
[ 2017-03-17T17:20:53+08:00 ] /JSJD/mobile.php | NOTIC: [8192] preg_replace(): The /e modifier is deprecated, use preg_replace_callback instead ThinkTemplate.class.php 第 406 行.
[ 2017-03-17T17:20:53+08:00 ] /JSJD/mobile.php | NOTIC: [8192] preg_replace(): The /e modifier is deprecated, use preg_replace_callback instead ThinkTemplate.class.php 第 406 行.
[ 2017-03-17T17:20:53+08:00 ] /JSJD/mobile.php | NOTIC: [8192] preg_replace(): The /e modifier is deprecated, use preg_replace_callback instead ThinkTemplate.class.php 第 406 行.
[ 2017-03-17T17:20:53+08:00 ] /JSJD/mobile.php | NOTIC: [8192] preg_replace(): The /e modifier is deprecated, use preg_replace_callback instead ThinkTemplate.class.php 第 406 行.
[ 2017-03-17T17:20:53+08:00 ] /JSJD/mobile.php | NOTIC: [8192] preg_replace(): The /e modifier is deprecated, use preg_replace_callback instead ThinkTemplate.class.php 第 406 行.
[ 2017-03-17T17:20:53+08:00 ] /JSJD/mobile.php | NOTIC: [8192] preg_replace(): The /e modifier is deprecated, use preg_replace_callback instead ThinkTemplate.class.php 第 406 行.
[ 2017-03-17T17:20:53+08:00 ] /JSJD/mobile.php | NOTIC: [8192] preg_replace(): The /e modifier is deprecated, use preg_replace_callback instead ThinkTemplate.class.php 第 406 行.
[ 2017-03-17T17:20:53+08:00 ] /JSJD/mobile.php | NOTIC: [8192] preg_replace(): The /e modifier is deprecated, use preg_replace_callback instead ThinkTemplate.class.php 第 406 行.
[ 2017-03-17T17:20:53+08:00 ] /JSJD/mobile.php | NOTIC: [8192] preg_replace(): The /e modifier is deprecated, use preg_replace_callback instead ThinkTemplate.class.php 第 406 行.
[ 2017-03-17T17:20:53+08:00 ] /JSJD/mobile.php | NOTIC: [8192] preg_replace(): The /e modifier is deprecated, use preg_replace_callback instead ThinkTemplate.class.php 第 406 行.
[ 2017-03-17T17:20:53+08:00 ] /JSJD/mobile.php | NOTIC: [8192] preg_replace(): The /e modifier is deprecated, use preg_replace_callback instead ThinkTemplate.class.php 第 406 行.
[ 2017-03-17T17:20:53+08:00 ] /JSJD/mobile.php | NOTIC: [8192] preg_replace(): The /e modifier is deprecated, use preg_replace_callback instead ThinkTemplate.class.php 第 406 行.
[ 2017-03-17T17:20:53+08:00 ] /JSJD/mobile.php | NOTIC: [8192] preg_replace(): The /e modifier is deprecated, use preg_replace_callback instead ThinkTemplate.class.php 第 406 行.
[ 2017-03-17T17:20:53+08:00 ] /JSJD/mobile.php | NOTIC: [8192] preg_replace(): The /e modifier is deprecated, use preg_replace_callback instead ThinkTemplate.class.php 第 406 行.
[ 2017-03-17T17:20:53+08:00 ] /JSJD/mobile.php | NOTIC: [8192] preg_replace(): The /e modifier is deprecated, use preg_replace_callback instead ThinkTemplate.class.php 第 406 行.
[ 2017-03-17T17:20:53+08:00 ] /JSJD/mobile.php | NOTIC: [8192] preg_replace(): The /e modifier is deprecated, use preg_replace_callback instead ThinkTemplate.class.php 第 406 行.
[ 2017-03-17T17:20:53+08:00 ] /JSJD/mobile.php | NOTIC: [8192] preg_replace(): The /e modifier is deprecated, use preg_replace_callback instead ThinkTemplate.class.php 第 406 行.
[ 2017-03-17T17:20:53+08:00 ] /JSJD/mobile.php | NOTIC: [8192] preg_replace(): The /e modifier is deprecated, use preg_replace_callback instead ThinkTemplate.class.php 第 406 行.
[ 2017-03-17T17:20:53+08:00 ] /JSJD/mobile.php | NOTIC: [8192] preg_replace(): The /e modifier is deprecated, use preg_replace_callback instead ThinkTemplate.class.php 第 406 行.
[ 2017-03-17T17:20:53+08:00 ] /JSJD/mobile.php | NOTIC: [8192] preg_replace(): The /e modifier is deprecated, use preg_replace_callback instead ThinkTemplate.class.php 第 406 行.
[ 2017-03-17T17:20:53+08:00 ] /JSJD/mobile.php | NOTIC: [8192] preg_replace(): The /e modifier is deprecated, use preg_replace_callback instead ThinkTemplate.class.php 第 406 行.
[ 2017-03-17T17:20:53+08:00 ] /JSJD/mobile.php | NOTIC: [8192] preg_replace(): The /e modifier is deprecated, use preg_replace_callback instead ThinkTemplate.class.php 第 406 行.
[ 2017-03-17T17:20:53+08:00 ] /JSJD/mobile.php | NOTIC: [8192] preg_replace(): The /e modifier is deprecated, use preg_replace_callback instead ThinkTemplate.class.php 第 406 行.
[ 2017-03-17T17:20:53+08:00 ] /JSJD/mobile.php | NOTIC: [8192] preg_replace(): The /e modifier is deprecated, use preg_replace_callback instead ThinkTemplate.class.php 第 406 行.
[ 2017-03-17T17:20:53+08:00 ] /JSJD/mobile.php | NOTIC: [8192] preg_replace(): The /e modifier is deprecated, use preg_replace_callback instead ThinkTemplate.class.php 第 406 行.
[ 2017-03-17T17:20:53+08:00 ] /JSJD/mobile.php | NOTIC: [8192] preg_replace(): The /e modifier is deprecated, use preg_replace_callback instead ThinkTemplate.class.php 第 406 行.
[ 2017-03-17T17:20:53+08:00 ] /JSJD/mobile.php | NOTIC: [8192] preg_replace(): The /e modifier is deprecated, use preg_replace_callback instead ThinkTemplate.class.php 第 406 行.
[ 2017-03-17T17:20:53+08:00 ] /JSJD/mobile.php | NOTIC: [8192] preg_replace(): The /e modifier is deprecated, use preg_replace_callback instead ThinkTemplate.class.php 第 406 行.
[ 2017-03-17T17:20:53+08:00 ] /JSJD/mobile.php | NOTIC: [8192] preg_replace(): The /e modifier is deprecated, use preg_replace_callback instead ThinkTemplate.class.php 第 406 行.
[ 2017-03-17T17:20:53+08:00 ] /JSJD/mobile.php | NOTIC: [8192] preg_replace(): The /e modifier is deprecated, use preg_replace_callback instead ThinkTemplate.class.php 第 406 行.
[ 2017-03-17T17:20:53+08:00 ] /JSJD/mobile.php | NOTIC: [8192] preg_replace(): The /e modifier is deprecated, use preg_replace_callback instead ThinkTemplate.class.php 第 406 行.
[ 2017-03-17T17:20:53+08:00 ] /JSJD/mobile.php | NOTIC: [8192] preg_replace(): The /e modifier is deprecated, use preg_replace_callback instead ThinkTemplate.class.php 第 406 行.
[ 2017-03-17T17:20:53+08:00 ] /JSJD/mobile.php | NOTIC: [8192] preg_replace(): The /e modifier is deprecated, use preg_replace_callback instead ThinkTemplate.class.php 第 406 行.
[ 2017-03-17T17:20:53+08:00 ] /JSJD/mobile.php | NOTIC: [8192] preg_replace(): The /e modifier is deprecated, use preg_replace_callback instead ThinkTemplate.class.php 第 406 行.
[ 2017-03-17T17:20:53+08:00 ] /JSJD/mobile.php | NOTIC: [8192] preg_replace(): The /e modifier is deprecated, use preg_replace_callback instead ThinkTemplate.class.php 第 406 行.
[ 2017-03-17T17:20:53+08:00 ] /JSJD/mobile.php | NOTIC: [8192] preg_replace(): The /e modifier is deprecated, use preg_replace_callback instead ThinkTemplate.class.php 第 406 行.
[ 2017-03-17T17:20:53+08:00 ] /JSJD/mobile.php | NOTIC: [8192] preg_replace(): The /e modifier is deprecated, use preg_replace_callback instead ThinkTemplate.class.php 第 406 行.
[ 2017-03-17T17:20:53+08:00 ] /JSJD/mobile.php | NOTIC: [8192] preg_replace(): The /e modifier is deprecated, use preg_replace_callback instead ThinkTemplate.class.php 第 406 行.
[ 2017-03-17T17:20:53+08:00 ] /JSJD/mobile.php | NOTIC: [8192] preg_replace(): The /e modifier is deprecated, use preg_replace_callback instead ThinkTemplate.class.php 第 406 行.
[ 2017-03-17T17:20:53+08:00 ] /JSJD/mobile.php | NOTIC: [8192] preg_replace(): The /e modifier is deprecated, use preg_replace_callback instead ThinkTemplate.class.php 第 406 行.
[ 2017-03-17T17:20:53+08:00 ] /JSJD/mobile.php | NOTIC: [8192] preg_replace(): The /e modifier is deprecated, use preg_replace_callback instead ThinkTemplate.class.php 第 406 行.
[ 2017-03-17T17:20:53+08:00 ] /JSJD/mobile.php | NOTIC: [8192] preg_replace(): The /e modifier is deprecated, use preg_replace_callback instead ThinkTemplate.class.php 第 406 行.
[ 2017-03-17T17:20:53+08:00 ] /JSJD/mobile.php | NOTIC: [8192] preg_replace(): The /e modifier is deprecated, use preg_replace_callback instead ThinkTemplate.class.php 第 406 行.
[ 2017-03-17T17:20:53+08:00 ] /JSJD/mobile.php | NOTIC: [8192] preg_replace(): The /e modifier is deprecated, use preg_replace_callback instead ThinkTemplate.class.php 第 406 行.
[ 2017-03-17T17:20:53+08:00 ] /JSJD/mobile.php | NOTIC: [8192] preg_replace(): The /e modifier is deprecated, use preg_replace_callback instead ThinkTemplate.class.php 第 406 行.
[ 2017-03-17T17:20:53+08:00 ] /JSJD/mobile.php | NOTIC: [8192] preg_replace(): The /e modifier is deprecated, use preg_replace_callback instead ThinkTemplate.class.php 第 406 行.
[ 2017-03-17T17:20:53+08:00 ] /JSJD/mobile.php | NOTIC: [8192] preg_replace(): The /e modifier is deprecated, use preg_replace_callback instead ThinkTemplate.class.php 第 406 行.
[ 2017-03-17T17:20:53+08:00 ] /JSJD/mobile.php | NOTIC: [8192] preg_replace(): The /e modifier is deprecated, use preg_replace_callback instead ThinkTemplate.class.php 第 406 行.
[ 2017-03-17T17:20:53+08:00 ] /JSJD/mobile.php | NOTIC: [8192] preg_replace(): The /e modifier is deprecated, use preg_replace_callback instead ThinkTemplate.class.php 第 406 行.
[ 2017-03-17T17:20:53+08:00 ] /JSJD/mobile.php | NOTIC: [8192] preg_replace(): The /e modifier is deprecated, use preg_replace_callback instead ThinkTemplate.class.php 第 406 行.
[ 2017-03-17T17:20:53+08:00 ] /JSJD/mobile.php | NOTIC: [8192] preg_replace(): The /e modifier is deprecated, use preg_replace_callback instead ThinkTemplate.class.php 第 406 行.
[ 2017-03-17T17:20:53+08:00 ] /JSJD/mobile.php | NOTIC: [8192] preg_replace(): The /e modifier is deprecated, use preg_replace_callback instead ThinkTemplate.class.php 第 406 行.
[ 2017-03-17T17:20:53+08:00 ] /JSJD/mobile.php | NOTIC: [8192] preg_replace(): The /e modifier is deprecated, use preg_replace_callback instead ThinkTemplate.class.php 第 406 行.
[ 2017-03-17T17:20:53+08:00 ] /JSJD/mobile.php | NOTIC: [8192] preg_replace(): The /e modifier is deprecated, use preg_replace_callback instead ThinkTemplate.class.php 第 406 行.
[ 2017-03-17T17:20:53+08:00 ] /JSJD/mobile.php | NOTIC: [8192] preg_replace(): The /e modifier is deprecated, use preg_replace_callback instead ThinkTemplate.class.php 第 406 行.
[ 2017-03-17T17:20:53+08:00 ] /JSJD/mobile.php | NOTIC: [8192] preg_replace(): The /e modifier is deprecated, use preg_replace_callback instead ThinkTemplate.class.php 第 406 行.
[ 2017-03-17T17:20:53+08:00 ] /JSJD/mobile.php | NOTIC: [8192] preg_replace(): The /e modifier is deprecated, use preg_replace_callback instead ThinkTemplate.class.php 第 406 行.
[ 2017-03-17T17:20:53+08:00 ] /JSJD/mobile.php | NOTIC: [8192] preg_replace(): The /e modifier is deprecated, use preg_replace_callback instead ThinkTemplate.class.php 第 406 行.
[ 2017-03-17T17:20:53+08:00 ] /JSJD/mobile.php | NOTIC: [8192] preg_replace(): The /e modifier is deprecated, use preg_replace_callback instead ThinkTemplate.class.php 第 402 行.
[ 2017-03-17T17:20:53+08:00 ] /JSJD/mobile.php | NOTIC: [8192] preg_replace(): The /e modifier is deprecated, use preg_replace_callback instead ThinkTemplate.class.php 第 402 行.
[ 2017-03-17T17:20:53+08:00 ] /JSJD/mobile.php | NOTIC: [8192] preg_replace(): The /e modifier is deprecated, use preg_replace_callback instead ThinkTemplate.class.php 第 402 行.
[ 2017-03-17T17:20:53+08:00 ] /JSJD/mobile.php | NOTIC: [8192] preg_replace(): The /e modifier is deprecated, use preg_replace_callback instead ThinkTemplate.class.php 第 402 行.
[ 2017-03-17T17:20:53+08:00 ] /JSJD/mobile.php | NOTIC: [8192] preg_replace(): The /e modifier is deprecated, use preg_replace_callback instead ThinkTemplate.class.php 第 402 行.
[ 2017-03-17T17:20:53+08:00 ] /JSJD/mobile.php | NOTIC: [8192] preg_replace(): The /e modifier is deprecated, use preg_replace_callback instead ThinkTemplate.class.php 第 402 行.
[ 2017-03-17T17:20:53+08:00 ] /JSJD/mobile.php | NOTIC: [8192] preg_replace(): The /e modifier is deprecated, use preg_replace_callback instead ThinkTemplate.class.php 第 406 行.
[ 2017-03-17T17:20:53+08:00 ] /JSJD/mobile.php | NOTIC: [8192] preg_replace(): The /e modifier is deprecated, use preg_replace_callback instead ThinkTemplate.class.php 第 406 行.
[ 2017-03-17T17:20:53+08:00 ] /JSJD/mobile.php | NOTIC: [8192] preg_replace(): The /e modifier is deprecated, use preg_replace_callback instead ThinkTemplate.class.php 第 406 行.
[ 2017-03-17T17:20:53+08:00 ] /JSJD/mobile.php | NOTIC: [8192] preg_replace(): The /e modifier is deprecated, use preg_replace_callback instead ThinkTemplate.class.php 第 220 行.
[ 2017-03-17T17:20:53+08:00 ] /JSJD/mobile.php | NOTIC: [8192] preg_replace(): The /e modifier is deprecated, use preg_replace_callback instead ThinkTemplate.class.php 第 154 行.
[ 2017-03-17T17:20:53+08:00 ] /JSJD/mobile.php | INFO: Run ParseTemplate Behavior [ RunTime:0.023727s ]
[ 2017-03-17T17:20:53+08:00 ] /JSJD/mobile.php | INFO: Tag[ view_parse ] --END-- [ RunTime:0.023813s ]
[ 2017-03-17T17:20:53+08:00 ] /JSJD/mobile.php | INFO: Tag[ view_filter ] --START--
[ 2017-03-17T17:20:53+08:00 ] /JSJD/mobile.php | INFO: Run ContentReplace Behavior [ RunTime:0.000723s ]
[ 2017-03-17T17:20:53+08:00 ] /JSJD/mobile.php | INFO: Run TokenBuild Behavior [ RunTime:0.000617s ]
[ 2017-03-17T17:20:53+08:00 ] /JSJD/mobile.php | INFO: Run WriteHtmlCache Behavior [ RunTime:0.000442s ]
[ 2017-03-17T17:20:53+08:00 ] /JSJD/mobile.php | INFO: Run ShowRuntime Behavior [ RunTime:0.000629s ]
[ 2017-03-17T17:20:53+08:00 ] /JSJD/mobile.php | INFO: Tag[ view_filter ] --END-- [ RunTime:0.002568s ]
[ 2017-03-17T17:20:53+08:00 ] /JSJD/mobile.php | INFO: Tag[ view_end ] --START--
[ 2017-03-17T17:20:53+08:00 ] /JSJD/mobile.php | INFO: Run ShowPageTrace Behavior [ RunTime:0.000834s ]
[ 2017-03-17T17:20:53+08:00 ] /JSJD/mobile.php | INFO: Tag[ view_end ] --END-- [ RunTime:0.000918s ]
[ 2017-03-17T17:21:06+08:00 ] /JSJD/mobile.php | INFO: Tag[ app_begin ] --START--
[ 2017-03-17T17:21:06+08:00 ] /JSJD/mobile.php | INFO: Run ReadHtmlCache Behavior [ RunTime:0.000552s ]
[ 2017-03-17T17:21:06+08:00 ] /JSJD/mobile.php | INFO: Tag[ app_begin ] --END-- [ RunTime:0.000635s ]
[ 2017-03-17T17:21:06+08:00 ] /JSJD/mobile.php | INFO: Tag[ view_template ] --START--
[ 2017-03-17T17:21:06+08:00 ] /JSJD/mobile.php | INFO: Run LocationTemplate Behavior [ RunTime:0.000778s ]
[ 2017-03-17T17:21:06+08:00 ] /JSJD/mobile.php | INFO: Tag[ view_template ] --END-- [ RunTime:0.000832s ]
[ 2017-03-17T17:21:06+08:00 ] /JSJD/mobile.php | INFO: Tag[ view_parse ] --START--
[ 2017-03-17T17:21:06+08:00 ] /JSJD/mobile.php | NOTIC: [8192] preg_replace(): The /e modifier is deprecated, use preg_replace_callback instead ThinkTemplate.class.php 第 186 行.
[ 2017-03-17T17:21:06+08:00 ] /JSJD/mobile.php | NOTIC: [8192] preg_replace(): The /e modifier is deprecated, use preg_replace_callback instead ThinkTemplate.class.php 第 406 行.
[ 2017-03-17T17:21:06+08:00 ] /JSJD/mobile.php | NOTIC: [8192] preg_replace(): The /e modifier is deprecated, use preg_replace_callback instead ThinkTemplate.class.php 第 406 行.
[ 2017-03-17T17:21:06+08:00 ] /JSJD/mobile.php | NOTIC: [8192] preg_replace(): The /e modifier is deprecated, use preg_replace_callback instead ThinkTemplate.class.php 第 406 行.
[ 2017-03-17T17:21:06+08:00 ] /JSJD/mobile.php | NOTIC: [8192] preg_replace(): The /e modifier is deprecated, use preg_replace_callback instead ThinkTemplate.class.php 第 406 行.
[ 2017-03-17T17:21:06+08:00 ] /JSJD/mobile.php | NOTIC: [8192] preg_replace(): The /e modifier is deprecated, use preg_replace_callback instead ThinkTemplate.class.php 第 406 行.
[ 2017-03-17T17:21:06+08:00 ] /JSJD/mobile.php | NOTIC: [8192] preg_replace(): The /e modifier is deprecated, use preg_replace_callback instead ThinkTemplate.class.php 第 406 行.
[ 2017-03-17T17:21:06+08:00 ] /JSJD/mobile.php | NOTIC: [8192] preg_replace(): The /e modifier is deprecated, use preg_replace_callback instead ThinkTemplate.class.php 第 406 行.
[ 2017-03-17T17:21:06+08:00 ] /JSJD/mobile.php | NOTIC: [8192] preg_replace(): The /e modifier is deprecated, use preg_replace_callback instead ThinkTemplate.class.php 第 406 行.
[ 2017-03-17T17:21:06+08:00 ] /JSJD/mobile.php | NOTIC: [8192] preg_replace(): The /e modifier is deprecated, use preg_replace_callback instead ThinkTemplate.class.php 第 406 行.
[ 2017-03-17T17:21:06+08:00 ] /JSJD/mobile.php | NOTIC: [8192] preg_replace(): The /e modifier is deprecated, use preg_replace_callback instead ThinkTemplate.class.php 第 402 行.
[ 2017-03-17T17:21:06+08:00 ] /JSJD/mobile.php | NOTIC: [8192] preg_replace(): The /e modifier is deprecated, use preg_replace_callback instead ThinkTemplate.class.php 第 402 行.
[ 2017-03-17T17:21:06+08:00 ] /JSJD/mobile.php | NOTIC: [8192] preg_replace(): The /e modifier is deprecated, use preg_replace_callback instead ThinkTemplate.class.php 第 406 行.
[ 2017-03-17T17:21:06+08:00 ] /JSJD/mobile.php | NOTIC: [8192] preg_replace(): The /e modifier is deprecated, use preg_replace_callback instead ThinkTemplate.class.php 第 406 行.
[ 2017-03-17T17:21:06+08:00 ] /JSJD/mobile.php | NOTIC: [8192] preg_replace(): The /e modifier is deprecated, use preg_replace_callback instead ThinkTemplate.class.php 第 406 行.
[ 2017-03-17T17:21:06+08:00 ] /JSJD/mobile.php | NOTIC: [8192] preg_replace(): The /e modifier is deprecated, use preg_replace_callback instead ThinkTemplate.class.php 第 402 行.
[ 2017-03-17T17:21:06+08:00 ] /JSJD/mobile.php | NOTIC: [8192] preg_replace(): The /e modifier is deprecated, use preg_replace_callback instead ThinkTemplate.class.php 第 406 行.
[ 2017-03-17T17:21:06+08:00 ] /JSJD/mobile.php | NOTIC: [8192] preg_replace(): The /e modifier is deprecated, use preg_replace_callback instead ThinkTemplate.class.php 第 406 行.
[ 2017-03-17T17:21:06+08:00 ] /JSJD/mobile.php | NOTIC: [8192] preg_replace(): The /e modifier is deprecated, use preg_replace_callback instead ThinkTemplate.class.php 第 406 行.
[ 2017-03-17T17:21:06+08:00 ] /JSJD/mobile.php | NOTIC: [8192] preg_replace(): The /e modifier is deprecated, use preg_replace_callback instead ThinkTemplate.class.php 第 406 行.
[ 2017-03-17T17:21:06+08:00 ] /JSJD/mobile.php | NOTIC: [8192] preg_replace(): The /e modifier is deprecated, use preg_replace_callback instead ThinkTemplate.class.php 第 406 行.
[ 2017-03-17T17:21:06+08:00 ] /JSJD/mobile.php | NOTIC: [8192] preg_replace(): The /e modifier is deprecated, use preg_replace_callback instead ThinkTemplate.class.php 第 406 行.
[ 2017-03-17T17:21:06+08:00 ] /JSJD/mobile.php | NOTIC: [8192] preg_replace(): The /e modifier is deprecated, use preg_replace_callback instead ThinkTemplate.class.php 第 406 行.
[ 2017-03-17T17:21:06+08:00 ] /JSJD/mobile.php | NOTIC: [8192] preg_replace(): The /e modifier is deprecated, use preg_replace_callback instead ThinkTemplate.class.php 第 406 行.
[ 2017-03-17T17:21:06+08:00 ] /JSJD/mobile.php | NOTIC: [8192] preg_replace(): The /e modifier is deprecated, use preg_replace_callback instead ThinkTemplate.class.php 第 406 行.
[ 2017-03-17T17:21:06+08:00 ] /JSJD/mobile.php | NOTIC: [8192] preg_replace(): The /e modifier is deprecated, use preg_replace_callback instead ThinkTemplate.class.php 第 406 行.
[ 2017-03-17T17:21:06+08:00 ] /JSJD/mobile.php | NOTIC: [8192] preg_replace(): The /e modifier is deprecated, use preg_replace_callback instead ThinkTemplate.class.php 第 406 行.
[ 2017-03-17T17:21:06+08:00 ] /JSJD/mobile.php | NOTIC: [8192] preg_replace(): The /e modifier is deprecated, use preg_replace_callback instead ThinkTemplate.class.php 第 406 行.
[ 2017-03-17T17:21:06+08:00 ] /JSJD/mobile.php | NOTIC: [8192] preg_replace(): The /e modifier is deprecated, use preg_replace_callback instead ThinkTemplate.class.php 第 406 行.
[ 2017-03-17T17:21:06+08:00 ] /JSJD/mobile.php | NOTIC: [8192] preg_replace(): The /e modifier is deprecated, use preg_replace_callback instead ThinkTemplate.class.php 第 406 行.
[ 2017-03-17T17:21:06+08:00 ] /JSJD/mobile.php | NOTIC: [8192] preg_replace(): The /e modifier is deprecated, use preg_replace_callback instead ThinkTemplate.class.php 第 406 行.
[ 2017-03-17T17:21:06+08:00 ] /JSJD/mobile.php | NOTIC: [8192] preg_replace(): The /e modifier is deprecated, use preg_replace_callback instead ThinkTemplate.class.php 第 406 行.
[ 2017-03-17T17:21:06+08:00 ] /JSJD/mobile.php | NOTIC: [8192] preg_replace(): The /e modifier is deprecated, use preg_replace_callback instead ThinkTemplate.class.php 第 406 行.
[ 2017-03-17T17:21:06+08:00 ] /JSJD/mobile.php | NOTIC: [8192] preg_replace(): The /e modifier is deprecated, use preg_replace_callback instead ThinkTemplate.class.php 第 406 行.
[ 2017-03-17T17:21:06+08:00 ] /JSJD/mobile.php | NOTIC: [8192] preg_replace(): The /e modifier is deprecated, use preg_replace_callback instead ThinkTemplate.class.php 第 406 行.
[ 2017-03-17T17:21:06+08:00 ] /JSJD/mobile.php | NOTIC: [8192] preg_replace(): The /e modifier is deprecated, use preg_replace_callback instead ThinkTemplate.class.php 第 406 行.
[ 2017-03-17T17:21:06+08:00 ] /JSJD/mobile.php | NOTIC: [8192] preg_replace(): The /e modifier is deprecated, use preg_replace_callback instead ThinkTemplate.class.php 第 406 行.
[ 2017-03-17T17:21:06+08:00 ] /JSJD/mobile.php | NOTIC: [8192] preg_replace(): The /e modifier is deprecated, use preg_replace_callback instead ThinkTemplate.class.php 第 406 行.
[ 2017-03-17T17:21:06+08:00 ] /JSJD/mobile.php | NOTIC: [8192] preg_replace(): The /e modifier is deprecated, use preg_replace_callback instead ThinkTemplate.class.php 第 406 行.
[ 2017-03-17T17:21:06+08:00 ] /JSJD/mobile.php | NOTIC: [8192] preg_replace(): The /e modifier is deprecated, use preg_replace_callback instead ThinkTemplate.class.php 第 406 行.
[ 2017-03-17T17:21:06+08:00 ] /JSJD/mobile.php | NOTIC: [8192] preg_replace(): The /e modifier is deprecated, use preg_replace_callback instead ThinkTemplate.class.php 第 406 行.
[ 2017-03-17T17:21:06+08:00 ] /JSJD/mobile.php | NOTIC: [8192] preg_replace(): The /e modifier is deprecated, use preg_replace_callback instead ThinkTemplate.class.php 第 406 行.
[ 2017-03-17T17:21:06+08:00 ] /JSJD/mobile.php | NOTIC: [8192] preg_replace(): The /e modifier is deprecated, use preg_replace_callback instead ThinkTemplate.class.php 第 406 行.
[ 2017-03-17T17:21:06+08:00 ] /JSJD/mobile.php | NOTIC: [8192] preg_replace(): The /e modifier is deprecated, use preg_replace_callback instead ThinkTemplate.class.php 第 406 行.
[ 2017-03-17T17:21:06+08:00 ] /JSJD/mobile.php | NOTIC: [8192] preg_replace(): The /e modifier is deprecated, use preg_replace_callback instead ThinkTemplate.class.php 第 406 行.
[ 2017-03-17T17:21:06+08:00 ] /JSJD/mobile.php | NOTIC: [8192] preg_replace(): The /e modifier is deprecated, use preg_replace_callback instead ThinkTemplate.class.php 第 406 行.
[ 2017-03-17T17:21:06+08:00 ] /JSJD/mobile.php | NOTIC: [8192] preg_replace(): The /e modifier is deprecated, use preg_replace_callback instead ThinkTemplate.class.php 第 406 行.
[ 2017-03-17T17:21:06+08:00 ] /JSJD/mobile.php | NOTIC: [8192] preg_replace(): The /e modifier is deprecated, use preg_replace_callback instead ThinkTemplate.class.php 第 406 行.
[ 2017-03-17T17:21:06+08:00 ] /JSJD/mobile.php | NOTIC: [8192] preg_replace(): The /e modifier is deprecated, use preg_replace_callback instead ThinkTemplate.class.php 第 406 行.
[ 2017-03-17T17:21:06+08:00 ] /JSJD/mobile.php | NOTIC: [8192] preg_replace(): The /e modifier is deprecated, use preg_replace_callback instead ThinkTemplate.class.php 第 406 行.
[ 2017-03-17T17:21:06+08:00 ] /JSJD/mobile.php | NOTIC: [8192] preg_replace(): The /e modifier is deprecated, use preg_replace_callback instead ThinkTemplate.class.php 第 406 行.
[ 2017-03-17T17:21:06+08:00 ] /JSJD/mobile.php | NOTIC: [8192] preg_replace(): The /e modifier is deprecated, use preg_replace_callback instead ThinkTemplate.class.php 第 406 行.
[ 2017-03-17T17:21:06+08:00 ] /JSJD/mobile.php | NOTIC: [8192] preg_replace(): The /e modifier is deprecated, use preg_replace_callback instead ThinkTemplate.class.php 第 406 行.
[ 2017-03-17T17:21:06+08:00 ] /JSJD/mobile.php | NOTIC: [8192] preg_replace(): The /e modifier is deprecated, use preg_replace_callback instead ThinkTemplate.class.php 第 406 行.
[ 2017-03-17T17:21:06+08:00 ] /JSJD/mobile.php | NOTIC: [8192] preg_replace(): The /e modifier is deprecated, use preg_replace_callback instead ThinkTemplate.class.php 第 406 行.
[ 2017-03-17T17:21:06+08:00 ] /JSJD/mobile.php | NOTIC: [8192] preg_replace(): The /e modifier is deprecated, use preg_replace_callback instead ThinkTemplate.class.php 第 406 行.
[ 2017-03-17T17:21:06+08:00 ] /JSJD/mobile.php | NOTIC: [8192] preg_replace(): The /e modifier is deprecated, use preg_replace_callback instead ThinkTemplate.class.php 第 406 行.
[ 2017-03-17T17:21:06+08:00 ] /JSJD/mobile.php | NOTIC: [8192] preg_replace(): The /e modifier is deprecated, use preg_replace_callback instead ThinkTemplate.class.php 第 406 行.
[ 2017-03-17T17:21:06+08:00 ] /JSJD/mobile.php | NOTIC: [8192] preg_replace(): The /e modifier is deprecated, use preg_replace_callback instead ThinkTemplate.class.php 第 406 行.
[ 2017-03-17T17:21:06+08:00 ] /JSJD/mobile.php | NOTIC: [8192] preg_replace(): The /e modifier is deprecated, use preg_replace_callback instead ThinkTemplate.class.php 第 406 行.
[ 2017-03-17T17:21:06+08:00 ] /JSJD/mobile.php | NOTIC: [8192] preg_replace(): The /e modifier is deprecated, use preg_replace_callback instead ThinkTemplate.class.php 第 406 行.
[ 2017-03-17T17:21:06+08:00 ] /JSJD/mobile.php | NOTIC: [8192] preg_replace(): The /e modifier is deprecated, use preg_replace_callback instead ThinkTemplate.class.php 第 406 行.
[ 2017-03-17T17:21:06+08:00 ] /JSJD/mobile.php | NOTIC: [8192] preg_replace(): The /e modifier is deprecated, use preg_replace_callback instead ThinkTemplate.class.php 第 406 行.
[ 2017-03-17T17:21:06+08:00 ] /JSJD/mobile.php | NOTIC: [8192] preg_replace(): The /e modifier is deprecated, use preg_replace_callback instead ThinkTemplate.class.php 第 406 行.
[ 2017-03-17T17:21:06+08:00 ] /JSJD/mobile.php | NOTIC: [8192] preg_replace(): The /e modifier is deprecated, use preg_replace_callback instead ThinkTemplate.class.php 第 406 行.
[ 2017-03-17T17:21:06+08:00 ] /JSJD/mobile.php | NOTIC: [8192] preg_replace(): The /e modifier is deprecated, use preg_replace_callback instead ThinkTemplate.class.php 第 406 行.
[ 2017-03-17T17:21:06+08:00 ] /JSJD/mobile.php | NOTIC: [8192] preg_replace(): The /e modifier is deprecated, use preg_replace_callback instead ThinkTemplate.class.php 第 406 行.
[ 2017-03-17T17:21:06+08:00 ] /JSJD/mobile.php | NOTIC: [8192] preg_replace(): The /e modifier is deprecated, use preg_replace_callback instead ThinkTemplate.class.php 第 406 行.
[ 2017-03-17T17:21:06+08:00 ] /JSJD/mobile.php | NOTIC: [8192] preg_replace(): The /e modifier is deprecated, use preg_replace_callback instead ThinkTemplate.class.php 第 406 行.
[ 2017-03-17T17:21:06+08:00 ] /JSJD/mobile.php | NOTIC: [8192] preg_replace(): The /e modifier is deprecated, use preg_replace_callback instead ThinkTemplate.class.php 第 406 行.
[ 2017-03-17T17:21:06+08:00 ] /JSJD/mobile.php | NOTIC: [8192] preg_replace(): The /e modifier is deprecated, use preg_replace_callback instead ThinkTemplate.class.php 第 406 行.
[ 2017-03-17T17:21:06+08:00 ] /JSJD/mobile.php | NOTIC: [8192] preg_replace(): The /e modifier is deprecated, use preg_replace_callback instead ThinkTemplate.class.php 第 406 行.
[ 2017-03-17T17:21:06+08:00 ] /JSJD/mobile.php | NOTIC: [8192] preg_replace(): The /e modifier is deprecated, use preg_replace_callback instead ThinkTemplate.class.php 第 406 行.
[ 2017-03-17T17:21:06+08:00 ] /JSJD/mobile.php | NOTIC: [8192] preg_replace(): The /e modifier is deprecated, use preg_replace_callback instead ThinkTemplate.class.php 第 406 行.
[ 2017-03-17T17:21:06+08:00 ] /JSJD/mobile.php | NOTIC: [8192] preg_replace(): The /e modifier is deprecated, use preg_replace_callback instead ThinkTemplate.class.php 第 406 行.
[ 2017-03-17T17:21:06+08:00 ] /JSJD/mobile.php | NOTIC: [8192] preg_replace(): The /e modifier is deprecated, use preg_replace_callback instead ThinkTemplate.class.php 第 406 行.
[ 2017-03-17T17:21:06+08:00 ] /JSJD/mobile.php | NOTIC: [8192] preg_replace(): The /e modifier is deprecated, use preg_replace_callback instead ThinkTemplate.class.php 第 406 行.
[ 2017-03-17T17:21:06+08:00 ] /JSJD/mobile.php | NOTIC: [8192] preg_replace(): The /e modifier is deprecated, use preg_replace_callback instead ThinkTemplate.class.php 第 406 行.
[ 2017-03-17T17:21:06+08:00 ] /JSJD/mobile.php | NOTIC: [8192] preg_replace(): The /e modifier is deprecated, use preg_replace_callback instead ThinkTemplate.class.php 第 406 行.
[ 2017-03-17T17:21:06+08:00 ] /JSJD/mobile.php | NOTIC: [8192] preg_replace(): The /e modifier is deprecated, use preg_replace_callback instead ThinkTemplate.class.php 第 406 行.
[ 2017-03-17T17:21:06+08:00 ] /JSJD/mobile.php | NOTIC: [8192] preg_replace(): The /e modifier is deprecated, use preg_replace_callback instead ThinkTemplate.class.php 第 406 行.
[ 2017-03-17T17:21:06+08:00 ] /JSJD/mobile.php | NOTIC: [8192] preg_replace(): The /e modifier is deprecated, use preg_replace_callback instead ThinkTemplate.class.php 第 406 行.
[ 2017-03-17T17:21:06+08:00 ] /JSJD/mobile.php | NOTIC: [8192] preg_replace(): The /e modifier is deprecated, use preg_replace_callback instead ThinkTemplate.class.php 第 402 行.
[ 2017-03-17T17:21:06+08:00 ] /JSJD/mobile.php | NOTIC: [8192] preg_replace(): The /e modifier is deprecated, use preg_replace_callback instead ThinkTemplate.class.php 第 402 行.
[ 2017-03-17T17:21:06+08:00 ] /JSJD/mobile.php | NOTIC: [8192] preg_replace(): The /e modifier is deprecated, use preg_replace_callback instead ThinkTemplate.class.php 第 402 行.
[ 2017-03-17T17:21:06+08:00 ] /JSJD/mobile.php | NOTIC: [8192] preg_replace(): The /e modifier is deprecated, use preg_replace_callback instead ThinkTemplate.class.php 第 402 行.
[ 2017-03-17T17:21:06+08:00 ] /JSJD/mobile.php | NOTIC: [8192] preg_replace(): The /e modifier is deprecated, use preg_replace_callback instead ThinkTemplate.class.php 第 402 行.
[ 2017-03-17T17:21:06+08:00 ] /JSJD/mobile.php | NOTIC: [8192] preg_replace(): The /e modifier is deprecated, use preg_replace_callback instead ThinkTemplate.class.php 第 402 行.
[ 2017-03-17T17:21:06+08:00 ] /JSJD/mobile.php | NOTIC: [8192] preg_replace(): The /e modifier is deprecated, use preg_replace_callback instead ThinkTemplate.class.php 第 406 行.
[ 2017-03-17T17:21:06+08:00 ] /JSJD/mobile.php | NOTIC: [8192] preg_replace(): The /e modifier is deprecated, use preg_replace_callback instead ThinkTemplate.class.php 第 406 行.
[ 2017-03-17T17:21:06+08:00 ] /JSJD/mobile.php | NOTIC: [8192] preg_replace(): The /e modifier is deprecated, use preg_replace_callback instead ThinkTemplate.class.php 第 406 行.
[ 2017-03-17T17:21:06+08:00 ] /JSJD/mobile.php | NOTIC: [8192] preg_replace(): The /e modifier is deprecated, use preg_replace_callback instead ThinkTemplate.class.php 第 220 行.
[ 2017-03-17T17:21:06+08:00 ] /JSJD/mobile.php | NOTIC: [8192] preg_replace(): The /e modifier is deprecated, use preg_replace_callback instead ThinkTemplate.class.php 第 154 行.
[ 2017-03-17T17:21:06+08:00 ] /JSJD/mobile.php | INFO: Run ParseTemplate Behavior [ RunTime:0.013677s ]
[ 2017-03-17T17:21:06+08:00 ] /JSJD/mobile.php | INFO: Tag[ view_parse ] --END-- [ RunTime:0.013820s ]
[ 2017-03-17T17:21:06+08:00 ] /JSJD/mobile.php | INFO: Tag[ view_filter ] --START--
[ 2017-03-17T17:21:06+08:00 ] /JSJD/mobile.php | INFO: Run ContentReplace Behavior [ RunTime:0.000995s ]
[ 2017-03-17T17:21:06+08:00 ] /JSJD/mobile.php | INFO: Run TokenBuild Behavior [ RunTime:0.000765s ]
[ 2017-03-17T17:21:06+08:00 ] /JSJD/mobile.php | INFO: Run WriteHtmlCache Behavior [ RunTime:0.000558s ]
[ 2017-03-17T17:21:06+08:00 ] /JSJD/mobile.php | INFO: Run ShowRuntime Behavior [ RunTime:0.000591s ]
[ 2017-03-17T17:21:06+08:00 ] /JSJD/mobile.php | INFO: Tag[ view_filter ] --END-- [ RunTime:0.003104s ]
[ 2017-03-17T17:21:06+08:00 ] /JSJD/mobile.php | INFO: Tag[ view_end ] --START--
[ 2017-03-17T17:21:06+08:00 ] /JSJD/mobile.php | INFO: Run ShowPageTrace Behavior [ RunTime:0.000692s ]
[ 2017-03-17T17:21:06+08:00 ] /JSJD/mobile.php | INFO: Tag[ view_end ] --END-- [ RunTime:0.000812s ]
[ 2017-03-17T17:21:15+08:00 ] /JSJD/mobile.php | INFO: Tag[ app_begin ] --START--
[ 2017-03-17T17:21:15+08:00 ] /JSJD/mobile.php | INFO: Run ReadHtmlCache Behavior [ RunTime:0.000696s ]
[ 2017-03-17T17:21:15+08:00 ] /JSJD/mobile.php | INFO: Tag[ app_begin ] --END-- [ RunTime:0.000762s ]
[ 2017-03-17T17:21:15+08:00 ] /JSJD/mobile.php | INFO: Tag[ view_template ] --START--
[ 2017-03-17T17:21:15+08:00 ] /JSJD/mobile.php | INFO: Run LocationTemplate Behavior [ RunTime:0.001440s ]
[ 2017-03-17T17:21:15+08:00 ] /JSJD/mobile.php | INFO: Tag[ view_template ] --END-- [ RunTime:0.001502s ]
[ 2017-03-17T17:21:15+08:00 ] /JSJD/mobile.php | INFO: Tag[ view_parse ] --START--
[ 2017-03-17T17:21:15+08:00 ] /JSJD/mobile.php | NOTIC: [8192] preg_replace(): The /e modifier is deprecated, use preg_replace_callback instead ThinkTemplate.class.php 第 186 行.
[ 2017-03-17T17:21:15+08:00 ] /JSJD/mobile.php | NOTIC: [8192] preg_replace(): The /e modifier is deprecated, use preg_replace_callback instead ThinkTemplate.class.php 第 406 行.
[ 2017-03-17T17:21:15+08:00 ] /JSJD/mobile.php | NOTIC: [8192] preg_replace(): The /e modifier is deprecated, use preg_replace_callback instead ThinkTemplate.class.php 第 406 行.
[ 2017-03-17T17:21:15+08:00 ] /JSJD/mobile.php | NOTIC: [8192] preg_replace(): The /e modifier is deprecated, use preg_replace_callback instead ThinkTemplate.class.php 第 406 行.
[ 2017-03-17T17:21:15+08:00 ] /JSJD/mobile.php | NOTIC: [8192] preg_replace(): The /e modifier is deprecated, use preg_replace_callback instead ThinkTemplate.class.php 第 406 行.
[ 2017-03-17T17:21:15+08:00 ] /JSJD/mobile.php | NOTIC: [8192] preg_replace(): The /e modifier is deprecated, use preg_replace_callback instead ThinkTemplate.class.php 第 406 行.
[ 2017-03-17T17:21:15+08:00 ] /JSJD/mobile.php | NOTIC: [8192] preg_replace(): The /e modifier is deprecated, use preg_replace_callback instead ThinkTemplate.class.php 第 406 行.
[ 2017-03-17T17:21:15+08:00 ] /JSJD/mobile.php | NOTIC: [8192] preg_replace(): The /e modifier is deprecated, use preg_replace_callback instead ThinkTemplate.class.php 第 406 行.
[ 2017-03-17T17:21:15+08:00 ] /JSJD/mobile.php | NOTIC: [8192] preg_replace(): The /e modifier is deprecated, use preg_replace_callback instead ThinkTemplate.class.php 第 406 行.
[ 2017-03-17T17:21:15+08:00 ] /JSJD/mobile.php | NOTIC: [8192] preg_replace(): The /e modifier is deprecated, use preg_replace_callback instead ThinkTemplate.class.php 第 406 行.
[ 2017-03-17T17:21:15+08:00 ] /JSJD/mobile.php | NOTIC: [8192] preg_replace(): The /e modifier is deprecated, use preg_replace_callback instead ThinkTemplate.class.php 第 402 行.
[ 2017-03-17T17:21:15+08:00 ] /JSJD/mobile.php | NOTIC: [8192] preg_replace(): The /e modifier is deprecated, use preg_replace_callback instead ThinkTemplate.class.php 第 402 行.
[ 2017-03-17T17:21:15+08:00 ] /JSJD/mobile.php | NOTIC: [8192] preg_replace(): The /e modifier is deprecated, use preg_replace_callback instead ThinkTemplate.class.php 第 406 行.
[ 2017-03-17T17:21:15+08:00 ] /JSJD/mobile.php | NOTIC: [8192] preg_replace(): The /e modifier is deprecated, use preg_replace_callback instead ThinkTemplate.class.php 第 406 行.
[ 2017-03-17T17:21:15+08:00 ] /JSJD/mobile.php | NOTIC: [8192] preg_replace(): The /e modifier is deprecated, use preg_replace_callback instead ThinkTemplate.class.php 第 406 行.
[ 2017-03-17T17:21:15+08:00 ] /JSJD/mobile.php | NOTIC: [8192] preg_replace(): The /e modifier is deprecated, use preg_replace_callback instead ThinkTemplate.class.php 第 402 行.
[ 2017-03-17T17:21:15+08:00 ] /JSJD/mobile.php | NOTIC: [8192] preg_replace(): The /e modifier is deprecated, use preg_replace_callback instead ThinkTemplate.class.php 第 406 行.
[ 2017-03-17T17:21:15+08:00 ] /JSJD/mobile.php | NOTIC: [8192] preg_replace(): The /e modifier is deprecated, use preg_replace_callback instead ThinkTemplate.class.php 第 406 行.
[ 2017-03-17T17:21:15+08:00 ] /JSJD/mobile.php | NOTIC: [8192] preg_replace(): The /e modifier is deprecated, use preg_replace_callback instead ThinkTemplate.class.php 第 406 行.
[ 2017-03-17T17:21:15+08:00 ] /JSJD/mobile.php | NOTIC: [8192] preg_replace(): The /e modifier is deprecated, use preg_replace_callback instead ThinkTemplate.class.php 第 406 行.
[ 2017-03-17T17:21:15+08:00 ] /JSJD/mobile.php | NOTIC: [8192] preg_replace(): The /e modifier is deprecated, use preg_replace_callback instead ThinkTemplate.class.php 第 406 行.
[ 2017-03-17T17:21:15+08:00 ] /JSJD/mobile.php | NOTIC: [8192] preg_replace(): The /e modifier is deprecated, use preg_replace_callback instead ThinkTemplate.class.php 第 406 行.
[ 2017-03-17T17:21:15+08:00 ] /JSJD/mobile.php | NOTIC: [8192] preg_replace(): The /e modifier is deprecated, use preg_replace_callback instead ThinkTemplate.class.php 第 406 行.
[ 2017-03-17T17:21:15+08:00 ] /JSJD/mobile.php | NOTIC: [8192] preg_replace(): The /e modifier is deprecated, use preg_replace_callback instead ThinkTemplate.class.php 第 406 行.
[ 2017-03-17T17:21:15+08:00 ] /JSJD/mobile.php | NOTIC: [8192] preg_replace(): The /e modifier is deprecated, use preg_replace_callback instead ThinkTemplate.class.php 第 406 行.
[ 2017-03-17T17:21:15+08:00 ] /JSJD/mobile.php | NOTIC: [8192] preg_replace(): The /e modifier is deprecated, use preg_replace_callback instead ThinkTemplate.class.php 第 406 行.
[ 2017-03-17T17:21:15+08:00 ] /JSJD/mobile.php | NOTIC: [8192] preg_replace(): The /e modifier is deprecated, use preg_replace_callback instead ThinkTemplate.class.php 第 406 行.
[ 2017-03-17T17:21:15+08:00 ] /JSJD/mobile.php | NOTIC: [8192] preg_replace(): The /e modifier is deprecated, use preg_replace_callback instead ThinkTemplate.class.php 第 406 行.
[ 2017-03-17T17:21:15+08:00 ] /JSJD/mobile.php | NOTIC: [8192] preg_replace(): The /e modifier is deprecated, use preg_replace_callback instead ThinkTemplate.class.php 第 406 行.
[ 2017-03-17T17:21:15+08:00 ] /JSJD/mobile.php | NOTIC: [8192] preg_replace(): The /e modifier is deprecated, use preg_replace_callback instead ThinkTemplate.class.php 第 406 行.
[ 2017-03-17T17:21:15+08:00 ] /JSJD/mobile.php | NOTIC: [8192] preg_replace(): The /e modifier is deprecated, use preg_replace_callback instead ThinkTemplate.class.php 第 406 行.
[ 2017-03-17T17:21:15+08:00 ] /JSJD/mobile.php | NOTIC: [8192] preg_replace(): The /e modifier is deprecated, use preg_replace_callback instead ThinkTemplate.class.php 第 406 行.
[ 2017-03-17T17:21:15+08:00 ] /JSJD/mobile.php | NOTIC: [8192] preg_replace(): The /e modifier is deprecated, use preg_replace_callback instead ThinkTemplate.class.php 第 406 行.
[ 2017-03-17T17:21:15+08:00 ] /JSJD/mobile.php | NOTIC: [8192] preg_replace(): The /e modifier is deprecated, use preg_replace_callback instead ThinkTemplate.class.php 第 406 行.
[ 2017-03-17T17:21:15+08:00 ] /JSJD/mobile.php | NOTIC: [8192] preg_replace(): The /e modifier is deprecated, use preg_replace_callback instead ThinkTemplate.class.php 第 406 行.
[ 2017-03-17T17:21:15+08:00 ] /JSJD/mobile.php | NOTIC: [8192] preg_replace(): The /e modifier is deprecated, use preg_replace_callback instead ThinkTemplate.class.php 第 406 行.
[ 2017-03-17T17:21:15+08:00 ] /JSJD/mobile.php | NOTIC: [8192] preg_replace(): The /e modifier is deprecated, use preg_replace_callback instead ThinkTemplate.class.php 第 406 行.
[ 2017-03-17T17:21:15+08:00 ] /JSJD/mobile.php | NOTIC: [8192] preg_replace(): The /e modifier is deprecated, use preg_replace_callback instead ThinkTemplate.class.php 第 406 行.
[ 2017-03-17T17:21:15+08:00 ] /JSJD/mobile.php | NOTIC: [8192] preg_replace(): The /e modifier is deprecated, use preg_replace_callback instead ThinkTemplate.class.php 第 406 行.
[ 2017-03-17T17:21:15+08:00 ] /JSJD/mobile.php | NOTIC: [8192] preg_replace(): The /e modifier is deprecated, use preg_replace_callback instead ThinkTemplate.class.php 第 406 行.
[ 2017-03-17T17:21:15+08:00 ] /JSJD/mobile.php | NOTIC: [8192] preg_replace(): The /e modifier is deprecated, use preg_replace_callback instead ThinkTemplate.class.php 第 406 行.
[ 2017-03-17T17:21:15+08:00 ] /JSJD/mobile.php | NOTIC: [8192] preg_replace(): The /e modifier is deprecated, use preg_replace_callback instead ThinkTemplate.class.php 第 406 行.
[ 2017-03-17T17:21:15+08:00 ] /JSJD/mobile.php | NOTIC: [8192] preg_replace(): The /e modifier is deprecated, use preg_replace_callback instead ThinkTemplate.class.php 第 406 行.
[ 2017-03-17T17:21:15+08:00 ] /JSJD/mobile.php | NOTIC: [8192] preg_replace(): The /e modifier is deprecated, use preg_replace_callback instead ThinkTemplate.class.php 第 406 行.
[ 2017-03-17T17:21:15+08:00 ] /JSJD/mobile.php | NOTIC: [8192] preg_replace(): The /e modifier is deprecated, use preg_replace_callback instead ThinkTemplate.class.php 第 406 行.
[ 2017-03-17T17:21:15+08:00 ] /JSJD/mobile.php | NOTIC: [8192] preg_replace(): The /e modifier is deprecated, use preg_replace_callback instead ThinkTemplate.class.php 第 406 行.
[ 2017-03-17T17:21:15+08:00 ] /JSJD/mobile.php | NOTIC: [8192] preg_replace(): The /e modifier is deprecated, use preg_replace_callback instead ThinkTemplate.class.php 第 406 行.
[ 2017-03-17T17:21:15+08:00 ] /JSJD/mobile.php | NOTIC: [8192] preg_replace(): The /e modifier is deprecated, use preg_replace_callback instead ThinkTemplate.class.php 第 406 行.
[ 2017-03-17T17:21:15+08:00 ] /JSJD/mobile.php | NOTIC: [8192] preg_replace(): The /e modifier is deprecated, use preg_replace_callback instead ThinkTemplate.class.php 第 406 行.
[ 2017-03-17T17:21:15+08:00 ] /JSJD/mobile.php | NOTIC: [8192] preg_replace(): The /e modifier is deprecated, use preg_replace_callback instead ThinkTemplate.class.php 第 406 行.
[ 2017-03-17T17:21:15+08:00 ] /JSJD/mobile.php | NOTIC: [8192] preg_replace(): The /e modifier is deprecated, use preg_replace_callback instead ThinkTemplate.class.php 第 406 行.
[ 2017-03-17T17:21:15+08:00 ] /JSJD/mobile.php | NOTIC: [8192] preg_replace(): The /e modifier is deprecated, use preg_replace_callback instead ThinkTemplate.class.php 第 406 行.
[ 2017-03-17T17:21:15+08:00 ] /JSJD/mobile.php | NOTIC: [8192] preg_replace(): The /e modifier is deprecated, use preg_replace_callback instead ThinkTemplate.class.php 第 406 行.
[ 2017-03-17T17:21:15+08:00 ] /JSJD/mobile.php | NOTIC: [8192] preg_replace(): The /e modifier is deprecated, use preg_replace_callback instead ThinkTemplate.class.php 第 406 行.
[ 2017-03-17T17:21:15+08:00 ] /JSJD/mobile.php | NOTIC: [8192] preg_replace(): The /e modifier is deprecated, use preg_replace_callback instead ThinkTemplate.class.php 第 406 行.
[ 2017-03-17T17:21:15+08:00 ] /JSJD/mobile.php | NOTIC: [8192] preg_replace(): The /e modifier is deprecated, use preg_replace_callback instead ThinkTemplate.class.php 第 406 行.
[ 2017-03-17T17:21:15+08:00 ] /JSJD/mobile.php | NOTIC: [8192] preg_replace(): The /e modifier is deprecated, use preg_replace_callback instead ThinkTemplate.class.php 第 406 行.
[ 2017-03-17T17:21:15+08:00 ] /JSJD/mobile.php | NOTIC: [8192] preg_replace(): The /e modifier is deprecated, use preg_replace_callback instead ThinkTemplate.class.php 第 406 行.
[ 2017-03-17T17:21:15+08:00 ] /JSJD/mobile.php | NOTIC: [8192] preg_replace(): The /e modifier is deprecated, use preg_replace_callback instead ThinkTemplate.class.php 第 406 行.
[ 2017-03-17T17:21:15+08:00 ] /JSJD/mobile.php | NOTIC: [8192] preg_replace(): The /e modifier is deprecated, use preg_replace_callback instead ThinkTemplate.class.php 第 406 行.
[ 2017-03-17T17:21:15+08:00 ] /JSJD/mobile.php | NOTIC: [8192] preg_replace(): The /e modifier is deprecated, use preg_replace_callback instead ThinkTemplate.class.php 第 406 行.
[ 2017-03-17T17:21:15+08:00 ] /JSJD/mobile.php | NOTIC: [8192] preg_replace(): The /e modifier is deprecated, use preg_replace_callback instead ThinkTemplate.class.php 第 406 行.
[ 2017-03-17T17:21:15+08:00 ] /JSJD/mobile.php | NOTIC: [8192] preg_replace(): The /e modifier is deprecated, use preg_replace_callback instead ThinkTemplate.class.php 第 406 行.
[ 2017-03-17T17:21:15+08:00 ] /JSJD/mobile.php | NOTIC: [8192] preg_replace(): The /e modifier is deprecated, use preg_replace_callback instead ThinkTemplate.class.php 第 406 行.
[ 2017-03-17T17:21:15+08:00 ] /JSJD/mobile.php | NOTIC: [8192] preg_replace(): The /e modifier is deprecated, use preg_replace_callback instead ThinkTemplate.class.php 第 406 行.
[ 2017-03-17T17:21:15+08:00 ] /JSJD/mobile.php | NOTIC: [8192] preg_replace(): The /e modifier is deprecated, use preg_replace_callback instead ThinkTemplate.class.php 第 406 行.
[ 2017-03-17T17:21:15+08:00 ] /JSJD/mobile.php | NOTIC: [8192] preg_replace(): The /e modifier is deprecated, use preg_replace_callback instead ThinkTemplate.class.php 第 406 行.
[ 2017-03-17T17:21:15+08:00 ] /JSJD/mobile.php | NOTIC: [8192] preg_replace(): The /e modifier is deprecated, use preg_replace_callback instead ThinkTemplate.class.php 第 406 行.
[ 2017-03-17T17:21:15+08:00 ] /JSJD/mobile.php | NOTIC: [8192] preg_replace(): The /e modifier is deprecated, use preg_replace_callback instead ThinkTemplate.class.php 第 406 行.
[ 2017-03-17T17:21:15+08:00 ] /JSJD/mobile.php | NOTIC: [8192] preg_replace(): The /e modifier is deprecated, use preg_replace_callback instead ThinkTemplate.class.php 第 406 行.
[ 2017-03-17T17:21:15+08:00 ] /JSJD/mobile.php | NOTIC: [8192] preg_replace(): The /e modifier is deprecated, use preg_replace_callback instead ThinkTemplate.class.php 第 406 行.
[ 2017-03-17T17:21:15+08:00 ] /JSJD/mobile.php | NOTIC: [8192] preg_replace(): The /e modifier is deprecated, use preg_replace_callback instead ThinkTemplate.class.php 第 406 行.
[ 2017-03-17T17:21:15+08:00 ] /JSJD/mobile.php | NOTIC: [8192] preg_replace(): The /e modifier is deprecated, use preg_replace_callback instead ThinkTemplate.class.php 第 406 行.
[ 2017-03-17T17:21:15+08:00 ] /JSJD/mobile.php | NOTIC: [8192] preg_replace(): The /e modifier is deprecated, use preg_replace_callback instead ThinkTemplate.class.php 第 406 行.
[ 2017-03-17T17:21:15+08:00 ] /JSJD/mobile.php | NOTIC: [8192] preg_replace(): The /e modifier is deprecated, use preg_replace_callback instead ThinkTemplate.class.php 第 406 行.
[ 2017-03-17T17:21:15+08:00 ] /JSJD/mobile.php | NOTIC: [8192] preg_replace(): The /e modifier is deprecated, use preg_replace_callback instead ThinkTemplate.class.php 第 406 行.
[ 2017-03-17T17:21:15+08:00 ] /JSJD/mobile.php | NOTIC: [8192] preg_replace(): The /e modifier is deprecated, use preg_replace_callback instead ThinkTemplate.class.php 第 406 行.
[ 2017-03-17T17:21:15+08:00 ] /JSJD/mobile.php | NOTIC: [8192] preg_replace(): The /e modifier is deprecated, use preg_replace_callback instead ThinkTemplate.class.php 第 406 行.
[ 2017-03-17T17:21:15+08:00 ] /JSJD/mobile.php | NOTIC: [8192] preg_replace(): The /e modifier is deprecated, use preg_replace_callback instead ThinkTemplate.class.php 第 406 行.
[ 2017-03-17T17:21:15+08:00 ] /JSJD/mobile.php | NOTIC: [8192] preg_replace(): The /e modifier is deprecated, use preg_replace_callback instead ThinkTemplate.class.php 第 406 行.
[ 2017-03-17T17:21:15+08:00 ] /JSJD/mobile.php | NOTIC: [8192] preg_replace(): The /e modifier is deprecated, use preg_replace_callback instead ThinkTemplate.class.php 第 406 行.
[ 2017-03-17T17:21:15+08:00 ] /JSJD/mobile.php | NOTIC: [8192] preg_replace(): The /e modifier is deprecated, use preg_replace_callback instead ThinkTemplate.class.php 第 406 行.
[ 2017-03-17T17:21:15+08:00 ] /JSJD/mobile.php | NOTIC: [8192] preg_replace(): The /e modifier is deprecated, use preg_replace_callback instead ThinkTemplate.class.php 第 402 行.
[ 2017-03-17T17:21:15+08:00 ] /JSJD/mobile.php | NOTIC: [8192] preg_replace(): The /e modifier is deprecated, use preg_replace_callback instead ThinkTemplate.class.php 第 402 行.
[ 2017-03-17T17:21:15+08:00 ] /JSJD/mobile.php | NOTIC: [8192] preg_replace(): The /e modifier is deprecated, use preg_replace_callback instead ThinkTemplate.class.php 第 402 行.
[ 2017-03-17T17:21:15+08:00 ] /JSJD/mobile.php | NOTIC: [8192] preg_replace(): The /e modifier is deprecated, use preg_replace_callback instead ThinkTemplate.class.php 第 402 行.
[ 2017-03-17T17:21:15+08:00 ] /JSJD/mobile.php | NOTIC: [8192] preg_replace(): The /e modifier is deprecated, use preg_replace_callback instead ThinkTemplate.class.php 第 402 行.
[ 2017-03-17T17:21:15+08:00 ] /JSJD/mobile.php | NOTIC: [8192] preg_replace(): The /e modifier is deprecated, use preg_replace_callback instead ThinkTemplate.class.php 第 402 行.
[ 2017-03-17T17:21:15+08:00 ] /JSJD/mobile.php | NOTIC: [8192] preg_replace(): The /e modifier is deprecated, use preg_replace_callback instead ThinkTemplate.class.php 第 406 行.
[ 2017-03-17T17:21:15+08:00 ] /JSJD/mobile.php | NOTIC: [8192] preg_replace(): The /e modifier is deprecated, use preg_replace_callback instead ThinkTemplate.class.php 第 406 行.
[ 2017-03-17T17:21:15+08:00 ] /JSJD/mobile.php | NOTIC: [8192] preg_replace(): The /e modifier is deprecated, use preg_replace_callback instead ThinkTemplate.class.php 第 406 行.
[ 2017-03-17T17:21:15+08:00 ] /JSJD/mobile.php | NOTIC: [8192] preg_replace(): The /e modifier is deprecated, use preg_replace_callback instead ThinkTemplate.class.php 第 220 行.
[ 2017-03-17T17:21:15+08:00 ] /JSJD/mobile.php | NOTIC: [8192] preg_replace(): The /e modifier is deprecated, use preg_replace_callback instead ThinkTemplate.class.php 第 154 行.
[ 2017-03-17T17:21:15+08:00 ] /JSJD/mobile.php | INFO: Run ParseTemplate Behavior [ RunTime:0.013341s ]
[ 2017-03-17T17:21:15+08:00 ] /JSJD/mobile.php | INFO: Tag[ view_parse ] --END-- [ RunTime:0.013394s ]
[ 2017-03-17T17:21:15+08:00 ] /JSJD/mobile.php | INFO: Tag[ view_filter ] --START--
[ 2017-03-17T17:21:15+08:00 ] /JSJD/mobile.php | INFO: Run ContentReplace Behavior [ RunTime:0.000677s ]
[ 2017-03-17T17:21:15+08:00 ] /JSJD/mobile.php | INFO: Run TokenBuild Behavior [ RunTime:0.000662s ]
[ 2017-03-17T17:21:15+08:00 ] /JSJD/mobile.php | INFO: Run WriteHtmlCache Behavior [ RunTime:0.000380s ]
[ 2017-03-17T17:21:15+08:00 ] /JSJD/mobile.php | INFO: Run ShowRuntime Behavior [ RunTime:0.000559s ]
[ 2017-03-17T17:21:15+08:00 ] /JSJD/mobile.php | INFO: Tag[ view_filter ] --END-- [ RunTime:0.002423s ]
[ 2017-03-17T17:21:15+08:00 ] /JSJD/mobile.php | INFO: Tag[ view_end ] --START--
[ 2017-03-17T17:21:15+08:00 ] /JSJD/mobile.php | INFO: Run ShowPageTrace Behavior [ RunTime:0.000583s ]
[ 2017-03-17T17:21:15+08:00 ] /JSJD/mobile.php | INFO: Tag[ view_end ] --END-- [ RunTime:0.000635s ]
