[ 2017-05-20T21:16:22+08:00 ] /JSJD/index.php/js/jquery.bxslider.min.js | ERR: (ThinkException) 无法加载模块js
[ 2017-05-20T21:16:23+08:00 ] /JSJD/index.php/News/index | INFO: Tag[ route_check ] --START--
[ 2017-05-20T21:16:23+08:00 ] /JSJD/index.php/News/index | INFO: Run CheckRoute Behavior [ RunTime:0.000733s ]
[ 2017-05-20T21:16:23+08:00 ] /JSJD/index.php/News/index | INFO: Tag[ route_check ] --END-- [ RunTime:0.000816s ]
[ 2017-05-20T21:16:23+08:00 ] /JSJD/index.php/News/index | NOTIC: [8192] preg_replace(): The /e modifier is deprecated, use preg_replace_callback instead Dispatcher.class.php 第 125 行.
[ 2017-05-20T21:16:23+08:00 ] /JSJD/index.php/News/index | INFO: Tag[ app_begin ] --START--
[ 2017-05-20T21:16:23+08:00 ] /JSJD/index.php/News/index | INFO: Run ReadHtmlCache Behavior [ RunTime:0.000424s ]
[ 2017-05-20T21:16:23+08:00 ] /JSJD/index.php/News/index | INFO: Tag[ app_begin ] --END-- [ RunTime:0.000477s ]
[ 2017-05-20T21:16:23+08:00 ] /JSJD/index.php/News/index | NOTIC: [8192] mysql_connect(): The mysql extension is deprecated and will be removed in the future: use mysqli or PDO instead DbMysql.class.php 第 67 行.
[ 2017-05-20T21:16:23+08:00 ] /JSJD/index.php/News/index | SQL: SHOW COLUMNS FROM `czxy_systemconfig` [ RunTime:0.002006s ]
[ 2017-05-20T21:16:23+08:00 ] /JSJD/index.php/News/index | NOTIC: [8192] preg_replace(): The /e modifier is deprecated, use preg_replace_callback instead Db.class.php 第 660 行.
[ 2017-05-20T21:16:23+08:00 ] /JSJD/index.php/News/index | SQL: SELECT * FROM `czxy_systemconfig` WHERE ( `ckey` = 'rotateimg' )  [ RunTime:0.000366s ]
[ 2017-05-20T21:16:23+08:00 ] /JSJD/index.php/News/index | SQL: SHOW COLUMNS FROM `czxy_news` [ RunTime:0.003532s ]
[ 2017-05-20T21:16:23+08:00 ] /JSJD/index.php/News/index | NOTIC: [8192] preg_replace(): The /e modifier is deprecated, use preg_replace_callback instead Db.class.php 第 660 行.
[ 2017-05-20T21:16:23+08:00 ] /JSJD/index.php/News/index | SQL: SELECT `id`,`title`,`img`,`publictime`,`summary` FROM `czxy_news` WHERE ( `isshow` = 1 ) ORDER BY sort DESC  [ RunTime:0.000486s ]
[ 2017-05-20T21:16:23+08:00 ] /JSJD/index.php/News/index | SQL: SHOW COLUMNS FROM `czxy_newscategory` [ RunTime:0.002185s ]
[ 2017-05-20T21:16:23+08:00 ] /JSJD/index.php/News/index | NOTIC: [8192] preg_replace(): The /e modifier is deprecated, use preg_replace_callback instead Db.class.php 第 660 行.
[ 2017-05-20T21:16:23+08:00 ] /JSJD/index.php/News/index | SQL: SELECT `id`,`cat_name` FROM `czxy_newscategory`  [ RunTime:0.000332s ]
[ 2017-05-20T21:16:23+08:00 ] /JSJD/index.php/News/index | INFO: Tag[ view_template ] --START--
[ 2017-05-20T21:16:23+08:00 ] /JSJD/index.php/News/index | INFO: Run LocationTemplate Behavior [ RunTime:0.000280s ]
[ 2017-05-20T21:16:23+08:00 ] /JSJD/index.php/News/index | INFO: Tag[ view_template ] --END-- [ RunTime:0.000331s ]
[ 2017-05-20T21:16:23+08:00 ] /JSJD/index.php/News/index | INFO: Tag[ view_parse ] --START--
[ 2017-05-20T21:16:23+08:00 ] /JSJD/index.php/News/index | NOTIC: [8192] preg_replace(): The /e modifier is deprecated, use preg_replace_callback instead ThinkTemplate.class.php 第 186 行.
[ 2017-05-20T21:16:23+08:00 ] /JSJD/index.php/News/index | NOTIC: [2] file_get_contents(./Index/Tpl/Public/top.html): failed to open stream: No such file or directory ThinkTemplate.class.php 第 702 行.
[ 2017-05-20T21:16:23+08:00 ] /JSJD/index.php/News/index | NOTIC: [2] file_get_contents(./Index/Tpl/Public/luenhuan.html): failed to open stream: No such file or directory ThinkTemplate.class.php 第 702 行.
[ 2017-05-20T21:16:23+08:00 ] /JSJD/index.php/News/index | NOTIC: [2] file_get_contents(./Index/Tpl/Public/footer.html): failed to open stream: No such file or directory ThinkTemplate.class.php 第 702 行.
[ 2017-05-20T21:16:23+08:00 ] /JSJD/index.php/News/index | NOTIC: [8192] preg_replace(): The /e modifier is deprecated, use preg_replace_callback instead ThinkTemplate.class.php 第 406 行.
[ 2017-05-20T21:16:23+08:00 ] /JSJD/index.php/News/index | NOTIC: [8192] preg_replace(): The /e modifier is deprecated, use preg_replace_callback instead ThinkTemplate.class.php 第 406 行.
[ 2017-05-20T21:16:23+08:00 ] /JSJD/index.php/News/index | NOTIC: [8192] preg_replace(): The /e modifier is deprecated, use preg_replace_callback instead ThinkTemplate.class.php 第 406 行.
[ 2017-05-20T21:16:23+08:00 ] /JSJD/index.php/News/index | NOTIC: [8192] preg_replace(): The /e modifier is deprecated, use preg_replace_callback instead ThinkTemplate.class.php 第 406 行.
[ 2017-05-20T21:16:23+08:00 ] /JSJD/index.php/News/index | NOTIC: [8192] preg_replace(): The /e modifier is deprecated, use preg_replace_callback instead ThinkTemplate.class.php 第 406 行.
[ 2017-05-20T21:16:23+08:00 ] /JSJD/index.php/News/index | NOTIC: [8192] preg_replace(): The /e modifier is deprecated, use preg_replace_callback instead ThinkTemplate.class.php 第 406 行.
[ 2017-05-20T21:16:23+08:00 ] /JSJD/index.php/News/index | NOTIC: [8192] preg_replace(): The /e modifier is deprecated, use preg_replace_callback instead ThinkTemplate.class.php 第 406 行.
[ 2017-05-20T21:16:23+08:00 ] /JSJD/index.php/News/index | NOTIC: [8192] preg_replace(): The /e modifier is deprecated, use preg_replace_callback instead ThinkTemplate.class.php 第 406 行.
[ 2017-05-20T21:16:23+08:00 ] /JSJD/index.php/News/index | NOTIC: [8192] preg_replace(): The /e modifier is deprecated, use preg_replace_callback instead ThinkTemplate.class.php 第 406 行.
[ 2017-05-20T21:16:23+08:00 ] /JSJD/index.php/News/index | NOTIC: [8192] preg_replace(): The /e modifier is deprecated, use preg_replace_callback instead ThinkTemplate.class.php 第 402 行.
[ 2017-05-20T21:16:23+08:00 ] /JSJD/index.php/News/index | NOTIC: [8192] preg_replace(): The /e modifier is deprecated, use preg_replace_callback instead ThinkTemplate.class.php 第 402 行.
[ 2017-05-20T21:16:23+08:00 ] /JSJD/index.php/News/index | NOTIC: [8192] preg_replace(): The /e modifier is deprecated, use preg_replace_callback instead ThinkTemplate.class.php 第 406 行.
[ 2017-05-20T21:16:23+08:00 ] /JSJD/index.php/News/index | NOTIC: [8192] preg_replace(): The /e modifier is deprecated, use preg_replace_callback instead ThinkTemplate.class.php 第 406 行.
[ 2017-05-20T21:16:23+08:00 ] /JSJD/index.php/News/index | NOTIC: [8192] preg_replace(): The /e modifier is deprecated, use preg_replace_callback instead ThinkTemplate.class.php 第 406 行.
[ 2017-05-20T21:16:23+08:00 ] /JSJD/index.php/News/index | NOTIC: [8192] preg_replace(): The /e modifier is deprecated, use preg_replace_callback instead ThinkTemplate.class.php 第 402 行.
[ 2017-05-20T21:16:23+08:00 ] /JSJD/index.php/News/index | NOTIC: [8192] preg_replace(): The /e modifier is deprecated, use preg_replace_callback instead ThinkTemplate.class.php 第 406 行.
[ 2017-05-20T21:16:23+08:00 ] /JSJD/index.php/News/index | NOTIC: [8192] preg_replace(): The /e modifier is deprecated, use preg_replace_callback instead ThinkTemplate.class.php 第 406 行.
[ 2017-05-20T21:16:23+08:00 ] /JSJD/index.php/News/index | NOTIC: [8192] preg_replace(): The /e modifier is deprecated, use preg_replace_callback instead ThinkTemplate.class.php 第 406 行.
[ 2017-05-20T21:16:23+08:00 ] /JSJD/index.php/News/index | NOTIC: [8192] preg_replace(): The /e modifier is deprecated, use preg_replace_callback instead ThinkTemplate.class.php 第 406 行.
[ 2017-05-20T21:16:23+08:00 ] /JSJD/index.php/News/index | NOTIC: [8192] preg_replace(): The /e modifier is deprecated, use preg_replace_callback instead ThinkTemplate.class.php 第 406 行.
[ 2017-05-20T21:16:23+08:00 ] /JSJD/index.php/News/index | NOTIC: [8192] preg_replace(): The /e modifier is deprecated, use preg_replace_callback instead ThinkTemplate.class.php 第 406 行.
[ 2017-05-20T21:16:23+08:00 ] /JSJD/index.php/News/index | NOTIC: [8192] preg_replace(): The /e modifier is deprecated, use preg_replace_callback instead ThinkTemplate.class.php 第 406 行.
[ 2017-05-20T21:16:23+08:00 ] /JSJD/index.php/News/index | NOTIC: [8192] preg_replace(): The /e modifier is deprecated, use preg_replace_callback instead ThinkTemplate.class.php 第 406 行.
[ 2017-05-20T21:16:23+08:00 ] /JSJD/index.php/News/index | NOTIC: [8192] preg_replace(): The /e modifier is deprecated, use preg_replace_callback instead ThinkTemplate.class.php 第 406 行.
[ 2017-05-20T21:16:23+08:00 ] /JSJD/index.php/News/index | NOTIC: [8192] preg_replace(): The /e modifier is deprecated, use preg_replace_callback instead ThinkTemplate.class.php 第 406 行.
[ 2017-05-20T21:16:23+08:00 ] /JSJD/index.php/News/index | NOTIC: [8192] preg_replace(): The /e modifier is deprecated, use preg_replace_callback instead ThinkTemplate.class.php 第 406 行.
[ 2017-05-20T21:16:23+08:00 ] /JSJD/index.php/News/index | NOTIC: [8192] preg_replace(): The /e modifier is deprecated, use preg_replace_callback instead ThinkTemplate.class.php 第 406 行.
[ 2017-05-20T21:16:23+08:00 ] /JSJD/index.php/News/index | NOTIC: [8192] preg_replace(): The /e modifier is deprecated, use preg_replace_callback instead ThinkTemplate.class.php 第 406 行.
[ 2017-05-20T21:16:23+08:00 ] /JSJD/index.php/News/index | NOTIC: [8192] preg_replace(): The /e modifier is deprecated, use preg_replace_callback instead ThinkTemplate.class.php 第 406 行.
[ 2017-05-20T21:16:23+08:00 ] /JSJD/index.php/News/index | NOTIC: [8192] preg_replace(): The /e modifier is deprecated, use preg_replace_callback instead ThinkTemplate.class.php 第 406 行.
[ 2017-05-20T21:16:23+08:00 ] /JSJD/index.php/News/index | NOTIC: [8192] preg_replace(): The /e modifier is deprecated, use preg_replace_callback instead ThinkTemplate.class.php 第 406 行.
[ 2017-05-20T21:16:23+08:00 ] /JSJD/index.php/News/index | NOTIC: [8192] preg_replace(): The /e modifier is deprecated, use preg_replace_callback instead ThinkTemplate.class.php 第 406 行.
[ 2017-05-20T21:16:23+08:00 ] /JSJD/index.php/News/index | NOTIC: [8192] preg_replace(): The /e modifier is deprecated, use preg_replace_callback instead ThinkTemplate.class.php 第 406 行.
[ 2017-05-20T21:16:23+08:00 ] /JSJD/index.php/News/index | NOTIC: [8192] preg_replace(): The /e modifier is deprecated, use preg_replace_callback instead ThinkTemplate.class.php 第 406 行.
[ 2017-05-20T21:16:23+08:00 ] /JSJD/index.php/News/index | NOTIC: [8192] preg_replace(): The /e modifier is deprecated, use preg_replace_callback instead ThinkTemplate.class.php 第 406 行.
[ 2017-05-20T21:16:23+08:00 ] /JSJD/index.php/News/index | NOTIC: [8192] preg_replace(): The /e modifier is deprecated, use preg_replace_callback instead ThinkTemplate.class.php 第 406 行.
[ 2017-05-20T21:16:23+08:00 ] /JSJD/index.php/News/index | NOTIC: [8192] preg_replace(): The /e modifier is deprecated, use preg_replace_callback instead ThinkTemplate.class.php 第 406 行.
[ 2017-05-20T21:16:23+08:00 ] /JSJD/index.php/News/index | NOTIC: [8192] preg_replace(): The /e modifier is deprecated, use preg_replace_callback instead ThinkTemplate.class.php 第 406 行.
[ 2017-05-20T21:16:23+08:00 ] /JSJD/index.php/News/index | NOTIC: [8192] preg_replace(): The /e modifier is deprecated, use preg_replace_callback instead ThinkTemplate.class.php 第 406 行.
[ 2017-05-20T21:16:23+08:00 ] /JSJD/index.php/News/index | NOTIC: [8192] preg_replace(): The /e modifier is deprecated, use preg_replace_callback instead ThinkTemplate.class.php 第 406 行.
[ 2017-05-20T21:16:23+08:00 ] /JSJD/index.php/News/index | NOTIC: [8192] preg_replace(): The /e modifier is deprecated, use preg_replace_callback instead ThinkTemplate.class.php 第 406 行.
[ 2017-05-20T21:16:23+08:00 ] /JSJD/index.php/News/index | NOTIC: [8192] preg_replace(): The /e modifier is deprecated, use preg_replace_callback instead ThinkTemplate.class.php 第 406 行.
[ 2017-05-20T21:16:23+08:00 ] /JSJD/index.php/News/index | NOTIC: [8192] preg_replace(): The /e modifier is deprecated, use preg_replace_callback instead ThinkTemplate.class.php 第 406 行.
[ 2017-05-20T21:16:23+08:00 ] /JSJD/index.php/News/index | NOTIC: [8192] preg_replace(): The /e modifier is deprecated, use preg_replace_callback instead ThinkTemplate.class.php 第 406 行.
[ 2017-05-20T21:16:23+08:00 ] /JSJD/index.php/News/index | NOTIC: [8192] preg_replace(): The /e modifier is deprecated, use preg_replace_callback instead ThinkTemplate.class.php 第 406 行.
[ 2017-05-20T21:16:23+08:00 ] /JSJD/index.php/News/index | NOTIC: [8192] preg_replace(): The /e modifier is deprecated, use preg_replace_callback instead ThinkTemplate.class.php 第 406 行.
[ 2017-05-20T21:16:23+08:00 ] /JSJD/index.php/News/index | NOTIC: [8192] preg_replace(): The /e modifier is deprecated, use preg_replace_callback instead ThinkTemplate.class.php 第 406 行.
[ 2017-05-20T21:16:23+08:00 ] /JSJD/index.php/News/index | NOTIC: [8192] preg_replace(): The /e modifier is deprecated, use preg_replace_callback instead ThinkTemplate.class.php 第 406 行.
[ 2017-05-20T21:16:23+08:00 ] /JSJD/index.php/News/index | NOTIC: [8192] preg_replace(): The /e modifier is deprecated, use preg_replace_callback instead ThinkTemplate.class.php 第 406 行.
[ 2017-05-20T21:16:23+08:00 ] /JSJD/index.php/News/index | NOTIC: [8192] preg_replace(): The /e modifier is deprecated, use preg_replace_callback instead ThinkTemplate.class.php 第 406 行.
[ 2017-05-20T21:16:23+08:00 ] /JSJD/index.php/News/index | NOTIC: [8192] preg_replace(): The /e modifier is deprecated, use preg_replace_callback instead ThinkTemplate.class.php 第 406 行.
[ 2017-05-20T21:16:23+08:00 ] /JSJD/index.php/News/index | NOTIC: [8192] preg_replace(): The /e modifier is deprecated, use preg_replace_callback instead ThinkTemplate.class.php 第 406 行.
[ 2017-05-20T21:16:23+08:00 ] /JSJD/index.php/News/index | NOTIC: [8192] preg_replace(): The /e modifier is deprecated, use preg_replace_callback instead ThinkTemplate.class.php 第 406 行.
[ 2017-05-20T21:16:23+08:00 ] /JSJD/index.php/News/index | NOTIC: [8192] preg_replace(): The /e modifier is deprecated, use preg_replace_callback instead ThinkTemplate.class.php 第 406 行.
[ 2017-05-20T21:16:23+08:00 ] /JSJD/index.php/News/index | NOTIC: [8192] preg_replace(): The /e modifier is deprecated, use preg_replace_callback instead ThinkTemplate.class.php 第 406 行.
[ 2017-05-20T21:16:23+08:00 ] /JSJD/index.php/News/index | NOTIC: [8192] preg_replace(): The /e modifier is deprecated, use preg_replace_callback instead ThinkTemplate.class.php 第 406 行.
[ 2017-05-20T21:16:23+08:00 ] /JSJD/index.php/News/index | NOTIC: [8192] preg_replace(): The /e modifier is deprecated, use preg_replace_callback instead ThinkTemplate.class.php 第 406 行.
[ 2017-05-20T21:16:23+08:00 ] /JSJD/index.php/News/index | NOTIC: [8192] preg_replace(): The /e modifier is deprecated, use preg_replace_callback instead ThinkTemplate.class.php 第 406 行.
[ 2017-05-20T21:16:23+08:00 ] /JSJD/index.php/News/index | NOTIC: [8192] preg_replace(): The /e modifier is deprecated, use preg_replace_callback instead ThinkTemplate.class.php 第 406 行.
[ 2017-05-20T21:16:23+08:00 ] /JSJD/index.php/News/index | NOTIC: [8192] preg_replace(): The /e modifier is deprecated, use preg_replace_callback instead ThinkTemplate.class.php 第 406 行.
[ 2017-05-20T21:16:23+08:00 ] /JSJD/index.php/News/index | NOTIC: [8192] preg_replace(): The /e modifier is deprecated, use preg_replace_callback instead ThinkTemplate.class.php 第 406 行.
[ 2017-05-20T21:16:23+08:00 ] /JSJD/index.php/News/index | NOTIC: [8192] preg_replace(): The /e modifier is deprecated, use preg_replace_callback instead ThinkTemplate.class.php 第 406 行.
[ 2017-05-20T21:16:23+08:00 ] /JSJD/index.php/News/index | NOTIC: [8192] preg_replace(): The /e modifier is deprecated, use preg_replace_callback instead ThinkTemplate.class.php 第 406 行.
[ 2017-05-20T21:16:23+08:00 ] /JSJD/index.php/News/index | NOTIC: [8192] preg_replace(): The /e modifier is deprecated, use preg_replace_callback instead ThinkTemplate.class.php 第 406 行.
[ 2017-05-20T21:16:23+08:00 ] /JSJD/index.php/News/index | NOTIC: [8192] preg_replace(): The /e modifier is deprecated, use preg_replace_callback instead ThinkTemplate.class.php 第 406 行.
[ 2017-05-20T21:16:23+08:00 ] /JSJD/index.php/News/index | NOTIC: [8192] preg_replace(): The /e modifier is deprecated, use preg_replace_callback instead ThinkTemplate.class.php 第 406 行.
[ 2017-05-20T21:16:23+08:00 ] /JSJD/index.php/News/index | NOTIC: [8192] preg_replace(): The /e modifier is deprecated, use preg_replace_callback instead ThinkTemplate.class.php 第 406 行.
[ 2017-05-20T21:16:23+08:00 ] /JSJD/index.php/News/index | NOTIC: [8192] preg_replace(): The /e modifier is deprecated, use preg_replace_callback instead ThinkTemplate.class.php 第 406 行.
[ 2017-05-20T21:16:23+08:00 ] /JSJD/index.php/News/index | NOTIC: [8192] preg_replace(): The /e modifier is deprecated, use preg_replace_callback instead ThinkTemplate.class.php 第 406 行.
[ 2017-05-20T21:16:23+08:00 ] /JSJD/index.php/News/index | NOTIC: [8192] preg_replace(): The /e modifier is deprecated, use preg_replace_callback instead ThinkTemplate.class.php 第 406 行.
[ 2017-05-20T21:16:23+08:00 ] /JSJD/index.php/News/index | NOTIC: [8192] preg_replace(): The /e modifier is deprecated, use preg_replace_callback instead ThinkTemplate.class.php 第 406 行.
[ 2017-05-20T21:16:23+08:00 ] /JSJD/index.php/News/index | NOTIC: [8192] preg_replace(): The /e modifier is deprecated, use preg_replace_callback instead ThinkTemplate.class.php 第 406 行.
[ 2017-05-20T21:16:23+08:00 ] /JSJD/index.php/News/index | NOTIC: [8192] preg_replace(): The /e modifier is deprecated, use preg_replace_callback instead ThinkTemplate.class.php 第 406 行.
[ 2017-05-20T21:16:23+08:00 ] /JSJD/index.php/News/index | NOTIC: [8192] preg_replace(): The /e modifier is deprecated, use preg_replace_callback instead ThinkTemplate.class.php 第 406 行.
[ 2017-05-20T21:16:23+08:00 ] /JSJD/index.php/News/index | NOTIC: [8192] preg_replace(): The /e modifier is deprecated, use preg_replace_callback instead ThinkTemplate.class.php 第 406 行.
[ 2017-05-20T21:16:23+08:00 ] /JSJD/index.php/News/index | NOTIC: [8192] preg_replace(): The /e modifier is deprecated, use preg_replace_callback instead ThinkTemplate.class.php 第 406 行.
[ 2017-05-20T21:16:23+08:00 ] /JSJD/index.php/News/index | NOTIC: [8192] preg_replace(): The /e modifier is deprecated, use preg_replace_callback instead ThinkTemplate.class.php 第 406 行.
[ 2017-05-20T21:16:23+08:00 ] /JSJD/index.php/News/index | NOTIC: [8192] preg_replace(): The /e modifier is deprecated, use preg_replace_callback instead ThinkTemplate.class.php 第 406 行.
[ 2017-05-20T21:16:23+08:00 ] /JSJD/index.php/News/index | NOTIC: [8192] preg_replace(): The /e modifier is deprecated, use preg_replace_callback instead ThinkTemplate.class.php 第 406 行.
[ 2017-05-20T21:16:23+08:00 ] /JSJD/index.php/News/index | NOTIC: [8192] preg_replace(): The /e modifier is deprecated, use preg_replace_callback instead ThinkTemplate.class.php 第 406 行.
[ 2017-05-20T21:16:23+08:00 ] /JSJD/index.php/News/index | NOTIC: [8192] preg_replace(): The /e modifier is deprecated, use preg_replace_callback instead ThinkTemplate.class.php 第 406 行.
[ 2017-05-20T21:16:23+08:00 ] /JSJD/index.php/News/index | NOTIC: [8192] preg_replace(): The /e modifier is deprecated, use preg_replace_callback instead ThinkTemplate.class.php 第 402 行.
[ 2017-05-20T21:16:23+08:00 ] /JSJD/index.php/News/index | NOTIC: [8192] preg_replace(): The /e modifier is deprecated, use preg_replace_callback instead ThinkTemplate.class.php 第 402 行.
[ 2017-05-20T21:16:23+08:00 ] /JSJD/index.php/News/index | NOTIC: [8192] preg_replace(): The /e modifier is deprecated, use preg_replace_callback instead ThinkTemplate.class.php 第 402 行.
[ 2017-05-20T21:16:23+08:00 ] /JSJD/index.php/News/index | NOTIC: [8192] preg_replace(): The /e modifier is deprecated, use preg_replace_callback instead ThinkTemplate.class.php 第 402 行.
[ 2017-05-20T21:16:23+08:00 ] /JSJD/index.php/News/index | NOTIC: [8192] preg_replace(): The /e modifier is deprecated, use preg_replace_callback instead ThinkTemplate.class.php 第 402 行.
[ 2017-05-20T21:16:23+08:00 ] /JSJD/index.php/News/index | NOTIC: [8192] preg_replace(): The /e modifier is deprecated, use preg_replace_callback instead ThinkTemplate.class.php 第 402 行.
[ 2017-05-20T21:16:23+08:00 ] /JSJD/index.php/News/index | NOTIC: [8192] preg_replace(): The /e modifier is deprecated, use preg_replace_callback instead ThinkTemplate.class.php 第 406 行.
[ 2017-05-20T21:16:23+08:00 ] /JSJD/index.php/News/index | NOTIC: [8192] preg_replace(): The /e modifier is deprecated, use preg_replace_callback instead ThinkTemplate.class.php 第 406 行.
[ 2017-05-20T21:16:23+08:00 ] /JSJD/index.php/News/index | NOTIC: [8192] preg_replace(): The /e modifier is deprecated, use preg_replace_callback instead ThinkTemplate.class.php 第 406 行.
[ 2017-05-20T21:16:23+08:00 ] /JSJD/index.php/News/index | NOTIC: [8192] preg_replace(): The /e modifier is deprecated, use preg_replace_callback instead ThinkTemplate.class.php 第 220 行.
[ 2017-05-20T21:16:23+08:00 ] /JSJD/index.php/News/index | NOTIC: [8192] preg_replace(): The /e modifier is deprecated, use preg_replace_callback instead ThinkTemplate.class.php 第 154 行.
[ 2017-05-20T21:16:23+08:00 ] /JSJD/index.php/News/index | NOTIC: [8] Undefined index: sid functions.php 第 441 行.
[ 2017-05-20T21:16:23+08:00 ] /JSJD/index.php/News/index | NOTIC: [8] Use of undefined constant title - assumed 'title' 98dede5125545111dddf68dd6657736b.php 第 139 行.
[ 2017-05-20T21:16:23+08:00 ] /JSJD/index.php/News/index | INFO: Run ParseTemplate Behavior [ RunTime:0.012426s ]
[ 2017-05-20T21:16:23+08:00 ] /JSJD/index.php/News/index | INFO: Tag[ view_parse ] --END-- [ RunTime:0.012472s ]
[ 2017-05-20T21:16:23+08:00 ] /JSJD/index.php/News/index | INFO: Tag[ view_filter ] --START--
[ 2017-05-20T21:16:23+08:00 ] /JSJD/index.php/News/index | INFO: Run ContentReplace Behavior [ RunTime:0.000247s ]
[ 2017-05-20T21:16:23+08:00 ] /JSJD/index.php/News/index | INFO: Run TokenBuild Behavior [ RunTime:0.000266s ]
[ 2017-05-20T21:16:23+08:00 ] /JSJD/index.php/News/index | INFO: Run WriteHtmlCache Behavior [ RunTime:0.000119s ]
[ 2017-05-20T21:16:23+08:00 ] /JSJD/index.php/News/index | INFO: Run ShowRuntime Behavior [ RunTime:0.000407s ]
[ 2017-05-20T21:16:23+08:00 ] /JSJD/index.php/News/index | INFO: Tag[ view_filter ] --END-- [ RunTime:0.001146s ]
[ 2017-05-20T21:16:23+08:00 ] /JSJD/index.php/News/index | INFO: Tag[ view_end ] --START--
[ 2017-05-20T21:16:23+08:00 ] /JSJD/index.php/News/index | INFO: Run ShowPageTrace Behavior [ RunTime:0.000630s ]
[ 2017-05-20T21:16:23+08:00 ] /JSJD/index.php/News/index | INFO: Tag[ view_end ] --END-- [ RunTime:0.000746s ]
[ 2017-05-20T21:16:23+08:00 ] /JSJD/index.php/js/jquery.bxslider.min.js | ERR: (ThinkException) 无法加载模块js
[ 2017-05-20T21:16:28+08:00 ] /JSJD/index.php/About/index | INFO: Tag[ route_check ] --START--
[ 2017-05-20T21:16:28+08:00 ] /JSJD/index.php/About/index | INFO: Run CheckRoute Behavior [ RunTime:0.000503s ]
[ 2017-05-20T21:16:28+08:00 ] /JSJD/index.php/About/index | INFO: Tag[ route_check ] --END-- [ RunTime:0.000562s ]
[ 2017-05-20T21:16:28+08:00 ] /JSJD/index.php/About/index | NOTIC: [8192] preg_replace(): The /e modifier is deprecated, use preg_replace_callback instead Dispatcher.class.php 第 125 行.
[ 2017-05-20T21:16:28+08:00 ] /JSJD/index.php/About/index | INFO: Tag[ app_begin ] --START--
[ 2017-05-20T21:16:28+08:00 ] /JSJD/index.php/About/index | INFO: Run ReadHtmlCache Behavior [ RunTime:0.000468s ]
[ 2017-05-20T21:16:28+08:00 ] /JSJD/index.php/About/index | INFO: Tag[ app_begin ] --END-- [ RunTime:0.000563s ]
[ 2017-05-20T21:16:28+08:00 ] /JSJD/index.php/About/index | NOTIC: [8192] mysql_connect(): The mysql extension is deprecated and will be removed in the future: use mysqli or PDO instead DbMysql.class.php 第 67 行.
[ 2017-05-20T21:16:28+08:00 ] /JSJD/index.php/About/index | SQL: SHOW COLUMNS FROM `czxy_systemconfig` [ RunTime:0.001881s ]
[ 2017-05-20T21:16:28+08:00 ] /JSJD/index.php/About/index | NOTIC: [8192] preg_replace(): The /e modifier is deprecated, use preg_replace_callback instead Db.class.php 第 660 行.
[ 2017-05-20T21:16:28+08:00 ] /JSJD/index.php/About/index | SQL: SELECT * FROM `czxy_systemconfig` WHERE ( `ckey` = 'rotateimg' )  [ RunTime:0.000309s ]
[ 2017-05-20T21:16:28+08:00 ] /JSJD/index.php/About/index | INFO: Tag[ view_template ] --START--
[ 2017-05-20T21:16:28+08:00 ] /JSJD/index.php/About/index | INFO: Run LocationTemplate Behavior [ RunTime:0.000235s ]
[ 2017-05-20T21:16:28+08:00 ] /JSJD/index.php/About/index | INFO: Tag[ view_template ] --END-- [ RunTime:0.000276s ]
[ 2017-05-20T21:16:28+08:00 ] /JSJD/index.php/About/index | INFO: Tag[ view_parse ] --START--
[ 2017-05-20T21:16:28+08:00 ] /JSJD/index.php/About/index | NOTIC: [8192] preg_replace(): The /e modifier is deprecated, use preg_replace_callback instead ThinkTemplate.class.php 第 186 行.
[ 2017-05-20T21:16:28+08:00 ] /JSJD/index.php/About/index | NOTIC: [2] file_get_contents(./Index/Tpl/Public/top.html): failed to open stream: No such file or directory ThinkTemplate.class.php 第 702 行.
[ 2017-05-20T21:16:28+08:00 ] /JSJD/index.php/About/index | NOTIC: [2] file_get_contents(./Index/Tpl/Public/luenhuan.html): failed to open stream: No such file or directory ThinkTemplate.class.php 第 702 行.
[ 2017-05-20T21:16:28+08:00 ] /JSJD/index.php/About/index | NOTIC: [2] file_get_contents(./Index/Tpl/Public/footer.html): failed to open stream: No such file or directory ThinkTemplate.class.php 第 702 行.
[ 2017-05-20T21:16:28+08:00 ] /JSJD/index.php/About/index | NOTIC: [8192] preg_replace(): The /e modifier is deprecated, use preg_replace_callback instead ThinkTemplate.class.php 第 406 行.
[ 2017-05-20T21:16:28+08:00 ] /JSJD/index.php/About/index | NOTIC: [8192] preg_replace(): The /e modifier is deprecated, use preg_replace_callback instead ThinkTemplate.class.php 第 406 行.
[ 2017-05-20T21:16:28+08:00 ] /JSJD/index.php/About/index | NOTIC: [8192] preg_replace(): The /e modifier is deprecated, use preg_replace_callback instead ThinkTemplate.class.php 第 406 行.
[ 2017-05-20T21:16:28+08:00 ] /JSJD/index.php/About/index | NOTIC: [8192] preg_replace(): The /e modifier is deprecated, use preg_replace_callback instead ThinkTemplate.class.php 第 406 行.
[ 2017-05-20T21:16:28+08:00 ] /JSJD/index.php/About/index | NOTIC: [8192] preg_replace(): The /e modifier is deprecated, use preg_replace_callback instead ThinkTemplate.class.php 第 406 行.
[ 2017-05-20T21:16:28+08:00 ] /JSJD/index.php/About/index | NOTIC: [8192] preg_replace(): The /e modifier is deprecated, use preg_replace_callback instead ThinkTemplate.class.php 第 406 行.
[ 2017-05-20T21:16:28+08:00 ] /JSJD/index.php/About/index | NOTIC: [8192] preg_replace(): The /e modifier is deprecated, use preg_replace_callback instead ThinkTemplate.class.php 第 406 行.
[ 2017-05-20T21:16:28+08:00 ] /JSJD/index.php/About/index | NOTIC: [8192] preg_replace(): The /e modifier is deprecated, use preg_replace_callback instead ThinkTemplate.class.php 第 406 行.
[ 2017-05-20T21:16:28+08:00 ] /JSJD/index.php/About/index | NOTIC: [8192] preg_replace(): The /e modifier is deprecated, use preg_replace_callback instead ThinkTemplate.class.php 第 406 行.
[ 2017-05-20T21:16:28+08:00 ] /JSJD/index.php/About/index | NOTIC: [8192] preg_replace(): The /e modifier is deprecated, use preg_replace_callback instead ThinkTemplate.class.php 第 402 行.
[ 2017-05-20T21:16:28+08:00 ] /JSJD/index.php/About/index | NOTIC: [8192] preg_replace(): The /e modifier is deprecated, use preg_replace_callback instead ThinkTemplate.class.php 第 402 行.
[ 2017-05-20T21:16:28+08:00 ] /JSJD/index.php/About/index | NOTIC: [8192] preg_replace(): The /e modifier is deprecated, use preg_replace_callback instead ThinkTemplate.class.php 第 406 行.
[ 2017-05-20T21:16:28+08:00 ] /JSJD/index.php/About/index | NOTIC: [8192] preg_replace(): The /e modifier is deprecated, use preg_replace_callback instead ThinkTemplate.class.php 第 406 行.
[ 2017-05-20T21:16:28+08:00 ] /JSJD/index.php/About/index | NOTIC: [8192] preg_replace(): The /e modifier is deprecated, use preg_replace_callback instead ThinkTemplate.class.php 第 406 行.
[ 2017-05-20T21:16:28+08:00 ] /JSJD/index.php/About/index | NOTIC: [8192] preg_replace(): The /e modifier is deprecated, use preg_replace_callback instead ThinkTemplate.class.php 第 402 行.
[ 2017-05-20T21:16:28+08:00 ] /JSJD/index.php/About/index | NOTIC: [8192] preg_replace(): The /e modifier is deprecated, use preg_replace_callback instead ThinkTemplate.class.php 第 406 行.
[ 2017-05-20T21:16:28+08:00 ] /JSJD/index.php/About/index | NOTIC: [8192] preg_replace(): The /e modifier is deprecated, use preg_replace_callback instead ThinkTemplate.class.php 第 406 行.
[ 2017-05-20T21:16:28+08:00 ] /JSJD/index.php/About/index | NOTIC: [8192] preg_replace(): The /e modifier is deprecated, use preg_replace_callback instead ThinkTemplate.class.php 第 406 行.
[ 2017-05-20T21:16:28+08:00 ] /JSJD/index.php/About/index | NOTIC: [8192] preg_replace(): The /e modifier is deprecated, use preg_replace_callback instead ThinkTemplate.class.php 第 406 行.
[ 2017-05-20T21:16:28+08:00 ] /JSJD/index.php/About/index | NOTIC: [8192] preg_replace(): The /e modifier is deprecated, use preg_replace_callback instead ThinkTemplate.class.php 第 406 行.
[ 2017-05-20T21:16:28+08:00 ] /JSJD/index.php/About/index | NOTIC: [8192] preg_replace(): The /e modifier is deprecated, use preg_replace_callback instead ThinkTemplate.class.php 第 406 行.
[ 2017-05-20T21:16:28+08:00 ] /JSJD/index.php/About/index | NOTIC: [8192] preg_replace(): The /e modifier is deprecated, use preg_replace_callback instead ThinkTemplate.class.php 第 406 行.
[ 2017-05-20T21:16:28+08:00 ] /JSJD/index.php/About/index | NOTIC: [8192] preg_replace(): The /e modifier is deprecated, use preg_replace_callback instead ThinkTemplate.class.php 第 406 行.
[ 2017-05-20T21:16:28+08:00 ] /JSJD/index.php/About/index | NOTIC: [8192] preg_replace(): The /e modifier is deprecated, use preg_replace_callback instead ThinkTemplate.class.php 第 406 行.
[ 2017-05-20T21:16:28+08:00 ] /JSJD/index.php/About/index | NOTIC: [8192] preg_replace(): The /e modifier is deprecated, use preg_replace_callback instead ThinkTemplate.class.php 第 406 行.
[ 2017-05-20T21:16:28+08:00 ] /JSJD/index.php/About/index | NOTIC: [8192] preg_replace(): The /e modifier is deprecated, use preg_replace_callback instead ThinkTemplate.class.php 第 406 行.
[ 2017-05-20T21:16:28+08:00 ] /JSJD/index.php/About/index | NOTIC: [8192] preg_replace(): The /e modifier is deprecated, use preg_replace_callback instead ThinkTemplate.class.php 第 406 行.
[ 2017-05-20T21:16:28+08:00 ] /JSJD/index.php/About/index | NOTIC: [8192] preg_replace(): The /e modifier is deprecated, use preg_replace_callback instead ThinkTemplate.class.php 第 406 行.
[ 2017-05-20T21:16:28+08:00 ] /JSJD/index.php/About/index | NOTIC: [8192] preg_replace(): The /e modifier is deprecated, use preg_replace_callback instead ThinkTemplate.class.php 第 406 行.
[ 2017-05-20T21:16:28+08:00 ] /JSJD/index.php/About/index | NOTIC: [8192] preg_replace(): The /e modifier is deprecated, use preg_replace_callback instead ThinkTemplate.class.php 第 406 行.
[ 2017-05-20T21:16:28+08:00 ] /JSJD/index.php/About/index | NOTIC: [8192] preg_replace(): The /e modifier is deprecated, use preg_replace_callback instead ThinkTemplate.class.php 第 406 行.
[ 2017-05-20T21:16:28+08:00 ] /JSJD/index.php/About/index | NOTIC: [8192] preg_replace(): The /e modifier is deprecated, use preg_replace_callback instead ThinkTemplate.class.php 第 406 行.
[ 2017-05-20T21:16:28+08:00 ] /JSJD/index.php/About/index | NOTIC: [8192] preg_replace(): The /e modifier is deprecated, use preg_replace_callback instead ThinkTemplate.class.php 第 406 行.
[ 2017-05-20T21:16:28+08:00 ] /JSJD/index.php/About/index | NOTIC: [8192] preg_replace(): The /e modifier is deprecated, use preg_replace_callback instead ThinkTemplate.class.php 第 406 行.
[ 2017-05-20T21:16:28+08:00 ] /JSJD/index.php/About/index | NOTIC: [8192] preg_replace(): The /e modifier is deprecated, use preg_replace_callback instead ThinkTemplate.class.php 第 406 行.
[ 2017-05-20T21:16:28+08:00 ] /JSJD/index.php/About/index | NOTIC: [8192] preg_replace(): The /e modifier is deprecated, use preg_replace_callback instead ThinkTemplate.class.php 第 406 行.
[ 2017-05-20T21:16:28+08:00 ] /JSJD/index.php/About/index | NOTIC: [8192] preg_replace(): The /e modifier is deprecated, use preg_replace_callback instead ThinkTemplate.class.php 第 406 行.
[ 2017-05-20T21:16:28+08:00 ] /JSJD/index.php/About/index | NOTIC: [8192] preg_replace(): The /e modifier is deprecated, use preg_replace_callback instead ThinkTemplate.class.php 第 406 行.
[ 2017-05-20T21:16:28+08:00 ] /JSJD/index.php/About/index | NOTIC: [8192] preg_replace(): The /e modifier is deprecated, use preg_replace_callback instead ThinkTemplate.class.php 第 406 行.
[ 2017-05-20T21:16:28+08:00 ] /JSJD/index.php/About/index | NOTIC: [8192] preg_replace(): The /e modifier is deprecated, use preg_replace_callback instead ThinkTemplate.class.php 第 406 行.
[ 2017-05-20T21:16:28+08:00 ] /JSJD/index.php/About/index | NOTIC: [8192] preg_replace(): The /e modifier is deprecated, use preg_replace_callback instead ThinkTemplate.class.php 第 406 行.
[ 2017-05-20T21:16:28+08:00 ] /JSJD/index.php/About/index | NOTIC: [8192] preg_replace(): The /e modifier is deprecated, use preg_replace_callback instead ThinkTemplate.class.php 第 406 行.
[ 2017-05-20T21:16:28+08:00 ] /JSJD/index.php/About/index | NOTIC: [8192] preg_replace(): The /e modifier is deprecated, use preg_replace_callback instead ThinkTemplate.class.php 第 406 行.
[ 2017-05-20T21:16:28+08:00 ] /JSJD/index.php/About/index | NOTIC: [8192] preg_replace(): The /e modifier is deprecated, use preg_replace_callback instead ThinkTemplate.class.php 第 406 行.
[ 2017-05-20T21:16:28+08:00 ] /JSJD/index.php/About/index | NOTIC: [8192] preg_replace(): The /e modifier is deprecated, use preg_replace_callback instead ThinkTemplate.class.php 第 406 行.
[ 2017-05-20T21:16:28+08:00 ] /JSJD/index.php/About/index | NOTIC: [8192] preg_replace(): The /e modifier is deprecated, use preg_replace_callback instead ThinkTemplate.class.php 第 406 行.
[ 2017-05-20T21:16:28+08:00 ] /JSJD/index.php/About/index | NOTIC: [8192] preg_replace(): The /e modifier is deprecated, use preg_replace_callback instead ThinkTemplate.class.php 第 406 行.
[ 2017-05-20T21:16:28+08:00 ] /JSJD/index.php/About/index | NOTIC: [8192] preg_replace(): The /e modifier is deprecated, use preg_replace_callback instead ThinkTemplate.class.php 第 406 行.
[ 2017-05-20T21:16:28+08:00 ] /JSJD/index.php/About/index | NOTIC: [8192] preg_replace(): The /e modifier is deprecated, use preg_replace_callback instead ThinkTemplate.class.php 第 406 行.
[ 2017-05-20T21:16:28+08:00 ] /JSJD/index.php/About/index | NOTIC: [8192] preg_replace(): The /e modifier is deprecated, use preg_replace_callback instead ThinkTemplate.class.php 第 406 行.
[ 2017-05-20T21:16:28+08:00 ] /JSJD/index.php/About/index | NOTIC: [8192] preg_replace(): The /e modifier is deprecated, use preg_replace_callback instead ThinkTemplate.class.php 第 406 行.
[ 2017-05-20T21:16:28+08:00 ] /JSJD/index.php/About/index | NOTIC: [8192] preg_replace(): The /e modifier is deprecated, use preg_replace_callback instead ThinkTemplate.class.php 第 406 行.
[ 2017-05-20T21:16:28+08:00 ] /JSJD/index.php/About/index | NOTIC: [8192] preg_replace(): The /e modifier is deprecated, use preg_replace_callback instead ThinkTemplate.class.php 第 406 行.
[ 2017-05-20T21:16:28+08:00 ] /JSJD/index.php/About/index | NOTIC: [8192] preg_replace(): The /e modifier is deprecated, use preg_replace_callback instead ThinkTemplate.class.php 第 406 行.
[ 2017-05-20T21:16:28+08:00 ] /JSJD/index.php/About/index | NOTIC: [8192] preg_replace(): The /e modifier is deprecated, use preg_replace_callback instead ThinkTemplate.class.php 第 406 行.
[ 2017-05-20T21:16:28+08:00 ] /JSJD/index.php/About/index | NOTIC: [8192] preg_replace(): The /e modifier is deprecated, use preg_replace_callback instead ThinkTemplate.class.php 第 406 行.
[ 2017-05-20T21:16:28+08:00 ] /JSJD/index.php/About/index | NOTIC: [8192] preg_replace(): The /e modifier is deprecated, use preg_replace_callback instead ThinkTemplate.class.php 第 406 行.
[ 2017-05-20T21:16:28+08:00 ] /JSJD/index.php/About/index | NOTIC: [8192] preg_replace(): The /e modifier is deprecated, use preg_replace_callback instead ThinkTemplate.class.php 第 406 行.
[ 2017-05-20T21:16:28+08:00 ] /JSJD/index.php/About/index | NOTIC: [8192] preg_replace(): The /e modifier is deprecated, use preg_replace_callback instead ThinkTemplate.class.php 第 406 行.
[ 2017-05-20T21:16:28+08:00 ] /JSJD/index.php/About/index | NOTIC: [8192] preg_replace(): The /e modifier is deprecated, use preg_replace_callback instead ThinkTemplate.class.php 第 406 行.
[ 2017-05-20T21:16:28+08:00 ] /JSJD/index.php/About/index | NOTIC: [8192] preg_replace(): The /e modifier is deprecated, use preg_replace_callback instead ThinkTemplate.class.php 第 406 行.
[ 2017-05-20T21:16:28+08:00 ] /JSJD/index.php/About/index | NOTIC: [8192] preg_replace(): The /e modifier is deprecated, use preg_replace_callback instead ThinkTemplate.class.php 第 406 行.
[ 2017-05-20T21:16:28+08:00 ] /JSJD/index.php/About/index | NOTIC: [8192] preg_replace(): The /e modifier is deprecated, use preg_replace_callback instead ThinkTemplate.class.php 第 406 行.
[ 2017-05-20T21:16:28+08:00 ] /JSJD/index.php/About/index | NOTIC: [8192] preg_replace(): The /e modifier is deprecated, use preg_replace_callback instead ThinkTemplate.class.php 第 406 行.
[ 2017-05-20T21:16:28+08:00 ] /JSJD/index.php/About/index | NOTIC: [8192] preg_replace(): The /e modifier is deprecated, use preg_replace_callback instead ThinkTemplate.class.php 第 406 行.
[ 2017-05-20T21:16:28+08:00 ] /JSJD/index.php/About/index | NOTIC: [8192] preg_replace(): The /e modifier is deprecated, use preg_replace_callback instead ThinkTemplate.class.php 第 406 行.
[ 2017-05-20T21:16:28+08:00 ] /JSJD/index.php/About/index | NOTIC: [8192] preg_replace(): The /e modifier is deprecated, use preg_replace_callback instead ThinkTemplate.class.php 第 406 行.
[ 2017-05-20T21:16:28+08:00 ] /JSJD/index.php/About/index | NOTIC: [8192] preg_replace(): The /e modifier is deprecated, use preg_replace_callback instead ThinkTemplate.class.php 第 406 行.
[ 2017-05-20T21:16:28+08:00 ] /JSJD/index.php/About/index | NOTIC: [8192] preg_replace(): The /e modifier is deprecated, use preg_replace_callback instead ThinkTemplate.class.php 第 406 行.
[ 2017-05-20T21:16:28+08:00 ] /JSJD/index.php/About/index | NOTIC: [8192] preg_replace(): The /e modifier is deprecated, use preg_replace_callback instead ThinkTemplate.class.php 第 406 行.
[ 2017-05-20T21:16:28+08:00 ] /JSJD/index.php/About/index | NOTIC: [8192] preg_replace(): The /e modifier is deprecated, use preg_replace_callback instead ThinkTemplate.class.php 第 406 行.
[ 2017-05-20T21:16:28+08:00 ] /JSJD/index.php/About/index | NOTIC: [8192] preg_replace(): The /e modifier is deprecated, use preg_replace_callback instead ThinkTemplate.class.php 第 406 行.
[ 2017-05-20T21:16:28+08:00 ] /JSJD/index.php/About/index | NOTIC: [8192] preg_replace(): The /e modifier is deprecated, use preg_replace_callback instead ThinkTemplate.class.php 第 406 行.
[ 2017-05-20T21:16:28+08:00 ] /JSJD/index.php/About/index | NOTIC: [8192] preg_replace(): The /e modifier is deprecated, use preg_replace_callback instead ThinkTemplate.class.php 第 406 行.
[ 2017-05-20T21:16:28+08:00 ] /JSJD/index.php/About/index | NOTIC: [8192] preg_replace(): The /e modifier is deprecated, use preg_replace_callback instead ThinkTemplate.class.php 第 406 行.
[ 2017-05-20T21:16:28+08:00 ] /JSJD/index.php/About/index | NOTIC: [8192] preg_replace(): The /e modifier is deprecated, use preg_replace_callback instead ThinkTemplate.class.php 第 406 行.
[ 2017-05-20T21:16:28+08:00 ] /JSJD/index.php/About/index | NOTIC: [8192] preg_replace(): The /e modifier is deprecated, use preg_replace_callback instead ThinkTemplate.class.php 第 406 行.
[ 2017-05-20T21:16:28+08:00 ] /JSJD/index.php/About/index | NOTIC: [8192] preg_replace(): The /e modifier is deprecated, use preg_replace_callback instead ThinkTemplate.class.php 第 406 行.
[ 2017-05-20T21:16:28+08:00 ] /JSJD/index.php/About/index | NOTIC: [8192] preg_replace(): The /e modifier is deprecated, use preg_replace_callback instead ThinkTemplate.class.php 第 406 行.
[ 2017-05-20T21:16:28+08:00 ] /JSJD/index.php/About/index | NOTIC: [8192] preg_replace(): The /e modifier is deprecated, use preg_replace_callback instead ThinkTemplate.class.php 第 406 行.
[ 2017-05-20T21:16:28+08:00 ] /JSJD/index.php/About/index | NOTIC: [8192] preg_replace(): The /e modifier is deprecated, use preg_replace_callback instead ThinkTemplate.class.php 第 406 行.
[ 2017-05-20T21:16:28+08:00 ] /JSJD/index.php/About/index | NOTIC: [8192] preg_replace(): The /e modifier is deprecated, use preg_replace_callback instead ThinkTemplate.class.php 第 402 行.
[ 2017-05-20T21:16:28+08:00 ] /JSJD/index.php/About/index | NOTIC: [8192] preg_replace(): The /e modifier is deprecated, use preg_replace_callback instead ThinkTemplate.class.php 第 402 行.
[ 2017-05-20T21:16:28+08:00 ] /JSJD/index.php/About/index | NOTIC: [8192] preg_replace(): The /e modifier is deprecated, use preg_replace_callback instead ThinkTemplate.class.php 第 402 行.
[ 2017-05-20T21:16:28+08:00 ] /JSJD/index.php/About/index | NOTIC: [8192] preg_replace(): The /e modifier is deprecated, use preg_replace_callback instead ThinkTemplate.class.php 第 402 行.
[ 2017-05-20T21:16:28+08:00 ] /JSJD/index.php/About/index | NOTIC: [8192] preg_replace(): The /e modifier is deprecated, use preg_replace_callback instead ThinkTemplate.class.php 第 402 行.
[ 2017-05-20T21:16:28+08:00 ] /JSJD/index.php/About/index | NOTIC: [8192] preg_replace(): The /e modifier is deprecated, use preg_replace_callback instead ThinkTemplate.class.php 第 402 行.
[ 2017-05-20T21:16:28+08:00 ] /JSJD/index.php/About/index | NOTIC: [8192] preg_replace(): The /e modifier is deprecated, use preg_replace_callback instead ThinkTemplate.class.php 第 406 行.
[ 2017-05-20T21:16:28+08:00 ] /JSJD/index.php/About/index | NOTIC: [8192] preg_replace(): The /e modifier is deprecated, use preg_replace_callback instead ThinkTemplate.class.php 第 406 行.
[ 2017-05-20T21:16:28+08:00 ] /JSJD/index.php/About/index | NOTIC: [8192] preg_replace(): The /e modifier is deprecated, use preg_replace_callback instead ThinkTemplate.class.php 第 406 行.
[ 2017-05-20T21:16:28+08:00 ] /JSJD/index.php/About/index | NOTIC: [8192] preg_replace(): The /e modifier is deprecated, use preg_replace_callback instead ThinkTemplate.class.php 第 220 行.
[ 2017-05-20T21:16:28+08:00 ] /JSJD/index.php/About/index | NOTIC: [8192] preg_replace(): The /e modifier is deprecated, use preg_replace_callback instead ThinkTemplate.class.php 第 154 行.
[ 2017-05-20T21:16:28+08:00 ] /JSJD/index.php/About/index | NOTIC: [8] Undefined index: sid functions.php 第 441 行.
[ 2017-05-20T21:16:28+08:00 ] /JSJD/index.php/About/index | INFO: Run ParseTemplate Behavior [ RunTime:0.015981s ]
[ 2017-05-20T21:16:28+08:00 ] /JSJD/index.php/About/index | INFO: Tag[ view_parse ] --END-- [ RunTime:0.016025s ]
[ 2017-05-20T21:16:28+08:00 ] /JSJD/index.php/About/index | INFO: Tag[ view_filter ] --START--
[ 2017-05-20T21:16:28+08:00 ] /JSJD/index.php/About/index | INFO: Run ContentReplace Behavior [ RunTime:0.000262s ]
[ 2017-05-20T21:16:28+08:00 ] /JSJD/index.php/About/index | INFO: Run TokenBuild Behavior [ RunTime:0.000261s ]
[ 2017-05-20T21:16:28+08:00 ] /JSJD/index.php/About/index | INFO: Run WriteHtmlCache Behavior [ RunTime:0.000107s ]
[ 2017-05-20T21:16:28+08:00 ] /JSJD/index.php/About/index | INFO: Run ShowRuntime Behavior [ RunTime:0.000257s ]
[ 2017-05-20T21:16:28+08:00 ] /JSJD/index.php/About/index | INFO: Tag[ view_filter ] --END-- [ RunTime:0.000991s ]
[ 2017-05-20T21:16:28+08:00 ] /JSJD/index.php/About/index | INFO: Tag[ view_end ] --START--
[ 2017-05-20T21:16:28+08:00 ] /JSJD/index.php/About/index | INFO: Run ShowPageTrace Behavior [ RunTime:0.000367s ]
[ 2017-05-20T21:16:28+08:00 ] /JSJD/index.php/About/index | INFO: Tag[ view_end ] --END-- [ RunTime:0.000420s ]
[ 2017-05-20T21:16:39+08:00 ] /JSJD/index.php/About/About/rlzy.html | ERR: (ThinkException) 非法操作About
[ 2017-05-20T21:16:43+08:00 ] /JSJD/index.php/About/contactus | INFO: Tag[ route_check ] --START--
[ 2017-05-20T21:16:43+08:00 ] /JSJD/index.php/About/contactus | INFO: Run CheckRoute Behavior [ RunTime:0.000505s ]
[ 2017-05-20T21:16:43+08:00 ] /JSJD/index.php/About/contactus | INFO: Tag[ route_check ] --END-- [ RunTime:0.000595s ]
[ 2017-05-20T21:16:43+08:00 ] /JSJD/index.php/About/contactus | NOTIC: [8192] preg_replace(): The /e modifier is deprecated, use preg_replace_callback instead Dispatcher.class.php 第 125 行.
[ 2017-05-20T21:16:43+08:00 ] /JSJD/index.php/About/contactus | INFO: Tag[ app_begin ] --START--
[ 2017-05-20T21:16:43+08:00 ] /JSJD/index.php/About/contactus | INFO: Run ReadHtmlCache Behavior [ RunTime:0.000359s ]
[ 2017-05-20T21:16:43+08:00 ] /JSJD/index.php/About/contactus | INFO: Tag[ app_begin ] --END-- [ RunTime:0.000399s ]
[ 2017-05-20T21:16:43+08:00 ] /JSJD/index.php/About/contactus | NOTIC: [8192] mysql_connect(): The mysql extension is deprecated and will be removed in the future: use mysqli or PDO instead DbMysql.class.php 第 67 行.
[ 2017-05-20T21:16:43+08:00 ] /JSJD/index.php/About/contactus | SQL: SHOW COLUMNS FROM `czxy_systemconfig` [ RunTime:0.002181s ]
[ 2017-05-20T21:16:43+08:00 ] /JSJD/index.php/About/contactus | NOTIC: [8192] preg_replace(): The /e modifier is deprecated, use preg_replace_callback instead Db.class.php 第 660 行.
[ 2017-05-20T21:16:43+08:00 ] /JSJD/index.php/About/contactus | SQL: SELECT * FROM `czxy_systemconfig` WHERE ( `ckey` = 'rotateimg' )  [ RunTime:0.000343s ]
[ 2017-05-20T21:16:43+08:00 ] /JSJD/index.php/About/contactus | INFO: Tag[ view_template ] --START--
[ 2017-05-20T21:16:43+08:00 ] /JSJD/index.php/About/contactus | INFO: Run LocationTemplate Behavior [ RunTime:0.000383s ]
[ 2017-05-20T21:16:43+08:00 ] /JSJD/index.php/About/contactus | INFO: Tag[ view_template ] --END-- [ RunTime:0.000446s ]
[ 2017-05-20T21:16:43+08:00 ] /JSJD/index.php/About/contactus | INFO: Tag[ view_parse ] --START--
[ 2017-05-20T21:16:43+08:00 ] /JSJD/index.php/About/contactus | NOTIC: [8192] preg_replace(): The /e modifier is deprecated, use preg_replace_callback instead ThinkTemplate.class.php 第 186 行.
[ 2017-05-20T21:16:43+08:00 ] /JSJD/index.php/About/contactus | NOTIC: [2] file_get_contents(./Index/Tpl/Public/top.html): failed to open stream: No such file or directory ThinkTemplate.class.php 第 702 行.
[ 2017-05-20T21:16:43+08:00 ] /JSJD/index.php/About/contactus | NOTIC: [2] file_get_contents(./Index/Tpl/Public/luenhuan.html): failed to open stream: No such file or directory ThinkTemplate.class.php 第 702 行.
[ 2017-05-20T21:16:43+08:00 ] /JSJD/index.php/About/contactus | NOTIC: [2] file_get_contents(./Index/Tpl/Public/footer.html): failed to open stream: No such file or directory ThinkTemplate.class.php 第 702 行.
[ 2017-05-20T21:16:43+08:00 ] /JSJD/index.php/About/contactus | NOTIC: [8192] preg_replace(): The /e modifier is deprecated, use preg_replace_callback instead ThinkTemplate.class.php 第 406 行.
[ 2017-05-20T21:16:43+08:00 ] /JSJD/index.php/About/contactus | NOTIC: [8192] preg_replace(): The /e modifier is deprecated, use preg_replace_callback instead ThinkTemplate.class.php 第 406 行.
[ 2017-05-20T21:16:43+08:00 ] /JSJD/index.php/About/contactus | NOTIC: [8192] preg_replace(): The /e modifier is deprecated, use preg_replace_callback instead ThinkTemplate.class.php 第 406 行.
[ 2017-05-20T21:16:43+08:00 ] /JSJD/index.php/About/contactus | NOTIC: [8192] preg_replace(): The /e modifier is deprecated, use preg_replace_callback instead ThinkTemplate.class.php 第 406 行.
[ 2017-05-20T21:16:43+08:00 ] /JSJD/index.php/About/contactus | NOTIC: [8192] preg_replace(): The /e modifier is deprecated, use preg_replace_callback instead ThinkTemplate.class.php 第 406 行.
[ 2017-05-20T21:16:43+08:00 ] /JSJD/index.php/About/contactus | NOTIC: [8192] preg_replace(): The /e modifier is deprecated, use preg_replace_callback instead ThinkTemplate.class.php 第 406 行.
[ 2017-05-20T21:16:43+08:00 ] /JSJD/index.php/About/contactus | NOTIC: [8192] preg_replace(): The /e modifier is deprecated, use preg_replace_callback instead ThinkTemplate.class.php 第 406 行.
[ 2017-05-20T21:16:43+08:00 ] /JSJD/index.php/About/contactus | NOTIC: [8192] preg_replace(): The /e modifier is deprecated, use preg_replace_callback instead ThinkTemplate.class.php 第 406 行.
[ 2017-05-20T21:16:43+08:00 ] /JSJD/index.php/About/contactus | NOTIC: [8192] preg_replace(): The /e modifier is deprecated, use preg_replace_callback instead ThinkTemplate.class.php 第 406 行.
[ 2017-05-20T21:16:43+08:00 ] /JSJD/index.php/About/contactus | NOTIC: [8192] preg_replace(): The /e modifier is deprecated, use preg_replace_callback instead ThinkTemplate.class.php 第 402 行.
[ 2017-05-20T21:16:43+08:00 ] /JSJD/index.php/About/contactus | NOTIC: [8192] preg_replace(): The /e modifier is deprecated, use preg_replace_callback instead ThinkTemplate.class.php 第 402 行.
[ 2017-05-20T21:16:43+08:00 ] /JSJD/index.php/About/contactus | NOTIC: [8192] preg_replace(): The /e modifier is deprecated, use preg_replace_callback instead ThinkTemplate.class.php 第 406 行.
[ 2017-05-20T21:16:43+08:00 ] /JSJD/index.php/About/contactus | NOTIC: [8192] preg_replace(): The /e modifier is deprecated, use preg_replace_callback instead ThinkTemplate.class.php 第 406 行.
[ 2017-05-20T21:16:43+08:00 ] /JSJD/index.php/About/contactus | NOTIC: [8192] preg_replace(): The /e modifier is deprecated, use preg_replace_callback instead ThinkTemplate.class.php 第 406 行.
[ 2017-05-20T21:16:43+08:00 ] /JSJD/index.php/About/contactus | NOTIC: [8192] preg_replace(): The /e modifier is deprecated, use preg_replace_callback instead ThinkTemplate.class.php 第 402 行.
[ 2017-05-20T21:16:43+08:00 ] /JSJD/index.php/About/contactus | NOTIC: [8192] preg_replace(): The /e modifier is deprecated, use preg_replace_callback instead ThinkTemplate.class.php 第 406 行.
[ 2017-05-20T21:16:43+08:00 ] /JSJD/index.php/About/contactus | NOTIC: [8192] preg_replace(): The /e modifier is deprecated, use preg_replace_callback instead ThinkTemplate.class.php 第 406 行.
[ 2017-05-20T21:16:43+08:00 ] /JSJD/index.php/About/contactus | NOTIC: [8192] preg_replace(): The /e modifier is deprecated, use preg_replace_callback instead ThinkTemplate.class.php 第 406 行.
[ 2017-05-20T21:16:43+08:00 ] /JSJD/index.php/About/contactus | NOTIC: [8192] preg_replace(): The /e modifier is deprecated, use preg_replace_callback instead ThinkTemplate.class.php 第 406 行.
[ 2017-05-20T21:16:43+08:00 ] /JSJD/index.php/About/contactus | NOTIC: [8192] preg_replace(): The /e modifier is deprecated, use preg_replace_callback instead ThinkTemplate.class.php 第 406 行.
[ 2017-05-20T21:16:43+08:00 ] /JSJD/index.php/About/contactus | NOTIC: [8192] preg_replace(): The /e modifier is deprecated, use preg_replace_callback instead ThinkTemplate.class.php 第 406 行.
[ 2017-05-20T21:16:43+08:00 ] /JSJD/index.php/About/contactus | NOTIC: [8192] preg_replace(): The /e modifier is deprecated, use preg_replace_callback instead ThinkTemplate.class.php 第 406 行.
[ 2017-05-20T21:16:43+08:00 ] /JSJD/index.php/About/contactus | NOTIC: [8192] preg_replace(): The /e modifier is deprecated, use preg_replace_callback instead ThinkTemplate.class.php 第 406 行.
[ 2017-05-20T21:16:43+08:00 ] /JSJD/index.php/About/contactus | NOTIC: [8192] preg_replace(): The /e modifier is deprecated, use preg_replace_callback instead ThinkTemplate.class.php 第 406 行.
[ 2017-05-20T21:16:43+08:00 ] /JSJD/index.php/About/contactus | NOTIC: [8192] preg_replace(): The /e modifier is deprecated, use preg_replace_callback instead ThinkTemplate.class.php 第 406 行.
[ 2017-05-20T21:16:43+08:00 ] /JSJD/index.php/About/contactus | NOTIC: [8192] preg_replace(): The /e modifier is deprecated, use preg_replace_callback instead ThinkTemplate.class.php 第 406 行.
[ 2017-05-20T21:16:43+08:00 ] /JSJD/index.php/About/contactus | NOTIC: [8192] preg_replace(): The /e modifier is deprecated, use preg_replace_callback instead ThinkTemplate.class.php 第 406 行.
[ 2017-05-20T21:16:43+08:00 ] /JSJD/index.php/About/contactus | NOTIC: [8192] preg_replace(): The /e modifier is deprecated, use preg_replace_callback instead ThinkTemplate.class.php 第 406 行.
[ 2017-05-20T21:16:43+08:00 ] /JSJD/index.php/About/contactus | NOTIC: [8192] preg_replace(): The /e modifier is deprecated, use preg_replace_callback instead ThinkTemplate.class.php 第 406 行.
[ 2017-05-20T21:16:43+08:00 ] /JSJD/index.php/About/contactus | NOTIC: [8192] preg_replace(): The /e modifier is deprecated, use preg_replace_callback instead ThinkTemplate.class.php 第 406 行.
[ 2017-05-20T21:16:43+08:00 ] /JSJD/index.php/About/contactus | NOTIC: [8192] preg_replace(): The /e modifier is deprecated, use preg_replace_callback instead ThinkTemplate.class.php 第 406 行.
[ 2017-05-20T21:16:43+08:00 ] /JSJD/index.php/About/contactus | NOTIC: [8192] preg_replace(): The /e modifier is deprecated, use preg_replace_callback instead ThinkTemplate.class.php 第 406 行.
[ 2017-05-20T21:16:43+08:00 ] /JSJD/index.php/About/contactus | NOTIC: [8192] preg_replace(): The /e modifier is deprecated, use preg_replace_callback instead ThinkTemplate.class.php 第 406 行.
[ 2017-05-20T21:16:43+08:00 ] /JSJD/index.php/About/contactus | NOTIC: [8192] preg_replace(): The /e modifier is deprecated, use preg_replace_callback instead ThinkTemplate.class.php 第 406 行.
[ 2017-05-20T21:16:43+08:00 ] /JSJD/index.php/About/contactus | NOTIC: [8192] preg_replace(): The /e modifier is deprecated, use preg_replace_callback instead ThinkTemplate.class.php 第 406 行.
[ 2017-05-20T21:16:43+08:00 ] /JSJD/index.php/About/contactus | NOTIC: [8192] preg_replace(): The /e modifier is deprecated, use preg_replace_callback instead ThinkTemplate.class.php 第 406 行.
[ 2017-05-20T21:16:43+08:00 ] /JSJD/index.php/About/contactus | NOTIC: [8192] preg_replace(): The /e modifier is deprecated, use preg_replace_callback instead ThinkTemplate.class.php 第 406 行.
[ 2017-05-20T21:16:43+08:00 ] /JSJD/index.php/About/contactus | NOTIC: [8192] preg_replace(): The /e modifier is deprecated, use preg_replace_callback instead ThinkTemplate.class.php 第 406 行.
[ 2017-05-20T21:16:43+08:00 ] /JSJD/index.php/About/contactus | NOTIC: [8192] preg_replace(): The /e modifier is deprecated, use preg_replace_callback instead ThinkTemplate.class.php 第 406 行.
[ 2017-05-20T21:16:43+08:00 ] /JSJD/index.php/About/contactus | NOTIC: [8192] preg_replace(): The /e modifier is deprecated, use preg_replace_callback instead ThinkTemplate.class.php 第 406 行.
[ 2017-05-20T21:16:43+08:00 ] /JSJD/index.php/About/contactus | NOTIC: [8192] preg_replace(): The /e modifier is deprecated, use preg_replace_callback instead ThinkTemplate.class.php 第 406 行.
[ 2017-05-20T21:16:43+08:00 ] /JSJD/index.php/About/contactus | NOTIC: [8192] preg_replace(): The /e modifier is deprecated, use preg_replace_callback instead ThinkTemplate.class.php 第 406 行.
[ 2017-05-20T21:16:43+08:00 ] /JSJD/index.php/About/contactus | NOTIC: [8192] preg_replace(): The /e modifier is deprecated, use preg_replace_callback instead ThinkTemplate.class.php 第 406 行.
[ 2017-05-20T21:16:43+08:00 ] /JSJD/index.php/About/contactus | NOTIC: [8192] preg_replace(): The /e modifier is deprecated, use preg_replace_callback instead ThinkTemplate.class.php 第 406 行.
[ 2017-05-20T21:16:43+08:00 ] /JSJD/index.php/About/contactus | NOTIC: [8192] preg_replace(): The /e modifier is deprecated, use preg_replace_callback instead ThinkTemplate.class.php 第 406 行.
[ 2017-05-20T21:16:43+08:00 ] /JSJD/index.php/About/contactus | NOTIC: [8192] preg_replace(): The /e modifier is deprecated, use preg_replace_callback instead ThinkTemplate.class.php 第 406 行.
[ 2017-05-20T21:16:43+08:00 ] /JSJD/index.php/About/contactus | NOTIC: [8192] preg_replace(): The /e modifier is deprecated, use preg_replace_callback instead ThinkTemplate.class.php 第 406 行.
[ 2017-05-20T21:16:43+08:00 ] /JSJD/index.php/About/contactus | NOTIC: [8192] preg_replace(): The /e modifier is deprecated, use preg_replace_callback instead ThinkTemplate.class.php 第 406 行.
[ 2017-05-20T21:16:43+08:00 ] /JSJD/index.php/About/contactus | NOTIC: [8192] preg_replace(): The /e modifier is deprecated, use preg_replace_callback instead ThinkTemplate.class.php 第 406 行.
[ 2017-05-20T21:16:43+08:00 ] /JSJD/index.php/About/contactus | NOTIC: [8192] preg_replace(): The /e modifier is deprecated, use preg_replace_callback instead ThinkTemplate.class.php 第 406 行.
[ 2017-05-20T21:16:43+08:00 ] /JSJD/index.php/About/contactus | NOTIC: [8192] preg_replace(): The /e modifier is deprecated, use preg_replace_callback instead ThinkTemplate.class.php 第 406 行.
[ 2017-05-20T21:16:43+08:00 ] /JSJD/index.php/About/contactus | NOTIC: [8192] preg_replace(): The /e modifier is deprecated, use preg_replace_callback instead ThinkTemplate.class.php 第 406 行.
[ 2017-05-20T21:16:43+08:00 ] /JSJD/index.php/About/contactus | NOTIC: [8192] preg_replace(): The /e modifier is deprecated, use preg_replace_callback instead ThinkTemplate.class.php 第 406 行.
[ 2017-05-20T21:16:43+08:00 ] /JSJD/index.php/About/contactus | NOTIC: [8192] preg_replace(): The /e modifier is deprecated, use preg_replace_callback instead ThinkTemplate.class.php 第 406 行.
[ 2017-05-20T21:16:43+08:00 ] /JSJD/index.php/About/contactus | NOTIC: [8192] preg_replace(): The /e modifier is deprecated, use preg_replace_callback instead ThinkTemplate.class.php 第 406 行.
[ 2017-05-20T21:16:43+08:00 ] /JSJD/index.php/About/contactus | NOTIC: [8192] preg_replace(): The /e modifier is deprecated, use preg_replace_callback instead ThinkTemplate.class.php 第 406 行.
[ 2017-05-20T21:16:43+08:00 ] /JSJD/index.php/About/contactus | NOTIC: [8192] preg_replace(): The /e modifier is deprecated, use preg_replace_callback instead ThinkTemplate.class.php 第 406 行.
[ 2017-05-20T21:16:43+08:00 ] /JSJD/index.php/About/contactus | NOTIC: [8192] preg_replace(): The /e modifier is deprecated, use preg_replace_callback instead ThinkTemplate.class.php 第 406 行.
[ 2017-05-20T21:16:43+08:00 ] /JSJD/index.php/About/contactus | NOTIC: [8192] preg_replace(): The /e modifier is deprecated, use preg_replace_callback instead ThinkTemplate.class.php 第 406 行.
[ 2017-05-20T21:16:43+08:00 ] /JSJD/index.php/About/contactus | NOTIC: [8192] preg_replace(): The /e modifier is deprecated, use preg_replace_callback instead ThinkTemplate.class.php 第 406 行.
[ 2017-05-20T21:16:43+08:00 ] /JSJD/index.php/About/contactus | NOTIC: [8192] preg_replace(): The /e modifier is deprecated, use preg_replace_callback instead ThinkTemplate.class.php 第 406 行.
[ 2017-05-20T21:16:43+08:00 ] /JSJD/index.php/About/contactus | NOTIC: [8192] preg_replace(): The /e modifier is deprecated, use preg_replace_callback instead ThinkTemplate.class.php 第 406 行.
[ 2017-05-20T21:16:43+08:00 ] /JSJD/index.php/About/contactus | NOTIC: [8192] preg_replace(): The /e modifier is deprecated, use preg_replace_callback instead ThinkTemplate.class.php 第 406 行.
[ 2017-05-20T21:16:43+08:00 ] /JSJD/index.php/About/contactus | NOTIC: [8192] preg_replace(): The /e modifier is deprecated, use preg_replace_callback instead ThinkTemplate.class.php 第 406 行.
[ 2017-05-20T21:16:43+08:00 ] /JSJD/index.php/About/contactus | NOTIC: [8192] preg_replace(): The /e modifier is deprecated, use preg_replace_callback instead ThinkTemplate.class.php 第 406 行.
[ 2017-05-20T21:16:43+08:00 ] /JSJD/index.php/About/contactus | NOTIC: [8192] preg_replace(): The /e modifier is deprecated, use preg_replace_callback instead ThinkTemplate.class.php 第 406 行.
[ 2017-05-20T21:16:43+08:00 ] /JSJD/index.php/About/contactus | NOTIC: [8192] preg_replace(): The /e modifier is deprecated, use preg_replace_callback instead ThinkTemplate.class.php 第 406 行.
[ 2017-05-20T21:16:43+08:00 ] /JSJD/index.php/About/contactus | NOTIC: [8192] preg_replace(): The /e modifier is deprecated, use preg_replace_callback instead ThinkTemplate.class.php 第 406 行.
[ 2017-05-20T21:16:43+08:00 ] /JSJD/index.php/About/contactus | NOTIC: [8192] preg_replace(): The /e modifier is deprecated, use preg_replace_callback instead ThinkTemplate.class.php 第 406 行.
[ 2017-05-20T21:16:43+08:00 ] /JSJD/index.php/About/contactus | NOTIC: [8192] preg_replace(): The /e modifier is deprecated, use preg_replace_callback instead ThinkTemplate.class.php 第 406 行.
[ 2017-05-20T21:16:43+08:00 ] /JSJD/index.php/About/contactus | NOTIC: [8192] preg_replace(): The /e modifier is deprecated, use preg_replace_callback instead ThinkTemplate.class.php 第 406 行.
[ 2017-05-20T21:16:43+08:00 ] /JSJD/index.php/About/contactus | NOTIC: [8192] preg_replace(): The /e modifier is deprecated, use preg_replace_callback instead ThinkTemplate.class.php 第 406 行.
[ 2017-05-20T21:16:43+08:00 ] /JSJD/index.php/About/contactus | NOTIC: [8192] preg_replace(): The /e modifier is deprecated, use preg_replace_callback instead ThinkTemplate.class.php 第 406 行.
[ 2017-05-20T21:16:43+08:00 ] /JSJD/index.php/About/contactus | NOTIC: [8192] preg_replace(): The /e modifier is deprecated, use preg_replace_callback instead ThinkTemplate.class.php 第 406 行.
[ 2017-05-20T21:16:43+08:00 ] /JSJD/index.php/About/contactus | NOTIC: [8192] preg_replace(): The /e modifier is deprecated, use preg_replace_callback instead ThinkTemplate.class.php 第 406 行.
[ 2017-05-20T21:16:43+08:00 ] /JSJD/index.php/About/contactus | NOTIC: [8192] preg_replace(): The /e modifier is deprecated, use preg_replace_callback instead ThinkTemplate.class.php 第 406 行.
[ 2017-05-20T21:16:43+08:00 ] /JSJD/index.php/About/contactus | NOTIC: [8192] preg_replace(): The /e modifier is deprecated, use preg_replace_callback instead ThinkTemplate.class.php 第 406 行.
[ 2017-05-20T21:16:43+08:00 ] /JSJD/index.php/About/contactus | NOTIC: [8192] preg_replace(): The /e modifier is deprecated, use preg_replace_callback instead ThinkTemplate.class.php 第 406 行.
[ 2017-05-20T21:16:43+08:00 ] /JSJD/index.php/About/contactus | NOTIC: [8192] preg_replace(): The /e modifier is deprecated, use preg_replace_callback instead ThinkTemplate.class.php 第 406 行.
[ 2017-05-20T21:16:43+08:00 ] /JSJD/index.php/About/contactus | NOTIC: [8192] preg_replace(): The /e modifier is deprecated, use preg_replace_callback instead ThinkTemplate.class.php 第 406 行.
[ 2017-05-20T21:16:43+08:00 ] /JSJD/index.php/About/contactus | NOTIC: [8192] preg_replace(): The /e modifier is deprecated, use preg_replace_callback instead ThinkTemplate.class.php 第 406 行.
[ 2017-05-20T21:16:43+08:00 ] /JSJD/index.php/About/contactus | NOTIC: [8192] preg_replace(): The /e modifier is deprecated, use preg_replace_callback instead ThinkTemplate.class.php 第 402 行.
[ 2017-05-20T21:16:43+08:00 ] /JSJD/index.php/About/contactus | NOTIC: [8192] preg_replace(): The /e modifier is deprecated, use preg_replace_callback instead ThinkTemplate.class.php 第 402 行.
[ 2017-05-20T21:16:43+08:00 ] /JSJD/index.php/About/contactus | NOTIC: [8192] preg_replace(): The /e modifier is deprecated, use preg_replace_callback instead ThinkTemplate.class.php 第 402 行.
[ 2017-05-20T21:16:43+08:00 ] /JSJD/index.php/About/contactus | NOTIC: [8192] preg_replace(): The /e modifier is deprecated, use preg_replace_callback instead ThinkTemplate.class.php 第 402 行.
[ 2017-05-20T21:16:43+08:00 ] /JSJD/index.php/About/contactus | NOTIC: [8192] preg_replace(): The /e modifier is deprecated, use preg_replace_callback instead ThinkTemplate.class.php 第 402 行.
[ 2017-05-20T21:16:43+08:00 ] /JSJD/index.php/About/contactus | NOTIC: [8192] preg_replace(): The /e modifier is deprecated, use preg_replace_callback instead ThinkTemplate.class.php 第 402 行.
[ 2017-05-20T21:16:43+08:00 ] /JSJD/index.php/About/contactus | NOTIC: [8192] preg_replace(): The /e modifier is deprecated, use preg_replace_callback instead ThinkTemplate.class.php 第 406 行.
[ 2017-05-20T21:16:43+08:00 ] /JSJD/index.php/About/contactus | NOTIC: [8192] preg_replace(): The /e modifier is deprecated, use preg_replace_callback instead ThinkTemplate.class.php 第 406 行.
[ 2017-05-20T21:16:43+08:00 ] /JSJD/index.php/About/contactus | NOTIC: [8192] preg_replace(): The /e modifier is deprecated, use preg_replace_callback instead ThinkTemplate.class.php 第 406 行.
[ 2017-05-20T21:16:43+08:00 ] /JSJD/index.php/About/contactus | NOTIC: [8192] preg_replace(): The /e modifier is deprecated, use preg_replace_callback instead ThinkTemplate.class.php 第 220 行.
[ 2017-05-20T21:16:43+08:00 ] /JSJD/index.php/About/contactus | NOTIC: [8192] preg_replace(): The /e modifier is deprecated, use preg_replace_callback instead ThinkTemplate.class.php 第 154 行.
[ 2017-05-20T21:16:43+08:00 ] /JSJD/index.php/About/contactus | NOTIC: [8] Undefined index: sid functions.php 第 441 行.
[ 2017-05-20T21:16:43+08:00 ] /JSJD/index.php/About/contactus | INFO: Run ParseTemplate Behavior [ RunTime:0.016397s ]
[ 2017-05-20T21:16:43+08:00 ] /JSJD/index.php/About/contactus | INFO: Tag[ view_parse ] --END-- [ RunTime:0.016460s ]
[ 2017-05-20T21:16:43+08:00 ] /JSJD/index.php/About/contactus | INFO: Tag[ view_filter ] --START--
[ 2017-05-20T21:16:43+08:00 ] /JSJD/index.php/About/contactus | INFO: Run ContentReplace Behavior [ RunTime:0.000562s ]
[ 2017-05-20T21:16:43+08:00 ] /JSJD/index.php/About/contactus | INFO: Run TokenBuild Behavior [ RunTime:0.000720s ]
[ 2017-05-20T21:16:43+08:00 ] /JSJD/index.php/About/contactus | INFO: Run WriteHtmlCache Behavior [ RunTime:0.000359s ]
[ 2017-05-20T21:16:43+08:00 ] /JSJD/index.php/About/contactus | INFO: Run ShowRuntime Behavior [ RunTime:0.000388s ]
[ 2017-05-20T21:16:43+08:00 ] /JSJD/index.php/About/contactus | INFO: Tag[ view_filter ] --END-- [ RunTime:0.002214s ]
[ 2017-05-20T21:16:43+08:00 ] /JSJD/index.php/About/contactus | INFO: Tag[ view_end ] --START--
[ 2017-05-20T21:16:43+08:00 ] /JSJD/index.php/About/contactus | INFO: Run ShowPageTrace Behavior [ RunTime:0.000524s ]
[ 2017-05-20T21:16:43+08:00 ] /JSJD/index.php/About/contactus | INFO: Tag[ view_end ] --END-- [ RunTime:0.000602s ]
[ 2017-05-20T21:16:43+08:00 ] /JSJD/index.php/js/jquery.bxslider.min.js | ERR: (ThinkException) 无法加载模块js
[ 2017-05-20T23:10:25+08:00 ] /JSJD/ | INFO: Tag[ app_begin ] --START--
[ 2017-05-20T23:10:25+08:00 ] /JSJD/ | INFO: Run ReadHtmlCache Behavior [ RunTime:0.002667s ]
[ 2017-05-20T23:10:25+08:00 ] /JSJD/ | INFO: Tag[ app_begin ] --END-- [ RunTime:0.003778s ]
[ 2017-05-20T23:10:25+08:00 ] /JSJD/ | NOTIC: [8192] mysql_connect(): The mysql extension is deprecated and will be removed in the future: use mysqli or PDO instead DbMysql.class.php 第 67 行.
[ 2017-05-20T23:10:25+08:00 ] /JSJD/ | SQL: SHOW COLUMNS FROM `czxy_systemconfig` [ RunTime:0.004408s ]
[ 2017-05-20T23:10:25+08:00 ] /JSJD/ | NOTIC: [8192] preg_replace(): The /e modifier is deprecated, use preg_replace_callback instead Db.class.php 第 660 行.
[ 2017-05-20T23:10:25+08:00 ] /JSJD/ | SQL: SELECT * FROM `czxy_systemconfig` WHERE ( `ckey` = 'rotateimg' )  [ RunTime:0.002861s ]
[ 2017-05-20T23:10:25+08:00 ] /JSJD/ | SQL: SHOW COLUMNS FROM `czxy_news` [ RunTime:0.006711s ]
[ 2017-05-20T23:10:25+08:00 ] /JSJD/ | NOTIC: [8192] preg_replace(): The /e modifier is deprecated, use preg_replace_callback instead Db.class.php 第 660 行.
[ 2017-05-20T23:10:25+08:00 ] /JSJD/ | SQL: SELECT * FROM `czxy_news` LIMIT 5   [ RunTime:0.000445s ]
[ 2017-05-20T23:10:25+08:00 ] /JSJD/ | SQL: SHOW COLUMNS FROM `czxy_subjectrace` [ RunTime:0.004738s ]
[ 2017-05-20T23:10:25+08:00 ] /JSJD/ | NOTIC: [8192] preg_replace(): The /e modifier is deprecated, use preg_replace_callback instead Db.class.php 第 660 行.
[ 2017-05-20T23:10:25+08:00 ] /JSJD/ | SQL: SELECT * FROM `czxy_subjectrace` ORDER BY id DESC LIMIT 3   [ RunTime:0.000339s ]
[ 2017-05-20T23:10:25+08:00 ] /JSJD/ | INFO: Tag[ view_template ] --START--
[ 2017-05-20T23:10:25+08:00 ] /JSJD/ | INFO: Run LocationTemplate Behavior [ RunTime:0.001367s ]
[ 2017-05-20T23:10:25+08:00 ] /JSJD/ | INFO: Tag[ view_template ] --END-- [ RunTime:0.001450s ]
[ 2017-05-20T23:10:25+08:00 ] /JSJD/ | INFO: Tag[ view_parse ] --START--
[ 2017-05-20T23:10:25+08:00 ] /JSJD/ | NOTIC: [8192] preg_replace(): The /e modifier is deprecated, use preg_replace_callback instead ThinkTemplate.class.php 第 186 行.
[ 2017-05-20T23:10:25+08:00 ] /JSJD/ | NOTIC: [2] file_get_contents(./Index/Tpl/Public/top.html): failed to open stream: No such file or directory ThinkTemplate.class.php 第 702 行.
[ 2017-05-20T23:10:25+08:00 ] /JSJD/ | NOTIC: [2] file_get_contents(./Index/Tpl/Public/luenhuan.html): failed to open stream: No such file or directory ThinkTemplate.class.php 第 702 行.
[ 2017-05-20T23:10:25+08:00 ] /JSJD/ | NOTIC: [2] file_get_contents(./Index/Tpl/Public/footer.html): failed to open stream: No such file or directory ThinkTemplate.class.php 第 702 行.
[ 2017-05-20T23:10:25+08:00 ] /JSJD/ | NOTIC: [8192] preg_replace(): The /e modifier is deprecated, use preg_replace_callback instead ThinkTemplate.class.php 第 406 行.
[ 2017-05-20T23:10:25+08:00 ] /JSJD/ | NOTIC: [8192] preg_replace(): The /e modifier is deprecated, use preg_replace_callback instead ThinkTemplate.class.php 第 406 行.
[ 2017-05-20T23:10:25+08:00 ] /JSJD/ | NOTIC: [8192] preg_replace(): The /e modifier is deprecated, use preg_replace_callback instead ThinkTemplate.class.php 第 406 行.
[ 2017-05-20T23:10:25+08:00 ] /JSJD/ | NOTIC: [8192] preg_replace(): The /e modifier is deprecated, use preg_replace_callback instead ThinkTemplate.class.php 第 406 行.
[ 2017-05-20T23:10:25+08:00 ] /JSJD/ | NOTIC: [8192] preg_replace(): The /e modifier is deprecated, use preg_replace_callback instead ThinkTemplate.class.php 第 406 行.
[ 2017-05-20T23:10:25+08:00 ] /JSJD/ | NOTIC: [8192] preg_replace(): The /e modifier is deprecated, use preg_replace_callback instead ThinkTemplate.class.php 第 406 行.
[ 2017-05-20T23:10:25+08:00 ] /JSJD/ | NOTIC: [8192] preg_replace(): The /e modifier is deprecated, use preg_replace_callback instead ThinkTemplate.class.php 第 406 行.
[ 2017-05-20T23:10:25+08:00 ] /JSJD/ | NOTIC: [8192] preg_replace(): The /e modifier is deprecated, use preg_replace_callback instead ThinkTemplate.class.php 第 406 行.
[ 2017-05-20T23:10:25+08:00 ] /JSJD/ | NOTIC: [8192] preg_replace(): The /e modifier is deprecated, use preg_replace_callback instead ThinkTemplate.class.php 第 406 行.
[ 2017-05-20T23:10:25+08:00 ] /JSJD/ | NOTIC: [8192] preg_replace(): The /e modifier is deprecated, use preg_replace_callback instead ThinkTemplate.class.php 第 402 行.
[ 2017-05-20T23:10:25+08:00 ] /JSJD/ | NOTIC: [8192] preg_replace(): The /e modifier is deprecated, use preg_replace_callback instead ThinkTemplate.class.php 第 402 行.
[ 2017-05-20T23:10:25+08:00 ] /JSJD/ | NOTIC: [8192] preg_replace(): The /e modifier is deprecated, use preg_replace_callback instead ThinkTemplate.class.php 第 406 行.
[ 2017-05-20T23:10:25+08:00 ] /JSJD/ | NOTIC: [8192] preg_replace(): The /e modifier is deprecated, use preg_replace_callback instead ThinkTemplate.class.php 第 406 行.
[ 2017-05-20T23:10:25+08:00 ] /JSJD/ | NOTIC: [8192] preg_replace(): The /e modifier is deprecated, use preg_replace_callback instead ThinkTemplate.class.php 第 406 行.
[ 2017-05-20T23:10:25+08:00 ] /JSJD/ | NOTIC: [8192] preg_replace(): The /e modifier is deprecated, use preg_replace_callback instead ThinkTemplate.class.php 第 402 行.
[ 2017-05-20T23:10:25+08:00 ] /JSJD/ | NOTIC: [8192] preg_replace(): The /e modifier is deprecated, use preg_replace_callback instead ThinkTemplate.class.php 第 406 行.
[ 2017-05-20T23:10:25+08:00 ] /JSJD/ | NOTIC: [8192] preg_replace(): The /e modifier is deprecated, use preg_replace_callback instead ThinkTemplate.class.php 第 406 行.
[ 2017-05-20T23:10:25+08:00 ] /JSJD/ | NOTIC: [8192] preg_replace(): The /e modifier is deprecated, use preg_replace_callback instead ThinkTemplate.class.php 第 406 行.
[ 2017-05-20T23:10:25+08:00 ] /JSJD/ | NOTIC: [8192] preg_replace(): The /e modifier is deprecated, use preg_replace_callback instead ThinkTemplate.class.php 第 406 行.
[ 2017-05-20T23:10:25+08:00 ] /JSJD/ | NOTIC: [8192] preg_replace(): The /e modifier is deprecated, use preg_replace_callback instead ThinkTemplate.class.php 第 406 行.
[ 2017-05-20T23:10:25+08:00 ] /JSJD/ | NOTIC: [8192] preg_replace(): The /e modifier is deprecated, use preg_replace_callback instead ThinkTemplate.class.php 第 406 行.
[ 2017-05-20T23:10:25+08:00 ] /JSJD/ | NOTIC: [8192] preg_replace(): The /e modifier is deprecated, use preg_replace_callback instead ThinkTemplate.class.php 第 406 行.
[ 2017-05-20T23:10:25+08:00 ] /JSJD/ | NOTIC: [8192] preg_replace(): The /e modifier is deprecated, use preg_replace_callback instead ThinkTemplate.class.php 第 406 行.
[ 2017-05-20T23:10:25+08:00 ] /JSJD/ | NOTIC: [8192] preg_replace(): The /e modifier is deprecated, use preg_replace_callback instead ThinkTemplate.class.php 第 406 行.
[ 2017-05-20T23:10:25+08:00 ] /JSJD/ | NOTIC: [8192] preg_replace(): The /e modifier is deprecated, use preg_replace_callback instead ThinkTemplate.class.php 第 406 行.
[ 2017-05-20T23:10:25+08:00 ] /JSJD/ | NOTIC: [8192] preg_replace(): The /e modifier is deprecated, use preg_replace_callback instead ThinkTemplate.class.php 第 406 行.
[ 2017-05-20T23:10:25+08:00 ] /JSJD/ | NOTIC: [8192] preg_replace(): The /e modifier is deprecated, use preg_replace_callback instead ThinkTemplate.class.php 第 406 行.
[ 2017-05-20T23:10:25+08:00 ] /JSJD/ | NOTIC: [8192] preg_replace(): The /e modifier is deprecated, use preg_replace_callback instead ThinkTemplate.class.php 第 406 行.
[ 2017-05-20T23:10:25+08:00 ] /JSJD/ | NOTIC: [8192] preg_replace(): The /e modifier is deprecated, use preg_replace_callback instead ThinkTemplate.class.php 第 406 行.
[ 2017-05-20T23:10:25+08:00 ] /JSJD/ | NOTIC: [8192] preg_replace(): The /e modifier is deprecated, use preg_replace_callback instead ThinkTemplate.class.php 第 406 行.
[ 2017-05-20T23:10:25+08:00 ] /JSJD/ | NOTIC: [8192] preg_replace(): The /e modifier is deprecated, use preg_replace_callback instead ThinkTemplate.class.php 第 406 行.
[ 2017-05-20T23:10:25+08:00 ] /JSJD/ | NOTIC: [8192] preg_replace(): The /e modifier is deprecated, use preg_replace_callback instead ThinkTemplate.class.php 第 406 行.
[ 2017-05-20T23:10:25+08:00 ] /JSJD/ | NOTIC: [8192] preg_replace(): The /e modifier is deprecated, use preg_replace_callback instead ThinkTemplate.class.php 第 406 行.
[ 2017-05-20T23:10:25+08:00 ] /JSJD/ | NOTIC: [8192] preg_replace(): The /e modifier is deprecated, use preg_replace_callback instead ThinkTemplate.class.php 第 406 行.
[ 2017-05-20T23:10:25+08:00 ] /JSJD/ | NOTIC: [8192] preg_replace(): The /e modifier is deprecated, use preg_replace_callback instead ThinkTemplate.class.php 第 406 行.
[ 2017-05-20T23:10:25+08:00 ] /JSJD/ | NOTIC: [8192] preg_replace(): The /e modifier is deprecated, use preg_replace_callback instead ThinkTemplate.class.php 第 406 行.
[ 2017-05-20T23:10:25+08:00 ] /JSJD/ | NOTIC: [8192] preg_replace(): The /e modifier is deprecated, use preg_replace_callback instead ThinkTemplate.class.php 第 406 行.
[ 2017-05-20T23:10:25+08:00 ] /JSJD/ | NOTIC: [8192] preg_replace(): The /e modifier is deprecated, use preg_replace_callback instead ThinkTemplate.class.php 第 406 行.
[ 2017-05-20T23:10:25+08:00 ] /JSJD/ | NOTIC: [8192] preg_replace(): The /e modifier is deprecated, use preg_replace_callback instead ThinkTemplate.class.php 第 406 行.
[ 2017-05-20T23:10:25+08:00 ] /JSJD/ | NOTIC: [8192] preg_replace(): The /e modifier is deprecated, use preg_replace_callback instead ThinkTemplate.class.php 第 406 行.
[ 2017-05-20T23:10:25+08:00 ] /JSJD/ | NOTIC: [8192] preg_replace(): The /e modifier is deprecated, use preg_replace_callback instead ThinkTemplate.class.php 第 406 行.
[ 2017-05-20T23:10:25+08:00 ] /JSJD/ | NOTIC: [8192] preg_replace(): The /e modifier is deprecated, use preg_replace_callback instead ThinkTemplate.class.php 第 406 行.
[ 2017-05-20T23:10:25+08:00 ] /JSJD/ | NOTIC: [8192] preg_replace(): The /e modifier is deprecated, use preg_replace_callback instead ThinkTemplate.class.php 第 406 行.
[ 2017-05-20T23:10:25+08:00 ] /JSJD/ | NOTIC: [8192] preg_replace(): The /e modifier is deprecated, use preg_replace_callback instead ThinkTemplate.class.php 第 406 行.
[ 2017-05-20T23:10:25+08:00 ] /JSJD/ | NOTIC: [8192] preg_replace(): The /e modifier is deprecated, use preg_replace_callback instead ThinkTemplate.class.php 第 406 行.
[ 2017-05-20T23:10:25+08:00 ] /JSJD/ | NOTIC: [8192] preg_replace(): The /e modifier is deprecated, use preg_replace_callback instead ThinkTemplate.class.php 第 406 行.
[ 2017-05-20T23:10:25+08:00 ] /JSJD/ | NOTIC: [8192] preg_replace(): The /e modifier is deprecated, use preg_replace_callback instead ThinkTemplate.class.php 第 406 行.
[ 2017-05-20T23:10:25+08:00 ] /JSJD/ | NOTIC: [8192] preg_replace(): The /e modifier is deprecated, use preg_replace_callback instead ThinkTemplate.class.php 第 406 行.
[ 2017-05-20T23:10:25+08:00 ] /JSJD/ | NOTIC: [8192] preg_replace(): The /e modifier is deprecated, use preg_replace_callback instead ThinkTemplate.class.php 第 406 行.
[ 2017-05-20T23:10:25+08:00 ] /JSJD/ | NOTIC: [8192] preg_replace(): The /e modifier is deprecated, use preg_replace_callback instead ThinkTemplate.class.php 第 406 行.
[ 2017-05-20T23:10:25+08:00 ] /JSJD/ | NOTIC: [8192] preg_replace(): The /e modifier is deprecated, use preg_replace_callback instead ThinkTemplate.class.php 第 406 行.
[ 2017-05-20T23:10:25+08:00 ] /JSJD/ | NOTIC: [8192] preg_replace(): The /e modifier is deprecated, use preg_replace_callback instead ThinkTemplate.class.php 第 406 行.
[ 2017-05-20T23:10:25+08:00 ] /JSJD/ | NOTIC: [8192] preg_replace(): The /e modifier is deprecated, use preg_replace_callback instead ThinkTemplate.class.php 第 406 行.
[ 2017-05-20T23:10:25+08:00 ] /JSJD/ | NOTIC: [8192] preg_replace(): The /e modifier is deprecated, use preg_replace_callback instead ThinkTemplate.class.php 第 406 行.
[ 2017-05-20T23:10:25+08:00 ] /JSJD/ | NOTIC: [8192] preg_replace(): The /e modifier is deprecated, use preg_replace_callback instead ThinkTemplate.class.php 第 406 行.
[ 2017-05-20T23:10:25+08:00 ] /JSJD/ | NOTIC: [8192] preg_replace(): The /e modifier is deprecated, use preg_replace_callback instead ThinkTemplate.class.php 第 406 行.
[ 2017-05-20T23:10:25+08:00 ] /JSJD/ | NOTIC: [8192] preg_replace(): The /e modifier is deprecated, use preg_replace_callback instead ThinkTemplate.class.php 第 406 行.
[ 2017-05-20T23:10:25+08:00 ] /JSJD/ | NOTIC: [8192] preg_replace(): The /e modifier is deprecated, use preg_replace_callback instead ThinkTemplate.class.php 第 406 行.
[ 2017-05-20T23:10:25+08:00 ] /JSJD/ | NOTIC: [8192] preg_replace(): The /e modifier is deprecated, use preg_replace_callback instead ThinkTemplate.class.php 第 406 行.
[ 2017-05-20T23:10:25+08:00 ] /JSJD/ | NOTIC: [8192] preg_replace(): The /e modifier is deprecated, use preg_replace_callback instead ThinkTemplate.class.php 第 406 行.
[ 2017-05-20T23:10:25+08:00 ] /JSJD/ | NOTIC: [8192] preg_replace(): The /e modifier is deprecated, use preg_replace_callback instead ThinkTemplate.class.php 第 406 行.
[ 2017-05-20T23:10:25+08:00 ] /JSJD/ | NOTIC: [8192] preg_replace(): The /e modifier is deprecated, use preg_replace_callback instead ThinkTemplate.class.php 第 406 行.
[ 2017-05-20T23:10:25+08:00 ] /JSJD/ | NOTIC: [8192] preg_replace(): The /e modifier is deprecated, use preg_replace_callback instead ThinkTemplate.class.php 第 406 行.
[ 2017-05-20T23:10:25+08:00 ] /JSJD/ | NOTIC: [8192] preg_replace(): The /e modifier is deprecated, use preg_replace_callback instead ThinkTemplate.class.php 第 406 行.
[ 2017-05-20T23:10:25+08:00 ] /JSJD/ | NOTIC: [8192] preg_replace(): The /e modifier is deprecated, use preg_replace_callback instead ThinkTemplate.class.php 第 406 行.
[ 2017-05-20T23:10:25+08:00 ] /JSJD/ | NOTIC: [8192] preg_replace(): The /e modifier is deprecated, use preg_replace_callback instead ThinkTemplate.class.php 第 406 行.
[ 2017-05-20T23:10:25+08:00 ] /JSJD/ | NOTIC: [8192] preg_replace(): The /e modifier is deprecated, use preg_replace_callback instead ThinkTemplate.class.php 第 406 行.
[ 2017-05-20T23:10:25+08:00 ] /JSJD/ | NOTIC: [8192] preg_replace(): The /e modifier is deprecated, use preg_replace_callback instead ThinkTemplate.class.php 第 406 行.
[ 2017-05-20T23:10:25+08:00 ] /JSJD/ | NOTIC: [8192] preg_replace(): The /e modifier is deprecated, use preg_replace_callback instead ThinkTemplate.class.php 第 406 行.
[ 2017-05-20T23:10:25+08:00 ] /JSJD/ | NOTIC: [8192] preg_replace(): The /e modifier is deprecated, use preg_replace_callback instead ThinkTemplate.class.php 第 406 行.
[ 2017-05-20T23:10:25+08:00 ] /JSJD/ | NOTIC: [8192] preg_replace(): The /e modifier is deprecated, use preg_replace_callback instead ThinkTemplate.class.php 第 406 行.
[ 2017-05-20T23:10:25+08:00 ] /JSJD/ | NOTIC: [8192] preg_replace(): The /e modifier is deprecated, use preg_replace_callback instead ThinkTemplate.class.php 第 406 行.
[ 2017-05-20T23:10:25+08:00 ] /JSJD/ | NOTIC: [8192] preg_replace(): The /e modifier is deprecated, use preg_replace_callback instead ThinkTemplate.class.php 第 406 行.
[ 2017-05-20T23:10:25+08:00 ] /JSJD/ | NOTIC: [8192] preg_replace(): The /e modifier is deprecated, use preg_replace_callback instead ThinkTemplate.class.php 第 406 行.
[ 2017-05-20T23:10:25+08:00 ] /JSJD/ | NOTIC: [8192] preg_replace(): The /e modifier is deprecated, use preg_replace_callback instead ThinkTemplate.class.php 第 406 行.
[ 2017-05-20T23:10:25+08:00 ] /JSJD/ | NOTIC: [8192] preg_replace(): The /e modifier is deprecated, use preg_replace_callback instead ThinkTemplate.class.php 第 406 行.
[ 2017-05-20T23:10:25+08:00 ] /JSJD/ | NOTIC: [8192] preg_replace(): The /e modifier is deprecated, use preg_replace_callback instead ThinkTemplate.class.php 第 406 行.
[ 2017-05-20T23:10:25+08:00 ] /JSJD/ | NOTIC: [8192] preg_replace(): The /e modifier is deprecated, use preg_replace_callback instead ThinkTemplate.class.php 第 406 行.
[ 2017-05-20T23:10:25+08:00 ] /JSJD/ | NOTIC: [8192] preg_replace(): The /e modifier is deprecated, use preg_replace_callback instead ThinkTemplate.class.php 第 406 行.
[ 2017-05-20T23:10:25+08:00 ] /JSJD/ | NOTIC: [8192] preg_replace(): The /e modifier is deprecated, use preg_replace_callback instead ThinkTemplate.class.php 第 406 行.
[ 2017-05-20T23:10:25+08:00 ] /JSJD/ | NOTIC: [8192] preg_replace(): The /e modifier is deprecated, use preg_replace_callback instead ThinkTemplate.class.php 第 406 行.
[ 2017-05-20T23:10:25+08:00 ] /JSJD/ | NOTIC: [8192] preg_replace(): The /e modifier is deprecated, use preg_replace_callback instead ThinkTemplate.class.php 第 402 行.
[ 2017-05-20T23:10:25+08:00 ] /JSJD/ | NOTIC: [8192] preg_replace(): The /e modifier is deprecated, use preg_replace_callback instead ThinkTemplate.class.php 第 402 行.
[ 2017-05-20T23:10:25+08:00 ] /JSJD/ | NOTIC: [8192] preg_replace(): The /e modifier is deprecated, use preg_replace_callback instead ThinkTemplate.class.php 第 402 行.
[ 2017-05-20T23:10:25+08:00 ] /JSJD/ | NOTIC: [8192] preg_replace(): The /e modifier is deprecated, use preg_replace_callback instead ThinkTemplate.class.php 第 402 行.
[ 2017-05-20T23:10:25+08:00 ] /JSJD/ | NOTIC: [8192] preg_replace(): The /e modifier is deprecated, use preg_replace_callback instead ThinkTemplate.class.php 第 402 行.
[ 2017-05-20T23:10:25+08:00 ] /JSJD/ | NOTIC: [8192] preg_replace(): The /e modifier is deprecated, use preg_replace_callback instead ThinkTemplate.class.php 第 402 行.
[ 2017-05-20T23:10:25+08:00 ] /JSJD/ | NOTIC: [8192] preg_replace(): The /e modifier is deprecated, use preg_replace_callback instead ThinkTemplate.class.php 第 406 行.
[ 2017-05-20T23:10:25+08:00 ] /JSJD/ | NOTIC: [8192] preg_replace(): The /e modifier is deprecated, use preg_replace_callback instead ThinkTemplate.class.php 第 406 行.
[ 2017-05-20T23:10:25+08:00 ] /JSJD/ | NOTIC: [8192] preg_replace(): The /e modifier is deprecated, use preg_replace_callback instead ThinkTemplate.class.php 第 406 行.
[ 2017-05-20T23:10:25+08:00 ] /JSJD/ | NOTIC: [8192] preg_replace(): The /e modifier is deprecated, use preg_replace_callback instead ThinkTemplate.class.php 第 220 行.
[ 2017-05-20T23:10:25+08:00 ] /JSJD/ | NOTIC: [8192] preg_replace(): The /e modifier is deprecated, use preg_replace_callback instead ThinkTemplate.class.php 第 154 行.
[ 2017-05-20T23:10:25+08:00 ] /JSJD/ | NOTIC: [8] Undefined index: sid functions.php 第 441 行.
[ 2017-05-20T23:10:25+08:00 ] /JSJD/ | INFO: Run ParseTemplate Behavior [ RunTime:0.030887s ]
[ 2017-05-20T23:10:25+08:00 ] /JSJD/ | INFO: Tag[ view_parse ] --END-- [ RunTime:0.030944s ]
[ 2017-05-20T23:10:25+08:00 ] /JSJD/ | INFO: Tag[ view_filter ] --START--
[ 2017-05-20T23:10:25+08:00 ] /JSJD/ | INFO: Run ContentReplace Behavior [ RunTime:0.000484s ]
[ 2017-05-20T23:10:25+08:00 ] /JSJD/ | INFO: Run TokenBuild Behavior [ RunTime:0.000489s ]
[ 2017-05-20T23:10:25+08:00 ] /JSJD/ | INFO: Run WriteHtmlCache Behavior [ RunTime:0.000363s ]
[ 2017-05-20T23:10:25+08:00 ] /JSJD/ | INFO: Run ShowRuntime Behavior [ RunTime:0.000493s ]
[ 2017-05-20T23:10:25+08:00 ] /JSJD/ | INFO: Tag[ view_filter ] --END-- [ RunTime:0.001962s ]
[ 2017-05-20T23:10:25+08:00 ] /JSJD/ | INFO: Tag[ view_end ] --START--
[ 2017-05-20T23:10:25+08:00 ] /JSJD/ | INFO: Run ShowPageTrace Behavior [ RunTime:0.001528s ]
[ 2017-05-20T23:10:25+08:00 ] /JSJD/ | INFO: Tag[ view_end ] --END-- [ RunTime:0.001605s ]
