[ 2017-04-21T10:15:43+08:00 ] /JSJD/index.php/Admin/Index/ | ERR: (ThinkException) 无法加载模块Admin
[ 2017-04-21T10:15:48+08:00 ] /JSJD/index.php | INFO: Tag[ app_begin ] --START--
[ 2017-04-21T10:15:48+08:00 ] /JSJD/index.php | INFO: Run ReadHtmlCache Behavior [ RunTime:0.000353s ]
[ 2017-04-21T10:15:48+08:00 ] /JSJD/index.php | INFO: Tag[ app_begin ] --END-- [ RunTime:0.000414s ]
[ 2017-04-21T10:15:48+08:00 ] /JSJD/index.php | NOTIC: [8192] mysql_connect(): The mysql extension is deprecated and will be removed in the future: use mysqli or PDO instead DbMysql.class.php 第 67 行.
[ 2017-04-21T10:15:48+08:00 ] /JSJD/index.php | SQL: SHOW COLUMNS FROM `czxy_systemconfig` [ RunTime:0.007372s ]
[ 2017-04-21T10:15:48+08:00 ] /JSJD/index.php | NOTIC: [8192] preg_replace(): The /e modifier is deprecated, use preg_replace_callback instead Db.class.php 第 660 行.
[ 2017-04-21T10:15:48+08:00 ] /JSJD/index.php | SQL: SELECT * FROM `czxy_systemconfig` WHERE ( `ckey` = 'rotateimg' )  [ RunTime:0.000558s ]
[ 2017-04-21T10:15:48+08:00 ] /JSJD/index.php | SQL: SHOW COLUMNS FROM `czxy_news` [ RunTime:0.005006s ]
[ 2017-04-21T10:15:48+08:00 ] /JSJD/index.php | NOTIC: [8192] preg_replace(): The /e modifier is deprecated, use preg_replace_callback instead Db.class.php 第 660 行.
[ 2017-04-21T10:15:48+08:00 ] /JSJD/index.php | SQL: SELECT * FROM `czxy_news` LIMIT 5   [ RunTime:0.000406s ]
[ 2017-04-21T10:15:48+08:00 ] /JSJD/index.php | SQL: SHOW COLUMNS FROM `czxy_subjectrace` [ RunTime:0.003183s ]
[ 2017-04-21T10:15:48+08:00 ] /JSJD/index.php | NOTIC: [8192] preg_replace(): The /e modifier is deprecated, use preg_replace_callback instead Db.class.php 第 660 行.
[ 2017-04-21T10:15:48+08:00 ] /JSJD/index.php | SQL: SELECT * FROM `czxy_subjectrace` ORDER BY id DESC LIMIT 3   [ RunTime:0.000276s ]
[ 2017-04-21T10:15:48+08:00 ] /JSJD/index.php | INFO: Tag[ view_template ] --START--
[ 2017-04-21T10:15:48+08:00 ] /JSJD/index.php | INFO: Run LocationTemplate Behavior [ RunTime:0.001050s ]
[ 2017-04-21T10:15:48+08:00 ] /JSJD/index.php | INFO: Tag[ view_template ] --END-- [ RunTime:0.001123s ]
[ 2017-04-21T10:15:48+08:00 ] /JSJD/index.php | INFO: Tag[ view_parse ] --START--
[ 2017-04-21T10:15:48+08:00 ] /JSJD/index.php | NOTIC: [8192] preg_replace(): The /e modifier is deprecated, use preg_replace_callback instead ThinkTemplate.class.php 第 186 行.
[ 2017-04-21T10:15:48+08:00 ] /JSJD/index.php | NOTIC: [2] file_get_contents(./Index/Tpl/Public/top.html): failed to open stream: No such file or directory ThinkTemplate.class.php 第 702 行.
[ 2017-04-21T10:15:48+08:00 ] /JSJD/index.php | NOTIC: [2] file_get_contents(./Index/Tpl/Public/luenhuan.html): failed to open stream: No such file or directory ThinkTemplate.class.php 第 702 行.
[ 2017-04-21T10:15:48+08:00 ] /JSJD/index.php | NOTIC: [2] file_get_contents(./Index/Tpl/Public/footer.html): failed to open stream: No such file or directory ThinkTemplate.class.php 第 702 行.
[ 2017-04-21T10:15:48+08:00 ] /JSJD/index.php | NOTIC: [8192] preg_replace(): The /e modifier is deprecated, use preg_replace_callback instead ThinkTemplate.class.php 第 406 行.
[ 2017-04-21T10:15:48+08:00 ] /JSJD/index.php | NOTIC: [8192] preg_replace(): The /e modifier is deprecated, use preg_replace_callback instead ThinkTemplate.class.php 第 406 行.
[ 2017-04-21T10:15:48+08:00 ] /JSJD/index.php | NOTIC: [8192] preg_replace(): The /e modifier is deprecated, use preg_replace_callback instead ThinkTemplate.class.php 第 406 行.
[ 2017-04-21T10:15:48+08:00 ] /JSJD/index.php | NOTIC: [8192] preg_replace(): The /e modifier is deprecated, use preg_replace_callback instead ThinkTemplate.class.php 第 406 行.
[ 2017-04-21T10:15:48+08:00 ] /JSJD/index.php | NOTIC: [8192] preg_replace(): The /e modifier is deprecated, use preg_replace_callback instead ThinkTemplate.class.php 第 406 行.
[ 2017-04-21T10:15:48+08:00 ] /JSJD/index.php | NOTIC: [8192] preg_replace(): The /e modifier is deprecated, use preg_replace_callback instead ThinkTemplate.class.php 第 406 行.
[ 2017-04-21T10:15:48+08:00 ] /JSJD/index.php | NOTIC: [8192] preg_replace(): The /e modifier is deprecated, use preg_replace_callback instead ThinkTemplate.class.php 第 406 行.
[ 2017-04-21T10:15:48+08:00 ] /JSJD/index.php | NOTIC: [8192] preg_replace(): The /e modifier is deprecated, use preg_replace_callback instead ThinkTemplate.class.php 第 406 行.
[ 2017-04-21T10:15:48+08:00 ] /JSJD/index.php | NOTIC: [8192] preg_replace(): The /e modifier is deprecated, use preg_replace_callback instead ThinkTemplate.class.php 第 406 行.
[ 2017-04-21T10:15:48+08:00 ] /JSJD/index.php | NOTIC: [8192] preg_replace(): The /e modifier is deprecated, use preg_replace_callback instead ThinkTemplate.class.php 第 402 行.
[ 2017-04-21T10:15:48+08:00 ] /JSJD/index.php | NOTIC: [8192] preg_replace(): The /e modifier is deprecated, use preg_replace_callback instead ThinkTemplate.class.php 第 402 行.
[ 2017-04-21T10:15:48+08:00 ] /JSJD/index.php | NOTIC: [8192] preg_replace(): The /e modifier is deprecated, use preg_replace_callback instead ThinkTemplate.class.php 第 406 行.
[ 2017-04-21T10:15:48+08:00 ] /JSJD/index.php | NOTIC: [8192] preg_replace(): The /e modifier is deprecated, use preg_replace_callback instead ThinkTemplate.class.php 第 406 行.
[ 2017-04-21T10:15:48+08:00 ] /JSJD/index.php | NOTIC: [8192] preg_replace(): The /e modifier is deprecated, use preg_replace_callback instead ThinkTemplate.class.php 第 406 行.
[ 2017-04-21T10:15:48+08:00 ] /JSJD/index.php | NOTIC: [8192] preg_replace(): The /e modifier is deprecated, use preg_replace_callback instead ThinkTemplate.class.php 第 402 行.
[ 2017-04-21T10:15:48+08:00 ] /JSJD/index.php | NOTIC: [8192] preg_replace(): The /e modifier is deprecated, use preg_replace_callback instead ThinkTemplate.class.php 第 406 行.
[ 2017-04-21T10:15:48+08:00 ] /JSJD/index.php | NOTIC: [8192] preg_replace(): The /e modifier is deprecated, use preg_replace_callback instead ThinkTemplate.class.php 第 406 行.
[ 2017-04-21T10:15:48+08:00 ] /JSJD/index.php | NOTIC: [8192] preg_replace(): The /e modifier is deprecated, use preg_replace_callback instead ThinkTemplate.class.php 第 406 行.
[ 2017-04-21T10:15:48+08:00 ] /JSJD/index.php | NOTIC: [8192] preg_replace(): The /e modifier is deprecated, use preg_replace_callback instead ThinkTemplate.class.php 第 406 行.
[ 2017-04-21T10:15:48+08:00 ] /JSJD/index.php | NOTIC: [8192] preg_replace(): The /e modifier is deprecated, use preg_replace_callback instead ThinkTemplate.class.php 第 406 行.
[ 2017-04-21T10:15:48+08:00 ] /JSJD/index.php | NOTIC: [8192] preg_replace(): The /e modifier is deprecated, use preg_replace_callback instead ThinkTemplate.class.php 第 406 行.
[ 2017-04-21T10:15:48+08:00 ] /JSJD/index.php | NOTIC: [8192] preg_replace(): The /e modifier is deprecated, use preg_replace_callback instead ThinkTemplate.class.php 第 406 行.
[ 2017-04-21T10:15:48+08:00 ] /JSJD/index.php | NOTIC: [8192] preg_replace(): The /e modifier is deprecated, use preg_replace_callback instead ThinkTemplate.class.php 第 406 行.
[ 2017-04-21T10:15:48+08:00 ] /JSJD/index.php | NOTIC: [8192] preg_replace(): The /e modifier is deprecated, use preg_replace_callback instead ThinkTemplate.class.php 第 406 行.
[ 2017-04-21T10:15:48+08:00 ] /JSJD/index.php | NOTIC: [8192] preg_replace(): The /e modifier is deprecated, use preg_replace_callback instead ThinkTemplate.class.php 第 406 行.
[ 2017-04-21T10:15:48+08:00 ] /JSJD/index.php | NOTIC: [8192] preg_replace(): The /e modifier is deprecated, use preg_replace_callback instead ThinkTemplate.class.php 第 406 行.
[ 2017-04-21T10:15:48+08:00 ] /JSJD/index.php | NOTIC: [8192] preg_replace(): The /e modifier is deprecated, use preg_replace_callback instead ThinkTemplate.class.php 第 406 行.
[ 2017-04-21T10:15:48+08:00 ] /JSJD/index.php | NOTIC: [8192] preg_replace(): The /e modifier is deprecated, use preg_replace_callback instead ThinkTemplate.class.php 第 406 行.
[ 2017-04-21T10:15:48+08:00 ] /JSJD/index.php | NOTIC: [8192] preg_replace(): The /e modifier is deprecated, use preg_replace_callback instead ThinkTemplate.class.php 第 406 行.
[ 2017-04-21T10:15:48+08:00 ] /JSJD/index.php | NOTIC: [8192] preg_replace(): The /e modifier is deprecated, use preg_replace_callback instead ThinkTemplate.class.php 第 406 行.
[ 2017-04-21T10:15:48+08:00 ] /JSJD/index.php | NOTIC: [8192] preg_replace(): The /e modifier is deprecated, use preg_replace_callback instead ThinkTemplate.class.php 第 406 行.
[ 2017-04-21T10:15:48+08:00 ] /JSJD/index.php | NOTIC: [8192] preg_replace(): The /e modifier is deprecated, use preg_replace_callback instead ThinkTemplate.class.php 第 406 行.
[ 2017-04-21T10:15:48+08:00 ] /JSJD/index.php | NOTIC: [8192] preg_replace(): The /e modifier is deprecated, use preg_replace_callback instead ThinkTemplate.class.php 第 406 行.
[ 2017-04-21T10:15:48+08:00 ] /JSJD/index.php | NOTIC: [8192] preg_replace(): The /e modifier is deprecated, use preg_replace_callback instead ThinkTemplate.class.php 第 406 行.
[ 2017-04-21T10:15:48+08:00 ] /JSJD/index.php | NOTIC: [8192] preg_replace(): The /e modifier is deprecated, use preg_replace_callback instead ThinkTemplate.class.php 第 406 行.
[ 2017-04-21T10:15:48+08:00 ] /JSJD/index.php | NOTIC: [8192] preg_replace(): The /e modifier is deprecated, use preg_replace_callback instead ThinkTemplate.class.php 第 406 行.
[ 2017-04-21T10:15:48+08:00 ] /JSJD/index.php | NOTIC: [8192] preg_replace(): The /e modifier is deprecated, use preg_replace_callback instead ThinkTemplate.class.php 第 406 行.
[ 2017-04-21T10:15:48+08:00 ] /JSJD/index.php | NOTIC: [8192] preg_replace(): The /e modifier is deprecated, use preg_replace_callback instead ThinkTemplate.class.php 第 406 行.
[ 2017-04-21T10:15:48+08:00 ] /JSJD/index.php | NOTIC: [8192] preg_replace(): The /e modifier is deprecated, use preg_replace_callback instead ThinkTemplate.class.php 第 406 行.
[ 2017-04-21T10:15:48+08:00 ] /JSJD/index.php | NOTIC: [8192] preg_replace(): The /e modifier is deprecated, use preg_replace_callback instead ThinkTemplate.class.php 第 406 行.
[ 2017-04-21T10:15:48+08:00 ] /JSJD/index.php | NOTIC: [8192] preg_replace(): The /e modifier is deprecated, use preg_replace_callback instead ThinkTemplate.class.php 第 406 行.
[ 2017-04-21T10:15:48+08:00 ] /JSJD/index.php | NOTIC: [8192] preg_replace(): The /e modifier is deprecated, use preg_replace_callback instead ThinkTemplate.class.php 第 406 行.
[ 2017-04-21T10:15:48+08:00 ] /JSJD/index.php | NOTIC: [8192] preg_replace(): The /e modifier is deprecated, use preg_replace_callback instead ThinkTemplate.class.php 第 406 行.
[ 2017-04-21T10:15:48+08:00 ] /JSJD/index.php | NOTIC: [8192] preg_replace(): The /e modifier is deprecated, use preg_replace_callback instead ThinkTemplate.class.php 第 406 行.
[ 2017-04-21T10:15:48+08:00 ] /JSJD/index.php | NOTIC: [8192] preg_replace(): The /e modifier is deprecated, use preg_replace_callback instead ThinkTemplate.class.php 第 406 行.
[ 2017-04-21T10:15:48+08:00 ] /JSJD/index.php | NOTIC: [8192] preg_replace(): The /e modifier is deprecated, use preg_replace_callback instead ThinkTemplate.class.php 第 406 行.
[ 2017-04-21T10:15:48+08:00 ] /JSJD/index.php | NOTIC: [8192] preg_replace(): The /e modifier is deprecated, use preg_replace_callback instead ThinkTemplate.class.php 第 406 行.
[ 2017-04-21T10:15:48+08:00 ] /JSJD/index.php | NOTIC: [8192] preg_replace(): The /e modifier is deprecated, use preg_replace_callback instead ThinkTemplate.class.php 第 406 行.
[ 2017-04-21T10:15:48+08:00 ] /JSJD/index.php | NOTIC: [8192] preg_replace(): The /e modifier is deprecated, use preg_replace_callback instead ThinkTemplate.class.php 第 406 行.
[ 2017-04-21T10:15:48+08:00 ] /JSJD/index.php | NOTIC: [8192] preg_replace(): The /e modifier is deprecated, use preg_replace_callback instead ThinkTemplate.class.php 第 406 行.
[ 2017-04-21T10:15:48+08:00 ] /JSJD/index.php | NOTIC: [8192] preg_replace(): The /e modifier is deprecated, use preg_replace_callback instead ThinkTemplate.class.php 第 406 行.
[ 2017-04-21T10:15:48+08:00 ] /JSJD/index.php | NOTIC: [8192] preg_replace(): The /e modifier is deprecated, use preg_replace_callback instead ThinkTemplate.class.php 第 406 行.
[ 2017-04-21T10:15:48+08:00 ] /JSJD/index.php | NOTIC: [8192] preg_replace(): The /e modifier is deprecated, use preg_replace_callback instead ThinkTemplate.class.php 第 406 行.
[ 2017-04-21T10:15:48+08:00 ] /JSJD/index.php | NOTIC: [8192] preg_replace(): The /e modifier is deprecated, use preg_replace_callback instead ThinkTemplate.class.php 第 406 行.
[ 2017-04-21T10:15:48+08:00 ] /JSJD/index.php | NOTIC: [8192] preg_replace(): The /e modifier is deprecated, use preg_replace_callback instead ThinkTemplate.class.php 第 406 行.
[ 2017-04-21T10:15:48+08:00 ] /JSJD/index.php | NOTIC: [8192] preg_replace(): The /e modifier is deprecated, use preg_replace_callback instead ThinkTemplate.class.php 第 406 行.
[ 2017-04-21T10:15:48+08:00 ] /JSJD/index.php | NOTIC: [8192] preg_replace(): The /e modifier is deprecated, use preg_replace_callback instead ThinkTemplate.class.php 第 406 行.
[ 2017-04-21T10:15:48+08:00 ] /JSJD/index.php | NOTIC: [8192] preg_replace(): The /e modifier is deprecated, use preg_replace_callback instead ThinkTemplate.class.php 第 406 行.
[ 2017-04-21T10:15:48+08:00 ] /JSJD/index.php | NOTIC: [8192] preg_replace(): The /e modifier is deprecated, use preg_replace_callback instead ThinkTemplate.class.php 第 406 行.
[ 2017-04-21T10:15:48+08:00 ] /JSJD/index.php | NOTIC: [8192] preg_replace(): The /e modifier is deprecated, use preg_replace_callback instead ThinkTemplate.class.php 第 406 行.
[ 2017-04-21T10:15:48+08:00 ] /JSJD/index.php | NOTIC: [8192] preg_replace(): The /e modifier is deprecated, use preg_replace_callback instead ThinkTemplate.class.php 第 406 行.
[ 2017-04-21T10:15:48+08:00 ] /JSJD/index.php | NOTIC: [8192] preg_replace(): The /e modifier is deprecated, use preg_replace_callback instead ThinkTemplate.class.php 第 406 行.
[ 2017-04-21T10:15:48+08:00 ] /JSJD/index.php | NOTIC: [8192] preg_replace(): The /e modifier is deprecated, use preg_replace_callback instead ThinkTemplate.class.php 第 406 行.
[ 2017-04-21T10:15:48+08:00 ] /JSJD/index.php | NOTIC: [8192] preg_replace(): The /e modifier is deprecated, use preg_replace_callback instead ThinkTemplate.class.php 第 406 行.
[ 2017-04-21T10:15:48+08:00 ] /JSJD/index.php | NOTIC: [8192] preg_replace(): The /e modifier is deprecated, use preg_replace_callback instead ThinkTemplate.class.php 第 406 行.
[ 2017-04-21T10:15:48+08:00 ] /JSJD/index.php | NOTIC: [8192] preg_replace(): The /e modifier is deprecated, use preg_replace_callback instead ThinkTemplate.class.php 第 406 行.
[ 2017-04-21T10:15:48+08:00 ] /JSJD/index.php | NOTIC: [8192] preg_replace(): The /e modifier is deprecated, use preg_replace_callback instead ThinkTemplate.class.php 第 406 行.
[ 2017-04-21T10:15:48+08:00 ] /JSJD/index.php | NOTIC: [8192] preg_replace(): The /e modifier is deprecated, use preg_replace_callback instead ThinkTemplate.class.php 第 406 行.
[ 2017-04-21T10:15:48+08:00 ] /JSJD/index.php | NOTIC: [8192] preg_replace(): The /e modifier is deprecated, use preg_replace_callback instead ThinkTemplate.class.php 第 406 行.
[ 2017-04-21T10:15:48+08:00 ] /JSJD/index.php | NOTIC: [8192] preg_replace(): The /e modifier is deprecated, use preg_replace_callback instead ThinkTemplate.class.php 第 406 行.
[ 2017-04-21T10:15:48+08:00 ] /JSJD/index.php | NOTIC: [8192] preg_replace(): The /e modifier is deprecated, use preg_replace_callback instead ThinkTemplate.class.php 第 406 行.
[ 2017-04-21T10:15:48+08:00 ] /JSJD/index.php | NOTIC: [8192] preg_replace(): The /e modifier is deprecated, use preg_replace_callback instead ThinkTemplate.class.php 第 406 行.
[ 2017-04-21T10:15:48+08:00 ] /JSJD/index.php | NOTIC: [8192] preg_replace(): The /e modifier is deprecated, use preg_replace_callback instead ThinkTemplate.class.php 第 406 行.
[ 2017-04-21T10:15:48+08:00 ] /JSJD/index.php | NOTIC: [8192] preg_replace(): The /e modifier is deprecated, use preg_replace_callback instead ThinkTemplate.class.php 第 406 行.
[ 2017-04-21T10:15:48+08:00 ] /JSJD/index.php | NOTIC: [8192] preg_replace(): The /e modifier is deprecated, use preg_replace_callback instead ThinkTemplate.class.php 第 406 行.
[ 2017-04-21T10:15:48+08:00 ] /JSJD/index.php | NOTIC: [8192] preg_replace(): The /e modifier is deprecated, use preg_replace_callback instead ThinkTemplate.class.php 第 406 行.
[ 2017-04-21T10:15:48+08:00 ] /JSJD/index.php | NOTIC: [8192] preg_replace(): The /e modifier is deprecated, use preg_replace_callback instead ThinkTemplate.class.php 第 406 行.
[ 2017-04-21T10:15:48+08:00 ] /JSJD/index.php | NOTIC: [8192] preg_replace(): The /e modifier is deprecated, use preg_replace_callback instead ThinkTemplate.class.php 第 406 行.
[ 2017-04-21T10:15:48+08:00 ] /JSJD/index.php | NOTIC: [8192] preg_replace(): The /e modifier is deprecated, use preg_replace_callback instead ThinkTemplate.class.php 第 406 行.
[ 2017-04-21T10:15:48+08:00 ] /JSJD/index.php | NOTIC: [8192] preg_replace(): The /e modifier is deprecated, use preg_replace_callback instead ThinkTemplate.class.php 第 406 行.
[ 2017-04-21T10:15:48+08:00 ] /JSJD/index.php | NOTIC: [8192] preg_replace(): The /e modifier is deprecated, use preg_replace_callback instead ThinkTemplate.class.php 第 406 行.
[ 2017-04-21T10:15:48+08:00 ] /JSJD/index.php | NOTIC: [8192] preg_replace(): The /e modifier is deprecated, use preg_replace_callback instead ThinkTemplate.class.php 第 402 行.
[ 2017-04-21T10:15:48+08:00 ] /JSJD/index.php | NOTIC: [8192] preg_replace(): The /e modifier is deprecated, use preg_replace_callback instead ThinkTemplate.class.php 第 402 行.
[ 2017-04-21T10:15:48+08:00 ] /JSJD/index.php | NOTIC: [8192] preg_replace(): The /e modifier is deprecated, use preg_replace_callback instead ThinkTemplate.class.php 第 402 行.
[ 2017-04-21T10:15:48+08:00 ] /JSJD/index.php | NOTIC: [8192] preg_replace(): The /e modifier is deprecated, use preg_replace_callback instead ThinkTemplate.class.php 第 402 行.
[ 2017-04-21T10:15:48+08:00 ] /JSJD/index.php | NOTIC: [8192] preg_replace(): The /e modifier is deprecated, use preg_replace_callback instead ThinkTemplate.class.php 第 402 行.
[ 2017-04-21T10:15:48+08:00 ] /JSJD/index.php | NOTIC: [8192] preg_replace(): The /e modifier is deprecated, use preg_replace_callback instead ThinkTemplate.class.php 第 402 行.
[ 2017-04-21T10:15:48+08:00 ] /JSJD/index.php | NOTIC: [8192] preg_replace(): The /e modifier is deprecated, use preg_replace_callback instead ThinkTemplate.class.php 第 406 行.
[ 2017-04-21T10:15:48+08:00 ] /JSJD/index.php | NOTIC: [8192] preg_replace(): The /e modifier is deprecated, use preg_replace_callback instead ThinkTemplate.class.php 第 406 行.
[ 2017-04-21T10:15:48+08:00 ] /JSJD/index.php | NOTIC: [8192] preg_replace(): The /e modifier is deprecated, use preg_replace_callback instead ThinkTemplate.class.php 第 406 行.
[ 2017-04-21T10:15:48+08:00 ] /JSJD/index.php | NOTIC: [8192] preg_replace(): The /e modifier is deprecated, use preg_replace_callback instead ThinkTemplate.class.php 第 220 行.
[ 2017-04-21T10:15:48+08:00 ] /JSJD/index.php | NOTIC: [8192] preg_replace(): The /e modifier is deprecated, use preg_replace_callback instead ThinkTemplate.class.php 第 154 行.
[ 2017-04-21T10:15:48+08:00 ] /JSJD/index.php | INFO: Run ParseTemplate Behavior [ RunTime:0.026320s ]
[ 2017-04-21T10:15:48+08:00 ] /JSJD/index.php | INFO: Tag[ view_parse ] --END-- [ RunTime:0.026382s ]
[ 2017-04-21T10:15:48+08:00 ] /JSJD/index.php | INFO: Tag[ view_filter ] --START--
[ 2017-04-21T10:15:48+08:00 ] /JSJD/index.php | INFO: Run ContentReplace Behavior [ RunTime:0.000560s ]
[ 2017-04-21T10:15:48+08:00 ] /JSJD/index.php | INFO: Run TokenBuild Behavior [ RunTime:0.000491s ]
[ 2017-04-21T10:15:48+08:00 ] /JSJD/index.php | INFO: Run WriteHtmlCache Behavior [ RunTime:0.000363s ]
[ 2017-04-21T10:15:48+08:00 ] /JSJD/index.php | INFO: Run ShowRuntime Behavior [ RunTime:0.000513s ]
[ 2017-04-21T10:15:48+08:00 ] /JSJD/index.php | INFO: Tag[ view_filter ] --END-- [ RunTime:0.002060s ]
[ 2017-04-21T10:15:48+08:00 ] /JSJD/index.php | INFO: Tag[ view_end ] --START--
[ 2017-04-21T10:15:48+08:00 ] /JSJD/index.php | INFO: Run ShowPageTrace Behavior [ RunTime:0.001786s ]
[ 2017-04-21T10:15:48+08:00 ] /JSJD/index.php | INFO: Tag[ view_end ] --END-- [ RunTime:0.001863s ]
