[ 2017-04-11T17:38:15+08:00 ] /JSJD/index.php | INFO: Tag[ app_begin ] --START--
[ 2017-04-11T17:38:15+08:00 ] /JSJD/index.php | INFO: Run ReadHtmlCache Behavior [ RunTime:0.000654s ]
[ 2017-04-11T17:38:15+08:00 ] /JSJD/index.php | INFO: Tag[ app_begin ] --END-- [ RunTime:0.000752s ]
[ 2017-04-11T17:38:16+08:00 ] /JSJD/index.php | SQL: SHOW COLUMNS FROM `czxy_systemconfig` [ RunTime:0.123511s ]
[ 2017-04-11T17:38:16+08:00 ] /JSJD/index.php | SQL: SELECT * FROM `czxy_systemconfig` WHERE ( `ckey` = 'rotateimg' )  [ RunTime:0.002449s ]
[ 2017-04-11T17:38:16+08:00 ] /JSJD/index.php | SQL: SHOW COLUMNS FROM `czxy_news` [ RunTime:0.052338s ]
[ 2017-04-11T17:38:16+08:00 ] /JSJD/index.php | SQL: SELECT * FROM `czxy_news` LIMIT 5   [ RunTime:0.000462s ]
[ 2017-04-11T17:38:16+08:00 ] /JSJD/index.php | SQL: SHOW COLUMNS FROM `czxy_subjectrace` [ RunTime:0.037434s ]
[ 2017-04-11T17:38:16+08:00 ] /JSJD/index.php | SQL: SELECT * FROM `czxy_subjectrace` ORDER BY id DESC LIMIT 3   [ RunTime:0.000567s ]
[ 2017-04-11T17:38:16+08:00 ] /JSJD/index.php | INFO: Tag[ view_template ] --START--
[ 2017-04-11T17:38:16+08:00 ] /JSJD/index.php | INFO: Run LocationTemplate Behavior [ RunTime:0.027353s ]
[ 2017-04-11T17:38:16+08:00 ] /JSJD/index.php | INFO: Tag[ view_template ] --END-- [ RunTime:0.027440s ]
[ 2017-04-11T17:38:16+08:00 ] /JSJD/index.php | INFO: Tag[ view_parse ] --START--
[ 2017-04-11T17:38:16+08:00 ] /JSJD/index.php | NOTIC: [2] file_get_contents(./Index/Tpl/Public/top.html) [<a href='function.file-get-contents'>function.file-get-contents</a>]: failed to open stream: No such file or directory ThinkTemplate.class.php 第 702 行.
[ 2017-04-11T17:38:16+08:00 ] /JSJD/index.php | NOTIC: [2] file_get_contents(./Index/Tpl/Public/luenhuan.html) [<a href='function.file-get-contents'>function.file-get-contents</a>]: failed to open stream: No such file or directory ThinkTemplate.class.php 第 702 行.
[ 2017-04-11T17:38:16+08:00 ] /JSJD/index.php | NOTIC: [2] file_get_contents(./Index/Tpl/Public/footer.html) [<a href='function.file-get-contents'>function.file-get-contents</a>]: failed to open stream: No such file or directory ThinkTemplate.class.php 第 702 行.
[ 2017-04-11T17:38:16+08:00 ] /JSJD/index.php | INFO: Run ParseTemplate Behavior [ RunTime:0.084861s ]
[ 2017-04-11T17:38:16+08:00 ] /JSJD/index.php | INFO: Tag[ view_parse ] --END-- [ RunTime:0.084940s ]
[ 2017-04-11T17:38:16+08:00 ] /JSJD/index.php | INFO: Tag[ view_filter ] --START--
[ 2017-04-11T17:38:16+08:00 ] /JSJD/index.php | INFO: Run ContentReplace Behavior [ RunTime:0.000723s ]
[ 2017-04-11T17:38:16+08:00 ] /JSJD/index.php | INFO: Run TokenBuild Behavior [ RunTime:0.000754s ]
[ 2017-04-11T17:38:16+08:00 ] /JSJD/index.php | INFO: Run WriteHtmlCache Behavior [ RunTime:0.000564s ]
[ 2017-04-11T17:38:16+08:00 ] /JSJD/index.php | INFO: Run ShowRuntime Behavior [ RunTime:0.000807s ]
[ 2017-04-11T17:38:16+08:00 ] /JSJD/index.php | INFO: Tag[ view_filter ] --END-- [ RunTime:0.003036s ]
[ 2017-04-11T17:38:16+08:00 ] /JSJD/index.php | INFO: Tag[ view_end ] --START--
[ 2017-04-11T17:38:16+08:00 ] /JSJD/index.php | INFO: Run ShowPageTrace Behavior [ RunTime:0.000801s ]
[ 2017-04-11T17:38:16+08:00 ] /JSJD/index.php | INFO: Tag[ view_end ] --END-- [ RunTime:0.000872s ]
[ 2017-04-11T17:39:11+08:00 ] /JSJD/index.php/About/ | INFO: Tag[ route_check ] --START--
[ 2017-04-11T17:39:11+08:00 ] /JSJD/index.php/About/ | INFO: Run CheckRoute Behavior [ RunTime:0.001125s ]
[ 2017-04-11T17:39:11+08:00 ] /JSJD/index.php/About/ | INFO: Tag[ route_check ] --END-- [ RunTime:0.001275s ]
[ 2017-04-11T17:39:11+08:00 ] /JSJD/index.php/About/ | INFO: Tag[ app_begin ] --START--
[ 2017-04-11T17:39:11+08:00 ] /JSJD/index.php/About/ | INFO: Run ReadHtmlCache Behavior [ RunTime:0.001018s ]
[ 2017-04-11T17:39:11+08:00 ] /JSJD/index.php/About/ | INFO: Tag[ app_begin ] --END-- [ RunTime:0.001124s ]
[ 2017-04-11T17:39:11+08:00 ] /JSJD/index.php/About/ | SQL: SHOW COLUMNS FROM `czxy_systemconfig` [ RunTime:0.033728s ]
[ 2017-04-11T17:39:11+08:00 ] /JSJD/index.php/About/ | SQL: SELECT * FROM `czxy_systemconfig` WHERE ( `ckey` = 'rotateimg' )  [ RunTime:0.000682s ]
[ 2017-04-11T17:39:11+08:00 ] /JSJD/index.php/About/ | INFO: Tag[ view_template ] --START--
[ 2017-04-11T17:39:11+08:00 ] /JSJD/index.php/About/ | INFO: Run LocationTemplate Behavior [ RunTime:0.066256s ]
[ 2017-04-11T17:39:11+08:00 ] /JSJD/index.php/About/ | INFO: Tag[ view_template ] --END-- [ RunTime:0.066346s ]
[ 2017-04-11T17:39:11+08:00 ] /JSJD/index.php/About/ | INFO: Tag[ view_parse ] --START--
[ 2017-04-11T17:39:11+08:00 ] /JSJD/index.php/About/ | NOTIC: [2] file_get_contents(./Index/Tpl/Public/top.html) [<a href='function.file-get-contents'>function.file-get-contents</a>]: failed to open stream: No such file or directory ThinkTemplate.class.php 第 702 行.
[ 2017-04-11T17:39:11+08:00 ] /JSJD/index.php/About/ | NOTIC: [2] file_get_contents(./Index/Tpl/Public/luenhuan.html) [<a href='function.file-get-contents'>function.file-get-contents</a>]: failed to open stream: No such file or directory ThinkTemplate.class.php 第 702 行.
[ 2017-04-11T17:39:11+08:00 ] /JSJD/index.php/About/ | NOTIC: [2] file_get_contents(./Index/Tpl/Public/footer.html) [<a href='function.file-get-contents'>function.file-get-contents</a>]: failed to open stream: No such file or directory ThinkTemplate.class.php 第 702 行.
[ 2017-04-11T17:39:11+08:00 ] /JSJD/index.php/About/ | INFO: Run ParseTemplate Behavior [ RunTime:0.044351s ]
[ 2017-04-11T17:39:11+08:00 ] /JSJD/index.php/About/ | INFO: Tag[ view_parse ] --END-- [ RunTime:0.044466s ]
[ 2017-04-11T17:39:11+08:00 ] /JSJD/index.php/About/ | INFO: Tag[ view_filter ] --START--
[ 2017-04-11T17:39:11+08:00 ] /JSJD/index.php/About/ | INFO: Run ContentReplace Behavior [ RunTime:0.001139s ]
[ 2017-04-11T17:39:11+08:00 ] /JSJD/index.php/About/ | INFO: Run TokenBuild Behavior [ RunTime:0.000847s ]
[ 2017-04-11T17:39:11+08:00 ] /JSJD/index.php/About/ | INFO: Run WriteHtmlCache Behavior [ RunTime:0.000642s ]
[ 2017-04-11T17:39:11+08:00 ] /JSJD/index.php/About/ | INFO: Run ShowRuntime Behavior [ RunTime:0.000671s ]
[ 2017-04-11T17:39:11+08:00 ] /JSJD/index.php/About/ | INFO: Tag[ view_filter ] --END-- [ RunTime:0.003541s ]
[ 2017-04-11T17:39:11+08:00 ] /JSJD/index.php/About/ | INFO: Tag[ view_end ] --START--
[ 2017-04-11T17:39:11+08:00 ] /JSJD/index.php/About/ | INFO: Run ShowPageTrace Behavior [ RunTime:0.001400s ]
[ 2017-04-11T17:39:11+08:00 ] /JSJD/index.php/About/ | INFO: Tag[ view_end ] --END-- [ RunTime:0.001593s ]
[ 2017-04-11T17:48:36+08:00 ] /JSJD/index.php/About/ | INFO: Tag[ route_check ] --START--
[ 2017-04-11T17:48:36+08:00 ] /JSJD/index.php/About/ | INFO: Run CheckRoute Behavior [ RunTime:0.000951s ]
[ 2017-04-11T17:48:36+08:00 ] /JSJD/index.php/About/ | INFO: Tag[ route_check ] --END-- [ RunTime:0.001075s ]
[ 2017-04-11T17:48:36+08:00 ] /JSJD/index.php/About/ | INFO: Tag[ app_begin ] --START--
[ 2017-04-11T17:48:36+08:00 ] /JSJD/index.php/About/ | INFO: Run ReadHtmlCache Behavior [ RunTime:0.000651s ]
[ 2017-04-11T17:48:36+08:00 ] /JSJD/index.php/About/ | INFO: Tag[ app_begin ] --END-- [ RunTime:0.000705s ]
[ 2017-04-11T17:48:36+08:00 ] /JSJD/index.php/About/ | SQL: SHOW COLUMNS FROM `czxy_systemconfig` [ RunTime:0.010232s ]
[ 2017-04-11T17:48:36+08:00 ] /JSJD/index.php/About/ | SQL: SELECT * FROM `czxy_systemconfig` WHERE ( `ckey` = 'rotateimg' )  [ RunTime:0.000473s ]
[ 2017-04-11T17:48:36+08:00 ] /JSJD/index.php/About/ | INFO: Tag[ view_template ] --START--
[ 2017-04-11T17:48:36+08:00 ] /JSJD/index.php/About/ | INFO: Run LocationTemplate Behavior [ RunTime:0.000885s ]
[ 2017-04-11T17:48:36+08:00 ] /JSJD/index.php/About/ | INFO: Tag[ view_template ] --END-- [ RunTime:0.000972s ]
[ 2017-04-11T17:48:36+08:00 ] /JSJD/index.php/About/ | INFO: Tag[ view_parse ] --START--
[ 2017-04-11T17:48:36+08:00 ] /JSJD/index.php/About/ | NOTIC: [2] file_get_contents(./Index/Tpl/Public/top.html) [<a href='function.file-get-contents'>function.file-get-contents</a>]: failed to open stream: No such file or directory ThinkTemplate.class.php 第 702 行.
[ 2017-04-11T17:48:36+08:00 ] /JSJD/index.php/About/ | NOTIC: [2] file_get_contents(./Index/Tpl/Public/luenhuan.html) [<a href='function.file-get-contents'>function.file-get-contents</a>]: failed to open stream: No such file or directory ThinkTemplate.class.php 第 702 行.
[ 2017-04-11T17:48:36+08:00 ] /JSJD/index.php/About/ | NOTIC: [2] file_get_contents(./Index/Tpl/Public/footer.html) [<a href='function.file-get-contents'>function.file-get-contents</a>]: failed to open stream: No such file or directory ThinkTemplate.class.php 第 702 行.
[ 2017-04-11T17:48:36+08:00 ] /JSJD/index.php/About/ | INFO: Run ParseTemplate Behavior [ RunTime:0.025303s ]
[ 2017-04-11T17:48:36+08:00 ] /JSJD/index.php/About/ | INFO: Tag[ view_parse ] --END-- [ RunTime:0.025384s ]
[ 2017-04-11T17:48:36+08:00 ] /JSJD/index.php/About/ | INFO: Tag[ view_filter ] --START--
[ 2017-04-11T17:48:36+08:00 ] /JSJD/index.php/About/ | INFO: Run ContentReplace Behavior [ RunTime:0.000671s ]
[ 2017-04-11T17:48:36+08:00 ] /JSJD/index.php/About/ | INFO: Run TokenBuild Behavior [ RunTime:0.000809s ]
[ 2017-04-11T17:48:36+08:00 ] /JSJD/index.php/About/ | INFO: Run WriteHtmlCache Behavior [ RunTime:0.000490s ]
[ 2017-04-11T17:48:36+08:00 ] /JSJD/index.php/About/ | INFO: Run ShowRuntime Behavior [ RunTime:0.000671s ]
[ 2017-04-11T17:48:36+08:00 ] /JSJD/index.php/About/ | INFO: Tag[ view_filter ] --END-- [ RunTime:0.002818s ]
[ 2017-04-11T17:48:36+08:00 ] /JSJD/index.php/About/ | INFO: Tag[ view_end ] --START--
[ 2017-04-11T17:48:36+08:00 ] /JSJD/index.php/About/ | INFO: Run ShowPageTrace Behavior [ RunTime:0.001242s ]
[ 2017-04-11T17:48:36+08:00 ] /JSJD/index.php/About/ | INFO: Tag[ view_end ] --END-- [ RunTime:0.001400s ]
[ 2017-04-11T17:48:38+08:00 ] /JSJD/index.php/About/index | INFO: Tag[ route_check ] --START--
[ 2017-04-11T17:48:38+08:00 ] /JSJD/index.php/About/index | INFO: Run CheckRoute Behavior [ RunTime:0.001338s ]
[ 2017-04-11T17:48:38+08:00 ] /JSJD/index.php/About/index | INFO: Tag[ route_check ] --END-- [ RunTime:0.001479s ]
[ 2017-04-11T17:48:38+08:00 ] /JSJD/index.php/About/index | INFO: Tag[ app_begin ] --START--
[ 2017-04-11T17:48:38+08:00 ] /JSJD/index.php/About/index | INFO: Run ReadHtmlCache Behavior [ RunTime:0.001648s ]
[ 2017-04-11T17:48:38+08:00 ] /JSJD/index.php/About/index | INFO: Tag[ app_begin ] --END-- [ RunTime:0.001754s ]
[ 2017-04-11T17:48:38+08:00 ] /JSJD/index.php/About/index | SQL: SHOW COLUMNS FROM `czxy_systemconfig` [ RunTime:0.012651s ]
[ 2017-04-11T17:48:38+08:00 ] /JSJD/index.php/About/index | SQL: SELECT * FROM `czxy_systemconfig` WHERE ( `ckey` = 'rotateimg' )  [ RunTime:0.000429s ]
[ 2017-04-11T17:48:38+08:00 ] /JSJD/index.php/About/index | INFO: Tag[ view_template ] --START--
[ 2017-04-11T17:48:38+08:00 ] /JSJD/index.php/About/index | INFO: Run LocationTemplate Behavior [ RunTime:0.000566s ]
[ 2017-04-11T17:48:38+08:00 ] /JSJD/index.php/About/index | INFO: Tag[ view_template ] --END-- [ RunTime:0.000642s ]
[ 2017-04-11T17:48:38+08:00 ] /JSJD/index.php/About/index | INFO: Tag[ view_parse ] --START--
[ 2017-04-11T17:48:38+08:00 ] /JSJD/index.php/About/index | NOTIC: [2] file_get_contents(./Index/Tpl/Public/top.html) [<a href='function.file-get-contents'>function.file-get-contents</a>]: failed to open stream: No such file or directory ThinkTemplate.class.php 第 702 行.
[ 2017-04-11T17:48:38+08:00 ] /JSJD/index.php/About/index | NOTIC: [2] file_get_contents(./Index/Tpl/Public/luenhuan.html) [<a href='function.file-get-contents'>function.file-get-contents</a>]: failed to open stream: No such file or directory ThinkTemplate.class.php 第 702 行.
[ 2017-04-11T17:48:38+08:00 ] /JSJD/index.php/About/index | NOTIC: [2] file_get_contents(./Index/Tpl/Public/footer.html) [<a href='function.file-get-contents'>function.file-get-contents</a>]: failed to open stream: No such file or directory ThinkTemplate.class.php 第 702 行.
[ 2017-04-11T17:48:38+08:00 ] /JSJD/index.php/About/index | INFO: Run ParseTemplate Behavior [ RunTime:0.012850s ]
[ 2017-04-11T17:48:38+08:00 ] /JSJD/index.php/About/index | INFO: Tag[ view_parse ] --END-- [ RunTime:0.012914s ]
[ 2017-04-11T17:48:38+08:00 ] /JSJD/index.php/About/index | INFO: Tag[ view_filter ] --START--
[ 2017-04-11T17:48:38+08:00 ] /JSJD/index.php/About/index | INFO: Run ContentReplace Behavior [ RunTime:0.000603s ]
[ 2017-04-11T17:48:38+08:00 ] /JSJD/index.php/About/index | INFO: Run TokenBuild Behavior [ RunTime:0.000561s ]
[ 2017-04-11T17:48:38+08:00 ] /JSJD/index.php/About/index | INFO: Run WriteHtmlCache Behavior [ RunTime:0.000505s ]
[ 2017-04-11T17:48:38+08:00 ] /JSJD/index.php/About/index | INFO: Run ShowRuntime Behavior [ RunTime:0.000516s ]
[ 2017-04-11T17:48:38+08:00 ] /JSJD/index.php/About/index | INFO: Tag[ view_filter ] --END-- [ RunTime:0.002363s ]
[ 2017-04-11T17:48:38+08:00 ] /JSJD/index.php/About/index | INFO: Tag[ view_end ] --START--
[ 2017-04-11T17:48:38+08:00 ] /JSJD/index.php/About/index | INFO: Run ShowPageTrace Behavior [ RunTime:0.000681s ]
[ 2017-04-11T17:48:38+08:00 ] /JSJD/index.php/About/index | INFO: Tag[ view_end ] --END-- [ RunTime:0.000750s ]
[ 2017-04-11T17:48:40+08:00 ] /JSJD/index.php/News/index | INFO: Tag[ route_check ] --START--
[ 2017-04-11T17:48:40+08:00 ] /JSJD/index.php/News/index | INFO: Run CheckRoute Behavior [ RunTime:0.000798s ]
[ 2017-04-11T17:48:40+08:00 ] /JSJD/index.php/News/index | INFO: Tag[ route_check ] --END-- [ RunTime:0.000915s ]
[ 2017-04-11T17:48:40+08:00 ] /JSJD/index.php/News/index | INFO: Tag[ app_begin ] --START--
[ 2017-04-11T17:48:40+08:00 ] /JSJD/index.php/News/index | INFO: Run ReadHtmlCache Behavior [ RunTime:0.000955s ]
[ 2017-04-11T17:48:40+08:00 ] /JSJD/index.php/News/index | INFO: Tag[ app_begin ] --END-- [ RunTime:0.001040s ]
[ 2017-04-11T17:48:40+08:00 ] /JSJD/index.php/News/index | SQL: SHOW COLUMNS FROM `czxy_systemconfig` [ RunTime:0.009910s ]
[ 2017-04-11T17:48:40+08:00 ] /JSJD/index.php/News/index | SQL: SELECT * FROM `czxy_systemconfig` WHERE ( `ckey` = 'rotateimg' )  [ RunTime:0.000414s ]
[ 2017-04-11T17:48:40+08:00 ] /JSJD/index.php/News/index | INFO: Tag[ view_template ] --START--
[ 2017-04-11T17:48:40+08:00 ] /JSJD/index.php/News/index | INFO: Run LocationTemplate Behavior [ RunTime:0.001203s ]
[ 2017-04-11T17:48:40+08:00 ] /JSJD/index.php/News/index | INFO: Tag[ view_template ] --END-- [ RunTime:0.001276s ]
[ 2017-04-11T17:48:40+08:00 ] /JSJD/index.php/News/index | INFO: Tag[ view_parse ] --START--
[ 2017-04-11T17:48:40+08:00 ] /JSJD/index.php/News/index | NOTIC: [2] file_get_contents(./Index/Tpl/Public/top.html) [<a href='function.file-get-contents'>function.file-get-contents</a>]: failed to open stream: No such file or directory ThinkTemplate.class.php 第 702 行.
[ 2017-04-11T17:48:40+08:00 ] /JSJD/index.php/News/index | NOTIC: [2] file_get_contents(./Index/Tpl/Public/luenhuan.html) [<a href='function.file-get-contents'>function.file-get-contents</a>]: failed to open stream: No such file or directory ThinkTemplate.class.php 第 702 行.
[ 2017-04-11T17:48:40+08:00 ] /JSJD/index.php/News/index | NOTIC: [2] file_get_contents(./Index/Tpl/Public/footer.html) [<a href='function.file-get-contents'>function.file-get-contents</a>]: failed to open stream: No such file or directory ThinkTemplate.class.php 第 702 行.
[ 2017-04-11T17:48:40+08:00 ] /JSJD/index.php/News/index | INFO: Run ParseTemplate Behavior [ RunTime:0.036327s ]
[ 2017-04-11T17:48:40+08:00 ] /JSJD/index.php/News/index | INFO: Tag[ view_parse ] --END-- [ RunTime:0.036394s ]
[ 2017-04-11T17:48:40+08:00 ] /JSJD/index.php/News/index | INFO: Tag[ view_filter ] --START--
[ 2017-04-11T17:48:40+08:00 ] /JSJD/index.php/News/index | INFO: Run ContentReplace Behavior [ RunTime:0.000694s ]
[ 2017-04-11T17:48:40+08:00 ] /JSJD/index.php/News/index | INFO: Run TokenBuild Behavior [ RunTime:0.000572s ]
[ 2017-04-11T17:48:40+08:00 ] /JSJD/index.php/News/index | INFO: Run WriteHtmlCache Behavior [ RunTime:0.000467s ]
[ 2017-04-11T17:48:40+08:00 ] /JSJD/index.php/News/index | INFO: Run ShowRuntime Behavior [ RunTime:0.000981s ]
[ 2017-04-11T17:48:40+08:00 ] /JSJD/index.php/News/index | INFO: Tag[ view_filter ] --END-- [ RunTime:0.002938s ]
[ 2017-04-11T17:48:40+08:00 ] /JSJD/index.php/News/index | INFO: Tag[ view_end ] --START--
[ 2017-04-11T17:48:40+08:00 ] /JSJD/index.php/News/index | INFO: Run ShowPageTrace Behavior [ RunTime:0.001177s ]
[ 2017-04-11T17:48:40+08:00 ] /JSJD/index.php/News/index | INFO: Tag[ view_end ] --END-- [ RunTime:0.001287s ]
[ 2017-04-11T17:48:40+08:00 ] /JSJD/index.php/images/xinwen.png | ERR: (ThinkException) 无法加载模块images
[ 2017-04-11T17:48:41+08:00 ] /JSJD/index.php/images/22204.jpg | ERR: (ThinkException) 无法加载模块images
[ 2017-04-11T17:48:41+08:00 ] /JSJD/index.php/js/jquery.bxslider.min.js | ERR: (ThinkException) 无法加载模块js
[ 2017-04-11T17:48:43+08:00 ] /JSJD/index.php/News/Product/product.html | ERR: (ThinkException) 非法操作Product
[ 2017-04-11T17:48:45+08:00 ] /JSJD/index.php/images/xinwen.png | ERR: (ThinkException) 无法加载模块images
[ 2017-04-11T17:48:45+08:00 ] /JSJD/index.php/images/22204.jpg | ERR: (ThinkException) 无法加载模块images
[ 2017-04-11T17:48:51+08:00 ] /JSJD/index.php/Subjectrace/index | INFO: Tag[ route_check ] --START--
[ 2017-04-11T17:48:51+08:00 ] /JSJD/index.php/Subjectrace/index | INFO: Run CheckRoute Behavior [ RunTime:0.000824s ]
[ 2017-04-11T17:48:51+08:00 ] /JSJD/index.php/Subjectrace/index | INFO: Tag[ route_check ] --END-- [ RunTime:0.000929s ]
[ 2017-04-11T17:48:51+08:00 ] /JSJD/index.php/Subjectrace/index | INFO: Tag[ app_begin ] --START--
[ 2017-04-11T17:48:51+08:00 ] /JSJD/index.php/Subjectrace/index | INFO: Run ReadHtmlCache Behavior [ RunTime:0.000605s ]
[ 2017-04-11T17:48:51+08:00 ] /JSJD/index.php/Subjectrace/index | INFO: Tag[ app_begin ] --END-- [ RunTime:0.000661s ]
[ 2017-04-11T17:48:51+08:00 ] /JSJD/index.php/Subjectrace/index | SQL: SHOW COLUMNS FROM `czxy_systemconfig` [ RunTime:0.010132s ]
[ 2017-04-11T17:48:51+08:00 ] /JSJD/index.php/Subjectrace/index | SQL: SELECT * FROM `czxy_systemconfig` WHERE ( `ckey` = 'rotateimg' )  [ RunTime:0.000446s ]
[ 2017-04-11T17:48:51+08:00 ] /JSJD/index.php/Subjectrace/index | INFO: Tag[ view_template ] --START--
[ 2017-04-11T17:48:51+08:00 ] /JSJD/index.php/Subjectrace/index | INFO: Run LocationTemplate Behavior [ RunTime:0.001238s ]
[ 2017-04-11T17:48:51+08:00 ] /JSJD/index.php/Subjectrace/index | INFO: Tag[ view_template ] --END-- [ RunTime:0.001301s ]
[ 2017-04-11T17:48:51+08:00 ] /JSJD/index.php/Subjectrace/index | INFO: Tag[ view_parse ] --START--
[ 2017-04-11T17:48:51+08:00 ] /JSJD/index.php/Subjectrace/index | NOTIC: [2] file_get_contents(./Index/Tpl/Public/top.html) [<a href='function.file-get-contents'>function.file-get-contents</a>]: failed to open stream: No such file or directory ThinkTemplate.class.php 第 702 行.
[ 2017-04-11T17:48:51+08:00 ] /JSJD/index.php/Subjectrace/index | NOTIC: [2] file_get_contents(./Index/Tpl/Public/luenhuan.html) [<a href='function.file-get-contents'>function.file-get-contents</a>]: failed to open stream: No such file or directory ThinkTemplate.class.php 第 702 行.
[ 2017-04-11T17:48:51+08:00 ] /JSJD/index.php/Subjectrace/index | NOTIC: [2] file_get_contents(./Index/Tpl/Public/footer.html) [<a href='function.file-get-contents'>function.file-get-contents</a>]: failed to open stream: No such file or directory ThinkTemplate.class.php 第 702 行.
[ 2017-04-11T17:48:51+08:00 ] /JSJD/index.php/Subjectrace/index | INFO: Run ParseTemplate Behavior [ RunTime:0.046037s ]
[ 2017-04-11T17:48:51+08:00 ] /JSJD/index.php/Subjectrace/index | INFO: Tag[ view_parse ] --END-- [ RunTime:0.046103s ]
[ 2017-04-11T17:48:51+08:00 ] /JSJD/index.php/Subjectrace/index | INFO: Tag[ view_filter ] --START--
[ 2017-04-11T17:48:51+08:00 ] /JSJD/index.php/Subjectrace/index | INFO: Run ContentReplace Behavior [ RunTime:0.000659s ]
[ 2017-04-11T17:48:51+08:00 ] /JSJD/index.php/Subjectrace/index | INFO: Run TokenBuild Behavior [ RunTime:0.000588s ]
[ 2017-04-11T17:48:51+08:00 ] /JSJD/index.php/Subjectrace/index | INFO: Run WriteHtmlCache Behavior [ RunTime:0.000490s ]
[ 2017-04-11T17:48:51+08:00 ] /JSJD/index.php/Subjectrace/index | INFO: Run ShowRuntime Behavior [ RunTime:0.000599s ]
[ 2017-04-11T17:48:51+08:00 ] /JSJD/index.php/Subjectrace/index | INFO: Tag[ view_filter ] --END-- [ RunTime:0.002502s ]
[ 2017-04-11T17:48:51+08:00 ] /JSJD/index.php/Subjectrace/index | INFO: Tag[ view_end ] --START--
[ 2017-04-11T17:48:51+08:00 ] /JSJD/index.php/Subjectrace/index | INFO: Run ShowPageTrace Behavior [ RunTime:0.000659s ]
[ 2017-04-11T17:48:51+08:00 ] /JSJD/index.php/Subjectrace/index | INFO: Tag[ view_end ] --END-- [ RunTime:0.000732s ]
[ 2017-04-11T17:48:51+08:00 ] /JSJD/index.php/images/20100820.jpg | ERR: (ThinkException) 无法加载模块images
[ 2017-04-11T17:48:51+08:00 ] /JSJD/index.php/images/20100820104417799.jpg | ERR: (ThinkException) 无法加载模块images
[ 2017-04-11T17:48:52+08:00 ] /JSJD/index.php/images/20100820144401230.jpg | ERR: (ThinkException) 无法加载模块images
[ 2017-04-11T17:48:52+08:00 ] /JSJD/index.php/images/20100712094639942.jpg | ERR: (ThinkException) 无法加载模块images
[ 2017-04-11T17:48:52+08:00 ] /JSJD/index.php/js/jquery.bxslider.min.js | ERR: (ThinkException) 无法加载模块js
[ 2017-04-11T17:48:52+08:00 ] /JSJD/index.php/images/20100820104640206.jpg | ERR: (ThinkException) 无法加载模块images
[ 2017-04-11T17:49:11+08:00 ] /JSJD/index.php/Subjectrace/Product/product.html | ERR: (ThinkException) 非法操作Product
[ 2017-04-11T17:49:12+08:00 ] /JSJD/index.php/images/20100820.jpg | ERR: (ThinkException) 无法加载模块images
[ 2017-04-11T17:49:12+08:00 ] /JSJD/index.php/images/20100712094639942.jpg | ERR: (ThinkException) 无法加载模块images
[ 2017-04-11T17:49:12+08:00 ] /JSJD/index.php/images/20100820104417799.jpg | ERR: (ThinkException) 无法加载模块images
[ 2017-04-11T17:49:12+08:00 ] /JSJD/index.php/images/20100820104640206.jpg | ERR: (ThinkException) 无法加载模块images
[ 2017-04-11T17:49:13+08:00 ] /JSJD/index.php/images/20100820144401230.jpg | ERR: (ThinkException) 无法加载模块images
[ 2017-04-11T17:49:27+08:00 ] /JSJD/index.php/Subjectrace/index | INFO: Tag[ route_check ] --START--
[ 2017-04-11T17:49:27+08:00 ] /JSJD/index.php/Subjectrace/index | INFO: Run CheckRoute Behavior [ RunTime:0.001157s ]
[ 2017-04-11T17:49:27+08:00 ] /JSJD/index.php/Subjectrace/index | INFO: Tag[ route_check ] --END-- [ RunTime:0.001311s ]
[ 2017-04-11T17:49:27+08:00 ] /JSJD/index.php/Subjectrace/index | INFO: Tag[ app_begin ] --START--
[ 2017-04-11T17:49:27+08:00 ] /JSJD/index.php/Subjectrace/index | INFO: Run ReadHtmlCache Behavior [ RunTime:0.000917s ]
[ 2017-04-11T17:49:27+08:00 ] /JSJD/index.php/Subjectrace/index | INFO: Tag[ app_begin ] --END-- [ RunTime:0.001004s ]
[ 2017-04-11T17:49:27+08:00 ] /JSJD/index.php/Subjectrace/index | SQL: SHOW COLUMNS FROM `czxy_systemconfig` [ RunTime:0.011640s ]
[ 2017-04-11T17:49:27+08:00 ] /JSJD/index.php/Subjectrace/index | SQL: SELECT * FROM `czxy_systemconfig` WHERE ( `ckey` = 'rotateimg' )  [ RunTime:0.000386s ]
[ 2017-04-11T17:49:27+08:00 ] /JSJD/index.php/Subjectrace/index | INFO: Tag[ view_template ] --START--
[ 2017-04-11T17:49:27+08:00 ] /JSJD/index.php/Subjectrace/index | INFO: Run LocationTemplate Behavior [ RunTime:0.000741s ]
[ 2017-04-11T17:49:27+08:00 ] /JSJD/index.php/Subjectrace/index | INFO: Tag[ view_template ] --END-- [ RunTime:0.000793s ]
[ 2017-04-11T17:49:27+08:00 ] /JSJD/index.php/Subjectrace/index | INFO: Tag[ view_parse ] --START--
[ 2017-04-11T17:49:27+08:00 ] /JSJD/index.php/Subjectrace/index | NOTIC: [2] file_get_contents(./Index/Tpl/Public/top.html) [<a href='function.file-get-contents'>function.file-get-contents</a>]: failed to open stream: No such file or directory ThinkTemplate.class.php 第 702 行.
[ 2017-04-11T17:49:27+08:00 ] /JSJD/index.php/Subjectrace/index | NOTIC: [2] file_get_contents(./Index/Tpl/Public/luenhuan.html) [<a href='function.file-get-contents'>function.file-get-contents</a>]: failed to open stream: No such file or directory ThinkTemplate.class.php 第 702 行.
[ 2017-04-11T17:49:27+08:00 ] /JSJD/index.php/Subjectrace/index | NOTIC: [2] file_get_contents(./Index/Tpl/Public/footer.html) [<a href='function.file-get-contents'>function.file-get-contents</a>]: failed to open stream: No such file or directory ThinkTemplate.class.php 第 702 行.
[ 2017-04-11T17:49:27+08:00 ] /JSJD/index.php/Subjectrace/index | INFO: Run ParseTemplate Behavior [ RunTime:0.027917s ]
[ 2017-04-11T17:49:27+08:00 ] /JSJD/index.php/Subjectrace/index | INFO: Tag[ view_parse ] --END-- [ RunTime:0.027985s ]
[ 2017-04-11T17:49:27+08:00 ] /JSJD/index.php/Subjectrace/index | INFO: Tag[ view_filter ] --START--
[ 2017-04-11T17:49:27+08:00 ] /JSJD/index.php/Subjectrace/index | INFO: Run ContentReplace Behavior [ RunTime:0.000978s ]
[ 2017-04-11T17:49:27+08:00 ] /JSJD/index.php/Subjectrace/index | INFO: Run TokenBuild Behavior [ RunTime:0.001285s ]
[ 2017-04-11T17:49:27+08:00 ] /JSJD/index.php/Subjectrace/index | INFO: Run WriteHtmlCache Behavior [ RunTime:0.000667s ]
[ 2017-04-11T17:49:27+08:00 ] /JSJD/index.php/Subjectrace/index | INFO: Run ShowRuntime Behavior [ RunTime:0.000744s ]
[ 2017-04-11T17:49:27+08:00 ] /JSJD/index.php/Subjectrace/index | INFO: Tag[ view_filter ] --END-- [ RunTime:0.003913s ]
[ 2017-04-11T17:49:27+08:00 ] /JSJD/index.php/Subjectrace/index | INFO: Tag[ view_end ] --START--
[ 2017-04-11T17:49:27+08:00 ] /JSJD/index.php/Subjectrace/index | INFO: Run ShowPageTrace Behavior [ RunTime:0.001102s ]
[ 2017-04-11T17:49:27+08:00 ] /JSJD/index.php/Subjectrace/index | INFO: Tag[ view_end ] --END-- [ RunTime:0.001193s ]
[ 2017-04-11T17:49:27+08:00 ] /JSJD/index.php/images/20100820.jpg | ERR: (ThinkException) 无法加载模块images
[ 2017-04-11T17:49:27+08:00 ] /JSJD/index.php/images/20100820104417799.jpg | ERR: (ThinkException) 无法加载模块images
[ 2017-04-11T17:49:27+08:00 ] /JSJD/index.php/images/20100712094639942.jpg | ERR: (ThinkException) 无法加载模块images
[ 2017-04-11T17:49:27+08:00 ] /JSJD/index.php/js/jquery.bxslider.min.js | ERR: (ThinkException) 无法加载模块js
[ 2017-04-11T17:49:28+08:00 ] /JSJD/index.php/Subjectrace/index | INFO: Tag[ route_check ] --START--
[ 2017-04-11T17:49:28+08:00 ] /JSJD/index.php/Subjectrace/index | INFO: Run CheckRoute Behavior [ RunTime:0.001142s ]
[ 2017-04-11T17:49:28+08:00 ] /JSJD/index.php/Subjectrace/index | INFO: Tag[ route_check ] --END-- [ RunTime:0.001293s ]
[ 2017-04-11T17:49:28+08:00 ] /JSJD/index.php/Subjectrace/index | INFO: Tag[ app_begin ] --START--
[ 2017-04-11T17:49:28+08:00 ] /JSJD/index.php/Subjectrace/index | INFO: Run ReadHtmlCache Behavior [ RunTime:0.000944s ]
[ 2017-04-11T17:49:28+08:00 ] /JSJD/index.php/Subjectrace/index | INFO: Tag[ app_begin ] --END-- [ RunTime:0.001028s ]
[ 2017-04-11T17:49:28+08:00 ] /JSJD/index.php/Subjectrace/index | SQL: SHOW COLUMNS FROM `czxy_systemconfig` [ RunTime:0.013526s ]
[ 2017-04-11T17:49:28+08:00 ] /JSJD/index.php/Subjectrace/index | SQL: SELECT * FROM `czxy_systemconfig` WHERE ( `ckey` = 'rotateimg' )  [ RunTime:0.000645s ]
[ 2017-04-11T17:49:28+08:00 ] /JSJD/index.php/Subjectrace/index | INFO: Tag[ view_template ] --START--
[ 2017-04-11T17:49:28+08:00 ] /JSJD/index.php/Subjectrace/index | INFO: Run LocationTemplate Behavior [ RunTime:0.001018s ]
[ 2017-04-11T17:49:28+08:00 ] /JSJD/index.php/Subjectrace/index | INFO: Tag[ view_template ] --END-- [ RunTime:0.001133s ]
[ 2017-04-11T17:49:28+08:00 ] /JSJD/index.php/Subjectrace/index | INFO: Tag[ view_parse ] --START--
[ 2017-04-11T17:49:28+08:00 ] /JSJD/index.php/Subjectrace/index | NOTIC: [2] file_get_contents(./Index/Tpl/Public/top.html) [<a href='function.file-get-contents'>function.file-get-contents</a>]: failed to open stream: No such file or directory ThinkTemplate.class.php 第 702 行.
[ 2017-04-11T17:49:28+08:00 ] /JSJD/index.php/Subjectrace/index | NOTIC: [2] file_get_contents(./Index/Tpl/Public/luenhuan.html) [<a href='function.file-get-contents'>function.file-get-contents</a>]: failed to open stream: No such file or directory ThinkTemplate.class.php 第 702 行.
[ 2017-04-11T17:49:28+08:00 ] /JSJD/index.php/Subjectrace/index | NOTIC: [2] file_get_contents(./Index/Tpl/Public/footer.html) [<a href='function.file-get-contents'>function.file-get-contents</a>]: failed to open stream: No such file or directory ThinkTemplate.class.php 第 702 行.
[ 2017-04-11T17:49:28+08:00 ] /JSJD/index.php/Subjectrace/index | INFO: Run ParseTemplate Behavior [ RunTime:0.025523s ]
[ 2017-04-11T17:49:28+08:00 ] /JSJD/index.php/Subjectrace/index | INFO: Tag[ view_parse ] --END-- [ RunTime:0.025583s ]
[ 2017-04-11T17:49:28+08:00 ] /JSJD/index.php/Subjectrace/index | INFO: Tag[ view_filter ] --START--
[ 2017-04-11T17:49:28+08:00 ] /JSJD/index.php/Subjectrace/index | INFO: Run ContentReplace Behavior [ RunTime:0.000654s ]
[ 2017-04-11T17:49:28+08:00 ] /JSJD/index.php/Subjectrace/index | INFO: Run TokenBuild Behavior [ RunTime:0.000841s ]
[ 2017-04-11T17:49:28+08:00 ] /JSJD/index.php/Subjectrace/index | INFO: Run WriteHtmlCache Behavior [ RunTime:0.000601s ]
[ 2017-04-11T17:49:28+08:00 ] /JSJD/index.php/Subjectrace/index | INFO: Run ShowRuntime Behavior [ RunTime:0.000890s ]
[ 2017-04-11T17:49:28+08:00 ] /JSJD/index.php/Subjectrace/index | INFO: Tag[ view_filter ] --END-- [ RunTime:0.003155s ]
[ 2017-04-11T17:49:28+08:00 ] /JSJD/index.php/Subjectrace/index | INFO: Tag[ view_end ] --START--
[ 2017-04-11T17:49:28+08:00 ] /JSJD/index.php/Subjectrace/index | INFO: Run ShowPageTrace Behavior [ RunTime:0.000787s ]
[ 2017-04-11T17:49:28+08:00 ] /JSJD/index.php/Subjectrace/index | INFO: Tag[ view_end ] --END-- [ RunTime:0.000964s ]
[ 2017-04-11T17:49:28+08:00 ] /JSJD/index.php/js/jquery.bxslider.min.js | ERR: (ThinkException) 无法加载模块js
[ 2017-04-11T17:49:28+08:00 ] /JSJD/index.php/images/20100820.jpg | ERR: (ThinkException) 无法加载模块images
[ 2017-04-11T17:49:28+08:00 ] /JSJD/index.php/images/20100712094639942.jpg | ERR: (ThinkException) 无法加载模块images
[ 2017-04-11T17:49:28+08:00 ] /JSJD/index.php/images/20100820104417799.jpg | ERR: (ThinkException) 无法加载模块images
[ 2017-04-11T17:49:28+08:00 ] /JSJD/index.php/images/20100820104640206.jpg | ERR: (ThinkException) 无法加载模块images
[ 2017-04-11T17:49:28+08:00 ] /JSJD/index.php/images/20100820144401230.jpg | ERR: (ThinkException) 无法加载模块images
[ 2017-04-11T17:49:29+08:00 ] /JSJD/index.php/News/index | INFO: Tag[ route_check ] --START--
[ 2017-04-11T17:49:29+08:00 ] /JSJD/index.php/News/index | INFO: Run CheckRoute Behavior [ RunTime:0.000747s ]
[ 2017-04-11T17:49:29+08:00 ] /JSJD/index.php/News/index | INFO: Tag[ route_check ] --END-- [ RunTime:0.000869s ]
[ 2017-04-11T17:49:29+08:00 ] /JSJD/index.php/News/index | INFO: Tag[ app_begin ] --START--
[ 2017-04-11T17:49:29+08:00 ] /JSJD/index.php/News/index | INFO: Run ReadHtmlCache Behavior [ RunTime:0.000563s ]
[ 2017-04-11T17:49:29+08:00 ] /JSJD/index.php/News/index | INFO: Tag[ app_begin ] --END-- [ RunTime:0.000622s ]
[ 2017-04-11T17:49:29+08:00 ] /JSJD/index.php/News/index | SQL: SHOW COLUMNS FROM `czxy_systemconfig` [ RunTime:0.011385s ]
[ 2017-04-11T17:49:29+08:00 ] /JSJD/index.php/News/index | SQL: SELECT * FROM `czxy_systemconfig` WHERE ( `ckey` = 'rotateimg' )  [ RunTime:0.000527s ]
[ 2017-04-11T17:49:29+08:00 ] /JSJD/index.php/News/index | INFO: Tag[ view_template ] --START--
[ 2017-04-11T17:49:29+08:00 ] /JSJD/index.php/News/index | INFO: Run LocationTemplate Behavior [ RunTime:0.001117s ]
[ 2017-04-11T17:49:29+08:00 ] /JSJD/index.php/News/index | INFO: Tag[ view_template ] --END-- [ RunTime:0.001217s ]
[ 2017-04-11T17:49:29+08:00 ] /JSJD/index.php/News/index | INFO: Tag[ view_parse ] --START--
[ 2017-04-11T17:49:29+08:00 ] /JSJD/index.php/News/index | NOTIC: [2] file_get_contents(./Index/Tpl/Public/top.html) [<a href='function.file-get-contents'>function.file-get-contents</a>]: failed to open stream: No such file or directory ThinkTemplate.class.php 第 702 行.
[ 2017-04-11T17:49:29+08:00 ] /JSJD/index.php/News/index | NOTIC: [2] file_get_contents(./Index/Tpl/Public/luenhuan.html) [<a href='function.file-get-contents'>function.file-get-contents</a>]: failed to open stream: No such file or directory ThinkTemplate.class.php 第 702 行.
[ 2017-04-11T17:49:29+08:00 ] /JSJD/index.php/News/index | NOTIC: [2] file_get_contents(./Index/Tpl/Public/footer.html) [<a href='function.file-get-contents'>function.file-get-contents</a>]: failed to open stream: No such file or directory ThinkTemplate.class.php 第 702 行.
[ 2017-04-11T17:49:29+08:00 ] /JSJD/index.php/News/index | INFO: Run ParseTemplate Behavior [ RunTime:0.027672s ]
[ 2017-04-11T17:49:29+08:00 ] /JSJD/index.php/News/index | INFO: Tag[ view_parse ] --END-- [ RunTime:0.027740s ]
[ 2017-04-11T17:49:29+08:00 ] /JSJD/index.php/News/index | INFO: Tag[ view_filter ] --START--
[ 2017-04-11T17:49:29+08:00 ] /JSJD/index.php/News/index | INFO: Run ContentReplace Behavior [ RunTime:0.000659s ]
[ 2017-04-11T17:49:29+08:00 ] /JSJD/index.php/News/index | INFO: Run TokenBuild Behavior [ RunTime:0.000786s ]
[ 2017-04-11T17:49:29+08:00 ] /JSJD/index.php/News/index | INFO: Run WriteHtmlCache Behavior [ RunTime:0.000455s ]
[ 2017-04-11T17:49:29+08:00 ] /JSJD/index.php/News/index | INFO: Run ShowRuntime Behavior [ RunTime:0.000538s ]
[ 2017-04-11T17:49:29+08:00 ] /JSJD/index.php/News/index | INFO: Tag[ view_filter ] --END-- [ RunTime:0.002610s ]
[ 2017-04-11T17:49:29+08:00 ] /JSJD/index.php/News/index | INFO: Tag[ view_end ] --START--
[ 2017-04-11T17:49:29+08:00 ] /JSJD/index.php/News/index | INFO: Run ShowPageTrace Behavior [ RunTime:0.001605s ]
[ 2017-04-11T17:49:29+08:00 ] /JSJD/index.php/News/index | INFO: Tag[ view_end ] --END-- [ RunTime:0.001703s ]
[ 2017-04-11T17:49:29+08:00 ] /JSJD/index.php/images/22204.jpg | ERR: (ThinkException) 无法加载模块images
[ 2017-04-11T17:49:29+08:00 ] /JSJD/index.php/images/xinwen.png | ERR: (ThinkException) 无法加载模块images
[ 2017-04-11T17:49:29+08:00 ] /JSJD/index.php/js/jquery.bxslider.min.js | ERR: (ThinkException) 无法加载模块js
[ 2017-04-11T17:49:29+08:00 ] /JSJD/index.php/images/20100820104640206.jpg | ERR: (ThinkException) 无法加载模块images
[ 2017-04-11T17:49:29+08:00 ] /JSJD/index.php/images/20100820144401230.jpg | ERR: (ThinkException) 无法加载模块images
[ 2017-04-11T17:49:32+08:00 ] /JSJD/index.php/About/index | INFO: Tag[ route_check ] --START--
[ 2017-04-11T17:49:32+08:00 ] /JSJD/index.php/About/index | INFO: Run CheckRoute Behavior [ RunTime:0.001013s ]
[ 2017-04-11T17:49:32+08:00 ] /JSJD/index.php/About/index | INFO: Tag[ route_check ] --END-- [ RunTime:0.001150s ]
[ 2017-04-11T17:49:32+08:00 ] /JSJD/index.php/About/index | INFO: Tag[ app_begin ] --START--
[ 2017-04-11T17:49:32+08:00 ] /JSJD/index.php/About/index | INFO: Run ReadHtmlCache Behavior [ RunTime:0.000850s ]
[ 2017-04-11T17:49:32+08:00 ] /JSJD/index.php/About/index | INFO: Tag[ app_begin ] --END-- [ RunTime:0.000935s ]
[ 2017-04-11T17:49:33+08:00 ] /JSJD/index.php/About/index | SQL: SHOW COLUMNS FROM `czxy_systemconfig` [ RunTime:0.024070s ]
[ 2017-04-11T17:49:33+08:00 ] /JSJD/index.php/About/index | SQL: SELECT * FROM `czxy_systemconfig` WHERE ( `ckey` = 'rotateimg' )  [ RunTime:0.000741s ]
[ 2017-04-11T17:49:33+08:00 ] /JSJD/index.php/About/index | INFO: Tag[ view_template ] --START--
[ 2017-04-11T17:49:33+08:00 ] /JSJD/index.php/About/index | INFO: Run LocationTemplate Behavior [ RunTime:0.001027s ]
[ 2017-04-11T17:49:33+08:00 ] /JSJD/index.php/About/index | INFO: Tag[ view_template ] --END-- [ RunTime:0.001114s ]
[ 2017-04-11T17:49:33+08:00 ] /JSJD/index.php/About/index | INFO: Tag[ view_parse ] --START--
[ 2017-04-11T17:49:33+08:00 ] /JSJD/index.php/About/index | NOTIC: [2] file_get_contents(./Index/Tpl/Public/top.html) [<a href='function.file-get-contents'>function.file-get-contents</a>]: failed to open stream: No such file or directory ThinkTemplate.class.php 第 702 行.
[ 2017-04-11T17:49:33+08:00 ] /JSJD/index.php/About/index | NOTIC: [2] file_get_contents(./Index/Tpl/Public/luenhuan.html) [<a href='function.file-get-contents'>function.file-get-contents</a>]: failed to open stream: No such file or directory ThinkTemplate.class.php 第 702 行.
[ 2017-04-11T17:49:33+08:00 ] /JSJD/index.php/About/index | NOTIC: [2] file_get_contents(./Index/Tpl/Public/footer.html) [<a href='function.file-get-contents'>function.file-get-contents</a>]: failed to open stream: No such file or directory ThinkTemplate.class.php 第 702 行.
[ 2017-04-11T17:49:33+08:00 ] /JSJD/index.php/About/index | INFO: Run ParseTemplate Behavior [ RunTime:0.013032s ]
[ 2017-04-11T17:49:33+08:00 ] /JSJD/index.php/About/index | INFO: Tag[ view_parse ] --END-- [ RunTime:0.013115s ]
[ 2017-04-11T17:49:33+08:00 ] /JSJD/index.php/About/index | INFO: Tag[ view_filter ] --START--
[ 2017-04-11T17:49:33+08:00 ] /JSJD/index.php/About/index | INFO: Run ContentReplace Behavior [ RunTime:0.000561s ]
[ 2017-04-11T17:49:33+08:00 ] /JSJD/index.php/About/index | INFO: Run TokenBuild Behavior [ RunTime:0.000780s ]
[ 2017-04-11T17:49:33+08:00 ] /JSJD/index.php/About/index | INFO: Run WriteHtmlCache Behavior [ RunTime:0.000497s ]
[ 2017-04-11T17:49:33+08:00 ] /JSJD/index.php/About/index | INFO: Run ShowRuntime Behavior [ RunTime:0.000492s ]
[ 2017-04-11T17:49:33+08:00 ] /JSJD/index.php/About/index | INFO: Tag[ view_filter ] --END-- [ RunTime:0.002501s ]
[ 2017-04-11T17:49:33+08:00 ] /JSJD/index.php/About/index | INFO: Tag[ view_end ] --START--
[ 2017-04-11T17:49:33+08:00 ] /JSJD/index.php/About/index | INFO: Run ShowPageTrace Behavior [ RunTime:0.002089s ]
[ 2017-04-11T17:49:33+08:00 ] /JSJD/index.php/About/index | INFO: Tag[ view_end ] --END-- [ RunTime:0.002183s ]
[ 2017-04-11T17:49:36+08:00 ] /JSJD/index.php/About/About/lxwm.html | ERR: (ThinkException) 非法操作About
[ 2017-04-11T17:53:42+08:00 ] /JSJD/index.php/About/index | INFO: Tag[ route_check ] --START--
[ 2017-04-11T17:53:42+08:00 ] /JSJD/index.php/About/index | INFO: Run CheckRoute Behavior [ RunTime:0.001339s ]
[ 2017-04-11T17:53:42+08:00 ] /JSJD/index.php/About/index | INFO: Tag[ route_check ] --END-- [ RunTime:0.001503s ]
[ 2017-04-11T17:53:42+08:00 ] /JSJD/index.php/About/index | INFO: Tag[ app_begin ] --START--
[ 2017-04-11T17:53:42+08:00 ] /JSJD/index.php/About/index | INFO: Run ReadHtmlCache Behavior [ RunTime:0.000999s ]
[ 2017-04-11T17:53:42+08:00 ] /JSJD/index.php/About/index | INFO: Tag[ app_begin ] --END-- [ RunTime:0.001080s ]
[ 2017-04-11T17:53:42+08:00 ] /JSJD/index.php/About/index | SQL: SHOW COLUMNS FROM `czxy_systemconfig` [ RunTime:0.011263s ]
[ 2017-04-11T17:53:42+08:00 ] /JSJD/index.php/About/index | SQL: SELECT * FROM `czxy_systemconfig` WHERE ( `ckey` = 'rotateimg' )  [ RunTime:0.000449s ]
[ 2017-04-11T17:53:42+08:00 ] /JSJD/index.php/About/index | INFO: Tag[ view_template ] --START--
[ 2017-04-11T17:53:42+08:00 ] /JSJD/index.php/About/index | INFO: Run LocationTemplate Behavior [ RunTime:0.000773s ]
[ 2017-04-11T17:53:42+08:00 ] /JSJD/index.php/About/index | INFO: Tag[ view_template ] --END-- [ RunTime:0.000840s ]
[ 2017-04-11T17:53:42+08:00 ] /JSJD/index.php/About/index | INFO: Tag[ view_parse ] --START--
[ 2017-04-11T17:53:42+08:00 ] /JSJD/index.php/About/index | NOTIC: [2] file_get_contents(./Index/Tpl/Public/top.html) [<a href='function.file-get-contents'>function.file-get-contents</a>]: failed to open stream: No such file or directory ThinkTemplate.class.php 第 702 行.
[ 2017-04-11T17:53:42+08:00 ] /JSJD/index.php/About/index | NOTIC: [2] file_get_contents(./Index/Tpl/Public/luenhuan.html) [<a href='function.file-get-contents'>function.file-get-contents</a>]: failed to open stream: No such file or directory ThinkTemplate.class.php 第 702 行.
[ 2017-04-11T17:53:42+08:00 ] /JSJD/index.php/About/index | NOTIC: [2] file_get_contents(./Index/Tpl/Public/footer.html) [<a href='function.file-get-contents'>function.file-get-contents</a>]: failed to open stream: No such file or directory ThinkTemplate.class.php 第 702 行.
[ 2017-04-11T17:53:42+08:00 ] /JSJD/index.php/About/index | INFO: Run ParseTemplate Behavior [ RunTime:0.013759s ]
[ 2017-04-11T17:53:42+08:00 ] /JSJD/index.php/About/index | INFO: Tag[ view_parse ] --END-- [ RunTime:0.013839s ]
[ 2017-04-11T17:53:42+08:00 ] /JSJD/index.php/About/index | INFO: Tag[ view_filter ] --START--
[ 2017-04-11T17:53:42+08:00 ] /JSJD/index.php/About/index | INFO: Run ContentReplace Behavior [ RunTime:0.000757s ]
[ 2017-04-11T17:53:42+08:00 ] /JSJD/index.php/About/index | INFO: Run TokenBuild Behavior [ RunTime:0.000532s ]
[ 2017-04-11T17:53:42+08:00 ] /JSJD/index.php/About/index | INFO: Run WriteHtmlCache Behavior [ RunTime:0.000436s ]
[ 2017-04-11T17:53:42+08:00 ] /JSJD/index.php/About/index | INFO: Run ShowRuntime Behavior [ RunTime:0.001124s ]
[ 2017-04-11T17:53:42+08:00 ] /JSJD/index.php/About/index | INFO: Tag[ view_filter ] --END-- [ RunTime:0.003024s ]
[ 2017-04-11T17:53:42+08:00 ] /JSJD/index.php/About/index | INFO: Tag[ view_end ] --START--
[ 2017-04-11T17:53:42+08:00 ] /JSJD/index.php/About/index | INFO: Run ShowPageTrace Behavior [ RunTime:0.000900s ]
[ 2017-04-11T17:53:42+08:00 ] /JSJD/index.php/About/index | INFO: Tag[ view_end ] --END-- [ RunTime:0.000997s ]
[ 2017-04-11T17:53:43+08:00 ] /JSJD/index.php/About/contactus | INFO: Tag[ route_check ] --START--
[ 2017-04-11T17:53:43+08:00 ] /JSJD/index.php/About/contactus | INFO: Run CheckRoute Behavior [ RunTime:0.001154s ]
[ 2017-04-11T17:53:43+08:00 ] /JSJD/index.php/About/contactus | INFO: Tag[ route_check ] --END-- [ RunTime:0.001307s ]
[ 2017-04-11T17:53:43+08:00 ] /JSJD/index.php/About/contactus | INFO: Tag[ app_begin ] --START--
[ 2017-04-11T17:53:43+08:00 ] /JSJD/index.php/About/contactus | INFO: Run ReadHtmlCache Behavior [ RunTime:0.000996s ]
[ 2017-04-11T17:53:43+08:00 ] /JSJD/index.php/About/contactus | INFO: Tag[ app_begin ] --END-- [ RunTime:0.001094s ]
[ 2017-04-11T17:53:43+08:00 ] /JSJD/index.php/About/contactus | SQL: SHOW COLUMNS FROM `czxy_systemconfig` [ RunTime:0.010983s ]
[ 2017-04-11T17:53:43+08:00 ] /JSJD/index.php/About/contactus | SQL: SELECT * FROM `czxy_systemconfig` WHERE ( `ckey` = 'rotateimg' )  [ RunTime:0.000498s ]
[ 2017-04-11T17:53:43+08:00 ] /JSJD/index.php/About/contactus | INFO: Tag[ view_template ] --START--
[ 2017-04-11T17:53:43+08:00 ] /JSJD/index.php/About/contactus | INFO: Run LocationTemplate Behavior [ RunTime:0.000673s ]
[ 2017-04-11T17:53:43+08:00 ] /JSJD/index.php/About/contactus | INFO: Tag[ view_template ] --END-- [ RunTime:0.000740s ]
[ 2017-04-11T17:53:43+08:00 ] /JSJD/index.php/About/contactus | INFO: Tag[ view_parse ] --START--
[ 2017-04-11T17:53:43+08:00 ] /JSJD/index.php/About/contactus | NOTIC: [2] file_get_contents(./Index/Tpl/Public/top.html) [<a href='function.file-get-contents'>function.file-get-contents</a>]: failed to open stream: No such file or directory ThinkTemplate.class.php 第 702 行.
[ 2017-04-11T17:53:43+08:00 ] /JSJD/index.php/About/contactus | NOTIC: [2] file_get_contents(./Index/Tpl/Public/luenhuan.html) [<a href='function.file-get-contents'>function.file-get-contents</a>]: failed to open stream: No such file or directory ThinkTemplate.class.php 第 702 行.
[ 2017-04-11T17:53:43+08:00 ] /JSJD/index.php/About/contactus | NOTIC: [2] file_get_contents(./Index/Tpl/Public/footer.html) [<a href='function.file-get-contents'>function.file-get-contents</a>]: failed to open stream: No such file or directory ThinkTemplate.class.php 第 702 行.
[ 2017-04-11T17:53:43+08:00 ] /JSJD/index.php/About/contactus | INFO: Run ParseTemplate Behavior [ RunTime:0.011426s ]
[ 2017-04-11T17:53:43+08:00 ] /JSJD/index.php/About/contactus | INFO: Tag[ view_parse ] --END-- [ RunTime:0.011500s ]
[ 2017-04-11T17:53:43+08:00 ] /JSJD/index.php/About/contactus | INFO: Tag[ view_filter ] --START--
[ 2017-04-11T17:53:43+08:00 ] /JSJD/index.php/About/contactus | INFO: Run ContentReplace Behavior [ RunTime:0.000867s ]
[ 2017-04-11T17:53:43+08:00 ] /JSJD/index.php/About/contactus | INFO: Run TokenBuild Behavior [ RunTime:0.000746s ]
[ 2017-04-11T17:53:43+08:00 ] /JSJD/index.php/About/contactus | INFO: Run WriteHtmlCache Behavior [ RunTime:0.000433s ]
[ 2017-04-11T17:53:43+08:00 ] /JSJD/index.php/About/contactus | INFO: Run ShowRuntime Behavior [ RunTime:0.000523s ]
[ 2017-04-11T17:53:43+08:00 ] /JSJD/index.php/About/contactus | INFO: Tag[ view_filter ] --END-- [ RunTime:0.002752s ]
[ 2017-04-11T17:53:43+08:00 ] /JSJD/index.php/About/contactus | INFO: Tag[ view_end ] --START--
[ 2017-04-11T17:53:43+08:00 ] /JSJD/index.php/About/contactus | INFO: Run ShowPageTrace Behavior [ RunTime:0.000789s ]
[ 2017-04-11T17:53:43+08:00 ] /JSJD/index.php/About/contactus | INFO: Tag[ view_end ] --END-- [ RunTime:0.000907s ]
[ 2017-04-11T17:53:43+08:00 ] /JSJD/index.php/images/1.png | ERR: (ThinkException) 无法加载模块images
[ 2017-04-11T17:53:43+08:00 ] /JSJD/index.php/images/4.png | ERR: (ThinkException) 无法加载模块images
[ 2017-04-11T17:53:43+08:00 ] /JSJD/index.php/images/2.png | ERR: (ThinkException) 无法加载模块images
[ 2017-04-11T17:53:43+08:00 ] /JSJD/index.php/images/lxwm2.png | ERR: (ThinkException) 无法加载模块images
[ 2017-04-11T17:53:44+08:00 ] /JSJD/index.php/images/5.png | ERR: (ThinkException) 无法加载模块images
[ 2017-04-11T17:53:44+08:00 ] /JSJD/index.php/js/jquery.bxslider.min.js | ERR: (ThinkException) 无法加载模块js
[ 2017-04-11T17:53:44+08:00 ] /JSJD/index.php/images/3.png | ERR: (ThinkException) 无法加载模块images
[ 2017-04-11T17:53:44+08:00 ] /JSJD/index.php/images/1.png | ERR: (ThinkException) 无法加载模块images
[ 2017-04-11T17:53:44+08:00 ] /JSJD/index.php/images/5.png | ERR: (ThinkException) 无法加载模块images
[ 2017-04-11T17:54:05+08:00 ] /JSJD/index.php/About/contactus | INFO: Tag[ route_check ] --START--
[ 2017-04-11T17:54:05+08:00 ] /JSJD/index.php/About/contactus | INFO: Run CheckRoute Behavior [ RunTime:0.001258s ]
[ 2017-04-11T17:54:05+08:00 ] /JSJD/index.php/About/contactus | INFO: Tag[ route_check ] --END-- [ RunTime:0.001391s ]
[ 2017-04-11T17:54:05+08:00 ] /JSJD/index.php/About/contactus | INFO: Tag[ app_begin ] --START--
[ 2017-04-11T17:54:05+08:00 ] /JSJD/index.php/About/contactus | INFO: Run ReadHtmlCache Behavior [ RunTime:0.000859s ]
[ 2017-04-11T17:54:05+08:00 ] /JSJD/index.php/About/contactus | INFO: Tag[ app_begin ] --END-- [ RunTime:0.000943s ]
[ 2017-04-11T17:54:05+08:00 ] /JSJD/index.php/About/contactus | SQL: SHOW COLUMNS FROM `czxy_systemconfig` [ RunTime:0.013955s ]
[ 2017-04-11T17:54:05+08:00 ] /JSJD/index.php/About/contactus | SQL: SELECT * FROM `czxy_systemconfig` WHERE ( `ckey` = 'rotateimg' )  [ RunTime:0.000542s ]
[ 2017-04-11T17:54:05+08:00 ] /JSJD/index.php/About/contactus | INFO: Tag[ view_template ] --START--
[ 2017-04-11T17:54:05+08:00 ] /JSJD/index.php/About/contactus | INFO: Run LocationTemplate Behavior [ RunTime:0.001059s ]
[ 2017-04-11T17:54:05+08:00 ] /JSJD/index.php/About/contactus | INFO: Tag[ view_template ] --END-- [ RunTime:0.001142s ]
[ 2017-04-11T17:54:05+08:00 ] /JSJD/index.php/About/contactus | INFO: Tag[ view_parse ] --START--
[ 2017-04-11T17:54:05+08:00 ] /JSJD/index.php/About/contactus | NOTIC: [2] file_get_contents(./Index/Tpl/Public/top.html) [<a href='function.file-get-contents'>function.file-get-contents</a>]: failed to open stream: No such file or directory ThinkTemplate.class.php 第 702 行.
[ 2017-04-11T17:54:05+08:00 ] /JSJD/index.php/About/contactus | NOTIC: [2] file_get_contents(./Index/Tpl/Public/luenhuan.html) [<a href='function.file-get-contents'>function.file-get-contents</a>]: failed to open stream: No such file or directory ThinkTemplate.class.php 第 702 行.
[ 2017-04-11T17:54:05+08:00 ] /JSJD/index.php/About/contactus | NOTIC: [2] file_get_contents(./Index/Tpl/Public/footer.html) [<a href='function.file-get-contents'>function.file-get-contents</a>]: failed to open stream: No such file or directory ThinkTemplate.class.php 第 702 行.
[ 2017-04-11T17:54:05+08:00 ] /JSJD/index.php/About/contactus | INFO: Run ParseTemplate Behavior [ RunTime:0.018454s ]
[ 2017-04-11T17:54:05+08:00 ] /JSJD/index.php/About/contactus | INFO: Tag[ view_parse ] --END-- [ RunTime:0.018520s ]
[ 2017-04-11T17:54:05+08:00 ] /JSJD/index.php/About/contactus | INFO: Tag[ view_filter ] --START--
[ 2017-04-11T17:54:05+08:00 ] /JSJD/index.php/About/contactus | INFO: Run ContentReplace Behavior [ RunTime:0.000574s ]
[ 2017-04-11T17:54:05+08:00 ] /JSJD/index.php/About/contactus | INFO: Run TokenBuild Behavior [ RunTime:0.000528s ]
[ 2017-04-11T17:54:05+08:00 ] /JSJD/index.php/About/contactus | INFO: Run WriteHtmlCache Behavior [ RunTime:0.000427s ]
[ 2017-04-11T17:54:05+08:00 ] /JSJD/index.php/About/contactus | INFO: Run ShowRuntime Behavior [ RunTime:0.000498s ]
[ 2017-04-11T17:54:05+08:00 ] /JSJD/index.php/About/contactus | INFO: Tag[ view_filter ] --END-- [ RunTime:0.002163s ]
[ 2017-04-11T17:54:05+08:00 ] /JSJD/index.php/About/contactus | INFO: Tag[ view_end ] --START--
[ 2017-04-11T17:54:05+08:00 ] /JSJD/index.php/About/contactus | INFO: Run ShowPageTrace Behavior [ RunTime:0.000662s ]
[ 2017-04-11T17:54:05+08:00 ] /JSJD/index.php/About/contactus | INFO: Tag[ view_end ] --END-- [ RunTime:0.000727s ]
[ 2017-04-11T17:54:05+08:00 ] /JSJD/index.php/images/lxwm2.png | ERR: (ThinkException) 无法加载模块images
[ 2017-04-11T17:54:05+08:00 ] /JSJD/index.php/js/jquery.bxslider.min.js | ERR: (ThinkException) 无法加载模块js
[ 2017-04-11T17:54:13+08:00 ] /JSJD/index.php/images/lxwm2.png | ERR: (ThinkException) 无法加载模块images
[ 2017-04-11T17:54:17+08:00 ] /JSJD/index.php/images/lxwm2.png | ERR: (ThinkException) 无法加载模块images
[ 2017-04-11T17:55:01+08:00 ] /JSJD/index.php/images/lxwm2.png | ERR: (ThinkException) 无法加载模块images
[ 2017-04-11T17:55:44+08:00 ] /JSJD/index.php/About/contactus | INFO: Tag[ route_check ] --START--
[ 2017-04-11T17:55:44+08:00 ] /JSJD/index.php/About/contactus | INFO: Run CheckRoute Behavior [ RunTime:0.001088s ]
[ 2017-04-11T17:55:44+08:00 ] /JSJD/index.php/About/contactus | INFO: Tag[ route_check ] --END-- [ RunTime:0.001200s ]
[ 2017-04-11T17:55:44+08:00 ] /JSJD/index.php/About/contactus | INFO: Tag[ app_begin ] --START--
[ 2017-04-11T17:55:44+08:00 ] /JSJD/index.php/About/contactus | INFO: Run ReadHtmlCache Behavior [ RunTime:0.000879s ]
[ 2017-04-11T17:55:44+08:00 ] /JSJD/index.php/About/contactus | INFO: Tag[ app_begin ] --END-- [ RunTime:0.000946s ]
[ 2017-04-11T17:55:44+08:00 ] /JSJD/index.php/About/contactus | SQL: SHOW COLUMNS FROM `czxy_systemconfig` [ RunTime:0.012009s ]
[ 2017-04-11T17:55:44+08:00 ] /JSJD/index.php/About/contactus | SQL: SELECT * FROM `czxy_systemconfig` WHERE ( `ckey` = 'rotateimg' )  [ RunTime:0.000521s ]
[ 2017-04-11T17:55:44+08:00 ] /JSJD/index.php/About/contactus | INFO: Tag[ view_template ] --START--
[ 2017-04-11T17:55:44+08:00 ] /JSJD/index.php/About/contactus | INFO: Run LocationTemplate Behavior [ RunTime:0.000754s ]
[ 2017-04-11T17:55:44+08:00 ] /JSJD/index.php/About/contactus | INFO: Tag[ view_template ] --END-- [ RunTime:0.000847s ]
[ 2017-04-11T17:55:44+08:00 ] /JSJD/index.php/About/contactus | INFO: Tag[ view_parse ] --START--
[ 2017-04-11T17:55:44+08:00 ] /JSJD/index.php/About/contactus | NOTIC: [2] file_get_contents(./Index/Tpl/Public/top.html) [<a href='function.file-get-contents'>function.file-get-contents</a>]: failed to open stream: No such file or directory ThinkTemplate.class.php 第 702 行.
[ 2017-04-11T17:55:44+08:00 ] /JSJD/index.php/About/contactus | NOTIC: [2] file_get_contents(./Index/Tpl/Public/luenhuan.html) [<a href='function.file-get-contents'>function.file-get-contents</a>]: failed to open stream: No such file or directory ThinkTemplate.class.php 第 702 行.
[ 2017-04-11T17:55:44+08:00 ] /JSJD/index.php/About/contactus | NOTIC: [2] file_get_contents(./Index/Tpl/Public/footer.html) [<a href='function.file-get-contents'>function.file-get-contents</a>]: failed to open stream: No such file or directory ThinkTemplate.class.php 第 702 行.
[ 2017-04-11T17:55:44+08:00 ] /JSJD/index.php/About/contactus | INFO: Run ParseTemplate Behavior [ RunTime:0.018984s ]
[ 2017-04-11T17:55:44+08:00 ] /JSJD/index.php/About/contactus | INFO: Tag[ view_parse ] --END-- [ RunTime:0.019055s ]
[ 2017-04-11T17:55:44+08:00 ] /JSJD/index.php/About/contactus | INFO: Tag[ view_filter ] --START--
[ 2017-04-11T17:55:44+08:00 ] /JSJD/index.php/About/contactus | INFO: Run ContentReplace Behavior [ RunTime:0.000568s ]
[ 2017-04-11T17:55:44+08:00 ] /JSJD/index.php/About/contactus | INFO: Run TokenBuild Behavior [ RunTime:0.000567s ]
[ 2017-04-11T17:55:44+08:00 ] /JSJD/index.php/About/contactus | INFO: Run WriteHtmlCache Behavior [ RunTime:0.000413s ]
[ 2017-04-11T17:55:44+08:00 ] /JSJD/index.php/About/contactus | INFO: Run ShowRuntime Behavior [ RunTime:0.002421s ]
[ 2017-04-11T17:55:44+08:00 ] /JSJD/index.php/About/contactus | INFO: Tag[ view_filter ] --END-- [ RunTime:0.004354s ]
[ 2017-04-11T17:55:44+08:00 ] /JSJD/index.php/About/contactus | INFO: Tag[ view_end ] --START--
[ 2017-04-11T17:55:44+08:00 ] /JSJD/index.php/About/contactus | INFO: Run ShowPageTrace Behavior [ RunTime:0.001855s ]
[ 2017-04-11T17:55:44+08:00 ] /JSJD/index.php/About/contactus | INFO: Tag[ view_end ] --END-- [ RunTime:0.002728s ]
[ 2017-04-11T17:55:45+08:00 ] /JSJD/index.php/images/lxwm2.png | ERR: (ThinkException) 无法加载模块images
[ 2017-04-11T17:55:45+08:00 ] /JSJD/index.php/js/jquery.bxslider.min.js | ERR: (ThinkException) 无法加载模块js
[ 2017-04-11T17:56:35+08:00 ] /JSJD/index.php/About/contactus | INFO: Tag[ route_check ] --START--
[ 2017-04-11T17:56:35+08:00 ] /JSJD/index.php/About/contactus | INFO: Run CheckRoute Behavior [ RunTime:0.001392s ]
[ 2017-04-11T17:56:35+08:00 ] /JSJD/index.php/About/contactus | INFO: Tag[ route_check ] --END-- [ RunTime:0.001536s ]
[ 2017-04-11T17:56:35+08:00 ] /JSJD/index.php/About/contactus | INFO: Tag[ app_begin ] --START--
[ 2017-04-11T17:56:35+08:00 ] /JSJD/index.php/About/contactus | INFO: Run ReadHtmlCache Behavior [ RunTime:0.000836s ]
[ 2017-04-11T17:56:35+08:00 ] /JSJD/index.php/About/contactus | INFO: Tag[ app_begin ] --END-- [ RunTime:0.000908s ]
[ 2017-04-11T17:56:35+08:00 ] /JSJD/index.php/About/contactus | SQL: SHOW COLUMNS FROM `czxy_systemconfig` [ RunTime:0.033486s ]
[ 2017-04-11T17:56:35+08:00 ] /JSJD/index.php/About/contactus | SQL: SELECT * FROM `czxy_systemconfig` WHERE ( `ckey` = 'rotateimg' )  [ RunTime:0.000577s ]
[ 2017-04-11T17:56:35+08:00 ] /JSJD/index.php/About/contactus | INFO: Tag[ view_template ] --START--
[ 2017-04-11T17:56:35+08:00 ] /JSJD/index.php/About/contactus | INFO: Run LocationTemplate Behavior [ RunTime:0.000953s ]
[ 2017-04-11T17:56:35+08:00 ] /JSJD/index.php/About/contactus | INFO: Tag[ view_template ] --END-- [ RunTime:0.001024s ]
[ 2017-04-11T17:56:35+08:00 ] /JSJD/index.php/About/contactus | INFO: Tag[ view_parse ] --START--
[ 2017-04-11T17:56:35+08:00 ] /JSJD/index.php/About/contactus | NOTIC: [2] file_get_contents(./Index/Tpl/Public/top.html) [<a href='function.file-get-contents'>function.file-get-contents</a>]: failed to open stream: No such file or directory ThinkTemplate.class.php 第 702 行.
[ 2017-04-11T17:56:35+08:00 ] /JSJD/index.php/About/contactus | NOTIC: [2] file_get_contents(./Index/Tpl/Public/luenhuan.html) [<a href='function.file-get-contents'>function.file-get-contents</a>]: failed to open stream: No such file or directory ThinkTemplate.class.php 第 702 行.
[ 2017-04-11T17:56:35+08:00 ] /JSJD/index.php/About/contactus | NOTIC: [2] file_get_contents(./Index/Tpl/Public/footer.html) [<a href='function.file-get-contents'>function.file-get-contents</a>]: failed to open stream: No such file or directory ThinkTemplate.class.php 第 702 行.
[ 2017-04-11T17:56:35+08:00 ] /JSJD/index.php/About/contactus | INFO: Run ParseTemplate Behavior [ RunTime:0.026504s ]
[ 2017-04-11T17:56:35+08:00 ] /JSJD/index.php/About/contactus | INFO: Tag[ view_parse ] --END-- [ RunTime:0.026572s ]
[ 2017-04-11T17:56:35+08:00 ] /JSJD/index.php/About/contactus | INFO: Tag[ view_filter ] --START--
[ 2017-04-11T17:56:35+08:00 ] /JSJD/index.php/About/contactus | INFO: Run ContentReplace Behavior [ RunTime:0.000647s ]
[ 2017-04-11T17:56:35+08:00 ] /JSJD/index.php/About/contactus | INFO: Run TokenBuild Behavior [ RunTime:0.000814s ]
[ 2017-04-11T17:56:35+08:00 ] /JSJD/index.php/About/contactus | INFO: Run WriteHtmlCache Behavior [ RunTime:0.000520s ]
[ 2017-04-11T17:56:35+08:00 ] /JSJD/index.php/About/contactus | INFO: Run ShowRuntime Behavior [ RunTime:0.000537s ]
[ 2017-04-11T17:56:35+08:00 ] /JSJD/index.php/About/contactus | INFO: Tag[ view_filter ] --END-- [ RunTime:0.002671s ]
[ 2017-04-11T17:56:35+08:00 ] /JSJD/index.php/About/contactus | INFO: Tag[ view_end ] --START--
[ 2017-04-11T17:56:35+08:00 ] /JSJD/index.php/About/contactus | INFO: Run ShowPageTrace Behavior [ RunTime:0.000669s ]
[ 2017-04-11T17:56:35+08:00 ] /JSJD/index.php/About/contactus | INFO: Tag[ view_end ] --END-- [ RunTime:0.000731s ]
[ 2017-04-11T17:56:35+08:00 ] /JSJD/index.php/images/lxwm2.png | ERR: (ThinkException) 无法加载模块images
[ 2017-04-11T17:56:35+08:00 ] /JSJD/index.php/Index/index | INFO: Tag[ route_check ] --START--
[ 2017-04-11T17:56:35+08:00 ] /JSJD/index.php/Index/index | INFO: Run CheckRoute Behavior [ RunTime:0.000909s ]
[ 2017-04-11T17:56:35+08:00 ] /JSJD/index.php/Index/index | INFO: Tag[ route_check ] --END-- [ RunTime:0.001022s ]
[ 2017-04-11T17:56:35+08:00 ] /JSJD/index.php/Index/index | INFO: Tag[ app_begin ] --START--
[ 2017-04-11T17:56:35+08:00 ] /JSJD/index.php/Index/index | INFO: Run ReadHtmlCache Behavior [ RunTime:0.000783s ]
[ 2017-04-11T17:56:35+08:00 ] /JSJD/index.php/Index/index | INFO: Tag[ app_begin ] --END-- [ RunTime:0.000854s ]
[ 2017-04-11T17:56:36+08:00 ] /JSJD/index.php/Index/index | SQL: SHOW COLUMNS FROM `czxy_systemconfig` [ RunTime:0.053844s ]
[ 2017-04-11T17:56:36+08:00 ] /JSJD/index.php/Index/index | SQL: SELECT * FROM `czxy_systemconfig` WHERE ( `ckey` = 'rotateimg' )  [ RunTime:0.000490s ]
[ 2017-04-11T17:56:36+08:00 ] /JSJD/index.php/Index/index | SQL: SHOW COLUMNS FROM `czxy_news` [ RunTime:0.129554s ]
[ 2017-04-11T17:56:36+08:00 ] /JSJD/index.php/Index/index | SQL: SELECT * FROM `czxy_news` LIMIT 5   [ RunTime:0.000474s ]
[ 2017-04-11T17:56:36+08:00 ] /JSJD/index.php/Index/index | SQL: SHOW COLUMNS FROM `czxy_subjectrace` [ RunTime:0.089281s ]
[ 2017-04-11T17:56:36+08:00 ] /JSJD/index.php/Index/index | SQL: SELECT * FROM `czxy_subjectrace` ORDER BY id DESC LIMIT 3   [ RunTime:0.000361s ]
[ 2017-04-11T17:56:36+08:00 ] /JSJD/index.php/Index/index | INFO: Tag[ view_template ] --START--
[ 2017-04-11T17:56:36+08:00 ] /JSJD/index.php/Index/index | INFO: Run LocationTemplate Behavior [ RunTime:0.000680s ]
[ 2017-04-11T17:56:36+08:00 ] /JSJD/index.php/Index/index | INFO: Tag[ view_template ] --END-- [ RunTime:0.000733s ]
[ 2017-04-11T17:56:36+08:00 ] /JSJD/index.php/Index/index | INFO: Tag[ view_parse ] --START--
[ 2017-04-11T17:56:36+08:00 ] /JSJD/index.php/Index/index | NOTIC: [2] file_get_contents(./Index/Tpl/Public/top.html) [<a href='function.file-get-contents'>function.file-get-contents</a>]: failed to open stream: No such file or directory ThinkTemplate.class.php 第 702 行.
[ 2017-04-11T17:56:36+08:00 ] /JSJD/index.php/Index/index | NOTIC: [2] file_get_contents(./Index/Tpl/Public/luenhuan.html) [<a href='function.file-get-contents'>function.file-get-contents</a>]: failed to open stream: No such file or directory ThinkTemplate.class.php 第 702 行.
[ 2017-04-11T17:56:36+08:00 ] /JSJD/index.php/Index/index | NOTIC: [2] file_get_contents(./Index/Tpl/Public/footer.html) [<a href='function.file-get-contents'>function.file-get-contents</a>]: failed to open stream: No such file or directory ThinkTemplate.class.php 第 702 行.
[ 2017-04-11T17:56:36+08:00 ] /JSJD/index.php/Index/index | INFO: Run ParseTemplate Behavior [ RunTime:0.012927s ]
[ 2017-04-11T17:56:36+08:00 ] /JSJD/index.php/Index/index | INFO: Tag[ view_parse ] --END-- [ RunTime:0.012992s ]
[ 2017-04-11T17:56:36+08:00 ] /JSJD/index.php/Index/index | INFO: Tag[ view_filter ] --START--
[ 2017-04-11T17:56:36+08:00 ] /JSJD/index.php/Index/index | INFO: Run ContentReplace Behavior [ RunTime:0.000668s ]
[ 2017-04-11T17:56:36+08:00 ] /JSJD/index.php/Index/index | INFO: Run TokenBuild Behavior [ RunTime:0.000645s ]
[ 2017-04-11T17:56:36+08:00 ] /JSJD/index.php/Index/index | INFO: Run WriteHtmlCache Behavior [ RunTime:0.000496s ]
[ 2017-04-11T17:56:36+08:00 ] /JSJD/index.php/Index/index | INFO: Run ShowRuntime Behavior [ RunTime:0.000604s ]
[ 2017-04-11T17:56:36+08:00 ] /JSJD/index.php/Index/index | INFO: Tag[ view_filter ] --END-- [ RunTime:0.002638s ]
[ 2017-04-11T17:56:36+08:00 ] /JSJD/index.php/Index/index | INFO: Tag[ view_end ] --START--
[ 2017-04-11T17:56:36+08:00 ] /JSJD/index.php/Index/index | INFO: Run ShowPageTrace Behavior [ RunTime:0.000688s ]
[ 2017-04-11T17:56:36+08:00 ] /JSJD/index.php/Index/index | INFO: Tag[ view_end ] --END-- [ RunTime:0.000767s ]
[ 2017-04-11T17:56:36+08:00 ] /JSJD/index.php/js/jquery.bxslider.min.js | ERR: (ThinkException) 无法加载模块js
[ 2017-04-11T17:56:38+08:00 ] /JSJD/index.php/Subjectrace/index | INFO: Tag[ route_check ] --START--
[ 2017-04-11T17:56:38+08:00 ] /JSJD/index.php/Subjectrace/index | INFO: Run CheckRoute Behavior [ RunTime:0.001217s ]
[ 2017-04-11T17:56:38+08:00 ] /JSJD/index.php/Subjectrace/index | INFO: Tag[ route_check ] --END-- [ RunTime:0.001394s ]
[ 2017-04-11T17:56:38+08:00 ] /JSJD/index.php/Subjectrace/index | INFO: Tag[ app_begin ] --START--
[ 2017-04-11T17:56:38+08:00 ] /JSJD/index.php/Subjectrace/index | INFO: Run ReadHtmlCache Behavior [ RunTime:0.001188s ]
[ 2017-04-11T17:56:38+08:00 ] /JSJD/index.php/Subjectrace/index | INFO: Tag[ app_begin ] --END-- [ RunTime:0.001311s ]
[ 2017-04-11T17:56:38+08:00 ] /JSJD/index.php/Subjectrace/index | SQL: SHOW COLUMNS FROM `czxy_systemconfig` [ RunTime:0.011995s ]
[ 2017-04-11T17:56:38+08:00 ] /JSJD/index.php/Subjectrace/index | SQL: SELECT * FROM `czxy_systemconfig` WHERE ( `ckey` = 'rotateimg' )  [ RunTime:0.000428s ]
[ 2017-04-11T17:56:38+08:00 ] /JSJD/index.php/Subjectrace/index | INFO: Tag[ view_template ] --START--
[ 2017-04-11T17:56:38+08:00 ] /JSJD/index.php/Subjectrace/index | INFO: Run LocationTemplate Behavior [ RunTime:0.001255s ]
[ 2017-04-11T17:56:38+08:00 ] /JSJD/index.php/Subjectrace/index | INFO: Tag[ view_template ] --END-- [ RunTime:0.001487s ]
[ 2017-04-11T17:56:38+08:00 ] /JSJD/index.php/Subjectrace/index | INFO: Tag[ view_parse ] --START--
[ 2017-04-11T17:56:38+08:00 ] /JSJD/index.php/Subjectrace/index | NOTIC: [2] file_get_contents(./Index/Tpl/Public/top.html) [<a href='function.file-get-contents'>function.file-get-contents</a>]: failed to open stream: No such file or directory ThinkTemplate.class.php 第 702 行.
[ 2017-04-11T17:56:38+08:00 ] /JSJD/index.php/Subjectrace/index | NOTIC: [2] file_get_contents(./Index/Tpl/Public/luenhuan.html) [<a href='function.file-get-contents'>function.file-get-contents</a>]: failed to open stream: No such file or directory ThinkTemplate.class.php 第 702 行.
[ 2017-04-11T17:56:38+08:00 ] /JSJD/index.php/Subjectrace/index | NOTIC: [2] file_get_contents(./Index/Tpl/Public/footer.html) [<a href='function.file-get-contents'>function.file-get-contents</a>]: failed to open stream: No such file or directory ThinkTemplate.class.php 第 702 行.
[ 2017-04-11T17:56:38+08:00 ] /JSJD/index.php/Subjectrace/index | INFO: Run ParseTemplate Behavior [ RunTime:0.014415s ]
[ 2017-04-11T17:56:38+08:00 ] /JSJD/index.php/Subjectrace/index | INFO: Tag[ view_parse ] --END-- [ RunTime:0.014505s ]
[ 2017-04-11T17:56:38+08:00 ] /JSJD/index.php/Subjectrace/index | INFO: Tag[ view_filter ] --START--
[ 2017-04-11T17:56:38+08:00 ] /JSJD/index.php/Subjectrace/index | INFO: Run ContentReplace Behavior [ RunTime:0.000620s ]
[ 2017-04-11T17:56:38+08:00 ] /JSJD/index.php/Subjectrace/index | INFO: Run TokenBuild Behavior [ RunTime:0.000585s ]
[ 2017-04-11T17:56:38+08:00 ] /JSJD/index.php/Subjectrace/index | INFO: Run WriteHtmlCache Behavior [ RunTime:0.000858s ]
[ 2017-04-11T17:56:38+08:00 ] /JSJD/index.php/Subjectrace/index | INFO: Run ShowRuntime Behavior [ RunTime:0.000696s ]
[ 2017-04-11T17:56:38+08:00 ] /JSJD/index.php/Subjectrace/index | INFO: Tag[ view_filter ] --END-- [ RunTime:0.003016s ]
[ 2017-04-11T17:56:38+08:00 ] /JSJD/index.php/Subjectrace/index | INFO: Tag[ view_end ] --START--
[ 2017-04-11T17:56:38+08:00 ] /JSJD/index.php/Subjectrace/index | INFO: Run ShowPageTrace Behavior [ RunTime:0.000679s ]
[ 2017-04-11T17:56:38+08:00 ] /JSJD/index.php/Subjectrace/index | INFO: Tag[ view_end ] --END-- [ RunTime:0.000745s ]
[ 2017-04-11T17:56:38+08:00 ] /JSJD/index.php/images/20100820.jpg | ERR: (ThinkException) 无法加载模块images
[ 2017-04-11T17:56:39+08:00 ] /JSJD/index.php/News/index | INFO: Tag[ route_check ] --START--
[ 2017-04-11T17:56:39+08:00 ] /JSJD/index.php/News/index | INFO: Run CheckRoute Behavior [ RunTime:0.001125s ]
[ 2017-04-11T17:56:39+08:00 ] /JSJD/index.php/News/index | INFO: Tag[ route_check ] --END-- [ RunTime:0.001259s ]
[ 2017-04-11T17:56:39+08:00 ] /JSJD/index.php/News/index | INFO: Tag[ app_begin ] --START--
[ 2017-04-11T17:56:39+08:00 ] /JSJD/index.php/News/index | INFO: Run ReadHtmlCache Behavior [ RunTime:0.000854s ]
[ 2017-04-11T17:56:39+08:00 ] /JSJD/index.php/News/index | INFO: Tag[ app_begin ] --END-- [ RunTime:0.000934s ]
[ 2017-04-11T17:56:39+08:00 ] /JSJD/index.php/News/index | SQL: SHOW COLUMNS FROM `czxy_systemconfig` [ RunTime:0.012702s ]
[ 2017-04-11T17:56:39+08:00 ] /JSJD/index.php/News/index | SQL: SELECT * FROM `czxy_systemconfig` WHERE ( `ckey` = 'rotateimg' )  [ RunTime:0.000480s ]
[ 2017-04-11T17:56:39+08:00 ] /JSJD/index.php/News/index | INFO: Tag[ view_template ] --START--
[ 2017-04-11T17:56:39+08:00 ] /JSJD/index.php/News/index | INFO: Run LocationTemplate Behavior [ RunTime:0.000677s ]
[ 2017-04-11T17:56:39+08:00 ] /JSJD/index.php/News/index | INFO: Tag[ view_template ] --END-- [ RunTime:0.000738s ]
[ 2017-04-11T17:56:39+08:00 ] /JSJD/index.php/News/index | INFO: Tag[ view_parse ] --START--
[ 2017-04-11T17:56:39+08:00 ] /JSJD/index.php/News/index | NOTIC: [2] file_get_contents(./Index/Tpl/Public/top.html) [<a href='function.file-get-contents'>function.file-get-contents</a>]: failed to open stream: No such file or directory ThinkTemplate.class.php 第 702 行.
[ 2017-04-11T17:56:39+08:00 ] /JSJD/index.php/News/index | NOTIC: [2] file_get_contents(./Index/Tpl/Public/luenhuan.html) [<a href='function.file-get-contents'>function.file-get-contents</a>]: failed to open stream: No such file or directory ThinkTemplate.class.php 第 702 行.
[ 2017-04-11T17:56:39+08:00 ] /JSJD/index.php/News/index | NOTIC: [2] file_get_contents(./Index/Tpl/Public/footer.html) [<a href='function.file-get-contents'>function.file-get-contents</a>]: failed to open stream: No such file or directory ThinkTemplate.class.php 第 702 行.
[ 2017-04-11T17:56:39+08:00 ] /JSJD/index.php/News/index | INFO: Run ParseTemplate Behavior [ RunTime:0.016349s ]
[ 2017-04-11T17:56:39+08:00 ] /JSJD/index.php/News/index | INFO: Tag[ view_parse ] --END-- [ RunTime:0.016439s ]
[ 2017-04-11T17:56:39+08:00 ] /JSJD/index.php/News/index | INFO: Tag[ view_filter ] --START--
[ 2017-04-11T17:56:39+08:00 ] /JSJD/index.php/News/index | INFO: Run ContentReplace Behavior [ RunTime:0.000745s ]
[ 2017-04-11T17:56:39+08:00 ] /JSJD/index.php/News/index | INFO: Run TokenBuild Behavior [ RunTime:0.000741s ]
[ 2017-04-11T17:56:39+08:00 ] /JSJD/index.php/News/index | INFO: Run WriteHtmlCache Behavior [ RunTime:0.000633s ]
[ 2017-04-11T17:56:39+08:00 ] /JSJD/index.php/News/index | INFO: Run ShowRuntime Behavior [ RunTime:0.000742s ]
[ 2017-04-11T17:56:39+08:00 ] /JSJD/index.php/News/index | INFO: Tag[ view_filter ] --END-- [ RunTime:0.003086s ]
[ 2017-04-11T17:56:39+08:00 ] /JSJD/index.php/News/index | INFO: Tag[ view_end ] --START--
[ 2017-04-11T17:56:39+08:00 ] /JSJD/index.php/News/index | INFO: Run ShowPageTrace Behavior [ RunTime:0.000830s ]
[ 2017-04-11T17:56:39+08:00 ] /JSJD/index.php/News/index | INFO: Tag[ view_end ] --END-- [ RunTime:0.000924s ]
[ 2017-04-11T17:56:39+08:00 ] /JSJD/index.php/images/xinwen.png | ERR: (ThinkException) 无法加载模块images
[ 2017-04-11T17:56:39+08:00 ] /JSJD/index.php/images/20100712094639942.jpg | ERR: (ThinkException) 无法加载模块images
[ 2017-04-11T17:56:40+08:00 ] /JSJD/index.php/images/20100820104640206.jpg | ERR: (ThinkException) 无法加载模块images
[ 2017-04-11T17:56:40+08:00 ] /JSJD/index.php/images/20100820104417799.jpg | ERR: (ThinkException) 无法加载模块images
[ 2017-04-11T17:56:40+08:00 ] /JSJD/index.php/js/jquery.bxslider.min.js | ERR: (ThinkException) 无法加载模块js
[ 2017-04-11T17:56:40+08:00 ] /JSJD/index.php/images/20100820144401230.jpg | ERR: (ThinkException) 无法加载模块images
[ 2017-04-11T17:56:40+08:00 ] /JSJD/index.php/images/22204.jpg | ERR: (ThinkException) 无法加载模块images
[ 2017-04-11T17:56:40+08:00 ] /JSJD/index.php/js/jquery.bxslider.min.js | ERR: (ThinkException) 无法加载模块js
[ 2017-04-11T17:56:44+08:00 ] /JSJD/index.php/News/index | INFO: Tag[ route_check ] --START--
[ 2017-04-11T17:56:44+08:00 ] /JSJD/index.php/News/index | INFO: Run CheckRoute Behavior [ RunTime:0.001033s ]
[ 2017-04-11T17:56:44+08:00 ] /JSJD/index.php/News/index | INFO: Tag[ route_check ] --END-- [ RunTime:0.001182s ]
[ 2017-04-11T17:56:44+08:00 ] /JSJD/index.php/News/index | INFO: Tag[ app_begin ] --START--
[ 2017-04-11T17:56:44+08:00 ] /JSJD/index.php/News/index | INFO: Run ReadHtmlCache Behavior [ RunTime:0.000657s ]
[ 2017-04-11T17:56:44+08:00 ] /JSJD/index.php/News/index | INFO: Tag[ app_begin ] --END-- [ RunTime:0.000717s ]
[ 2017-04-11T17:56:44+08:00 ] /JSJD/index.php/News/index | SQL: SHOW COLUMNS FROM `czxy_systemconfig` [ RunTime:0.013407s ]
[ 2017-04-11T17:56:44+08:00 ] /JSJD/index.php/News/index | SQL: SELECT * FROM `czxy_systemconfig` WHERE ( `ckey` = 'rotateimg' )  [ RunTime:0.000563s ]
[ 2017-04-11T17:56:44+08:00 ] /JSJD/index.php/News/index | INFO: Tag[ view_template ] --START--
[ 2017-04-11T17:56:44+08:00 ] /JSJD/index.php/News/index | INFO: Run LocationTemplate Behavior [ RunTime:0.001008s ]
[ 2017-04-11T17:56:44+08:00 ] /JSJD/index.php/News/index | INFO: Tag[ view_template ] --END-- [ RunTime:0.001093s ]
[ 2017-04-11T17:56:44+08:00 ] /JSJD/index.php/News/index | INFO: Tag[ view_parse ] --START--
[ 2017-04-11T17:56:44+08:00 ] /JSJD/index.php/News/index | NOTIC: [2] file_get_contents(./Index/Tpl/Public/top.html) [<a href='function.file-get-contents'>function.file-get-contents</a>]: failed to open stream: No such file or directory ThinkTemplate.class.php 第 702 行.
[ 2017-04-11T17:56:44+08:00 ] /JSJD/index.php/News/index | NOTIC: [2] file_get_contents(./Index/Tpl/Public/luenhuan.html) [<a href='function.file-get-contents'>function.file-get-contents</a>]: failed to open stream: No such file or directory ThinkTemplate.class.php 第 702 行.
[ 2017-04-11T17:56:44+08:00 ] /JSJD/index.php/News/index | NOTIC: [2] file_get_contents(./Index/Tpl/Public/footer.html) [<a href='function.file-get-contents'>function.file-get-contents</a>]: failed to open stream: No such file or directory ThinkTemplate.class.php 第 702 行.
[ 2017-04-11T17:56:44+08:00 ] /JSJD/index.php/News/index | INFO: Run ParseTemplate Behavior [ RunTime:0.032524s ]
[ 2017-04-11T17:56:44+08:00 ] /JSJD/index.php/News/index | INFO: Tag[ view_parse ] --END-- [ RunTime:0.032604s ]
[ 2017-04-11T17:56:44+08:00 ] /JSJD/index.php/News/index | INFO: Tag[ view_filter ] --START--
[ 2017-04-11T17:56:44+08:00 ] /JSJD/index.php/News/index | INFO: Run ContentReplace Behavior [ RunTime:0.000785s ]
[ 2017-04-11T17:56:44+08:00 ] /JSJD/index.php/News/index | INFO: Run TokenBuild Behavior [ RunTime:0.000782s ]
[ 2017-04-11T17:56:44+08:00 ] /JSJD/index.php/News/index | INFO: Run WriteHtmlCache Behavior [ RunTime:0.000452s ]
[ 2017-04-11T17:56:44+08:00 ] /JSJD/index.php/News/index | INFO: Run ShowRuntime Behavior [ RunTime:0.000550s ]
[ 2017-04-11T17:56:44+08:00 ] /JSJD/index.php/News/index | INFO: Tag[ view_filter ] --END-- [ RunTime:0.002725s ]
[ 2017-04-11T17:56:44+08:00 ] /JSJD/index.php/News/index | INFO: Tag[ view_end ] --START--
[ 2017-04-11T17:56:44+08:00 ] /JSJD/index.php/News/index | INFO: Run ShowPageTrace Behavior [ RunTime:0.000775s ]
[ 2017-04-11T17:56:44+08:00 ] /JSJD/index.php/News/index | INFO: Tag[ view_end ] --END-- [ RunTime:0.000848s ]
[ 2017-04-11T17:56:44+08:00 ] /JSJD/index.php/images/xinwen.png | ERR: (ThinkException) 无法加载模块images
[ 2017-04-11T17:56:44+08:00 ] /JSJD/index.php/images/22204.jpg | ERR: (ThinkException) 无法加载模块images
[ 2017-04-11T17:56:44+08:00 ] /JSJD/index.php/js/jquery.bxslider.min.js | ERR: (ThinkException) 无法加载模块js
[ 2017-04-11T17:56:46+08:00 ] /JSJD/index.php/News/index | INFO: Tag[ route_check ] --START--
[ 2017-04-11T17:56:46+08:00 ] /JSJD/index.php/News/index | INFO: Run CheckRoute Behavior [ RunTime:0.001007s ]
[ 2017-04-11T17:56:46+08:00 ] /JSJD/index.php/News/index | INFO: Tag[ route_check ] --END-- [ RunTime:0.001137s ]
[ 2017-04-11T17:56:46+08:00 ] /JSJD/index.php/News/index | INFO: Tag[ app_begin ] --START--
[ 2017-04-11T17:56:46+08:00 ] /JSJD/index.php/News/index | INFO: Run ReadHtmlCache Behavior [ RunTime:0.000850s ]
[ 2017-04-11T17:56:46+08:00 ] /JSJD/index.php/News/index | INFO: Tag[ app_begin ] --END-- [ RunTime:0.000933s ]
[ 2017-04-11T17:56:46+08:00 ] /JSJD/index.php/News/index | SQL: SHOW COLUMNS FROM `czxy_systemconfig` [ RunTime:0.014340s ]
[ 2017-04-11T17:56:46+08:00 ] /JSJD/index.php/News/index | SQL: SELECT * FROM `czxy_systemconfig` WHERE ( `ckey` = 'rotateimg' )  [ RunTime:0.000433s ]
[ 2017-04-11T17:56:46+08:00 ] /JSJD/index.php/News/index | INFO: Tag[ view_template ] --START--
[ 2017-04-11T17:56:46+08:00 ] /JSJD/index.php/News/index | INFO: Run LocationTemplate Behavior [ RunTime:0.000735s ]
[ 2017-04-11T17:56:46+08:00 ] /JSJD/index.php/News/index | INFO: Tag[ view_template ] --END-- [ RunTime:0.000801s ]
[ 2017-04-11T17:56:46+08:00 ] /JSJD/index.php/News/index | INFO: Tag[ view_parse ] --START--
[ 2017-04-11T17:56:46+08:00 ] /JSJD/index.php/News/index | NOTIC: [2] file_get_contents(./Index/Tpl/Public/top.html) [<a href='function.file-get-contents'>function.file-get-contents</a>]: failed to open stream: No such file or directory ThinkTemplate.class.php 第 702 行.
[ 2017-04-11T17:56:46+08:00 ] /JSJD/index.php/News/index | NOTIC: [2] file_get_contents(./Index/Tpl/Public/luenhuan.html) [<a href='function.file-get-contents'>function.file-get-contents</a>]: failed to open stream: No such file or directory ThinkTemplate.class.php 第 702 行.
[ 2017-04-11T17:56:46+08:00 ] /JSJD/index.php/News/index | NOTIC: [2] file_get_contents(./Index/Tpl/Public/footer.html) [<a href='function.file-get-contents'>function.file-get-contents</a>]: failed to open stream: No such file or directory ThinkTemplate.class.php 第 702 行.
[ 2017-04-11T17:56:46+08:00 ] /JSJD/index.php/News/index | INFO: Run ParseTemplate Behavior [ RunTime:0.027469s ]
[ 2017-04-11T17:56:46+08:00 ] /JSJD/index.php/News/index | INFO: Tag[ view_parse ] --END-- [ RunTime:0.027528s ]
[ 2017-04-11T17:56:46+08:00 ] /JSJD/index.php/News/index | INFO: Tag[ view_filter ] --START--
[ 2017-04-11T17:56:46+08:00 ] /JSJD/index.php/News/index | INFO: Run ContentReplace Behavior [ RunTime:0.001067s ]
[ 2017-04-11T17:56:46+08:00 ] /JSJD/index.php/News/index | INFO: Run TokenBuild Behavior [ RunTime:0.001326s ]
[ 2017-04-11T17:56:46+08:00 ] /JSJD/index.php/News/index | INFO: Run WriteHtmlCache Behavior [ RunTime:0.000522s ]
[ 2017-04-11T17:56:46+08:00 ] /JSJD/index.php/News/index | INFO: Run ShowRuntime Behavior [ RunTime:0.000635s ]
[ 2017-04-11T17:56:46+08:00 ] /JSJD/index.php/News/index | INFO: Tag[ view_filter ] --END-- [ RunTime:0.003771s ]
[ 2017-04-11T17:56:46+08:00 ] /JSJD/index.php/News/index | INFO: Tag[ view_end ] --START--
[ 2017-04-11T17:56:46+08:00 ] /JSJD/index.php/News/index | INFO: Run ShowPageTrace Behavior [ RunTime:0.000796s ]
[ 2017-04-11T17:56:46+08:00 ] /JSJD/index.php/News/index | INFO: Tag[ view_end ] --END-- [ RunTime:0.000874s ]
[ 2017-04-11T17:56:46+08:00 ] /JSJD/index.php/images/22204.jpg | ERR: (ThinkException) 无法加载模块images
[ 2017-04-11T17:56:46+08:00 ] /JSJD/index.php/js/jquery.bxslider.min.js | ERR: (ThinkException) 无法加载模块js
[ 2017-04-11T17:56:46+08:00 ] /JSJD/index.php/images/xinwen.png | ERR: (ThinkException) 无法加载模块images
[ 2017-04-11T17:56:48+08:00 ] /JSJD/index.php/News/news_info.html | ERR: (ThinkException) 非法操作news_info.html
[ 2017-04-11T17:56:49+08:00 ] /JSJD/index.php/images/xinwen.png | ERR: (ThinkException) 无法加载模块images
[ 2017-04-11T17:56:49+08:00 ] /JSJD/index.php/images/22204.jpg | ERR: (ThinkException) 无法加载模块images
[ 2017-04-11T17:56:51+08:00 ] /JSJD/index.php/News/index | INFO: Tag[ route_check ] --START--
[ 2017-04-11T17:56:51+08:00 ] /JSJD/index.php/News/index | INFO: Run CheckRoute Behavior [ RunTime:0.001204s ]
[ 2017-04-11T17:56:51+08:00 ] /JSJD/index.php/News/index | INFO: Tag[ route_check ] --END-- [ RunTime:0.001356s ]
[ 2017-04-11T17:56:51+08:00 ] /JSJD/index.php/News/index | INFO: Tag[ app_begin ] --START--
[ 2017-04-11T17:56:51+08:00 ] /JSJD/index.php/News/index | INFO: Run ReadHtmlCache Behavior [ RunTime:0.001066s ]
[ 2017-04-11T17:56:51+08:00 ] /JSJD/index.php/News/index | INFO: Tag[ app_begin ] --END-- [ RunTime:0.001160s ]
[ 2017-04-11T17:56:51+08:00 ] /JSJD/index.php/News/index | SQL: SHOW COLUMNS FROM `czxy_systemconfig` [ RunTime:0.012572s ]
[ 2017-04-11T17:56:51+08:00 ] /JSJD/index.php/News/index | SQL: SELECT * FROM `czxy_systemconfig` WHERE ( `ckey` = 'rotateimg' )  [ RunTime:0.000525s ]
[ 2017-04-11T17:56:51+08:00 ] /JSJD/index.php/News/index | INFO: Tag[ view_template ] --START--
[ 2017-04-11T17:56:51+08:00 ] /JSJD/index.php/News/index | INFO: Run LocationTemplate Behavior [ RunTime:0.000880s ]
[ 2017-04-11T17:56:51+08:00 ] /JSJD/index.php/News/index | INFO: Tag[ view_template ] --END-- [ RunTime:0.000934s ]
[ 2017-04-11T17:56:51+08:00 ] /JSJD/index.php/News/index | INFO: Tag[ view_parse ] --START--
[ 2017-04-11T17:56:51+08:00 ] /JSJD/index.php/News/index | NOTIC: [2] file_get_contents(./Index/Tpl/Public/top.html) [<a href='function.file-get-contents'>function.file-get-contents</a>]: failed to open stream: No such file or directory ThinkTemplate.class.php 第 702 行.
[ 2017-04-11T17:56:51+08:00 ] /JSJD/index.php/News/index | NOTIC: [2] file_get_contents(./Index/Tpl/Public/luenhuan.html) [<a href='function.file-get-contents'>function.file-get-contents</a>]: failed to open stream: No such file or directory ThinkTemplate.class.php 第 702 行.
[ 2017-04-11T17:56:51+08:00 ] /JSJD/index.php/News/index | NOTIC: [2] file_get_contents(./Index/Tpl/Public/footer.html) [<a href='function.file-get-contents'>function.file-get-contents</a>]: failed to open stream: No such file or directory ThinkTemplate.class.php 第 702 行.
[ 2017-04-11T17:56:51+08:00 ] /JSJD/index.php/News/index | INFO: Run ParseTemplate Behavior [ RunTime:0.014419s ]
[ 2017-04-11T17:56:51+08:00 ] /JSJD/index.php/News/index | INFO: Tag[ view_parse ] --END-- [ RunTime:0.014479s ]
[ 2017-04-11T17:56:51+08:00 ] /JSJD/index.php/News/index | INFO: Tag[ view_filter ] --START--
[ 2017-04-11T17:56:51+08:00 ] /JSJD/index.php/News/index | INFO: Run ContentReplace Behavior [ RunTime:0.000653s ]
[ 2017-04-11T17:56:51+08:00 ] /JSJD/index.php/News/index | INFO: Run TokenBuild Behavior [ RunTime:0.000607s ]
[ 2017-04-11T17:56:51+08:00 ] /JSJD/index.php/News/index | INFO: Run WriteHtmlCache Behavior [ RunTime:0.000515s ]
[ 2017-04-11T17:56:51+08:00 ] /JSJD/index.php/News/index | INFO: Run ShowRuntime Behavior [ RunTime:0.000698s ]
[ 2017-04-11T17:56:51+08:00 ] /JSJD/index.php/News/index | INFO: Tag[ view_filter ] --END-- [ RunTime:0.002662s ]
[ 2017-04-11T17:56:51+08:00 ] /JSJD/index.php/News/index | INFO: Tag[ view_end ] --START--
[ 2017-04-11T17:56:51+08:00 ] /JSJD/index.php/News/index | INFO: Run ShowPageTrace Behavior [ RunTime:0.000709s ]
[ 2017-04-11T17:56:51+08:00 ] /JSJD/index.php/News/index | INFO: Tag[ view_end ] --END-- [ RunTime:0.000785s ]
[ 2017-04-11T17:56:51+08:00 ] /JSJD/index.php/images/22204.jpg | ERR: (ThinkException) 无法加载模块images
[ 2017-04-11T17:56:51+08:00 ] /JSJD/index.php/images/xinwen.png | ERR: (ThinkException) 无法加载模块images
[ 2017-04-11T17:56:51+08:00 ] /JSJD/index.php/js/jquery.bxslider.min.js | ERR: (ThinkException) 无法加载模块js
[ 2017-04-11T17:56:53+08:00 ] /JSJD/index.php/About/index | INFO: Tag[ route_check ] --START--
[ 2017-04-11T17:56:53+08:00 ] /JSJD/index.php/About/index | INFO: Run CheckRoute Behavior [ RunTime:0.003026s ]
[ 2017-04-11T17:56:53+08:00 ] /JSJD/index.php/About/index | INFO: Tag[ route_check ] --END-- [ RunTime:0.003164s ]
[ 2017-04-11T17:56:53+08:00 ] /JSJD/index.php/About/index | INFO: Tag[ app_begin ] --START--
[ 2017-04-11T17:56:53+08:00 ] /JSJD/index.php/About/index | INFO: Run ReadHtmlCache Behavior [ RunTime:0.000861s ]
[ 2017-04-11T17:56:53+08:00 ] /JSJD/index.php/About/index | INFO: Tag[ app_begin ] --END-- [ RunTime:0.000949s ]
[ 2017-04-11T17:56:53+08:00 ] /JSJD/index.php/About/index | SQL: SHOW COLUMNS FROM `czxy_systemconfig` [ RunTime:0.010557s ]
[ 2017-04-11T17:56:53+08:00 ] /JSJD/index.php/About/index | SQL: SELECT * FROM `czxy_systemconfig` WHERE ( `ckey` = 'rotateimg' )  [ RunTime:0.000422s ]
[ 2017-04-11T17:56:53+08:00 ] /JSJD/index.php/About/index | INFO: Tag[ view_template ] --START--
[ 2017-04-11T17:56:53+08:00 ] /JSJD/index.php/About/index | INFO: Run LocationTemplate Behavior [ RunTime:0.000841s ]
[ 2017-04-11T17:56:53+08:00 ] /JSJD/index.php/About/index | INFO: Tag[ view_template ] --END-- [ RunTime:0.000922s ]
[ 2017-04-11T17:56:53+08:00 ] /JSJD/index.php/About/index | INFO: Tag[ view_parse ] --START--
[ 2017-04-11T17:56:53+08:00 ] /JSJD/index.php/About/index | NOTIC: [2] file_get_contents(./Index/Tpl/Public/top.html) [<a href='function.file-get-contents'>function.file-get-contents</a>]: failed to open stream: No such file or directory ThinkTemplate.class.php 第 702 行.
[ 2017-04-11T17:56:53+08:00 ] /JSJD/index.php/About/index | NOTIC: [2] file_get_contents(./Index/Tpl/Public/luenhuan.html) [<a href='function.file-get-contents'>function.file-get-contents</a>]: failed to open stream: No such file or directory ThinkTemplate.class.php 第 702 行.
[ 2017-04-11T17:56:53+08:00 ] /JSJD/index.php/About/index | NOTIC: [2] file_get_contents(./Index/Tpl/Public/footer.html) [<a href='function.file-get-contents'>function.file-get-contents</a>]: failed to open stream: No such file or directory ThinkTemplate.class.php 第 702 行.
[ 2017-04-11T17:56:53+08:00 ] /JSJD/index.php/About/index | INFO: Run ParseTemplate Behavior [ RunTime:0.013492s ]
[ 2017-04-11T17:56:53+08:00 ] /JSJD/index.php/About/index | INFO: Tag[ view_parse ] --END-- [ RunTime:0.013565s ]
[ 2017-04-11T17:56:53+08:00 ] /JSJD/index.php/About/index | INFO: Tag[ view_filter ] --START--
[ 2017-04-11T17:56:53+08:00 ] /JSJD/index.php/About/index | INFO: Run ContentReplace Behavior [ RunTime:0.000721s ]
[ 2017-04-11T17:56:53+08:00 ] /JSJD/index.php/About/index | INFO: Run TokenBuild Behavior [ RunTime:0.000649s ]
[ 2017-04-11T17:56:53+08:00 ] /JSJD/index.php/About/index | INFO: Run WriteHtmlCache Behavior [ RunTime:0.000538s ]
[ 2017-04-11T17:56:53+08:00 ] /JSJD/index.php/About/index | INFO: Run ShowRuntime Behavior [ RunTime:0.000634s ]
[ 2017-04-11T17:56:53+08:00 ] /JSJD/index.php/About/index | INFO: Tag[ view_filter ] --END-- [ RunTime:0.002721s ]
[ 2017-04-11T17:56:53+08:00 ] /JSJD/index.php/About/index | INFO: Tag[ view_end ] --START--
[ 2017-04-11T17:56:53+08:00 ] /JSJD/index.php/About/index | INFO: Run ShowPageTrace Behavior [ RunTime:0.000683s ]
[ 2017-04-11T17:56:53+08:00 ] /JSJD/index.php/About/index | INFO: Tag[ view_end ] --END-- [ RunTime:0.000748s ]
[ 2017-04-11T17:56:57+08:00 ] /JSJD/index.php/About/About/rlzy.html | ERR: (ThinkException) 非法操作About
[ 2017-04-11T17:58:30+08:00 ] /JSJD/index.php/About/index | INFO: Tag[ route_check ] --START--
[ 2017-04-11T17:58:30+08:00 ] /JSJD/index.php/About/index | INFO: Run CheckRoute Behavior [ RunTime:0.001003s ]
[ 2017-04-11T17:58:30+08:00 ] /JSJD/index.php/About/index | INFO: Tag[ route_check ] --END-- [ RunTime:0.001147s ]
[ 2017-04-11T17:58:30+08:00 ] /JSJD/index.php/About/index | INFO: Tag[ app_begin ] --START--
[ 2017-04-11T17:58:30+08:00 ] /JSJD/index.php/About/index | INFO: Run ReadHtmlCache Behavior [ RunTime:0.000796s ]
[ 2017-04-11T17:58:30+08:00 ] /JSJD/index.php/About/index | INFO: Tag[ app_begin ] --END-- [ RunTime:0.000879s ]
[ 2017-04-11T17:58:30+08:00 ] /JSJD/index.php/About/index | SQL: SHOW COLUMNS FROM `czxy_systemconfig` [ RunTime:0.016008s ]
[ 2017-04-11T17:58:30+08:00 ] /JSJD/index.php/About/index | SQL: SELECT * FROM `czxy_systemconfig` WHERE ( `ckey` = 'rotateimg' )  [ RunTime:0.000665s ]
[ 2017-04-11T17:58:30+08:00 ] /JSJD/index.php/About/index | INFO: Tag[ view_template ] --START--
[ 2017-04-11T17:58:30+08:00 ] /JSJD/index.php/About/index | INFO: Run LocationTemplate Behavior [ RunTime:0.001004s ]
[ 2017-04-11T17:58:30+08:00 ] /JSJD/index.php/About/index | INFO: Tag[ view_template ] --END-- [ RunTime:0.001093s ]
[ 2017-04-11T17:58:30+08:00 ] /JSJD/index.php/About/index | INFO: Tag[ view_parse ] --START--
[ 2017-04-11T17:58:30+08:00 ] /JSJD/index.php/About/index | NOTIC: [2] file_get_contents(./Index/Tpl/Public/top.html) [<a href='function.file-get-contents'>function.file-get-contents</a>]: failed to open stream: No such file or directory ThinkTemplate.class.php 第 702 行.
[ 2017-04-11T17:58:30+08:00 ] /JSJD/index.php/About/index | NOTIC: [2] file_get_contents(./Index/Tpl/Public/luenhuan.html) [<a href='function.file-get-contents'>function.file-get-contents</a>]: failed to open stream: No such file or directory ThinkTemplate.class.php 第 702 行.
[ 2017-04-11T17:58:30+08:00 ] /JSJD/index.php/About/index | NOTIC: [2] file_get_contents(./Index/Tpl/Public/footer.html) [<a href='function.file-get-contents'>function.file-get-contents</a>]: failed to open stream: No such file or directory ThinkTemplate.class.php 第 702 行.
[ 2017-04-11T17:58:30+08:00 ] /JSJD/index.php/About/index | INFO: Run ParseTemplate Behavior [ RunTime:0.018575s ]
[ 2017-04-11T17:58:30+08:00 ] /JSJD/index.php/About/index | INFO: Tag[ view_parse ] --END-- [ RunTime:0.018646s ]
[ 2017-04-11T17:58:30+08:00 ] /JSJD/index.php/About/index | INFO: Tag[ view_filter ] --START--
[ 2017-04-11T17:58:30+08:00 ] /JSJD/index.php/About/index | INFO: Run ContentReplace Behavior [ RunTime:0.000678s ]
[ 2017-04-11T17:58:30+08:00 ] /JSJD/index.php/About/index | INFO: Run TokenBuild Behavior [ RunTime:0.000699s ]
[ 2017-04-11T17:58:30+08:00 ] /JSJD/index.php/About/index | INFO: Run WriteHtmlCache Behavior [ RunTime:0.000451s ]
[ 2017-04-11T17:58:30+08:00 ] /JSJD/index.php/About/index | INFO: Run ShowRuntime Behavior [ RunTime:0.000562s ]
[ 2017-04-11T17:58:30+08:00 ] /JSJD/index.php/About/index | INFO: Tag[ view_filter ] --END-- [ RunTime:0.002582s ]
[ 2017-04-11T17:58:30+08:00 ] /JSJD/index.php/About/index | INFO: Tag[ view_end ] --START--
[ 2017-04-11T17:58:30+08:00 ] /JSJD/index.php/About/index | INFO: Run ShowPageTrace Behavior [ RunTime:0.000646s ]
[ 2017-04-11T17:58:30+08:00 ] /JSJD/index.php/About/index | INFO: Tag[ view_end ] --END-- [ RunTime:0.000725s ]
[ 2017-04-11T17:58:33+08:00 ] /JSJD/index.php/About/index | INFO: Tag[ route_check ] --START--
[ 2017-04-11T17:58:33+08:00 ] /JSJD/index.php/About/index | INFO: Run CheckRoute Behavior [ RunTime:0.001150s ]
[ 2017-04-11T17:58:33+08:00 ] /JSJD/index.php/About/index | INFO: Tag[ route_check ] --END-- [ RunTime:0.001301s ]
[ 2017-04-11T17:58:33+08:00 ] /JSJD/index.php/About/index | INFO: Tag[ app_begin ] --START--
[ 2017-04-11T17:58:33+08:00 ] /JSJD/index.php/About/index | INFO: Run ReadHtmlCache Behavior [ RunTime:0.000858s ]
[ 2017-04-11T17:58:33+08:00 ] /JSJD/index.php/About/index | INFO: Tag[ app_begin ] --END-- [ RunTime:0.000934s ]
[ 2017-04-11T17:58:33+08:00 ] /JSJD/index.php/About/index | SQL: SHOW COLUMNS FROM `czxy_systemconfig` [ RunTime:0.014697s ]
[ 2017-04-11T17:58:33+08:00 ] /JSJD/index.php/About/index | SQL: SELECT * FROM `czxy_systemconfig` WHERE ( `ckey` = 'rotateimg' )  [ RunTime:0.000689s ]
[ 2017-04-11T17:58:33+08:00 ] /JSJD/index.php/About/index | INFO: Tag[ view_template ] --START--
[ 2017-04-11T17:58:33+08:00 ] /JSJD/index.php/About/index | INFO: Run LocationTemplate Behavior [ RunTime:0.000765s ]
[ 2017-04-11T17:58:33+08:00 ] /JSJD/index.php/About/index | INFO: Tag[ view_template ] --END-- [ RunTime:0.000850s ]
[ 2017-04-11T17:58:33+08:00 ] /JSJD/index.php/About/index | INFO: Tag[ view_parse ] --START--
[ 2017-04-11T17:58:33+08:00 ] /JSJD/index.php/About/index | NOTIC: [2] file_get_contents(./Index/Tpl/Public/top.html) [<a href='function.file-get-contents'>function.file-get-contents</a>]: failed to open stream: No such file or directory ThinkTemplate.class.php 第 702 行.
[ 2017-04-11T17:58:33+08:00 ] /JSJD/index.php/About/index | NOTIC: [2] file_get_contents(./Index/Tpl/Public/luenhuan.html) [<a href='function.file-get-contents'>function.file-get-contents</a>]: failed to open stream: No such file or directory ThinkTemplate.class.php 第 702 行.
[ 2017-04-11T17:58:33+08:00 ] /JSJD/index.php/About/index | NOTIC: [2] file_get_contents(./Index/Tpl/Public/footer.html) [<a href='function.file-get-contents'>function.file-get-contents</a>]: failed to open stream: No such file or directory ThinkTemplate.class.php 第 702 行.
[ 2017-04-11T17:58:33+08:00 ] /JSJD/index.php/About/index | INFO: Run ParseTemplate Behavior [ RunTime:0.016408s ]
[ 2017-04-11T17:58:33+08:00 ] /JSJD/index.php/About/index | INFO: Tag[ view_parse ] --END-- [ RunTime:0.016492s ]
[ 2017-04-11T17:58:33+08:00 ] /JSJD/index.php/About/index | INFO: Tag[ view_filter ] --START--
[ 2017-04-11T17:58:33+08:00 ] /JSJD/index.php/About/index | INFO: Run ContentReplace Behavior [ RunTime:0.001435s ]
[ 2017-04-11T17:58:33+08:00 ] /JSJD/index.php/About/index | INFO: Run TokenBuild Behavior [ RunTime:0.000815s ]
[ 2017-04-11T17:58:33+08:00 ] /JSJD/index.php/About/index | INFO: Run WriteHtmlCache Behavior [ RunTime:0.000573s ]
[ 2017-04-11T17:58:33+08:00 ] /JSJD/index.php/About/index | INFO: Run ShowRuntime Behavior [ RunTime:0.000697s ]
[ 2017-04-11T17:58:33+08:00 ] /JSJD/index.php/About/index | INFO: Tag[ view_filter ] --END-- [ RunTime:0.003763s ]
[ 2017-04-11T17:58:33+08:00 ] /JSJD/index.php/About/index | INFO: Tag[ view_end ] --START--
[ 2017-04-11T17:58:33+08:00 ] /JSJD/index.php/About/index | INFO: Run ShowPageTrace Behavior [ RunTime:0.001188s ]
[ 2017-04-11T17:58:33+08:00 ] /JSJD/index.php/About/index | INFO: Tag[ view_end ] --END-- [ RunTime:0.001318s ]
[ 2017-04-11T17:58:34+08:00 ] /JSJD/index.php/About/contactus | INFO: Tag[ route_check ] --START--
[ 2017-04-11T17:58:34+08:00 ] /JSJD/index.php/About/contactus | INFO: Run CheckRoute Behavior [ RunTime:0.001076s ]
[ 2017-04-11T17:58:34+08:00 ] /JSJD/index.php/About/contactus | INFO: Tag[ route_check ] --END-- [ RunTime:0.001219s ]
[ 2017-04-11T17:58:34+08:00 ] /JSJD/index.php/About/contactus | INFO: Tag[ app_begin ] --START--
[ 2017-04-11T17:58:34+08:00 ] /JSJD/index.php/About/contactus | INFO: Run ReadHtmlCache Behavior [ RunTime:0.000953s ]
[ 2017-04-11T17:58:34+08:00 ] /JSJD/index.php/About/contactus | INFO: Tag[ app_begin ] --END-- [ RunTime:0.001070s ]
[ 2017-04-11T17:58:34+08:00 ] /JSJD/index.php/About/contactus | SQL: SHOW COLUMNS FROM `czxy_systemconfig` [ RunTime:0.018235s ]
[ 2017-04-11T17:58:34+08:00 ] /JSJD/index.php/About/contactus | SQL: SELECT * FROM `czxy_systemconfig` WHERE ( `ckey` = 'rotateimg' )  [ RunTime:0.000670s ]
[ 2017-04-11T17:58:34+08:00 ] /JSJD/index.php/About/contactus | INFO: Tag[ view_template ] --START--
[ 2017-04-11T17:58:34+08:00 ] /JSJD/index.php/About/contactus | INFO: Run LocationTemplate Behavior [ RunTime:0.001282s ]
[ 2017-04-11T17:58:34+08:00 ] /JSJD/index.php/About/contactus | INFO: Tag[ view_template ] --END-- [ RunTime:0.001371s ]
[ 2017-04-11T17:58:34+08:00 ] /JSJD/index.php/About/contactus | INFO: Tag[ view_parse ] --START--
[ 2017-04-11T17:58:34+08:00 ] /JSJD/index.php/About/contactus | NOTIC: [2] file_get_contents(./Index/Tpl/Public/top.html) [<a href='function.file-get-contents'>function.file-get-contents</a>]: failed to open stream: No such file or directory ThinkTemplate.class.php 第 702 行.
[ 2017-04-11T17:58:34+08:00 ] /JSJD/index.php/About/contactus | NOTIC: [2] file_get_contents(./Index/Tpl/Public/luenhuan.html) [<a href='function.file-get-contents'>function.file-get-contents</a>]: failed to open stream: No such file or directory ThinkTemplate.class.php 第 702 行.
[ 2017-04-11T17:58:34+08:00 ] /JSJD/index.php/About/contactus | NOTIC: [2] file_get_contents(./Index/Tpl/Public/footer.html) [<a href='function.file-get-contents'>function.file-get-contents</a>]: failed to open stream: No such file or directory ThinkTemplate.class.php 第 702 行.
[ 2017-04-11T17:58:34+08:00 ] /JSJD/index.php/About/contactus | INFO: Run ParseTemplate Behavior [ RunTime:0.018521s ]
[ 2017-04-11T17:58:34+08:00 ] /JSJD/index.php/About/contactus | INFO: Tag[ view_parse ] --END-- [ RunTime:0.018600s ]
[ 2017-04-11T17:58:34+08:00 ] /JSJD/index.php/About/contactus | INFO: Tag[ view_filter ] --START--
[ 2017-04-11T17:58:34+08:00 ] /JSJD/index.php/About/contactus | INFO: Run ContentReplace Behavior [ RunTime:0.000821s ]
[ 2017-04-11T17:58:34+08:00 ] /JSJD/index.php/About/contactus | INFO: Run TokenBuild Behavior [ RunTime:0.000906s ]
[ 2017-04-11T17:58:34+08:00 ] /JSJD/index.php/About/contactus | INFO: Run WriteHtmlCache Behavior [ RunTime:0.000572s ]
[ 2017-04-11T17:58:34+08:00 ] /JSJD/index.php/About/contactus | INFO: Run ShowRuntime Behavior [ RunTime:0.000688s ]
[ 2017-04-11T17:58:34+08:00 ] /JSJD/index.php/About/contactus | INFO: Tag[ view_filter ] --END-- [ RunTime:0.003214s ]
[ 2017-04-11T17:58:34+08:00 ] /JSJD/index.php/About/contactus | INFO: Tag[ view_end ] --START--
[ 2017-04-11T17:58:34+08:00 ] /JSJD/index.php/About/contactus | INFO: Run ShowPageTrace Behavior [ RunTime:0.000754s ]
[ 2017-04-11T17:58:34+08:00 ] /JSJD/index.php/About/contactus | INFO: Tag[ view_end ] --END-- [ RunTime:0.000828s ]
[ 2017-04-11T17:58:34+08:00 ] /JSJD/index.php/js/jquery.bxslider.min.js | ERR: (ThinkException) 无法加载模块js
[ 2017-04-11T17:58:38+08:00 ] /JSJD/index.php/About/index | INFO: Tag[ route_check ] --START--
[ 2017-04-11T17:58:38+08:00 ] /JSJD/index.php/About/index | INFO: Run CheckRoute Behavior [ RunTime:0.000786s ]
[ 2017-04-11T17:58:38+08:00 ] /JSJD/index.php/About/index | INFO: Tag[ route_check ] --END-- [ RunTime:0.000880s ]
[ 2017-04-11T17:58:38+08:00 ] /JSJD/index.php/About/index | INFO: Tag[ app_begin ] --START--
[ 2017-04-11T17:58:38+08:00 ] /JSJD/index.php/About/index | INFO: Run ReadHtmlCache Behavior [ RunTime:0.000599s ]
[ 2017-04-11T17:58:38+08:00 ] /JSJD/index.php/About/index | INFO: Tag[ app_begin ] --END-- [ RunTime:0.000650s ]
[ 2017-04-11T17:58:38+08:00 ] /JSJD/index.php/About/index | SQL: SHOW COLUMNS FROM `czxy_systemconfig` [ RunTime:0.034105s ]
[ 2017-04-11T17:58:38+08:00 ] /JSJD/index.php/About/index | SQL: SELECT * FROM `czxy_systemconfig` WHERE ( `ckey` = 'rotateimg' )  [ RunTime:0.001398s ]
[ 2017-04-11T17:58:38+08:00 ] /JSJD/index.php/About/index | INFO: Tag[ view_template ] --START--
[ 2017-04-11T17:58:38+08:00 ] /JSJD/index.php/About/index | INFO: Run LocationTemplate Behavior [ RunTime:0.000698s ]
[ 2017-04-11T17:58:38+08:00 ] /JSJD/index.php/About/index | INFO: Tag[ view_template ] --END-- [ RunTime:0.000766s ]
[ 2017-04-11T17:58:38+08:00 ] /JSJD/index.php/About/index | INFO: Tag[ view_parse ] --START--
[ 2017-04-11T17:58:38+08:00 ] /JSJD/index.php/About/index | NOTIC: [2] file_get_contents(./Index/Tpl/Public/top.html) [<a href='function.file-get-contents'>function.file-get-contents</a>]: failed to open stream: No such file or directory ThinkTemplate.class.php 第 702 行.
[ 2017-04-11T17:58:38+08:00 ] /JSJD/index.php/About/index | NOTIC: [2] file_get_contents(./Index/Tpl/Public/luenhuan.html) [<a href='function.file-get-contents'>function.file-get-contents</a>]: failed to open stream: No such file or directory ThinkTemplate.class.php 第 702 行.
[ 2017-04-11T17:58:38+08:00 ] /JSJD/index.php/About/index | NOTIC: [2] file_get_contents(./Index/Tpl/Public/footer.html) [<a href='function.file-get-contents'>function.file-get-contents</a>]: failed to open stream: No such file or directory ThinkTemplate.class.php 第 702 行.
[ 2017-04-11T17:58:38+08:00 ] /JSJD/index.php/About/index | INFO: Run ParseTemplate Behavior [ RunTime:0.011487s ]
[ 2017-04-11T17:58:38+08:00 ] /JSJD/index.php/About/index | INFO: Tag[ view_parse ] --END-- [ RunTime:0.011548s ]
[ 2017-04-11T17:58:38+08:00 ] /JSJD/index.php/About/index | INFO: Tag[ view_filter ] --START--
[ 2017-04-11T17:58:38+08:00 ] /JSJD/index.php/About/index | INFO: Run ContentReplace Behavior [ RunTime:0.000835s ]
[ 2017-04-11T17:58:38+08:00 ] /JSJD/index.php/About/index | INFO: Run TokenBuild Behavior [ RunTime:0.000847s ]
[ 2017-04-11T17:58:38+08:00 ] /JSJD/index.php/About/index | INFO: Run WriteHtmlCache Behavior [ RunTime:0.001708s ]
[ 2017-04-11T17:58:38+08:00 ] /JSJD/index.php/About/index | INFO: Run ShowRuntime Behavior [ RunTime:0.000860s ]
[ 2017-04-11T17:58:38+08:00 ] /JSJD/index.php/About/index | INFO: Tag[ view_filter ] --END-- [ RunTime:0.004532s ]
[ 2017-04-11T17:58:38+08:00 ] /JSJD/index.php/About/index | INFO: Tag[ view_end ] --START--
[ 2017-04-11T17:58:38+08:00 ] /JSJD/index.php/About/index | INFO: Run ShowPageTrace Behavior [ RunTime:0.000823s ]
[ 2017-04-11T17:58:38+08:00 ] /JSJD/index.php/About/index | INFO: Tag[ view_end ] --END-- [ RunTime:0.000889s ]
[ 2017-04-11T17:58:40+08:00 ] /JSJD/index.php/About/About/rlzy.html | ERR: (ThinkException) 非法操作About
