[ 2017-05-10T15:11:07+08:00 ] /JSJD/index.php/News/index | INFO: Tag[ route_check ] --START--
[ 2017-05-10T15:11:07+08:00 ] /JSJD/index.php/News/index | INFO: Run CheckRoute Behavior [ RunTime:0.000874s ]
[ 2017-05-10T15:11:07+08:00 ] /JSJD/index.php/News/index | INFO: Tag[ route_check ] --END-- [ RunTime:0.000981s ]
[ 2017-05-10T15:11:07+08:00 ] /JSJD/index.php/News/index | NOTIC: [8192] preg_replace(): The /e modifier is deprecated, use preg_replace_callback instead Dispatcher.class.php 第 125 行.
[ 2017-05-10T15:11:07+08:00 ] /JSJD/index.php/News/index | INFO: Tag[ app_begin ] --START--
[ 2017-05-10T15:11:07+08:00 ] /JSJD/index.php/News/index | INFO: Run ReadHtmlCache Behavior [ RunTime:0.000322s ]
[ 2017-05-10T15:11:07+08:00 ] /JSJD/index.php/News/index | INFO: Tag[ app_begin ] --END-- [ RunTime:0.000360s ]
[ 2017-05-10T15:11:08+08:00 ] /JSJD/index.php/News/index | NOTIC: [8192] mysql_connect(): The mysql extension is deprecated and will be removed in the future: use mysqli or PDO instead DbMysql.class.php 第 67 行.
[ 2017-05-10T15:11:08+08:00 ] /JSJD/index.php/News/index | SQL: SHOW COLUMNS FROM `czxy_systemconfig` [ RunTime:0.003507s ]
[ 2017-05-10T15:11:08+08:00 ] /JSJD/index.php/News/index | NOTIC: [8192] preg_replace(): The /e modifier is deprecated, use preg_replace_callback instead Db.class.php 第 660 行.
[ 2017-05-10T15:11:08+08:00 ] /JSJD/index.php/News/index | SQL: SELECT * FROM `czxy_systemconfig` WHERE ( `ckey` = 'rotateimg' )  [ RunTime:0.000274s ]
[ 2017-05-10T15:11:08+08:00 ] /JSJD/index.php/News/index | INFO: Tag[ view_template ] --START--
[ 2017-05-10T15:11:08+08:00 ] /JSJD/index.php/News/index | INFO: Run LocationTemplate Behavior [ RunTime:0.000234s ]
[ 2017-05-10T15:11:08+08:00 ] /JSJD/index.php/News/index | INFO: Tag[ view_template ] --END-- [ RunTime:0.000275s ]
[ 2017-05-10T15:11:08+08:00 ] /JSJD/index.php/News/index | INFO: Tag[ view_parse ] --START--
[ 2017-05-10T15:11:08+08:00 ] /JSJD/index.php/News/index | NOTIC: [8192] preg_replace(): The /e modifier is deprecated, use preg_replace_callback instead ThinkTemplate.class.php 第 186 行.
[ 2017-05-10T15:11:08+08:00 ] /JSJD/index.php/News/index | NOTIC: [2] file_get_contents(./Index/Tpl/Public/top.html): failed to open stream: No such file or directory ThinkTemplate.class.php 第 702 行.
[ 2017-05-10T15:11:08+08:00 ] /JSJD/index.php/News/index | NOTIC: [2] file_get_contents(./Index/Tpl/Public/luenhuan.html): failed to open stream: No such file or directory ThinkTemplate.class.php 第 702 行.
[ 2017-05-10T15:11:08+08:00 ] /JSJD/index.php/News/index | NOTIC: [2] file_get_contents(./Index/Tpl/Public/footer.html): failed to open stream: No such file or directory ThinkTemplate.class.php 第 702 行.
[ 2017-05-10T15:11:08+08:00 ] /JSJD/index.php/News/index | NOTIC: [8192] preg_replace(): The /e modifier is deprecated, use preg_replace_callback instead ThinkTemplate.class.php 第 406 行.
[ 2017-05-10T15:11:08+08:00 ] /JSJD/index.php/News/index | NOTIC: [8192] preg_replace(): The /e modifier is deprecated, use preg_replace_callback instead ThinkTemplate.class.php 第 406 行.
[ 2017-05-10T15:11:08+08:00 ] /JSJD/index.php/News/index | NOTIC: [8192] preg_replace(): The /e modifier is deprecated, use preg_replace_callback instead ThinkTemplate.class.php 第 406 行.
[ 2017-05-10T15:11:08+08:00 ] /JSJD/index.php/News/index | NOTIC: [8192] preg_replace(): The /e modifier is deprecated, use preg_replace_callback instead ThinkTemplate.class.php 第 406 行.
[ 2017-05-10T15:11:08+08:00 ] /JSJD/index.php/News/index | NOTIC: [8192] preg_replace(): The /e modifier is deprecated, use preg_replace_callback instead ThinkTemplate.class.php 第 406 行.
[ 2017-05-10T15:11:08+08:00 ] /JSJD/index.php/News/index | NOTIC: [8192] preg_replace(): The /e modifier is deprecated, use preg_replace_callback instead ThinkTemplate.class.php 第 406 行.
[ 2017-05-10T15:11:08+08:00 ] /JSJD/index.php/News/index | NOTIC: [8192] preg_replace(): The /e modifier is deprecated, use preg_replace_callback instead ThinkTemplate.class.php 第 406 行.
[ 2017-05-10T15:11:08+08:00 ] /JSJD/index.php/News/index | NOTIC: [8192] preg_replace(): The /e modifier is deprecated, use preg_replace_callback instead ThinkTemplate.class.php 第 406 行.
[ 2017-05-10T15:11:08+08:00 ] /JSJD/index.php/News/index | NOTIC: [8192] preg_replace(): The /e modifier is deprecated, use preg_replace_callback instead ThinkTemplate.class.php 第 406 行.
[ 2017-05-10T15:11:08+08:00 ] /JSJD/index.php/News/index | NOTIC: [8192] preg_replace(): The /e modifier is deprecated, use preg_replace_callback instead ThinkTemplate.class.php 第 402 行.
[ 2017-05-10T15:11:08+08:00 ] /JSJD/index.php/News/index | NOTIC: [8192] preg_replace(): The /e modifier is deprecated, use preg_replace_callback instead ThinkTemplate.class.php 第 402 行.
[ 2017-05-10T15:11:08+08:00 ] /JSJD/index.php/News/index | NOTIC: [8192] preg_replace(): The /e modifier is deprecated, use preg_replace_callback instead ThinkTemplate.class.php 第 406 行.
[ 2017-05-10T15:11:08+08:00 ] /JSJD/index.php/News/index | NOTIC: [8192] preg_replace(): The /e modifier is deprecated, use preg_replace_callback instead ThinkTemplate.class.php 第 406 行.
[ 2017-05-10T15:11:08+08:00 ] /JSJD/index.php/News/index | NOTIC: [8192] preg_replace(): The /e modifier is deprecated, use preg_replace_callback instead ThinkTemplate.class.php 第 406 行.
[ 2017-05-10T15:11:08+08:00 ] /JSJD/index.php/News/index | NOTIC: [8192] preg_replace(): The /e modifier is deprecated, use preg_replace_callback instead ThinkTemplate.class.php 第 402 行.
[ 2017-05-10T15:11:08+08:00 ] /JSJD/index.php/News/index | NOTIC: [8192] preg_replace(): The /e modifier is deprecated, use preg_replace_callback instead ThinkTemplate.class.php 第 406 行.
[ 2017-05-10T15:11:08+08:00 ] /JSJD/index.php/News/index | NOTIC: [8192] preg_replace(): The /e modifier is deprecated, use preg_replace_callback instead ThinkTemplate.class.php 第 406 行.
[ 2017-05-10T15:11:08+08:00 ] /JSJD/index.php/News/index | NOTIC: [8192] preg_replace(): The /e modifier is deprecated, use preg_replace_callback instead ThinkTemplate.class.php 第 406 行.
[ 2017-05-10T15:11:08+08:00 ] /JSJD/index.php/News/index | NOTIC: [8192] preg_replace(): The /e modifier is deprecated, use preg_replace_callback instead ThinkTemplate.class.php 第 406 行.
[ 2017-05-10T15:11:08+08:00 ] /JSJD/index.php/News/index | NOTIC: [8192] preg_replace(): The /e modifier is deprecated, use preg_replace_callback instead ThinkTemplate.class.php 第 406 行.
[ 2017-05-10T15:11:08+08:00 ] /JSJD/index.php/News/index | NOTIC: [8192] preg_replace(): The /e modifier is deprecated, use preg_replace_callback instead ThinkTemplate.class.php 第 406 行.
[ 2017-05-10T15:11:08+08:00 ] /JSJD/index.php/News/index | NOTIC: [8192] preg_replace(): The /e modifier is deprecated, use preg_replace_callback instead ThinkTemplate.class.php 第 406 行.
[ 2017-05-10T15:11:08+08:00 ] /JSJD/index.php/News/index | NOTIC: [8192] preg_replace(): The /e modifier is deprecated, use preg_replace_callback instead ThinkTemplate.class.php 第 406 行.
[ 2017-05-10T15:11:08+08:00 ] /JSJD/index.php/News/index | NOTIC: [8192] preg_replace(): The /e modifier is deprecated, use preg_replace_callback instead ThinkTemplate.class.php 第 406 行.
[ 2017-05-10T15:11:08+08:00 ] /JSJD/index.php/News/index | NOTIC: [8192] preg_replace(): The /e modifier is deprecated, use preg_replace_callback instead ThinkTemplate.class.php 第 406 行.
[ 2017-05-10T15:11:08+08:00 ] /JSJD/index.php/News/index | NOTIC: [8192] preg_replace(): The /e modifier is deprecated, use preg_replace_callback instead ThinkTemplate.class.php 第 406 行.
[ 2017-05-10T15:11:08+08:00 ] /JSJD/index.php/News/index | NOTIC: [8192] preg_replace(): The /e modifier is deprecated, use preg_replace_callback instead ThinkTemplate.class.php 第 406 行.
[ 2017-05-10T15:11:08+08:00 ] /JSJD/index.php/News/index | NOTIC: [8192] preg_replace(): The /e modifier is deprecated, use preg_replace_callback instead ThinkTemplate.class.php 第 406 行.
[ 2017-05-10T15:11:08+08:00 ] /JSJD/index.php/News/index | NOTIC: [8192] preg_replace(): The /e modifier is deprecated, use preg_replace_callback instead ThinkTemplate.class.php 第 406 行.
[ 2017-05-10T15:11:08+08:00 ] /JSJD/index.php/News/index | NOTIC: [8192] preg_replace(): The /e modifier is deprecated, use preg_replace_callback instead ThinkTemplate.class.php 第 406 行.
[ 2017-05-10T15:11:08+08:00 ] /JSJD/index.php/News/index | NOTIC: [8192] preg_replace(): The /e modifier is deprecated, use preg_replace_callback instead ThinkTemplate.class.php 第 406 行.
[ 2017-05-10T15:11:08+08:00 ] /JSJD/index.php/News/index | NOTIC: [8192] preg_replace(): The /e modifier is deprecated, use preg_replace_callback instead ThinkTemplate.class.php 第 406 行.
[ 2017-05-10T15:11:08+08:00 ] /JSJD/index.php/News/index | NOTIC: [8192] preg_replace(): The /e modifier is deprecated, use preg_replace_callback instead ThinkTemplate.class.php 第 406 行.
[ 2017-05-10T15:11:08+08:00 ] /JSJD/index.php/News/index | NOTIC: [8192] preg_replace(): The /e modifier is deprecated, use preg_replace_callback instead ThinkTemplate.class.php 第 406 行.
[ 2017-05-10T15:11:08+08:00 ] /JSJD/index.php/News/index | NOTIC: [8192] preg_replace(): The /e modifier is deprecated, use preg_replace_callback instead ThinkTemplate.class.php 第 406 行.
[ 2017-05-10T15:11:08+08:00 ] /JSJD/index.php/News/index | NOTIC: [8192] preg_replace(): The /e modifier is deprecated, use preg_replace_callback instead ThinkTemplate.class.php 第 406 行.
[ 2017-05-10T15:11:08+08:00 ] /JSJD/index.php/News/index | NOTIC: [8192] preg_replace(): The /e modifier is deprecated, use preg_replace_callback instead ThinkTemplate.class.php 第 406 行.
[ 2017-05-10T15:11:08+08:00 ] /JSJD/index.php/News/index | NOTIC: [8192] preg_replace(): The /e modifier is deprecated, use preg_replace_callback instead ThinkTemplate.class.php 第 406 行.
[ 2017-05-10T15:11:08+08:00 ] /JSJD/index.php/News/index | NOTIC: [8192] preg_replace(): The /e modifier is deprecated, use preg_replace_callback instead ThinkTemplate.class.php 第 406 行.
[ 2017-05-10T15:11:08+08:00 ] /JSJD/index.php/News/index | NOTIC: [8192] preg_replace(): The /e modifier is deprecated, use preg_replace_callback instead ThinkTemplate.class.php 第 406 行.
[ 2017-05-10T15:11:08+08:00 ] /JSJD/index.php/News/index | NOTIC: [8192] preg_replace(): The /e modifier is deprecated, use preg_replace_callback instead ThinkTemplate.class.php 第 406 行.
[ 2017-05-10T15:11:08+08:00 ] /JSJD/index.php/News/index | NOTIC: [8192] preg_replace(): The /e modifier is deprecated, use preg_replace_callback instead ThinkTemplate.class.php 第 406 行.
[ 2017-05-10T15:11:08+08:00 ] /JSJD/index.php/News/index | NOTIC: [8192] preg_replace(): The /e modifier is deprecated, use preg_replace_callback instead ThinkTemplate.class.php 第 406 行.
[ 2017-05-10T15:11:08+08:00 ] /JSJD/index.php/News/index | NOTIC: [8192] preg_replace(): The /e modifier is deprecated, use preg_replace_callback instead ThinkTemplate.class.php 第 406 行.
[ 2017-05-10T15:11:08+08:00 ] /JSJD/index.php/News/index | NOTIC: [8192] preg_replace(): The /e modifier is deprecated, use preg_replace_callback instead ThinkTemplate.class.php 第 406 行.
[ 2017-05-10T15:11:08+08:00 ] /JSJD/index.php/News/index | NOTIC: [8192] preg_replace(): The /e modifier is deprecated, use preg_replace_callback instead ThinkTemplate.class.php 第 406 行.
[ 2017-05-10T15:11:08+08:00 ] /JSJD/index.php/News/index | NOTIC: [8192] preg_replace(): The /e modifier is deprecated, use preg_replace_callback instead ThinkTemplate.class.php 第 406 行.
[ 2017-05-10T15:11:08+08:00 ] /JSJD/index.php/News/index | NOTIC: [8192] preg_replace(): The /e modifier is deprecated, use preg_replace_callback instead ThinkTemplate.class.php 第 406 行.
[ 2017-05-10T15:11:08+08:00 ] /JSJD/index.php/News/index | NOTIC: [8192] preg_replace(): The /e modifier is deprecated, use preg_replace_callback instead ThinkTemplate.class.php 第 406 行.
[ 2017-05-10T15:11:08+08:00 ] /JSJD/index.php/News/index | NOTIC: [8192] preg_replace(): The /e modifier is deprecated, use preg_replace_callback instead ThinkTemplate.class.php 第 406 行.
[ 2017-05-10T15:11:08+08:00 ] /JSJD/index.php/News/index | NOTIC: [8192] preg_replace(): The /e modifier is deprecated, use preg_replace_callback instead ThinkTemplate.class.php 第 406 行.
[ 2017-05-10T15:11:08+08:00 ] /JSJD/index.php/News/index | NOTIC: [8192] preg_replace(): The /e modifier is deprecated, use preg_replace_callback instead ThinkTemplate.class.php 第 406 行.
[ 2017-05-10T15:11:08+08:00 ] /JSJD/index.php/News/index | NOTIC: [8192] preg_replace(): The /e modifier is deprecated, use preg_replace_callback instead ThinkTemplate.class.php 第 406 行.
[ 2017-05-10T15:11:08+08:00 ] /JSJD/index.php/News/index | NOTIC: [8192] preg_replace(): The /e modifier is deprecated, use preg_replace_callback instead ThinkTemplate.class.php 第 406 行.
[ 2017-05-10T15:11:08+08:00 ] /JSJD/index.php/News/index | NOTIC: [8192] preg_replace(): The /e modifier is deprecated, use preg_replace_callback instead ThinkTemplate.class.php 第 406 行.
[ 2017-05-10T15:11:08+08:00 ] /JSJD/index.php/News/index | NOTIC: [8192] preg_replace(): The /e modifier is deprecated, use preg_replace_callback instead ThinkTemplate.class.php 第 406 行.
[ 2017-05-10T15:11:08+08:00 ] /JSJD/index.php/News/index | NOTIC: [8192] preg_replace(): The /e modifier is deprecated, use preg_replace_callback instead ThinkTemplate.class.php 第 406 行.
[ 2017-05-10T15:11:08+08:00 ] /JSJD/index.php/News/index | NOTIC: [8192] preg_replace(): The /e modifier is deprecated, use preg_replace_callback instead ThinkTemplate.class.php 第 406 行.
[ 2017-05-10T15:11:08+08:00 ] /JSJD/index.php/News/index | NOTIC: [8192] preg_replace(): The /e modifier is deprecated, use preg_replace_callback instead ThinkTemplate.class.php 第 406 行.
[ 2017-05-10T15:11:08+08:00 ] /JSJD/index.php/News/index | NOTIC: [8192] preg_replace(): The /e modifier is deprecated, use preg_replace_callback instead ThinkTemplate.class.php 第 406 行.
[ 2017-05-10T15:11:08+08:00 ] /JSJD/index.php/News/index | NOTIC: [8192] preg_replace(): The /e modifier is deprecated, use preg_replace_callback instead ThinkTemplate.class.php 第 406 行.
[ 2017-05-10T15:11:08+08:00 ] /JSJD/index.php/News/index | NOTIC: [8192] preg_replace(): The /e modifier is deprecated, use preg_replace_callback instead ThinkTemplate.class.php 第 406 行.
[ 2017-05-10T15:11:08+08:00 ] /JSJD/index.php/News/index | NOTIC: [8192] preg_replace(): The /e modifier is deprecated, use preg_replace_callback instead ThinkTemplate.class.php 第 406 行.
[ 2017-05-10T15:11:08+08:00 ] /JSJD/index.php/News/index | NOTIC: [8192] preg_replace(): The /e modifier is deprecated, use preg_replace_callback instead ThinkTemplate.class.php 第 406 行.
[ 2017-05-10T15:11:08+08:00 ] /JSJD/index.php/News/index | NOTIC: [8192] preg_replace(): The /e modifier is deprecated, use preg_replace_callback instead ThinkTemplate.class.php 第 406 行.
[ 2017-05-10T15:11:08+08:00 ] /JSJD/index.php/News/index | NOTIC: [8192] preg_replace(): The /e modifier is deprecated, use preg_replace_callback instead ThinkTemplate.class.php 第 406 行.
[ 2017-05-10T15:11:08+08:00 ] /JSJD/index.php/News/index | NOTIC: [8192] preg_replace(): The /e modifier is deprecated, use preg_replace_callback instead ThinkTemplate.class.php 第 406 行.
[ 2017-05-10T15:11:08+08:00 ] /JSJD/index.php/News/index | NOTIC: [8192] preg_replace(): The /e modifier is deprecated, use preg_replace_callback instead ThinkTemplate.class.php 第 406 行.
[ 2017-05-10T15:11:08+08:00 ] /JSJD/index.php/News/index | NOTIC: [8192] preg_replace(): The /e modifier is deprecated, use preg_replace_callback instead ThinkTemplate.class.php 第 406 行.
[ 2017-05-10T15:11:08+08:00 ] /JSJD/index.php/News/index | NOTIC: [8192] preg_replace(): The /e modifier is deprecated, use preg_replace_callback instead ThinkTemplate.class.php 第 406 行.
[ 2017-05-10T15:11:08+08:00 ] /JSJD/index.php/News/index | NOTIC: [8192] preg_replace(): The /e modifier is deprecated, use preg_replace_callback instead ThinkTemplate.class.php 第 406 行.
[ 2017-05-10T15:11:08+08:00 ] /JSJD/index.php/News/index | NOTIC: [8192] preg_replace(): The /e modifier is deprecated, use preg_replace_callback instead ThinkTemplate.class.php 第 406 行.
[ 2017-05-10T15:11:08+08:00 ] /JSJD/index.php/News/index | NOTIC: [8192] preg_replace(): The /e modifier is deprecated, use preg_replace_callback instead ThinkTemplate.class.php 第 406 行.
[ 2017-05-10T15:11:08+08:00 ] /JSJD/index.php/News/index | NOTIC: [8192] preg_replace(): The /e modifier is deprecated, use preg_replace_callback instead ThinkTemplate.class.php 第 406 行.
[ 2017-05-10T15:11:08+08:00 ] /JSJD/index.php/News/index | NOTIC: [8192] preg_replace(): The /e modifier is deprecated, use preg_replace_callback instead ThinkTemplate.class.php 第 406 行.
[ 2017-05-10T15:11:08+08:00 ] /JSJD/index.php/News/index | NOTIC: [8192] preg_replace(): The /e modifier is deprecated, use preg_replace_callback instead ThinkTemplate.class.php 第 406 行.
[ 2017-05-10T15:11:08+08:00 ] /JSJD/index.php/News/index | NOTIC: [8192] preg_replace(): The /e modifier is deprecated, use preg_replace_callback instead ThinkTemplate.class.php 第 406 行.
[ 2017-05-10T15:11:08+08:00 ] /JSJD/index.php/News/index | NOTIC: [8192] preg_replace(): The /e modifier is deprecated, use preg_replace_callback instead ThinkTemplate.class.php 第 406 行.
[ 2017-05-10T15:11:08+08:00 ] /JSJD/index.php/News/index | NOTIC: [8192] preg_replace(): The /e modifier is deprecated, use preg_replace_callback instead ThinkTemplate.class.php 第 406 行.
[ 2017-05-10T15:11:08+08:00 ] /JSJD/index.php/News/index | NOTIC: [8192] preg_replace(): The /e modifier is deprecated, use preg_replace_callback instead ThinkTemplate.class.php 第 406 行.
[ 2017-05-10T15:11:08+08:00 ] /JSJD/index.php/News/index | NOTIC: [8192] preg_replace(): The /e modifier is deprecated, use preg_replace_callback instead ThinkTemplate.class.php 第 406 行.
[ 2017-05-10T15:11:08+08:00 ] /JSJD/index.php/News/index | NOTIC: [8192] preg_replace(): The /e modifier is deprecated, use preg_replace_callback instead ThinkTemplate.class.php 第 402 行.
[ 2017-05-10T15:11:08+08:00 ] /JSJD/index.php/News/index | NOTIC: [8192] preg_replace(): The /e modifier is deprecated, use preg_replace_callback instead ThinkTemplate.class.php 第 402 行.
[ 2017-05-10T15:11:08+08:00 ] /JSJD/index.php/News/index | NOTIC: [8192] preg_replace(): The /e modifier is deprecated, use preg_replace_callback instead ThinkTemplate.class.php 第 402 行.
[ 2017-05-10T15:11:08+08:00 ] /JSJD/index.php/News/index | NOTIC: [8192] preg_replace(): The /e modifier is deprecated, use preg_replace_callback instead ThinkTemplate.class.php 第 402 行.
[ 2017-05-10T15:11:08+08:00 ] /JSJD/index.php/News/index | NOTIC: [8192] preg_replace(): The /e modifier is deprecated, use preg_replace_callback instead ThinkTemplate.class.php 第 402 行.
[ 2017-05-10T15:11:08+08:00 ] /JSJD/index.php/News/index | NOTIC: [8192] preg_replace(): The /e modifier is deprecated, use preg_replace_callback instead ThinkTemplate.class.php 第 402 行.
[ 2017-05-10T15:11:08+08:00 ] /JSJD/index.php/News/index | NOTIC: [8192] preg_replace(): The /e modifier is deprecated, use preg_replace_callback instead ThinkTemplate.class.php 第 406 行.
[ 2017-05-10T15:11:08+08:00 ] /JSJD/index.php/News/index | NOTIC: [8192] preg_replace(): The /e modifier is deprecated, use preg_replace_callback instead ThinkTemplate.class.php 第 406 行.
[ 2017-05-10T15:11:08+08:00 ] /JSJD/index.php/News/index | NOTIC: [8192] preg_replace(): The /e modifier is deprecated, use preg_replace_callback instead ThinkTemplate.class.php 第 406 行.
[ 2017-05-10T15:11:08+08:00 ] /JSJD/index.php/News/index | NOTIC: [8192] preg_replace(): The /e modifier is deprecated, use preg_replace_callback instead ThinkTemplate.class.php 第 220 行.
[ 2017-05-10T15:11:08+08:00 ] /JSJD/index.php/News/index | NOTIC: [8192] preg_replace(): The /e modifier is deprecated, use preg_replace_callback instead ThinkTemplate.class.php 第 154 行.
[ 2017-05-10T15:11:08+08:00 ] /JSJD/index.php/News/index | INFO: Run ParseTemplate Behavior [ RunTime:0.020126s ]
[ 2017-05-10T15:11:08+08:00 ] /JSJD/index.php/News/index | INFO: Tag[ view_parse ] --END-- [ RunTime:0.020202s ]
[ 2017-05-10T15:11:08+08:00 ] /JSJD/index.php/News/index | INFO: Tag[ view_filter ] --START--
[ 2017-05-10T15:11:08+08:00 ] /JSJD/index.php/News/index | INFO: Run ContentReplace Behavior [ RunTime:0.000432s ]
[ 2017-05-10T15:11:08+08:00 ] /JSJD/index.php/News/index | INFO: Run TokenBuild Behavior [ RunTime:0.000290s ]
[ 2017-05-10T15:11:08+08:00 ] /JSJD/index.php/News/index | INFO: Run WriteHtmlCache Behavior [ RunTime:0.000108s ]
[ 2017-05-10T15:11:08+08:00 ] /JSJD/index.php/News/index | INFO: Run ShowRuntime Behavior [ RunTime:0.000263s ]
[ 2017-05-10T15:11:08+08:00 ] /JSJD/index.php/News/index | INFO: Tag[ view_filter ] --END-- [ RunTime:0.001215s ]
[ 2017-05-10T15:11:08+08:00 ] /JSJD/index.php/News/index | INFO: Tag[ view_end ] --START--
[ 2017-05-10T15:11:08+08:00 ] /JSJD/index.php/News/index | INFO: Run ShowPageTrace Behavior [ RunTime:0.000384s ]
[ 2017-05-10T15:11:08+08:00 ] /JSJD/index.php/News/index | INFO: Tag[ view_end ] --END-- [ RunTime:0.000433s ]
[ 2017-05-10T15:11:08+08:00 ] /JSJD/index.php/js/jquery.bxslider.min.js | ERR: (ThinkException) 无法加载模块js
[ 2017-05-10T15:11:08+08:00 ] /JSJD/index.php/images/xinwen.png | ERR: (ThinkException) 无法加载模块images
[ 2017-05-10T15:11:08+08:00 ] /JSJD/index.php/images/22204.jpg | ERR: (ThinkException) 无法加载模块images
[ 2017-05-10T15:11:52+08:00 ] /JSJD/index.php/Index/index | INFO: Tag[ route_check ] --START--
[ 2017-05-10T15:11:52+08:00 ] /JSJD/index.php/Index/index | INFO: Run CheckRoute Behavior [ RunTime:0.000580s ]
[ 2017-05-10T15:11:52+08:00 ] /JSJD/index.php/Index/index | INFO: Tag[ route_check ] --END-- [ RunTime:0.000709s ]
[ 2017-05-10T15:11:52+08:00 ] /JSJD/index.php/Index/index | NOTIC: [8192] preg_replace(): The /e modifier is deprecated, use preg_replace_callback instead Dispatcher.class.php 第 125 行.
[ 2017-05-10T15:11:52+08:00 ] /JSJD/index.php/Index/index | INFO: Tag[ app_begin ] --START--
[ 2017-05-10T15:11:52+08:00 ] /JSJD/index.php/Index/index | INFO: Run ReadHtmlCache Behavior [ RunTime:0.000755s ]
[ 2017-05-10T15:11:52+08:00 ] /JSJD/index.php/Index/index | INFO: Tag[ app_begin ] --END-- [ RunTime:0.000822s ]
[ 2017-05-10T15:11:52+08:00 ] /JSJD/index.php/Index/index | NOTIC: [8192] mysql_connect(): The mysql extension is deprecated and will be removed in the future: use mysqli or PDO instead DbMysql.class.php 第 67 行.
[ 2017-05-10T15:11:52+08:00 ] /JSJD/index.php/Index/index | SQL: SHOW COLUMNS FROM `czxy_systemconfig` [ RunTime:0.001964s ]
[ 2017-05-10T15:11:52+08:00 ] /JSJD/index.php/Index/index | NOTIC: [8192] preg_replace(): The /e modifier is deprecated, use preg_replace_callback instead Db.class.php 第 660 行.
[ 2017-05-10T15:11:52+08:00 ] /JSJD/index.php/Index/index | SQL: SELECT * FROM `czxy_systemconfig` WHERE ( `ckey` = 'rotateimg' )  [ RunTime:0.000353s ]
[ 2017-05-10T15:11:52+08:00 ] /JSJD/index.php/Index/index | SQL: SHOW COLUMNS FROM `czxy_news` [ RunTime:0.003395s ]
[ 2017-05-10T15:11:52+08:00 ] /JSJD/index.php/Index/index | NOTIC: [8192] preg_replace(): The /e modifier is deprecated, use preg_replace_callback instead Db.class.php 第 660 行.
[ 2017-05-10T15:11:52+08:00 ] /JSJD/index.php/Index/index | SQL: SELECT * FROM `czxy_news` LIMIT 5   [ RunTime:0.000465s ]
[ 2017-05-10T15:11:52+08:00 ] /JSJD/index.php/Index/index | SQL: SHOW COLUMNS FROM `czxy_subjectrace` [ RunTime:0.003382s ]
[ 2017-05-10T15:11:52+08:00 ] /JSJD/index.php/Index/index | NOTIC: [8192] preg_replace(): The /e modifier is deprecated, use preg_replace_callback instead Db.class.php 第 660 行.
[ 2017-05-10T15:11:52+08:00 ] /JSJD/index.php/Index/index | SQL: SELECT * FROM `czxy_subjectrace` ORDER BY id DESC LIMIT 3   [ RunTime:0.000328s ]
[ 2017-05-10T15:11:52+08:00 ] /JSJD/index.php/Index/index | INFO: Tag[ view_template ] --START--
[ 2017-05-10T15:11:52+08:00 ] /JSJD/index.php/Index/index | INFO: Run LocationTemplate Behavior [ RunTime:0.000380s ]
[ 2017-05-10T15:11:52+08:00 ] /JSJD/index.php/Index/index | INFO: Tag[ view_template ] --END-- [ RunTime:0.000455s ]
[ 2017-05-10T15:11:52+08:00 ] /JSJD/index.php/Index/index | INFO: Tag[ view_parse ] --START--
[ 2017-05-10T15:11:52+08:00 ] /JSJD/index.php/Index/index | NOTIC: [8192] preg_replace(): The /e modifier is deprecated, use preg_replace_callback instead ThinkTemplate.class.php 第 186 行.
[ 2017-05-10T15:11:52+08:00 ] /JSJD/index.php/Index/index | NOTIC: [2] file_get_contents(./Index/Tpl/Public/top.html): failed to open stream: No such file or directory ThinkTemplate.class.php 第 702 行.
[ 2017-05-10T15:11:52+08:00 ] /JSJD/index.php/Index/index | NOTIC: [2] file_get_contents(./Index/Tpl/Public/luenhuan.html): failed to open stream: No such file or directory ThinkTemplate.class.php 第 702 行.
[ 2017-05-10T15:11:52+08:00 ] /JSJD/index.php/Index/index | NOTIC: [2] file_get_contents(./Index/Tpl/Public/footer.html): failed to open stream: No such file or directory ThinkTemplate.class.php 第 702 行.
[ 2017-05-10T15:11:52+08:00 ] /JSJD/index.php/Index/index | NOTIC: [8192] preg_replace(): The /e modifier is deprecated, use preg_replace_callback instead ThinkTemplate.class.php 第 406 行.
[ 2017-05-10T15:11:52+08:00 ] /JSJD/index.php/Index/index | NOTIC: [8192] preg_replace(): The /e modifier is deprecated, use preg_replace_callback instead ThinkTemplate.class.php 第 406 行.
[ 2017-05-10T15:11:52+08:00 ] /JSJD/index.php/Index/index | NOTIC: [8192] preg_replace(): The /e modifier is deprecated, use preg_replace_callback instead ThinkTemplate.class.php 第 406 行.
[ 2017-05-10T15:11:52+08:00 ] /JSJD/index.php/Index/index | NOTIC: [8192] preg_replace(): The /e modifier is deprecated, use preg_replace_callback instead ThinkTemplate.class.php 第 406 行.
[ 2017-05-10T15:11:52+08:00 ] /JSJD/index.php/Index/index | NOTIC: [8192] preg_replace(): The /e modifier is deprecated, use preg_replace_callback instead ThinkTemplate.class.php 第 406 行.
[ 2017-05-10T15:11:52+08:00 ] /JSJD/index.php/Index/index | NOTIC: [8192] preg_replace(): The /e modifier is deprecated, use preg_replace_callback instead ThinkTemplate.class.php 第 406 行.
[ 2017-05-10T15:11:52+08:00 ] /JSJD/index.php/Index/index | NOTIC: [8192] preg_replace(): The /e modifier is deprecated, use preg_replace_callback instead ThinkTemplate.class.php 第 406 行.
[ 2017-05-10T15:11:52+08:00 ] /JSJD/index.php/Index/index | NOTIC: [8192] preg_replace(): The /e modifier is deprecated, use preg_replace_callback instead ThinkTemplate.class.php 第 406 行.
[ 2017-05-10T15:11:52+08:00 ] /JSJD/index.php/Index/index | NOTIC: [8192] preg_replace(): The /e modifier is deprecated, use preg_replace_callback instead ThinkTemplate.class.php 第 406 行.
[ 2017-05-10T15:11:52+08:00 ] /JSJD/index.php/Index/index | NOTIC: [8192] preg_replace(): The /e modifier is deprecated, use preg_replace_callback instead ThinkTemplate.class.php 第 402 行.
[ 2017-05-10T15:11:52+08:00 ] /JSJD/index.php/Index/index | NOTIC: [8192] preg_replace(): The /e modifier is deprecated, use preg_replace_callback instead ThinkTemplate.class.php 第 402 行.
[ 2017-05-10T15:11:52+08:00 ] /JSJD/index.php/Index/index | NOTIC: [8192] preg_replace(): The /e modifier is deprecated, use preg_replace_callback instead ThinkTemplate.class.php 第 406 行.
[ 2017-05-10T15:11:52+08:00 ] /JSJD/index.php/Index/index | NOTIC: [8192] preg_replace(): The /e modifier is deprecated, use preg_replace_callback instead ThinkTemplate.class.php 第 406 行.
[ 2017-05-10T15:11:52+08:00 ] /JSJD/index.php/Index/index | NOTIC: [8192] preg_replace(): The /e modifier is deprecated, use preg_replace_callback instead ThinkTemplate.class.php 第 406 行.
[ 2017-05-10T15:11:52+08:00 ] /JSJD/index.php/Index/index | NOTIC: [8192] preg_replace(): The /e modifier is deprecated, use preg_replace_callback instead ThinkTemplate.class.php 第 402 行.
[ 2017-05-10T15:11:52+08:00 ] /JSJD/index.php/Index/index | NOTIC: [8192] preg_replace(): The /e modifier is deprecated, use preg_replace_callback instead ThinkTemplate.class.php 第 406 行.
[ 2017-05-10T15:11:52+08:00 ] /JSJD/index.php/Index/index | NOTIC: [8192] preg_replace(): The /e modifier is deprecated, use preg_replace_callback instead ThinkTemplate.class.php 第 406 行.
[ 2017-05-10T15:11:52+08:00 ] /JSJD/index.php/Index/index | NOTIC: [8192] preg_replace(): The /e modifier is deprecated, use preg_replace_callback instead ThinkTemplate.class.php 第 406 行.
[ 2017-05-10T15:11:52+08:00 ] /JSJD/index.php/Index/index | NOTIC: [8192] preg_replace(): The /e modifier is deprecated, use preg_replace_callback instead ThinkTemplate.class.php 第 406 行.
[ 2017-05-10T15:11:52+08:00 ] /JSJD/index.php/Index/index | NOTIC: [8192] preg_replace(): The /e modifier is deprecated, use preg_replace_callback instead ThinkTemplate.class.php 第 406 行.
[ 2017-05-10T15:11:52+08:00 ] /JSJD/index.php/Index/index | NOTIC: [8192] preg_replace(): The /e modifier is deprecated, use preg_replace_callback instead ThinkTemplate.class.php 第 406 行.
[ 2017-05-10T15:11:52+08:00 ] /JSJD/index.php/Index/index | NOTIC: [8192] preg_replace(): The /e modifier is deprecated, use preg_replace_callback instead ThinkTemplate.class.php 第 406 行.
[ 2017-05-10T15:11:52+08:00 ] /JSJD/index.php/Index/index | NOTIC: [8192] preg_replace(): The /e modifier is deprecated, use preg_replace_callback instead ThinkTemplate.class.php 第 406 行.
[ 2017-05-10T15:11:52+08:00 ] /JSJD/index.php/Index/index | NOTIC: [8192] preg_replace(): The /e modifier is deprecated, use preg_replace_callback instead ThinkTemplate.class.php 第 406 行.
[ 2017-05-10T15:11:52+08:00 ] /JSJD/index.php/Index/index | NOTIC: [8192] preg_replace(): The /e modifier is deprecated, use preg_replace_callback instead ThinkTemplate.class.php 第 406 行.
[ 2017-05-10T15:11:52+08:00 ] /JSJD/index.php/Index/index | NOTIC: [8192] preg_replace(): The /e modifier is deprecated, use preg_replace_callback instead ThinkTemplate.class.php 第 406 行.
[ 2017-05-10T15:11:52+08:00 ] /JSJD/index.php/Index/index | NOTIC: [8192] preg_replace(): The /e modifier is deprecated, use preg_replace_callback instead ThinkTemplate.class.php 第 406 行.
[ 2017-05-10T15:11:52+08:00 ] /JSJD/index.php/Index/index | NOTIC: [8192] preg_replace(): The /e modifier is deprecated, use preg_replace_callback instead ThinkTemplate.class.php 第 406 行.
[ 2017-05-10T15:11:52+08:00 ] /JSJD/index.php/Index/index | NOTIC: [8192] preg_replace(): The /e modifier is deprecated, use preg_replace_callback instead ThinkTemplate.class.php 第 406 行.
[ 2017-05-10T15:11:52+08:00 ] /JSJD/index.php/Index/index | NOTIC: [8192] preg_replace(): The /e modifier is deprecated, use preg_replace_callback instead ThinkTemplate.class.php 第 406 行.
[ 2017-05-10T15:11:52+08:00 ] /JSJD/index.php/Index/index | NOTIC: [8192] preg_replace(): The /e modifier is deprecated, use preg_replace_callback instead ThinkTemplate.class.php 第 406 行.
[ 2017-05-10T15:11:52+08:00 ] /JSJD/index.php/Index/index | NOTIC: [8192] preg_replace(): The /e modifier is deprecated, use preg_replace_callback instead ThinkTemplate.class.php 第 406 行.
[ 2017-05-10T15:11:52+08:00 ] /JSJD/index.php/Index/index | NOTIC: [8192] preg_replace(): The /e modifier is deprecated, use preg_replace_callback instead ThinkTemplate.class.php 第 406 行.
[ 2017-05-10T15:11:52+08:00 ] /JSJD/index.php/Index/index | NOTIC: [8192] preg_replace(): The /e modifier is deprecated, use preg_replace_callback instead ThinkTemplate.class.php 第 406 行.
[ 2017-05-10T15:11:52+08:00 ] /JSJD/index.php/Index/index | NOTIC: [8192] preg_replace(): The /e modifier is deprecated, use preg_replace_callback instead ThinkTemplate.class.php 第 406 行.
[ 2017-05-10T15:11:52+08:00 ] /JSJD/index.php/Index/index | NOTIC: [8192] preg_replace(): The /e modifier is deprecated, use preg_replace_callback instead ThinkTemplate.class.php 第 406 行.
[ 2017-05-10T15:11:52+08:00 ] /JSJD/index.php/Index/index | NOTIC: [8192] preg_replace(): The /e modifier is deprecated, use preg_replace_callback instead ThinkTemplate.class.php 第 406 行.
[ 2017-05-10T15:11:52+08:00 ] /JSJD/index.php/Index/index | NOTIC: [8192] preg_replace(): The /e modifier is deprecated, use preg_replace_callback instead ThinkTemplate.class.php 第 406 行.
[ 2017-05-10T15:11:52+08:00 ] /JSJD/index.php/Index/index | NOTIC: [8192] preg_replace(): The /e modifier is deprecated, use preg_replace_callback instead ThinkTemplate.class.php 第 406 行.
[ 2017-05-10T15:11:52+08:00 ] /JSJD/index.php/Index/index | NOTIC: [8192] preg_replace(): The /e modifier is deprecated, use preg_replace_callback instead ThinkTemplate.class.php 第 406 行.
[ 2017-05-10T15:11:52+08:00 ] /JSJD/index.php/Index/index | NOTIC: [8192] preg_replace(): The /e modifier is deprecated, use preg_replace_callback instead ThinkTemplate.class.php 第 406 行.
[ 2017-05-10T15:11:52+08:00 ] /JSJD/index.php/Index/index | NOTIC: [8192] preg_replace(): The /e modifier is deprecated, use preg_replace_callback instead ThinkTemplate.class.php 第 406 行.
[ 2017-05-10T15:11:52+08:00 ] /JSJD/index.php/Index/index | NOTIC: [8192] preg_replace(): The /e modifier is deprecated, use preg_replace_callback instead ThinkTemplate.class.php 第 406 行.
[ 2017-05-10T15:11:52+08:00 ] /JSJD/index.php/Index/index | NOTIC: [8192] preg_replace(): The /e modifier is deprecated, use preg_replace_callback instead ThinkTemplate.class.php 第 406 行.
[ 2017-05-10T15:11:52+08:00 ] /JSJD/index.php/Index/index | NOTIC: [8192] preg_replace(): The /e modifier is deprecated, use preg_replace_callback instead ThinkTemplate.class.php 第 406 行.
[ 2017-05-10T15:11:52+08:00 ] /JSJD/index.php/Index/index | NOTIC: [8192] preg_replace(): The /e modifier is deprecated, use preg_replace_callback instead ThinkTemplate.class.php 第 406 行.
[ 2017-05-10T15:11:52+08:00 ] /JSJD/index.php/Index/index | NOTIC: [8192] preg_replace(): The /e modifier is deprecated, use preg_replace_callback instead ThinkTemplate.class.php 第 406 行.
[ 2017-05-10T15:11:52+08:00 ] /JSJD/index.php/Index/index | NOTIC: [8192] preg_replace(): The /e modifier is deprecated, use preg_replace_callback instead ThinkTemplate.class.php 第 406 行.
[ 2017-05-10T15:11:52+08:00 ] /JSJD/index.php/Index/index | NOTIC: [8192] preg_replace(): The /e modifier is deprecated, use preg_replace_callback instead ThinkTemplate.class.php 第 406 行.
[ 2017-05-10T15:11:52+08:00 ] /JSJD/index.php/Index/index | NOTIC: [8192] preg_replace(): The /e modifier is deprecated, use preg_replace_callback instead ThinkTemplate.class.php 第 406 行.
[ 2017-05-10T15:11:52+08:00 ] /JSJD/index.php/Index/index | NOTIC: [8192] preg_replace(): The /e modifier is deprecated, use preg_replace_callback instead ThinkTemplate.class.php 第 406 行.
[ 2017-05-10T15:11:52+08:00 ] /JSJD/index.php/Index/index | NOTIC: [8192] preg_replace(): The /e modifier is deprecated, use preg_replace_callback instead ThinkTemplate.class.php 第 406 行.
[ 2017-05-10T15:11:52+08:00 ] /JSJD/index.php/Index/index | NOTIC: [8192] preg_replace(): The /e modifier is deprecated, use preg_replace_callback instead ThinkTemplate.class.php 第 406 行.
[ 2017-05-10T15:11:52+08:00 ] /JSJD/index.php/Index/index | NOTIC: [8192] preg_replace(): The /e modifier is deprecated, use preg_replace_callback instead ThinkTemplate.class.php 第 406 行.
[ 2017-05-10T15:11:52+08:00 ] /JSJD/index.php/Index/index | NOTIC: [8192] preg_replace(): The /e modifier is deprecated, use preg_replace_callback instead ThinkTemplate.class.php 第 406 行.
[ 2017-05-10T15:11:52+08:00 ] /JSJD/index.php/Index/index | NOTIC: [8192] preg_replace(): The /e modifier is deprecated, use preg_replace_callback instead ThinkTemplate.class.php 第 406 行.
[ 2017-05-10T15:11:52+08:00 ] /JSJD/index.php/Index/index | NOTIC: [8192] preg_replace(): The /e modifier is deprecated, use preg_replace_callback instead ThinkTemplate.class.php 第 406 行.
[ 2017-05-10T15:11:52+08:00 ] /JSJD/index.php/Index/index | NOTIC: [8192] preg_replace(): The /e modifier is deprecated, use preg_replace_callback instead ThinkTemplate.class.php 第 406 行.
[ 2017-05-10T15:11:52+08:00 ] /JSJD/index.php/Index/index | NOTIC: [8192] preg_replace(): The /e modifier is deprecated, use preg_replace_callback instead ThinkTemplate.class.php 第 406 行.
[ 2017-05-10T15:11:52+08:00 ] /JSJD/index.php/Index/index | NOTIC: [8192] preg_replace(): The /e modifier is deprecated, use preg_replace_callback instead ThinkTemplate.class.php 第 406 行.
[ 2017-05-10T15:11:52+08:00 ] /JSJD/index.php/Index/index | NOTIC: [8192] preg_replace(): The /e modifier is deprecated, use preg_replace_callback instead ThinkTemplate.class.php 第 406 行.
[ 2017-05-10T15:11:52+08:00 ] /JSJD/index.php/Index/index | NOTIC: [8192] preg_replace(): The /e modifier is deprecated, use preg_replace_callback instead ThinkTemplate.class.php 第 406 行.
[ 2017-05-10T15:11:52+08:00 ] /JSJD/index.php/Index/index | NOTIC: [8192] preg_replace(): The /e modifier is deprecated, use preg_replace_callback instead ThinkTemplate.class.php 第 406 行.
[ 2017-05-10T15:11:52+08:00 ] /JSJD/index.php/Index/index | NOTIC: [8192] preg_replace(): The /e modifier is deprecated, use preg_replace_callback instead ThinkTemplate.class.php 第 406 行.
[ 2017-05-10T15:11:52+08:00 ] /JSJD/index.php/Index/index | NOTIC: [8192] preg_replace(): The /e modifier is deprecated, use preg_replace_callback instead ThinkTemplate.class.php 第 406 行.
[ 2017-05-10T15:11:52+08:00 ] /JSJD/index.php/Index/index | NOTIC: [8192] preg_replace(): The /e modifier is deprecated, use preg_replace_callback instead ThinkTemplate.class.php 第 406 行.
[ 2017-05-10T15:11:52+08:00 ] /JSJD/index.php/Index/index | NOTIC: [8192] preg_replace(): The /e modifier is deprecated, use preg_replace_callback instead ThinkTemplate.class.php 第 406 行.
[ 2017-05-10T15:11:52+08:00 ] /JSJD/index.php/Index/index | NOTIC: [8192] preg_replace(): The /e modifier is deprecated, use preg_replace_callback instead ThinkTemplate.class.php 第 406 行.
[ 2017-05-10T15:11:52+08:00 ] /JSJD/index.php/Index/index | NOTIC: [8192] preg_replace(): The /e modifier is deprecated, use preg_replace_callback instead ThinkTemplate.class.php 第 406 行.
[ 2017-05-10T15:11:52+08:00 ] /JSJD/index.php/Index/index | NOTIC: [8192] preg_replace(): The /e modifier is deprecated, use preg_replace_callback instead ThinkTemplate.class.php 第 406 行.
[ 2017-05-10T15:11:52+08:00 ] /JSJD/index.php/Index/index | NOTIC: [8192] preg_replace(): The /e modifier is deprecated, use preg_replace_callback instead ThinkTemplate.class.php 第 406 行.
[ 2017-05-10T15:11:52+08:00 ] /JSJD/index.php/Index/index | NOTIC: [8192] preg_replace(): The /e modifier is deprecated, use preg_replace_callback instead ThinkTemplate.class.php 第 406 行.
[ 2017-05-10T15:11:52+08:00 ] /JSJD/index.php/Index/index | NOTIC: [8192] preg_replace(): The /e modifier is deprecated, use preg_replace_callback instead ThinkTemplate.class.php 第 406 行.
[ 2017-05-10T15:11:52+08:00 ] /JSJD/index.php/Index/index | NOTIC: [8192] preg_replace(): The /e modifier is deprecated, use preg_replace_callback instead ThinkTemplate.class.php 第 406 行.
[ 2017-05-10T15:11:52+08:00 ] /JSJD/index.php/Index/index | NOTIC: [8192] preg_replace(): The /e modifier is deprecated, use preg_replace_callback instead ThinkTemplate.class.php 第 406 行.
[ 2017-05-10T15:11:52+08:00 ] /JSJD/index.php/Index/index | NOTIC: [8192] preg_replace(): The /e modifier is deprecated, use preg_replace_callback instead ThinkTemplate.class.php 第 406 行.
[ 2017-05-10T15:11:52+08:00 ] /JSJD/index.php/Index/index | NOTIC: [8192] preg_replace(): The /e modifier is deprecated, use preg_replace_callback instead ThinkTemplate.class.php 第 406 行.
[ 2017-05-10T15:11:52+08:00 ] /JSJD/index.php/Index/index | NOTIC: [8192] preg_replace(): The /e modifier is deprecated, use preg_replace_callback instead ThinkTemplate.class.php 第 406 行.
[ 2017-05-10T15:11:52+08:00 ] /JSJD/index.php/Index/index | NOTIC: [8192] preg_replace(): The /e modifier is deprecated, use preg_replace_callback instead ThinkTemplate.class.php 第 406 行.
[ 2017-05-10T15:11:52+08:00 ] /JSJD/index.php/Index/index | NOTIC: [8192] preg_replace(): The /e modifier is deprecated, use preg_replace_callback instead ThinkTemplate.class.php 第 406 行.
[ 2017-05-10T15:11:52+08:00 ] /JSJD/index.php/Index/index | NOTIC: [8192] preg_replace(): The /e modifier is deprecated, use preg_replace_callback instead ThinkTemplate.class.php 第 406 行.
[ 2017-05-10T15:11:52+08:00 ] /JSJD/index.php/Index/index | NOTIC: [8192] preg_replace(): The /e modifier is deprecated, use preg_replace_callback instead ThinkTemplate.class.php 第 402 行.
[ 2017-05-10T15:11:52+08:00 ] /JSJD/index.php/Index/index | NOTIC: [8192] preg_replace(): The /e modifier is deprecated, use preg_replace_callback instead ThinkTemplate.class.php 第 402 行.
[ 2017-05-10T15:11:52+08:00 ] /JSJD/index.php/Index/index | NOTIC: [8192] preg_replace(): The /e modifier is deprecated, use preg_replace_callback instead ThinkTemplate.class.php 第 402 行.
[ 2017-05-10T15:11:52+08:00 ] /JSJD/index.php/Index/index | NOTIC: [8192] preg_replace(): The /e modifier is deprecated, use preg_replace_callback instead ThinkTemplate.class.php 第 402 行.
[ 2017-05-10T15:11:52+08:00 ] /JSJD/index.php/Index/index | NOTIC: [8192] preg_replace(): The /e modifier is deprecated, use preg_replace_callback instead ThinkTemplate.class.php 第 402 行.
[ 2017-05-10T15:11:52+08:00 ] /JSJD/index.php/Index/index | NOTIC: [8192] preg_replace(): The /e modifier is deprecated, use preg_replace_callback instead ThinkTemplate.class.php 第 402 行.
[ 2017-05-10T15:11:52+08:00 ] /JSJD/index.php/Index/index | NOTIC: [8192] preg_replace(): The /e modifier is deprecated, use preg_replace_callback instead ThinkTemplate.class.php 第 406 行.
[ 2017-05-10T15:11:52+08:00 ] /JSJD/index.php/Index/index | NOTIC: [8192] preg_replace(): The /e modifier is deprecated, use preg_replace_callback instead ThinkTemplate.class.php 第 406 行.
[ 2017-05-10T15:11:52+08:00 ] /JSJD/index.php/Index/index | NOTIC: [8192] preg_replace(): The /e modifier is deprecated, use preg_replace_callback instead ThinkTemplate.class.php 第 406 行.
[ 2017-05-10T15:11:52+08:00 ] /JSJD/index.php/Index/index | NOTIC: [8192] preg_replace(): The /e modifier is deprecated, use preg_replace_callback instead ThinkTemplate.class.php 第 220 行.
[ 2017-05-10T15:11:52+08:00 ] /JSJD/index.php/Index/index | NOTIC: [8192] preg_replace(): The /e modifier is deprecated, use preg_replace_callback instead ThinkTemplate.class.php 第 154 行.
[ 2017-05-10T15:11:52+08:00 ] /JSJD/index.php/Index/index | INFO: Run ParseTemplate Behavior [ RunTime:0.015238s ]
[ 2017-05-10T15:11:52+08:00 ] /JSJD/index.php/Index/index | INFO: Tag[ view_parse ] --END-- [ RunTime:0.015287s ]
[ 2017-05-10T15:11:52+08:00 ] /JSJD/index.php/Index/index | INFO: Tag[ view_filter ] --START--
[ 2017-05-10T15:11:52+08:00 ] /JSJD/index.php/Index/index | INFO: Run ContentReplace Behavior [ RunTime:0.000253s ]
[ 2017-05-10T15:11:52+08:00 ] /JSJD/index.php/Index/index | INFO: Run TokenBuild Behavior [ RunTime:0.000291s ]
[ 2017-05-10T15:11:52+08:00 ] /JSJD/index.php/Index/index | INFO: Run WriteHtmlCache Behavior [ RunTime:0.000110s ]
[ 2017-05-10T15:11:52+08:00 ] /JSJD/index.php/Index/index | INFO: Run ShowRuntime Behavior [ RunTime:0.000273s ]
[ 2017-05-10T15:11:52+08:00 ] /JSJD/index.php/Index/index | INFO: Tag[ view_filter ] --END-- [ RunTime:0.001034s ]
[ 2017-05-10T15:11:52+08:00 ] /JSJD/index.php/Index/index | INFO: Tag[ view_end ] --START--
[ 2017-05-10T15:11:52+08:00 ] /JSJD/index.php/Index/index | INFO: Run ShowPageTrace Behavior [ RunTime:0.000335s ]
[ 2017-05-10T15:11:52+08:00 ] /JSJD/index.php/Index/index | INFO: Tag[ view_end ] --END-- [ RunTime:0.000395s ]
