[ 2017-03-27T14:54:06+08:00 ] /JSJD/index.php | INFO: Tag[ app_begin ] --START--
[ 2017-03-27T14:54:06+08:00 ] /JSJD/index.php | INFO: Run ReadHtmlCache Behavior [ RunTime:0.000933s ]
[ 2017-03-27T14:54:06+08:00 ] /JSJD/index.php | INFO: Tag[ app_begin ] --END-- [ RunTime:0.001031s ]
[ 2017-03-27T14:54:06+08:00 ] /JSJD/index.php | INFO: Tag[ view_template ] --START--
[ 2017-03-27T14:54:06+08:00 ] /JSJD/index.php | INFO: Run LocationTemplate Behavior [ RunTime:0.008874s ]
[ 2017-03-27T14:54:06+08:00 ] /JSJD/index.php | INFO: Tag[ view_template ] --END-- [ RunTime:0.008936s ]
[ 2017-03-27T14:54:06+08:00 ] /JSJD/index.php | INFO: Tag[ view_parse ] --START--
[ 2017-03-27T14:54:06+08:00 ] /JSJD/index.php | NOTIC: [2] file_get_contents(./Index/Tpl/Public/top.html): failed to open stream: No such file or directory ThinkTemplate.class.php 第 702 行.
[ 2017-03-27T14:54:06+08:00 ] /JSJD/index.php | NOTIC: [2] file_get_contents(./Index/Tpl/Public/luenhuan.html): failed to open stream: No such file or directory ThinkTemplate.class.php 第 702 行.
[ 2017-03-27T14:54:06+08:00 ] /JSJD/index.php | NOTIC: [2] file_get_contents(./Index/Tpl/Public/footer.html): failed to open stream: No such file or directory ThinkTemplate.class.php 第 702 行.
[ 2017-03-27T14:54:06+08:00 ] /JSJD/index.php | INFO: Run ParseTemplate Behavior [ RunTime:0.040472s ]
[ 2017-03-27T14:54:06+08:00 ] /JSJD/index.php | INFO: Tag[ view_parse ] --END-- [ RunTime:0.040528s ]
[ 2017-03-27T14:54:06+08:00 ] /JSJD/index.php | INFO: Tag[ view_filter ] --START--
[ 2017-03-27T14:54:06+08:00 ] /JSJD/index.php | INFO: Run ContentReplace Behavior [ RunTime:0.004962s ]
[ 2017-03-27T14:54:06+08:00 ] /JSJD/index.php | INFO: Run TokenBuild Behavior [ RunTime:0.007260s ]
[ 2017-03-27T14:54:06+08:00 ] /JSJD/index.php | INFO: Run WriteHtmlCache Behavior [ RunTime:0.006950s ]
[ 2017-03-27T14:54:06+08:00 ] /JSJD/index.php | INFO: Run ShowRuntime Behavior [ RunTime:0.005031s ]
[ 2017-03-27T14:54:06+08:00 ] /JSJD/index.php | INFO: Tag[ view_filter ] --END-- [ RunTime:0.024361s ]
[ 2017-03-27T14:54:06+08:00 ] /JSJD/index.php | INFO: Tag[ view_end ] --START--
[ 2017-03-27T14:54:06+08:00 ] /JSJD/index.php | INFO: Run ShowPageTrace Behavior [ RunTime:0.001187s ]
[ 2017-03-27T14:54:06+08:00 ] /JSJD/index.php | INFO: Tag[ view_end ] --END-- [ RunTime:0.001263s ]
[ 2017-03-27T15:48:58+08:00 ] /JSJD/index.php | INFO: Tag[ app_begin ] --START--
[ 2017-03-27T15:48:58+08:00 ] /JSJD/index.php | INFO: Run ReadHtmlCache Behavior [ RunTime:0.000691s ]
[ 2017-03-27T15:48:58+08:00 ] /JSJD/index.php | INFO: Tag[ app_begin ] --END-- [ RunTime:0.000768s ]
[ 2017-03-27T15:48:58+08:00 ] /JSJD/index.php | INFO: Tag[ view_template ] --START--
[ 2017-03-27T15:48:58+08:00 ] /JSJD/index.php | INFO: Run LocationTemplate Behavior [ RunTime:0.000879s ]
[ 2017-03-27T15:48:58+08:00 ] /JSJD/index.php | INFO: Tag[ view_template ] --END-- [ RunTime:0.000932s ]
[ 2017-03-27T15:48:58+08:00 ] /JSJD/index.php | INFO: Tag[ view_parse ] --START--
[ 2017-03-27T15:48:58+08:00 ] /JSJD/index.php | NOTIC: [2] file_get_contents(./Index/Tpl/Public/top.html): failed to open stream: No such file or directory ThinkTemplate.class.php 第 702 行.
[ 2017-03-27T15:48:58+08:00 ] /JSJD/index.php | NOTIC: [2] file_get_contents(./Index/Tpl/Public/luenhuan.html): failed to open stream: No such file or directory ThinkTemplate.class.php 第 702 行.
[ 2017-03-27T15:48:58+08:00 ] /JSJD/index.php | NOTIC: [2] file_get_contents(./Index/Tpl/Public/footer.html): failed to open stream: No such file or directory ThinkTemplate.class.php 第 702 行.
[ 2017-03-27T15:48:58+08:00 ] /JSJD/index.php | INFO: Run ParseTemplate Behavior [ RunTime:0.035169s ]
[ 2017-03-27T15:48:58+08:00 ] /JSJD/index.php | INFO: Tag[ view_parse ] --END-- [ RunTime:0.035239s ]
[ 2017-03-27T15:48:58+08:00 ] /JSJD/index.php | INFO: Tag[ view_filter ] --START--
[ 2017-03-27T15:48:58+08:00 ] /JSJD/index.php | INFO: Run ContentReplace Behavior [ RunTime:0.000884s ]
[ 2017-03-27T15:48:58+08:00 ] /JSJD/index.php | INFO: Run TokenBuild Behavior [ RunTime:0.000621s ]
[ 2017-03-27T15:48:58+08:00 ] /JSJD/index.php | INFO: Run WriteHtmlCache Behavior [ RunTime:0.000442s ]
[ 2017-03-27T15:48:58+08:00 ] /JSJD/index.php | INFO: Run ShowRuntime Behavior [ RunTime:0.000655s ]
[ 2017-03-27T15:48:58+08:00 ] /JSJD/index.php | INFO: Tag[ view_filter ] --END-- [ RunTime:0.002730s ]
[ 2017-03-27T15:48:58+08:00 ] /JSJD/index.php | INFO: Tag[ view_end ] --START--
[ 2017-03-27T15:48:58+08:00 ] /JSJD/index.php | INFO: Run ShowPageTrace Behavior [ RunTime:0.000804s ]
[ 2017-03-27T15:48:58+08:00 ] /JSJD/index.php | INFO: Tag[ view_end ] --END-- [ RunTime:0.000878s ]
[ 2017-03-27T15:49:50+08:00 ] /JSJD/index.php | INFO: Tag[ app_begin ] --START--
[ 2017-03-27T15:49:50+08:00 ] /JSJD/index.php | INFO: Run ReadHtmlCache Behavior [ RunTime:0.000652s ]
[ 2017-03-27T15:49:50+08:00 ] /JSJD/index.php | INFO: Tag[ app_begin ] --END-- [ RunTime:0.000724s ]
[ 2017-03-27T15:49:50+08:00 ] /JSJD/index.php | INFO: Tag[ view_template ] --START--
[ 2017-03-27T15:49:50+08:00 ] /JSJD/index.php | INFO: Run LocationTemplate Behavior [ RunTime:0.000964s ]
[ 2017-03-27T15:49:50+08:00 ] /JSJD/index.php | INFO: Tag[ view_template ] --END-- [ RunTime:0.001104s ]
[ 2017-03-27T15:49:50+08:00 ] /JSJD/index.php | INFO: Tag[ view_parse ] --START--
[ 2017-03-27T15:49:50+08:00 ] /JSJD/index.php | NOTIC: [2] file_get_contents(./Index/Tpl/Public/top.html): failed to open stream: No such file or directory ThinkTemplate.class.php 第 702 行.
[ 2017-03-27T15:49:50+08:00 ] /JSJD/index.php | NOTIC: [2] file_get_contents(./Index/Tpl/Public/luenhuan.html): failed to open stream: No such file or directory ThinkTemplate.class.php 第 702 行.
[ 2017-03-27T15:49:50+08:00 ] /JSJD/index.php | NOTIC: [2] file_get_contents(./Index/Tpl/Public/footer.html): failed to open stream: No such file or directory ThinkTemplate.class.php 第 702 行.
[ 2017-03-27T15:49:50+08:00 ] /JSJD/index.php | INFO: Run ParseTemplate Behavior [ RunTime:0.013187s ]
[ 2017-03-27T15:49:50+08:00 ] /JSJD/index.php | INFO: Tag[ view_parse ] --END-- [ RunTime:0.013244s ]
[ 2017-03-27T15:49:50+08:00 ] /JSJD/index.php | INFO: Tag[ view_filter ] --START--
[ 2017-03-27T15:49:50+08:00 ] /JSJD/index.php | INFO: Run ContentReplace Behavior [ RunTime:0.000707s ]
[ 2017-03-27T15:49:50+08:00 ] /JSJD/index.php | INFO: Run TokenBuild Behavior [ RunTime:0.000543s ]
[ 2017-03-27T15:49:50+08:00 ] /JSJD/index.php | INFO: Run WriteHtmlCache Behavior [ RunTime:0.000433s ]
[ 2017-03-27T15:49:50+08:00 ] /JSJD/index.php | INFO: Run ShowRuntime Behavior [ RunTime:0.000690s ]
[ 2017-03-27T15:49:50+08:00 ] /JSJD/index.php | INFO: Tag[ view_filter ] --END-- [ RunTime:0.002510s ]
[ 2017-03-27T15:49:50+08:00 ] /JSJD/index.php | INFO: Tag[ view_end ] --START--
[ 2017-03-27T15:49:50+08:00 ] /JSJD/index.php | INFO: Run ShowPageTrace Behavior [ RunTime:0.001242s ]
[ 2017-03-27T15:49:50+08:00 ] /JSJD/index.php | INFO: Tag[ view_end ] --END-- [ RunTime:0.001328s ]
[ 2017-03-27T15:50:07+08:00 ] /JSJD/index.php | INFO: Tag[ app_begin ] --START--
[ 2017-03-27T15:50:07+08:00 ] /JSJD/index.php | INFO: Run ReadHtmlCache Behavior [ RunTime:0.000530s ]
[ 2017-03-27T15:50:07+08:00 ] /JSJD/index.php | INFO: Tag[ app_begin ] --END-- [ RunTime:0.000624s ]
[ 2017-03-27T15:50:07+08:00 ] /JSJD/index.php | INFO: Tag[ view_template ] --START--
[ 2017-03-27T15:50:07+08:00 ] /JSJD/index.php | INFO: Run LocationTemplate Behavior [ RunTime:0.000430s ]
[ 2017-03-27T15:50:07+08:00 ] /JSJD/index.php | INFO: Tag[ view_template ] --END-- [ RunTime:0.000476s ]
[ 2017-03-27T15:50:07+08:00 ] /JSJD/index.php | INFO: Tag[ view_parse ] --START--
[ 2017-03-27T15:50:07+08:00 ] /JSJD/index.php | NOTIC: [2] file_get_contents(./Index/Tpl/Public/top.html): failed to open stream: No such file or directory ThinkTemplate.class.php 第 702 行.
[ 2017-03-27T15:50:07+08:00 ] /JSJD/index.php | NOTIC: [2] file_get_contents(./Index/Tpl/Public/luenhuan.html): failed to open stream: No such file or directory ThinkTemplate.class.php 第 702 行.
[ 2017-03-27T15:50:07+08:00 ] /JSJD/index.php | NOTIC: [2] file_get_contents(./Index/Tpl/Public/footer.html): failed to open stream: No such file or directory ThinkTemplate.class.php 第 702 行.
[ 2017-03-27T15:50:07+08:00 ] /JSJD/index.php | INFO: Run ParseTemplate Behavior [ RunTime:0.012157s ]
[ 2017-03-27T15:50:07+08:00 ] /JSJD/index.php | INFO: Tag[ view_parse ] --END-- [ RunTime:0.012211s ]
[ 2017-03-27T15:50:07+08:00 ] /JSJD/index.php | INFO: Tag[ view_filter ] --START--
[ 2017-03-27T15:50:07+08:00 ] /JSJD/index.php | INFO: Run ContentReplace Behavior [ RunTime:0.000558s ]
[ 2017-03-27T15:50:07+08:00 ] /JSJD/index.php | INFO: Run TokenBuild Behavior [ RunTime:0.000459s ]
[ 2017-03-27T15:50:07+08:00 ] /JSJD/index.php | INFO: Run WriteHtmlCache Behavior [ RunTime:0.000332s ]
[ 2017-03-27T15:50:07+08:00 ] /JSJD/index.php | INFO: Run ShowRuntime Behavior [ RunTime:0.000490s ]
[ 2017-03-27T15:50:07+08:00 ] /JSJD/index.php | INFO: Tag[ view_filter ] --END-- [ RunTime:0.001957s ]
[ 2017-03-27T15:50:07+08:00 ] /JSJD/index.php | INFO: Tag[ view_end ] --START--
[ 2017-03-27T15:50:07+08:00 ] /JSJD/index.php | INFO: Run ShowPageTrace Behavior [ RunTime:0.000611s ]
[ 2017-03-27T15:50:07+08:00 ] /JSJD/index.php | INFO: Tag[ view_end ] --END-- [ RunTime:0.000656s ]
[ 2017-03-27T15:57:57+08:00 ] /JSJD/index.php | INFO: Tag[ app_begin ] --START--
[ 2017-03-27T15:57:57+08:00 ] /JSJD/index.php | INFO: Run ReadHtmlCache Behavior [ RunTime:0.000700s ]
[ 2017-03-27T15:57:57+08:00 ] /JSJD/index.php | INFO: Tag[ app_begin ] --END-- [ RunTime:0.000805s ]
[ 2017-03-27T15:57:57+08:00 ] /JSJD/index.php | INFO: Tag[ view_template ] --START--
[ 2017-03-27T15:57:57+08:00 ] /JSJD/index.php | INFO: Run LocationTemplate Behavior [ RunTime:0.001484s ]
[ 2017-03-27T15:57:57+08:00 ] /JSJD/index.php | INFO: Tag[ view_template ] --END-- [ RunTime:0.001578s ]
[ 2017-03-27T15:57:57+08:00 ] /JSJD/index.php | INFO: Tag[ view_parse ] --START--
[ 2017-03-27T15:57:57+08:00 ] /JSJD/index.php | NOTIC: [2] file_get_contents(./Index/Tpl/Public/top.html): failed to open stream: No such file or directory ThinkTemplate.class.php 第 702 行.
[ 2017-03-27T15:57:57+08:00 ] /JSJD/index.php | NOTIC: [2] file_get_contents(./Index/Tpl/Public/luenhuan.html): failed to open stream: No such file or directory ThinkTemplate.class.php 第 702 行.
[ 2017-03-27T15:57:57+08:00 ] /JSJD/index.php | NOTIC: [2] file_get_contents(./Index/Tpl/Public/footer.html): failed to open stream: No such file or directory ThinkTemplate.class.php 第 702 行.
[ 2017-03-27T15:57:57+08:00 ] /JSJD/index.php | INFO: Run ParseTemplate Behavior [ RunTime:0.023405s ]
[ 2017-03-27T15:57:57+08:00 ] /JSJD/index.php | INFO: Tag[ view_parse ] --END-- [ RunTime:0.023469s ]
[ 2017-03-27T15:57:57+08:00 ] /JSJD/index.php | INFO: Tag[ view_filter ] --START--
[ 2017-03-27T15:57:57+08:00 ] /JSJD/index.php | INFO: Run ContentReplace Behavior [ RunTime:0.000667s ]
[ 2017-03-27T15:57:57+08:00 ] /JSJD/index.php | INFO: Run TokenBuild Behavior [ RunTime:0.000736s ]
[ 2017-03-27T15:57:57+08:00 ] /JSJD/index.php | INFO: Run WriteHtmlCache Behavior [ RunTime:0.000464s ]
[ 2017-03-27T15:57:57+08:00 ] /JSJD/index.php | INFO: Run ShowRuntime Behavior [ RunTime:0.000576s ]
[ 2017-03-27T15:57:57+08:00 ] /JSJD/index.php | INFO: Tag[ view_filter ] --END-- [ RunTime:0.002574s ]
[ 2017-03-27T15:57:57+08:00 ] /JSJD/index.php | INFO: Tag[ view_end ] --START--
[ 2017-03-27T15:57:57+08:00 ] /JSJD/index.php | INFO: Run ShowPageTrace Behavior [ RunTime:0.000680s ]
[ 2017-03-27T15:57:57+08:00 ] /JSJD/index.php | INFO: Tag[ view_end ] --END-- [ RunTime:0.000731s ]
[ 2017-03-27T15:58:00+08:00 ] /JSJD/index.php | INFO: Tag[ app_begin ] --START--
[ 2017-03-27T15:58:00+08:00 ] /JSJD/index.php | INFO: Run ReadHtmlCache Behavior [ RunTime:0.000628s ]
[ 2017-03-27T15:58:00+08:00 ] /JSJD/index.php | INFO: Tag[ app_begin ] --END-- [ RunTime:0.000713s ]
[ 2017-03-27T15:58:00+08:00 ] /JSJD/index.php | INFO: Tag[ view_template ] --START--
[ 2017-03-27T15:58:00+08:00 ] /JSJD/index.php | INFO: Run LocationTemplate Behavior [ RunTime:0.000545s ]
[ 2017-03-27T15:58:00+08:00 ] /JSJD/index.php | INFO: Tag[ view_template ] --END-- [ RunTime:0.000601s ]
[ 2017-03-27T15:58:00+08:00 ] /JSJD/index.php | INFO: Tag[ view_parse ] --START--
[ 2017-03-27T15:58:00+08:00 ] /JSJD/index.php | NOTIC: [2] file_get_contents(./Index/Tpl/Public/top.html): failed to open stream: No such file or directory ThinkTemplate.class.php 第 702 行.
[ 2017-03-27T15:58:00+08:00 ] /JSJD/index.php | NOTIC: [2] file_get_contents(./Index/Tpl/Public/luenhuan.html): failed to open stream: No such file or directory ThinkTemplate.class.php 第 702 行.
[ 2017-03-27T15:58:00+08:00 ] /JSJD/index.php | NOTIC: [2] file_get_contents(./Index/Tpl/Public/footer.html): failed to open stream: No such file or directory ThinkTemplate.class.php 第 702 行.
[ 2017-03-27T15:58:00+08:00 ] /JSJD/index.php | INFO: Run ParseTemplate Behavior [ RunTime:0.012219s ]
[ 2017-03-27T15:58:00+08:00 ] /JSJD/index.php | INFO: Tag[ view_parse ] --END-- [ RunTime:0.012277s ]
[ 2017-03-27T15:58:00+08:00 ] /JSJD/index.php | INFO: Tag[ view_filter ] --START--
[ 2017-03-27T15:58:00+08:00 ] /JSJD/index.php | INFO: Run ContentReplace Behavior [ RunTime:0.000575s ]
[ 2017-03-27T15:58:00+08:00 ] /JSJD/index.php | INFO: Run TokenBuild Behavior [ RunTime:0.000494s ]
[ 2017-03-27T15:58:00+08:00 ] /JSJD/index.php | INFO: Run WriteHtmlCache Behavior [ RunTime:0.000499s ]
[ 2017-03-27T15:58:00+08:00 ] /JSJD/index.php | INFO: Run ShowRuntime Behavior [ RunTime:0.001088s ]
[ 2017-03-27T15:58:00+08:00 ] /JSJD/index.php | INFO: Tag[ view_filter ] --END-- [ RunTime:0.002828s ]
[ 2017-03-27T15:58:00+08:00 ] /JSJD/index.php | INFO: Tag[ view_end ] --START--
[ 2017-03-27T15:58:00+08:00 ] /JSJD/index.php | INFO: Run ShowPageTrace Behavior [ RunTime:0.000678s ]
[ 2017-03-27T15:58:00+08:00 ] /JSJD/index.php | INFO: Tag[ view_end ] --END-- [ RunTime:0.000726s ]
[ 2017-03-27T15:58:01+08:00 ] /JSJD/index.php | INFO: Tag[ app_begin ] --START--
[ 2017-03-27T15:58:01+08:00 ] /JSJD/index.php | INFO: Run ReadHtmlCache Behavior [ RunTime:0.001173s ]
[ 2017-03-27T15:58:01+08:00 ] /JSJD/index.php | INFO: Tag[ app_begin ] --END-- [ RunTime:0.001319s ]
[ 2017-03-27T15:58:01+08:00 ] /JSJD/index.php | INFO: Tag[ view_template ] --START--
[ 2017-03-27T15:58:01+08:00 ] /JSJD/index.php | INFO: Run LocationTemplate Behavior [ RunTime:0.001536s ]
[ 2017-03-27T15:58:01+08:00 ] /JSJD/index.php | INFO: Tag[ view_template ] --END-- [ RunTime:0.001676s ]
[ 2017-03-27T15:58:01+08:00 ] /JSJD/index.php | INFO: Tag[ view_parse ] --START--
[ 2017-03-27T15:58:01+08:00 ] /JSJD/index.php | NOTIC: [2] file_get_contents(./Index/Tpl/Public/top.html): failed to open stream: No such file or directory ThinkTemplate.class.php 第 702 行.
[ 2017-03-27T15:58:01+08:00 ] /JSJD/index.php | NOTIC: [2] file_get_contents(./Index/Tpl/Public/luenhuan.html): failed to open stream: No such file or directory ThinkTemplate.class.php 第 702 行.
[ 2017-03-27T15:58:01+08:00 ] /JSJD/index.php | NOTIC: [2] file_get_contents(./Index/Tpl/Public/footer.html): failed to open stream: No such file or directory ThinkTemplate.class.php 第 702 行.
[ 2017-03-27T15:58:01+08:00 ] /JSJD/index.php | INFO: Run ParseTemplate Behavior [ RunTime:0.030141s ]
[ 2017-03-27T15:58:01+08:00 ] /JSJD/index.php | INFO: Tag[ view_parse ] --END-- [ RunTime:0.030247s ]
[ 2017-03-27T15:58:01+08:00 ] /JSJD/index.php | INFO: Tag[ view_filter ] --START--
[ 2017-03-27T15:58:01+08:00 ] /JSJD/index.php | INFO: Run ContentReplace Behavior [ RunTime:0.001033s ]
[ 2017-03-27T15:58:01+08:00 ] /JSJD/index.php | INFO: Run TokenBuild Behavior [ RunTime:0.000993s ]
[ 2017-03-27T15:58:01+08:00 ] /JSJD/index.php | INFO: Run WriteHtmlCache Behavior [ RunTime:0.001044s ]
[ 2017-03-27T15:58:01+08:00 ] /JSJD/index.php | INFO: Run ShowRuntime Behavior [ RunTime:0.001259s ]
[ 2017-03-27T15:58:01+08:00 ] /JSJD/index.php | INFO: Tag[ view_filter ] --END-- [ RunTime:0.004586s ]
[ 2017-03-27T15:58:01+08:00 ] /JSJD/index.php | INFO: Tag[ view_end ] --START--
[ 2017-03-27T15:58:01+08:00 ] /JSJD/index.php | INFO: Run ShowPageTrace Behavior [ RunTime:0.001172s ]
[ 2017-03-27T15:58:01+08:00 ] /JSJD/index.php | INFO: Tag[ view_end ] --END-- [ RunTime:0.001273s ]
[ 2017-03-27T15:58:02+08:00 ] /JSJD/index.php | INFO: Tag[ app_begin ] --START--
[ 2017-03-27T15:58:02+08:00 ] /JSJD/index.php | INFO: Run ReadHtmlCache Behavior [ RunTime:0.001028s ]
[ 2017-03-27T15:58:02+08:00 ] /JSJD/index.php | INFO: Tag[ app_begin ] --END-- [ RunTime:0.001152s ]
[ 2017-03-27T15:58:02+08:00 ] /JSJD/index.php | INFO: Tag[ view_template ] --START--
[ 2017-03-27T15:58:02+08:00 ] /JSJD/index.php | INFO: Run LocationTemplate Behavior [ RunTime:0.000854s ]
[ 2017-03-27T15:58:02+08:00 ] /JSJD/index.php | INFO: Tag[ view_template ] --END-- [ RunTime:0.000939s ]
[ 2017-03-27T15:58:02+08:00 ] /JSJD/index.php | INFO: Tag[ view_parse ] --START--
[ 2017-03-27T15:58:02+08:00 ] /JSJD/index.php | NOTIC: [2] file_get_contents(./Index/Tpl/Public/top.html): failed to open stream: No such file or directory ThinkTemplate.class.php 第 702 行.
[ 2017-03-27T15:58:02+08:00 ] /JSJD/index.php | NOTIC: [2] file_get_contents(./Index/Tpl/Public/luenhuan.html): failed to open stream: No such file or directory ThinkTemplate.class.php 第 702 行.
[ 2017-03-27T15:58:02+08:00 ] /JSJD/index.php | NOTIC: [2] file_get_contents(./Index/Tpl/Public/footer.html): failed to open stream: No such file or directory ThinkTemplate.class.php 第 702 行.
[ 2017-03-27T15:58:02+08:00 ] /JSJD/index.php | INFO: Run ParseTemplate Behavior [ RunTime:0.020649s ]
[ 2017-03-27T15:58:02+08:00 ] /JSJD/index.php | INFO: Tag[ view_parse ] --END-- [ RunTime:0.020741s ]
[ 2017-03-27T15:58:02+08:00 ] /JSJD/index.php | INFO: Tag[ view_filter ] --START--
[ 2017-03-27T15:58:02+08:00 ] /JSJD/index.php | INFO: Run ContentReplace Behavior [ RunTime:0.001059s ]
[ 2017-03-27T15:58:02+08:00 ] /JSJD/index.php | INFO: Run TokenBuild Behavior [ RunTime:0.000968s ]
[ 2017-03-27T15:58:02+08:00 ] /JSJD/index.php | INFO: Run WriteHtmlCache Behavior [ RunTime:0.000732s ]
[ 2017-03-27T15:58:02+08:00 ] /JSJD/index.php | INFO: Run ShowRuntime Behavior [ RunTime:0.000985s ]
[ 2017-03-27T15:58:02+08:00 ] /JSJD/index.php | INFO: Tag[ view_filter ] --END-- [ RunTime:0.003961s ]
[ 2017-03-27T15:58:02+08:00 ] /JSJD/index.php | INFO: Tag[ view_end ] --START--
[ 2017-03-27T15:58:02+08:00 ] /JSJD/index.php | INFO: Run ShowPageTrace Behavior [ RunTime:0.001122s ]
[ 2017-03-27T15:58:02+08:00 ] /JSJD/index.php | INFO: Tag[ view_end ] --END-- [ RunTime:0.001214s ]
[ 2017-03-27T15:58:02+08:00 ] /JSJD/index.php | INFO: Tag[ app_begin ] --START--
[ 2017-03-27T15:58:02+08:00 ] /JSJD/index.php | INFO: Run ReadHtmlCache Behavior [ RunTime:0.001789s ]
[ 2017-03-27T15:58:02+08:00 ] /JSJD/index.php | INFO: Tag[ app_begin ] --END-- [ RunTime:0.002005s ]
[ 2017-03-27T15:58:02+08:00 ] /JSJD/index.php | INFO: Tag[ view_template ] --START--
[ 2017-03-27T15:58:02+08:00 ] /JSJD/index.php | INFO: Run LocationTemplate Behavior [ RunTime:0.001685s ]
[ 2017-03-27T15:58:02+08:00 ] /JSJD/index.php | INFO: Tag[ view_template ] --END-- [ RunTime:0.001837s ]
[ 2017-03-27T15:58:02+08:00 ] /JSJD/index.php | INFO: Tag[ view_parse ] --START--
[ 2017-03-27T15:58:02+08:00 ] /JSJD/index.php | NOTIC: [2] file_get_contents(./Index/Tpl/Public/top.html): failed to open stream: No such file or directory ThinkTemplate.class.php 第 702 行.
[ 2017-03-27T15:58:02+08:00 ] /JSJD/index.php | NOTIC: [2] file_get_contents(./Index/Tpl/Public/luenhuan.html): failed to open stream: No such file or directory ThinkTemplate.class.php 第 702 行.
[ 2017-03-27T15:58:02+08:00 ] /JSJD/index.php | NOTIC: [2] file_get_contents(./Index/Tpl/Public/footer.html): failed to open stream: No such file or directory ThinkTemplate.class.php 第 702 行.
[ 2017-03-27T15:58:02+08:00 ] /JSJD/index.php | INFO: Run ParseTemplate Behavior [ RunTime:0.029433s ]
[ 2017-03-27T15:58:02+08:00 ] /JSJD/index.php | INFO: Tag[ view_parse ] --END-- [ RunTime:0.029551s ]
[ 2017-03-27T15:58:02+08:00 ] /JSJD/index.php | INFO: Tag[ view_filter ] --START--
[ 2017-03-27T15:58:02+08:00 ] /JSJD/index.php | INFO: Run ContentReplace Behavior [ RunTime:0.001098s ]
[ 2017-03-27T15:58:02+08:00 ] /JSJD/index.php | INFO: Run TokenBuild Behavior [ RunTime:0.000930s ]
[ 2017-03-27T15:58:02+08:00 ] /JSJD/index.php | INFO: Run WriteHtmlCache Behavior [ RunTime:0.000874s ]
[ 2017-03-27T15:58:02+08:00 ] /JSJD/index.php | INFO: Run ShowRuntime Behavior [ RunTime:0.000955s ]
[ 2017-03-27T15:58:02+08:00 ] /JSJD/index.php | INFO: Tag[ view_filter ] --END-- [ RunTime:0.004077s ]
[ 2017-03-27T15:58:02+08:00 ] /JSJD/index.php | INFO: Tag[ view_end ] --START--
[ 2017-03-27T15:58:02+08:00 ] /JSJD/index.php | INFO: Run ShowPageTrace Behavior [ RunTime:0.001327s ]
[ 2017-03-27T15:58:02+08:00 ] /JSJD/index.php | INFO: Tag[ view_end ] --END-- [ RunTime:0.001436s ]
[ 2017-03-27T15:58:11+08:00 ] /JSJD/index.php | INFO: Tag[ app_begin ] --START--
[ 2017-03-27T15:58:11+08:00 ] /JSJD/index.php | INFO: Run ReadHtmlCache Behavior [ RunTime:0.000811s ]
[ 2017-03-27T15:58:11+08:00 ] /JSJD/index.php | INFO: Tag[ app_begin ] --END-- [ RunTime:0.000920s ]
[ 2017-03-27T15:58:11+08:00 ] /JSJD/index.php | INFO: Tag[ view_template ] --START--
[ 2017-03-27T15:58:11+08:00 ] /JSJD/index.php | INFO: Run LocationTemplate Behavior [ RunTime:0.000740s ]
[ 2017-03-27T15:58:11+08:00 ] /JSJD/index.php | INFO: Tag[ view_template ] --END-- [ RunTime:0.000808s ]
[ 2017-03-27T15:58:11+08:00 ] /JSJD/index.php | INFO: Tag[ view_parse ] --START--
[ 2017-03-27T15:58:11+08:00 ] /JSJD/index.php | NOTIC: [2] file_get_contents(./Index/Tpl/Public/top.html): failed to open stream: No such file or directory ThinkTemplate.class.php 第 702 行.
[ 2017-03-27T15:58:11+08:00 ] /JSJD/index.php | NOTIC: [2] file_get_contents(./Index/Tpl/Public/luenhuan.html): failed to open stream: No such file or directory ThinkTemplate.class.php 第 702 行.
[ 2017-03-27T15:58:11+08:00 ] /JSJD/index.php | NOTIC: [2] file_get_contents(./Index/Tpl/Public/footer.html): failed to open stream: No such file or directory ThinkTemplate.class.php 第 702 行.
[ 2017-03-27T15:58:11+08:00 ] /JSJD/index.php | INFO: Run ParseTemplate Behavior [ RunTime:0.015821s ]
[ 2017-03-27T15:58:11+08:00 ] /JSJD/index.php | INFO: Tag[ view_parse ] --END-- [ RunTime:0.015894s ]
[ 2017-03-27T15:58:11+08:00 ] /JSJD/index.php | INFO: Tag[ view_filter ] --START--
[ 2017-03-27T15:58:11+08:00 ] /JSJD/index.php | INFO: Run ContentReplace Behavior [ RunTime:0.000779s ]
[ 2017-03-27T15:58:11+08:00 ] /JSJD/index.php | INFO: Run TokenBuild Behavior [ RunTime:0.000773s ]
[ 2017-03-27T15:58:11+08:00 ] /JSJD/index.php | INFO: Run WriteHtmlCache Behavior [ RunTime:0.000587s ]
[ 2017-03-27T15:58:11+08:00 ] /JSJD/index.php | INFO: Run ShowRuntime Behavior [ RunTime:0.000785s ]
[ 2017-03-27T15:58:11+08:00 ] /JSJD/index.php | INFO: Tag[ view_filter ] --END-- [ RunTime:0.003091s ]
[ 2017-03-27T15:58:11+08:00 ] /JSJD/index.php | INFO: Tag[ view_end ] --START--
[ 2017-03-27T15:58:11+08:00 ] /JSJD/index.php | INFO: Run ShowPageTrace Behavior [ RunTime:0.000854s ]
[ 2017-03-27T15:58:11+08:00 ] /JSJD/index.php | INFO: Tag[ view_end ] --END-- [ RunTime:0.000951s ]
[ 2017-03-27T15:58:12+08:00 ] /JSJD/index.php | INFO: Tag[ app_begin ] --START--
[ 2017-03-27T15:58:12+08:00 ] /JSJD/index.php | INFO: Run ReadHtmlCache Behavior [ RunTime:0.001136s ]
[ 2017-03-27T15:58:12+08:00 ] /JSJD/index.php | INFO: Tag[ app_begin ] --END-- [ RunTime:0.001276s ]
[ 2017-03-27T15:58:12+08:00 ] /JSJD/index.php | INFO: Tag[ view_template ] --START--
[ 2017-03-27T15:58:12+08:00 ] /JSJD/index.php | INFO: Run LocationTemplate Behavior [ RunTime:0.000946s ]
[ 2017-03-27T15:58:12+08:00 ] /JSJD/index.php | INFO: Tag[ view_template ] --END-- [ RunTime:0.001034s ]
[ 2017-03-27T15:58:12+08:00 ] /JSJD/index.php | INFO: Tag[ view_parse ] --START--
[ 2017-03-27T15:58:12+08:00 ] /JSJD/index.php | NOTIC: [2] file_get_contents(./Index/Tpl/Public/top.html): failed to open stream: No such file or directory ThinkTemplate.class.php 第 702 行.
[ 2017-03-27T15:58:12+08:00 ] /JSJD/index.php | NOTIC: [2] file_get_contents(./Index/Tpl/Public/luenhuan.html): failed to open stream: No such file or directory ThinkTemplate.class.php 第 702 行.
[ 2017-03-27T15:58:12+08:00 ] /JSJD/index.php | NOTIC: [2] file_get_contents(./Index/Tpl/Public/footer.html): failed to open stream: No such file or directory ThinkTemplate.class.php 第 702 行.
[ 2017-03-27T15:58:12+08:00 ] /JSJD/index.php | INFO: Run ParseTemplate Behavior [ RunTime:0.021811s ]
[ 2017-03-27T15:58:12+08:00 ] /JSJD/index.php | INFO: Tag[ view_parse ] --END-- [ RunTime:0.021884s ]
[ 2017-03-27T15:58:12+08:00 ] /JSJD/index.php | INFO: Tag[ view_filter ] --START--
[ 2017-03-27T15:58:12+08:00 ] /JSJD/index.php | INFO: Run ContentReplace Behavior [ RunTime:0.000702s ]
[ 2017-03-27T15:58:12+08:00 ] /JSJD/index.php | INFO: Run TokenBuild Behavior [ RunTime:0.000674s ]
[ 2017-03-27T15:58:12+08:00 ] /JSJD/index.php | INFO: Run WriteHtmlCache Behavior [ RunTime:0.000456s ]
[ 2017-03-27T15:58:12+08:00 ] /JSJD/index.php | INFO: Run ShowRuntime Behavior [ RunTime:0.000674s ]
[ 2017-03-27T15:58:12+08:00 ] /JSJD/index.php | INFO: Tag[ view_filter ] --END-- [ RunTime:0.002659s ]
[ 2017-03-27T15:58:12+08:00 ] /JSJD/index.php | INFO: Tag[ view_end ] --START--
[ 2017-03-27T15:58:12+08:00 ] /JSJD/index.php | INFO: Run ShowPageTrace Behavior [ RunTime:0.000758s ]
[ 2017-03-27T15:58:12+08:00 ] /JSJD/index.php | INFO: Tag[ view_end ] --END-- [ RunTime:0.000819s ]
[ 2017-03-27T15:58:13+08:00 ] /JSJD/index.php | INFO: Tag[ app_begin ] --START--
[ 2017-03-27T15:58:13+08:00 ] /JSJD/index.php | INFO: Run ReadHtmlCache Behavior [ RunTime:0.001202s ]
[ 2017-03-27T15:58:13+08:00 ] /JSJD/index.php | INFO: Tag[ app_begin ] --END-- [ RunTime:0.001355s ]
[ 2017-03-27T15:58:13+08:00 ] /JSJD/index.php | INFO: Tag[ view_template ] --START--
[ 2017-03-27T15:58:13+08:00 ] /JSJD/index.php | INFO: Run LocationTemplate Behavior [ RunTime:0.001227s ]
[ 2017-03-27T15:58:13+08:00 ] /JSJD/index.php | INFO: Tag[ view_template ] --END-- [ RunTime:0.001362s ]
[ 2017-03-27T15:58:13+08:00 ] /JSJD/index.php | INFO: Tag[ view_parse ] --START--
[ 2017-03-27T15:58:13+08:00 ] /JSJD/index.php | NOTIC: [2] file_get_contents(./Index/Tpl/Public/top.html): failed to open stream: No such file or directory ThinkTemplate.class.php 第 702 行.
[ 2017-03-27T15:58:13+08:00 ] /JSJD/index.php | NOTIC: [2] file_get_contents(./Index/Tpl/Public/luenhuan.html): failed to open stream: No such file or directory ThinkTemplate.class.php 第 702 行.
[ 2017-03-27T15:58:13+08:00 ] /JSJD/index.php | NOTIC: [2] file_get_contents(./Index/Tpl/Public/footer.html): failed to open stream: No such file or directory ThinkTemplate.class.php 第 702 行.
[ 2017-03-27T15:58:13+08:00 ] /JSJD/index.php | INFO: Run ParseTemplate Behavior [ RunTime:0.022546s ]
[ 2017-03-27T15:58:13+08:00 ] /JSJD/index.php | INFO: Tag[ view_parse ] --END-- [ RunTime:0.022647s ]
[ 2017-03-27T15:58:13+08:00 ] /JSJD/index.php | INFO: Tag[ view_filter ] --START--
[ 2017-03-27T15:58:13+08:00 ] /JSJD/index.php | INFO: Run ContentReplace Behavior [ RunTime:0.001349s ]
[ 2017-03-27T15:58:13+08:00 ] /JSJD/index.php | INFO: Run TokenBuild Behavior [ RunTime:0.001078s ]
[ 2017-03-27T15:58:13+08:00 ] /JSJD/index.php | INFO: Run WriteHtmlCache Behavior [ RunTime:0.000817s ]
[ 2017-03-27T15:58:13+08:00 ] /JSJD/index.php | INFO: Run ShowRuntime Behavior [ RunTime:0.001071s ]
[ 2017-03-27T15:58:13+08:00 ] /JSJD/index.php | INFO: Tag[ view_filter ] --END-- [ RunTime:0.004553s ]
[ 2017-03-27T15:58:13+08:00 ] /JSJD/index.php | INFO: Tag[ view_end ] --START--
[ 2017-03-27T15:58:13+08:00 ] /JSJD/index.php | INFO: Run ShowPageTrace Behavior [ RunTime:0.001396s ]
[ 2017-03-27T15:58:13+08:00 ] /JSJD/index.php | INFO: Tag[ view_end ] --END-- [ RunTime:0.001546s ]
[ 2017-03-27T16:32:17+08:00 ] /JSJD/index.php | INFO: Tag[ app_begin ] --START--
[ 2017-03-27T16:32:17+08:00 ] /JSJD/index.php | INFO: Run ReadHtmlCache Behavior [ RunTime:0.001025s ]
[ 2017-03-27T16:32:17+08:00 ] /JSJD/index.php | INFO: Tag[ app_begin ] --END-- [ RunTime:0.001174s ]
[ 2017-03-27T16:32:17+08:00 ] /JSJD/index.php | INFO: Tag[ view_template ] --START--
[ 2017-03-27T16:32:17+08:00 ] /JSJD/index.php | INFO: Run LocationTemplate Behavior [ RunTime:0.000627s ]
[ 2017-03-27T16:32:17+08:00 ] /JSJD/index.php | INFO: Tag[ view_template ] --END-- [ RunTime:0.000680s ]
[ 2017-03-27T16:32:17+08:00 ] /JSJD/index.php | INFO: Tag[ view_parse ] --START--
[ 2017-03-27T16:32:17+08:00 ] /JSJD/index.php | NOTIC: [2] file_get_contents(./Index/Tpl/Public/top.html): failed to open stream: No such file or directory ThinkTemplate.class.php 第 702 行.
[ 2017-03-27T16:32:17+08:00 ] /JSJD/index.php | NOTIC: [2] file_get_contents(./Index/Tpl/Public/luenhuan.html): failed to open stream: No such file or directory ThinkTemplate.class.php 第 702 行.
[ 2017-03-27T16:32:17+08:00 ] /JSJD/index.php | NOTIC: [2] file_get_contents(./Index/Tpl/Public/footer.html): failed to open stream: No such file or directory ThinkTemplate.class.php 第 702 行.
[ 2017-03-27T16:32:17+08:00 ] /JSJD/index.php | INFO: Run ParseTemplate Behavior [ RunTime:0.028270s ]
[ 2017-03-27T16:32:17+08:00 ] /JSJD/index.php | INFO: Tag[ view_parse ] --END-- [ RunTime:0.028336s ]
[ 2017-03-27T16:32:17+08:00 ] /JSJD/index.php | INFO: Tag[ view_filter ] --START--
[ 2017-03-27T16:32:17+08:00 ] /JSJD/index.php | INFO: Run ContentReplace Behavior [ RunTime:0.000777s ]
[ 2017-03-27T16:32:17+08:00 ] /JSJD/index.php | INFO: Run TokenBuild Behavior [ RunTime:0.001025s ]
[ 2017-03-27T16:32:17+08:00 ] /JSJD/index.php | INFO: Run WriteHtmlCache Behavior [ RunTime:0.000556s ]
[ 2017-03-27T16:32:17+08:00 ] /JSJD/index.php | INFO: Run ShowRuntime Behavior [ RunTime:0.000714s ]
[ 2017-03-27T16:32:17+08:00 ] /JSJD/index.php | INFO: Tag[ view_filter ] --END-- [ RunTime:0.003239s ]
[ 2017-03-27T16:32:17+08:00 ] /JSJD/index.php | INFO: Tag[ view_end ] --START--
[ 2017-03-27T16:32:17+08:00 ] /JSJD/index.php | INFO: Run ShowPageTrace Behavior [ RunTime:0.001081s ]
[ 2017-03-27T16:32:17+08:00 ] /JSJD/index.php | INFO: Tag[ view_end ] --END-- [ RunTime:0.001141s ]
[ 2017-03-27T16:32:18+08:00 ] /JSJD/index.php | INFO: Tag[ app_begin ] --START--
[ 2017-03-27T16:32:18+08:00 ] /JSJD/index.php | INFO: Run ReadHtmlCache Behavior [ RunTime:0.000832s ]
[ 2017-03-27T16:32:18+08:00 ] /JSJD/index.php | INFO: Tag[ app_begin ] --END-- [ RunTime:0.000955s ]
[ 2017-03-27T16:32:18+08:00 ] /JSJD/index.php | INFO: Tag[ view_template ] --START--
[ 2017-03-27T16:32:18+08:00 ] /JSJD/index.php | INFO: Run LocationTemplate Behavior [ RunTime:0.000550s ]
[ 2017-03-27T16:32:18+08:00 ] /JSJD/index.php | INFO: Tag[ view_template ] --END-- [ RunTime:0.000596s ]
[ 2017-03-27T16:32:18+08:00 ] /JSJD/index.php | INFO: Tag[ view_parse ] --START--
[ 2017-03-27T16:32:18+08:00 ] /JSJD/index.php | NOTIC: [2] file_get_contents(./Index/Tpl/Public/top.html): failed to open stream: No such file or directory ThinkTemplate.class.php 第 702 行.
[ 2017-03-27T16:32:18+08:00 ] /JSJD/index.php | NOTIC: [2] file_get_contents(./Index/Tpl/Public/luenhuan.html): failed to open stream: No such file or directory ThinkTemplate.class.php 第 702 行.
[ 2017-03-27T16:32:18+08:00 ] /JSJD/index.php | NOTIC: [2] file_get_contents(./Index/Tpl/Public/footer.html): failed to open stream: No such file or directory ThinkTemplate.class.php 第 702 行.
[ 2017-03-27T16:32:18+08:00 ] /JSJD/index.php | INFO: Run ParseTemplate Behavior [ RunTime:0.012234s ]
[ 2017-03-27T16:32:18+08:00 ] /JSJD/index.php | INFO: Tag[ view_parse ] --END-- [ RunTime:0.012287s ]
[ 2017-03-27T16:32:18+08:00 ] /JSJD/index.php | INFO: Tag[ view_filter ] --START--
[ 2017-03-27T16:32:18+08:00 ] /JSJD/index.php | INFO: Run ContentReplace Behavior [ RunTime:0.000623s ]
[ 2017-03-27T16:32:18+08:00 ] /JSJD/index.php | INFO: Run TokenBuild Behavior [ RunTime:0.000553s ]
[ 2017-03-27T16:32:18+08:00 ] /JSJD/index.php | INFO: Run WriteHtmlCache Behavior [ RunTime:0.000426s ]
[ 2017-03-27T16:32:18+08:00 ] /JSJD/index.php | INFO: Run ShowRuntime Behavior [ RunTime:0.000571s ]
[ 2017-03-27T16:32:18+08:00 ] /JSJD/index.php | INFO: Tag[ view_filter ] --END-- [ RunTime:0.002284s ]
[ 2017-03-27T16:32:18+08:00 ] /JSJD/index.php | INFO: Tag[ view_end ] --START--
[ 2017-03-27T16:32:18+08:00 ] /JSJD/index.php | INFO: Run ShowPageTrace Behavior [ RunTime:0.000707s ]
[ 2017-03-27T16:32:18+08:00 ] /JSJD/index.php | INFO: Tag[ view_end ] --END-- [ RunTime:0.000767s ]
[ 2017-03-27T16:32:20+08:00 ] /JSJD/index.php | INFO: Tag[ app_begin ] --START--
[ 2017-03-27T16:32:20+08:00 ] /JSJD/index.php | INFO: Run ReadHtmlCache Behavior [ RunTime:0.000806s ]
[ 2017-03-27T16:32:20+08:00 ] /JSJD/index.php | INFO: Tag[ app_begin ] --END-- [ RunTime:0.000915s ]
[ 2017-03-27T16:32:20+08:00 ] /JSJD/index.php | INFO: Tag[ view_template ] --START--
[ 2017-03-27T16:32:20+08:00 ] /JSJD/index.php | INFO: Run LocationTemplate Behavior [ RunTime:0.000590s ]
[ 2017-03-27T16:32:20+08:00 ] /JSJD/index.php | INFO: Tag[ view_template ] --END-- [ RunTime:0.000652s ]
[ 2017-03-27T16:32:20+08:00 ] /JSJD/index.php | INFO: Tag[ view_parse ] --START--
[ 2017-03-27T16:32:20+08:00 ] /JSJD/index.php | NOTIC: [2] file_get_contents(./Index/Tpl/Public/top.html): failed to open stream: No such file or directory ThinkTemplate.class.php 第 702 行.
[ 2017-03-27T16:32:20+08:00 ] /JSJD/index.php | NOTIC: [2] file_get_contents(./Index/Tpl/Public/luenhuan.html): failed to open stream: No such file or directory ThinkTemplate.class.php 第 702 行.
[ 2017-03-27T16:32:20+08:00 ] /JSJD/index.php | NOTIC: [2] file_get_contents(./Index/Tpl/Public/footer.html): failed to open stream: No such file or directory ThinkTemplate.class.php 第 702 行.
[ 2017-03-27T16:32:20+08:00 ] /JSJD/index.php | INFO: Run ParseTemplate Behavior [ RunTime:0.013532s ]
[ 2017-03-27T16:32:20+08:00 ] /JSJD/index.php | INFO: Tag[ view_parse ] --END-- [ RunTime:0.013608s ]
[ 2017-03-27T16:32:20+08:00 ] /JSJD/index.php | INFO: Tag[ view_filter ] --START--
[ 2017-03-27T16:32:20+08:00 ] /JSJD/index.php | INFO: Run ContentReplace Behavior [ RunTime:0.000640s ]
[ 2017-03-27T16:32:20+08:00 ] /JSJD/index.php | INFO: Run TokenBuild Behavior [ RunTime:0.000635s ]
[ 2017-03-27T16:32:20+08:00 ] /JSJD/index.php | INFO: Run WriteHtmlCache Behavior [ RunTime:0.000753s ]
[ 2017-03-27T16:32:20+08:00 ] /JSJD/index.php | INFO: Run ShowRuntime Behavior [ RunTime:0.000645s ]
[ 2017-03-27T16:32:20+08:00 ] /JSJD/index.php | INFO: Tag[ view_filter ] --END-- [ RunTime:0.002824s ]
[ 2017-03-27T16:32:20+08:00 ] /JSJD/index.php | INFO: Tag[ view_end ] --START--
[ 2017-03-27T16:32:20+08:00 ] /JSJD/index.php | INFO: Run ShowPageTrace Behavior [ RunTime:0.000888s ]
[ 2017-03-27T16:32:20+08:00 ] /JSJD/index.php | INFO: Tag[ view_end ] --END-- [ RunTime:0.000953s ]
