[ 2017-04-15T17:12:28+08:00 ] /JSJD/index.php | INFO: Tag[ app_begin ] --START--
[ 2017-04-15T17:12:28+08:00 ] /JSJD/index.php | INFO: Run ReadHtmlCache Behavior [ RunTime:0.000602s ]
[ 2017-04-15T17:12:28+08:00 ] /JSJD/index.php | INFO: Tag[ app_begin ] --END-- [ RunTime:0.000703s ]
[ 2017-04-15T17:12:28+08:00 ] /JSJD/index.php | SQL: SHOW COLUMNS FROM `czxy_systemconfig` [ RunTime:0.071765s ]
[ 2017-04-15T17:12:28+08:00 ] /JSJD/index.php | SQL: SELECT * FROM `czxy_systemconfig` WHERE ( `ckey` = 'rotateimg' )  [ RunTime:0.000382s ]
[ 2017-04-15T17:12:28+08:00 ] /JSJD/index.php | SQL: SHOW COLUMNS FROM `czxy_news` [ RunTime:0.025773s ]
[ 2017-04-15T17:12:28+08:00 ] /JSJD/index.php | SQL: SELECT * FROM `czxy_news` LIMIT 5   [ RunTime:0.000404s ]
[ 2017-04-15T17:12:28+08:00 ] /JSJD/index.php | SQL: SHOW COLUMNS FROM `czxy_subjectrace` [ RunTime:0.026285s ]
[ 2017-04-15T17:12:28+08:00 ] /JSJD/index.php | SQL: SELECT * FROM `czxy_subjectrace` ORDER BY id DESC LIMIT 3   [ RunTime:0.000357s ]
[ 2017-04-15T17:12:28+08:00 ] /JSJD/index.php | INFO: Tag[ view_template ] --START--
[ 2017-04-15T17:12:28+08:00 ] /JSJD/index.php | INFO: Run LocationTemplate Behavior [ RunTime:0.006445s ]
[ 2017-04-15T17:12:28+08:00 ] /JSJD/index.php | INFO: Tag[ view_template ] --END-- [ RunTime:0.006506s ]
[ 2017-04-15T17:12:28+08:00 ] /JSJD/index.php | INFO: Tag[ view_parse ] --START--
[ 2017-04-15T17:12:28+08:00 ] /JSJD/index.php | NOTIC: [2] file_get_contents(./Index/Tpl/Public/top.html) [<a href='function.file-get-contents'>function.file-get-contents</a>]: failed to open stream: No such file or directory ThinkTemplate.class.php 第 702 行.
[ 2017-04-15T17:12:28+08:00 ] /JSJD/index.php | NOTIC: [2] file_get_contents(./Index/Tpl/Public/luenhuan.html) [<a href='function.file-get-contents'>function.file-get-contents</a>]: failed to open stream: No such file or directory ThinkTemplate.class.php 第 702 行.
[ 2017-04-15T17:12:28+08:00 ] /JSJD/index.php | NOTIC: [2] file_get_contents(./Index/Tpl/Public/footer.html) [<a href='function.file-get-contents'>function.file-get-contents</a>]: failed to open stream: No such file or directory ThinkTemplate.class.php 第 702 行.
[ 2017-04-15T17:12:28+08:00 ] /JSJD/index.php | INFO: Run ParseTemplate Behavior [ RunTime:0.072731s ]
[ 2017-04-15T17:12:28+08:00 ] /JSJD/index.php | INFO: Tag[ view_parse ] --END-- [ RunTime:0.072836s ]
[ 2017-04-15T17:12:28+08:00 ] /JSJD/index.php | INFO: Tag[ view_filter ] --START--
[ 2017-04-15T17:12:28+08:00 ] /JSJD/index.php | INFO: Run ContentReplace Behavior [ RunTime:0.001208s ]
[ 2017-04-15T17:12:28+08:00 ] /JSJD/index.php | INFO: Run TokenBuild Behavior [ RunTime:0.001637s ]
[ 2017-04-15T17:12:28+08:00 ] /JSJD/index.php | INFO: Run WriteHtmlCache Behavior [ RunTime:0.001428s ]
[ 2017-04-15T17:12:28+08:00 ] /JSJD/index.php | INFO: Run ShowRuntime Behavior [ RunTime:0.001522s ]
[ 2017-04-15T17:12:28+08:00 ] /JSJD/index.php | INFO: Tag[ view_filter ] --END-- [ RunTime:0.006294s ]
[ 2017-04-15T17:12:28+08:00 ] /JSJD/index.php | INFO: Tag[ view_end ] --START--
[ 2017-04-15T17:12:28+08:00 ] /JSJD/index.php | INFO: Run ShowPageTrace Behavior [ RunTime:0.001811s ]
[ 2017-04-15T17:12:28+08:00 ] /JSJD/index.php | INFO: Tag[ view_end ] --END-- [ RunTime:0.002004s ]
[ 2017-04-15T17:12:30+08:00 ] /JSJD/index.php/News/index | INFO: Tag[ route_check ] --START--
[ 2017-04-15T17:12:30+08:00 ] /JSJD/index.php/News/index | INFO: Run CheckRoute Behavior [ RunTime:0.000926s ]
[ 2017-04-15T17:12:30+08:00 ] /JSJD/index.php/News/index | INFO: Tag[ route_check ] --END-- [ RunTime:0.001038s ]
[ 2017-04-15T17:12:30+08:00 ] /JSJD/index.php/News/index | INFO: Tag[ app_begin ] --START--
[ 2017-04-15T17:12:30+08:00 ] /JSJD/index.php/News/index | INFO: Run ReadHtmlCache Behavior [ RunTime:0.000715s ]
[ 2017-04-15T17:12:30+08:00 ] /JSJD/index.php/News/index | INFO: Tag[ app_begin ] --END-- [ RunTime:0.000772s ]
[ 2017-04-15T17:12:30+08:00 ] /JSJD/index.php/News/index | SQL: SHOW COLUMNS FROM `czxy_systemconfig` [ RunTime:0.006098s ]
[ 2017-04-15T17:12:30+08:00 ] /JSJD/index.php/News/index | SQL: SELECT * FROM `czxy_systemconfig` WHERE ( `ckey` = 'rotateimg' )  [ RunTime:0.000402s ]
[ 2017-04-15T17:12:30+08:00 ] /JSJD/index.php/News/index | INFO: Tag[ view_template ] --START--
[ 2017-04-15T17:12:30+08:00 ] /JSJD/index.php/News/index | INFO: Run LocationTemplate Behavior [ RunTime:0.001469s ]
[ 2017-04-15T17:12:30+08:00 ] /JSJD/index.php/News/index | INFO: Tag[ view_template ] --END-- [ RunTime:0.001534s ]
[ 2017-04-15T17:12:30+08:00 ] /JSJD/index.php/News/index | INFO: Tag[ view_parse ] --START--
[ 2017-04-15T17:12:30+08:00 ] /JSJD/index.php/News/index | NOTIC: [2] file_get_contents(./Index/Tpl/Public/top.html) [<a href='function.file-get-contents'>function.file-get-contents</a>]: failed to open stream: No such file or directory ThinkTemplate.class.php 第 702 行.
[ 2017-04-15T17:12:30+08:00 ] /JSJD/index.php/News/index | NOTIC: [2] file_get_contents(./Index/Tpl/Public/luenhuan.html) [<a href='function.file-get-contents'>function.file-get-contents</a>]: failed to open stream: No such file or directory ThinkTemplate.class.php 第 702 行.
[ 2017-04-15T17:12:30+08:00 ] /JSJD/index.php/News/index | NOTIC: [2] file_get_contents(./Index/Tpl/Public/footer.html) [<a href='function.file-get-contents'>function.file-get-contents</a>]: failed to open stream: No such file or directory ThinkTemplate.class.php 第 702 行.
[ 2017-04-15T17:12:30+08:00 ] /JSJD/index.php/News/index | INFO: Run ParseTemplate Behavior [ RunTime:0.060163s ]
[ 2017-04-15T17:12:30+08:00 ] /JSJD/index.php/News/index | INFO: Tag[ view_parse ] --END-- [ RunTime:0.060225s ]
[ 2017-04-15T17:12:30+08:00 ] /JSJD/index.php/News/index | INFO: Tag[ view_filter ] --START--
[ 2017-04-15T17:12:30+08:00 ] /JSJD/index.php/News/index | INFO: Run ContentReplace Behavior [ RunTime:0.000708s ]
[ 2017-04-15T17:12:30+08:00 ] /JSJD/index.php/News/index | INFO: Run TokenBuild Behavior [ RunTime:0.000650s ]
[ 2017-04-15T17:12:30+08:00 ] /JSJD/index.php/News/index | INFO: Run WriteHtmlCache Behavior [ RunTime:0.000485s ]
[ 2017-04-15T17:12:30+08:00 ] /JSJD/index.php/News/index | INFO: Run ShowRuntime Behavior [ RunTime:0.000627s ]
[ 2017-04-15T17:12:30+08:00 ] /JSJD/index.php/News/index | INFO: Tag[ view_filter ] --END-- [ RunTime:0.002631s ]
[ 2017-04-15T17:12:30+08:00 ] /JSJD/index.php/News/index | INFO: Tag[ view_end ] --START--
[ 2017-04-15T17:12:30+08:00 ] /JSJD/index.php/News/index | INFO: Run ShowPageTrace Behavior [ RunTime:0.000685s ]
[ 2017-04-15T17:12:30+08:00 ] /JSJD/index.php/News/index | INFO: Tag[ view_end ] --END-- [ RunTime:0.000758s ]
[ 2017-04-15T17:12:30+08:00 ] /JSJD/index.php/images/xinwen.png | ERR: (ThinkException) 无法加载模块images
[ 2017-04-15T17:12:31+08:00 ] /JSJD/index.php/images/22204.jpg | ERR: (ThinkException) 无法加载模块images
[ 2017-04-15T17:12:31+08:00 ] /JSJD/index.php/js/jquery.bxslider.min.js | ERR: (ThinkException) 无法加载模块js
[ 2017-04-15T17:12:32+08:00 ] /JSJD/index.php/News/index | INFO: Tag[ route_check ] --START--
[ 2017-04-15T17:12:32+08:00 ] /JSJD/index.php/News/index | INFO: Run CheckRoute Behavior [ RunTime:0.000952s ]
[ 2017-04-15T17:12:32+08:00 ] /JSJD/index.php/News/index | INFO: Tag[ route_check ] --END-- [ RunTime:0.001092s ]
[ 2017-04-15T17:12:32+08:00 ] /JSJD/index.php/News/index | INFO: Tag[ app_begin ] --START--
[ 2017-04-15T17:12:32+08:00 ] /JSJD/index.php/News/index | INFO: Run ReadHtmlCache Behavior [ RunTime:0.000923s ]
[ 2017-04-15T17:12:32+08:00 ] /JSJD/index.php/News/index | INFO: Tag[ app_begin ] --END-- [ RunTime:0.000998s ]
[ 2017-04-15T17:12:32+08:00 ] /JSJD/index.php/News/index | SQL: SHOW COLUMNS FROM `czxy_systemconfig` [ RunTime:0.007191s ]
[ 2017-04-15T17:12:32+08:00 ] /JSJD/index.php/News/index | SQL: SELECT * FROM `czxy_systemconfig` WHERE ( `ckey` = 'rotateimg' )  [ RunTime:0.000443s ]
[ 2017-04-15T17:12:32+08:00 ] /JSJD/index.php/News/index | INFO: Tag[ view_template ] --START--
[ 2017-04-15T17:12:32+08:00 ] /JSJD/index.php/News/index | INFO: Run LocationTemplate Behavior [ RunTime:0.000865s ]
[ 2017-04-15T17:12:32+08:00 ] /JSJD/index.php/News/index | INFO: Tag[ view_template ] --END-- [ RunTime:0.000930s ]
[ 2017-04-15T17:12:32+08:00 ] /JSJD/index.php/News/index | INFO: Tag[ view_parse ] --START--
[ 2017-04-15T17:12:32+08:00 ] /JSJD/index.php/News/index | NOTIC: [2] file_get_contents(./Index/Tpl/Public/top.html) [<a href='function.file-get-contents'>function.file-get-contents</a>]: failed to open stream: No such file or directory ThinkTemplate.class.php 第 702 行.
[ 2017-04-15T17:12:32+08:00 ] /JSJD/index.php/News/index | NOTIC: [2] file_get_contents(./Index/Tpl/Public/luenhuan.html) [<a href='function.file-get-contents'>function.file-get-contents</a>]: failed to open stream: No such file or directory ThinkTemplate.class.php 第 702 行.
[ 2017-04-15T17:12:32+08:00 ] /JSJD/index.php/News/index | NOTIC: [2] file_get_contents(./Index/Tpl/Public/footer.html) [<a href='function.file-get-contents'>function.file-get-contents</a>]: failed to open stream: No such file or directory ThinkTemplate.class.php 第 702 行.
[ 2017-04-15T17:12:32+08:00 ] /JSJD/index.php/News/index | INFO: Run ParseTemplate Behavior [ RunTime:0.020593s ]
[ 2017-04-15T17:12:32+08:00 ] /JSJD/index.php/News/index | INFO: Tag[ view_parse ] --END-- [ RunTime:0.020648s ]
[ 2017-04-15T17:12:32+08:00 ] /JSJD/index.php/News/index | INFO: Tag[ view_filter ] --START--
[ 2017-04-15T17:12:32+08:00 ] /JSJD/index.php/News/index | INFO: Run ContentReplace Behavior [ RunTime:0.000730s ]
[ 2017-04-15T17:12:32+08:00 ] /JSJD/index.php/News/index | INFO: Run TokenBuild Behavior [ RunTime:0.000787s ]
[ 2017-04-15T17:12:32+08:00 ] /JSJD/index.php/News/index | INFO: Run WriteHtmlCache Behavior [ RunTime:0.000526s ]
[ 2017-04-15T17:12:32+08:00 ] /JSJD/index.php/News/index | INFO: Run ShowRuntime Behavior [ RunTime:0.000623s ]
[ 2017-04-15T17:12:32+08:00 ] /JSJD/index.php/News/index | INFO: Tag[ view_filter ] --END-- [ RunTime:0.002800s ]
[ 2017-04-15T17:12:32+08:00 ] /JSJD/index.php/News/index | INFO: Tag[ view_end ] --START--
[ 2017-04-15T17:12:32+08:00 ] /JSJD/index.php/News/index | INFO: Run ShowPageTrace Behavior [ RunTime:0.000708s ]
[ 2017-04-15T17:12:32+08:00 ] /JSJD/index.php/News/index | INFO: Tag[ view_end ] --END-- [ RunTime:0.000787s ]
[ 2017-04-15T17:12:32+08:00 ] /JSJD/index.php/images/xinwen.png | ERR: (ThinkException) 无法加载模块images
[ 2017-04-15T17:12:32+08:00 ] /JSJD/index.php/images/22204.jpg | ERR: (ThinkException) 无法加载模块images
[ 2017-04-15T17:12:33+08:00 ] /JSJD/index.php/js/jquery.bxslider.min.js | ERR: (ThinkException) 无法加载模块js
[ 2017-04-15T17:12:34+08:00 ] /JSJD/index.php/About/index | INFO: Tag[ route_check ] --START--
[ 2017-04-15T17:12:34+08:00 ] /JSJD/index.php/About/index | INFO: Run CheckRoute Behavior [ RunTime:0.000731s ]
[ 2017-04-15T17:12:34+08:00 ] /JSJD/index.php/About/index | INFO: Tag[ route_check ] --END-- [ RunTime:0.000829s ]
[ 2017-04-15T17:12:34+08:00 ] /JSJD/index.php/About/index | INFO: Tag[ app_begin ] --START--
[ 2017-04-15T17:12:34+08:00 ] /JSJD/index.php/About/index | INFO: Run ReadHtmlCache Behavior [ RunTime:0.000564s ]
[ 2017-04-15T17:12:34+08:00 ] /JSJD/index.php/About/index | INFO: Tag[ app_begin ] --END-- [ RunTime:0.000615s ]
[ 2017-04-15T17:12:34+08:00 ] /JSJD/index.php/About/index | SQL: SHOW COLUMNS FROM `czxy_systemconfig` [ RunTime:0.005956s ]
[ 2017-04-15T17:12:34+08:00 ] /JSJD/index.php/About/index | SQL: SELECT * FROM `czxy_systemconfig` WHERE ( `ckey` = 'rotateimg' )  [ RunTime:0.000425s ]
[ 2017-04-15T17:12:34+08:00 ] /JSJD/index.php/About/index | INFO: Tag[ view_template ] --START--
[ 2017-04-15T17:12:34+08:00 ] /JSJD/index.php/About/index | INFO: Run LocationTemplate Behavior [ RunTime:0.039763s ]
[ 2017-04-15T17:12:34+08:00 ] /JSJD/index.php/About/index | INFO: Tag[ view_template ] --END-- [ RunTime:0.039839s ]
[ 2017-04-15T17:12:34+08:00 ] /JSJD/index.php/About/index | INFO: Tag[ view_parse ] --START--
[ 2017-04-15T17:12:34+08:00 ] /JSJD/index.php/About/index | NOTIC: [2] file_get_contents(./Index/Tpl/Public/top.html) [<a href='function.file-get-contents'>function.file-get-contents</a>]: failed to open stream: No such file or directory ThinkTemplate.class.php 第 702 行.
[ 2017-04-15T17:12:34+08:00 ] /JSJD/index.php/About/index | NOTIC: [2] file_get_contents(./Index/Tpl/Public/luenhuan.html) [<a href='function.file-get-contents'>function.file-get-contents</a>]: failed to open stream: No such file or directory ThinkTemplate.class.php 第 702 行.
[ 2017-04-15T17:12:34+08:00 ] /JSJD/index.php/About/index | NOTIC: [2] file_get_contents(./Index/Tpl/Public/footer.html) [<a href='function.file-get-contents'>function.file-get-contents</a>]: failed to open stream: No such file or directory ThinkTemplate.class.php 第 702 行.
[ 2017-04-15T17:12:34+08:00 ] /JSJD/index.php/About/index | INFO: Run ParseTemplate Behavior [ RunTime:0.023103s ]
[ 2017-04-15T17:12:34+08:00 ] /JSJD/index.php/About/index | INFO: Tag[ view_parse ] --END-- [ RunTime:0.023172s ]
[ 2017-04-15T17:12:34+08:00 ] /JSJD/index.php/About/index | INFO: Tag[ view_filter ] --START--
[ 2017-04-15T17:12:34+08:00 ] /JSJD/index.php/About/index | INFO: Run ContentReplace Behavior [ RunTime:0.000602s ]
[ 2017-04-15T17:12:34+08:00 ] /JSJD/index.php/About/index | INFO: Run TokenBuild Behavior [ RunTime:0.000543s ]
[ 2017-04-15T17:12:34+08:00 ] /JSJD/index.php/About/index | INFO: Run WriteHtmlCache Behavior [ RunTime:0.000466s ]
[ 2017-04-15T17:12:34+08:00 ] /JSJD/index.php/About/index | INFO: Run ShowRuntime Behavior [ RunTime:0.000550s ]
[ 2017-04-15T17:12:34+08:00 ] /JSJD/index.php/About/index | INFO: Tag[ view_filter ] --END-- [ RunTime:0.002296s ]
[ 2017-04-15T17:12:34+08:00 ] /JSJD/index.php/About/index | INFO: Tag[ view_end ] --START--
[ 2017-04-15T17:12:34+08:00 ] /JSJD/index.php/About/index | INFO: Run ShowPageTrace Behavior [ RunTime:0.000719s ]
[ 2017-04-15T17:12:34+08:00 ] /JSJD/index.php/About/index | INFO: Tag[ view_end ] --END-- [ RunTime:0.000790s ]
[ 2017-04-15T17:12:36+08:00 ] /JSJD/index.php/About/contactus | INFO: Tag[ route_check ] --START--
[ 2017-04-15T17:12:36+08:00 ] /JSJD/index.php/About/contactus | INFO: Run CheckRoute Behavior [ RunTime:0.000980s ]
[ 2017-04-15T17:12:36+08:00 ] /JSJD/index.php/About/contactus | INFO: Tag[ route_check ] --END-- [ RunTime:0.001137s ]
[ 2017-04-15T17:12:36+08:00 ] /JSJD/index.php/About/contactus | INFO: Tag[ app_begin ] --START--
[ 2017-04-15T17:12:36+08:00 ] /JSJD/index.php/About/contactus | INFO: Run ReadHtmlCache Behavior [ RunTime:0.000750s ]
[ 2017-04-15T17:12:36+08:00 ] /JSJD/index.php/About/contactus | INFO: Tag[ app_begin ] --END-- [ RunTime:0.000812s ]
[ 2017-04-15T17:12:36+08:00 ] /JSJD/index.php/About/contactus | SQL: SHOW COLUMNS FROM `czxy_systemconfig` [ RunTime:0.006580s ]
[ 2017-04-15T17:12:36+08:00 ] /JSJD/index.php/About/contactus | SQL: SELECT * FROM `czxy_systemconfig` WHERE ( `ckey` = 'rotateimg' )  [ RunTime:0.000411s ]
[ 2017-04-15T17:12:36+08:00 ] /JSJD/index.php/About/contactus | INFO: Tag[ view_template ] --START--
[ 2017-04-15T17:12:36+08:00 ] /JSJD/index.php/About/contactus | INFO: Run LocationTemplate Behavior [ RunTime:0.000863s ]
[ 2017-04-15T17:12:36+08:00 ] /JSJD/index.php/About/contactus | INFO: Tag[ view_template ] --END-- [ RunTime:0.000924s ]
[ 2017-04-15T17:12:36+08:00 ] /JSJD/index.php/About/contactus | INFO: Tag[ view_parse ] --START--
[ 2017-04-15T17:12:36+08:00 ] /JSJD/index.php/About/contactus | NOTIC: [2] file_get_contents(./Index/Tpl/Public/top.html) [<a href='function.file-get-contents'>function.file-get-contents</a>]: failed to open stream: No such file or directory ThinkTemplate.class.php 第 702 行.
[ 2017-04-15T17:12:36+08:00 ] /JSJD/index.php/About/contactus | NOTIC: [2] file_get_contents(./Index/Tpl/Public/luenhuan.html) [<a href='function.file-get-contents'>function.file-get-contents</a>]: failed to open stream: No such file or directory ThinkTemplate.class.php 第 702 行.
[ 2017-04-15T17:12:36+08:00 ] /JSJD/index.php/About/contactus | NOTIC: [2] file_get_contents(./Index/Tpl/Public/footer.html) [<a href='function.file-get-contents'>function.file-get-contents</a>]: failed to open stream: No such file or directory ThinkTemplate.class.php 第 702 行.
[ 2017-04-15T17:12:36+08:00 ] /JSJD/index.php/About/contactus | INFO: Run ParseTemplate Behavior [ RunTime:0.062443s ]
[ 2017-04-15T17:12:36+08:00 ] /JSJD/index.php/About/contactus | INFO: Tag[ view_parse ] --END-- [ RunTime:0.062502s ]
[ 2017-04-15T17:12:36+08:00 ] /JSJD/index.php/About/contactus | INFO: Tag[ view_filter ] --START--
[ 2017-04-15T17:12:36+08:00 ] /JSJD/index.php/About/contactus | INFO: Run ContentReplace Behavior [ RunTime:0.001001s ]
[ 2017-04-15T17:12:36+08:00 ] /JSJD/index.php/About/contactus | INFO: Run TokenBuild Behavior [ RunTime:0.000679s ]
[ 2017-04-15T17:12:36+08:00 ] /JSJD/index.php/About/contactus | INFO: Run WriteHtmlCache Behavior [ RunTime:0.000391s ]
[ 2017-04-15T17:12:36+08:00 ] /JSJD/index.php/About/contactus | INFO: Run ShowRuntime Behavior [ RunTime:0.000582s ]
[ 2017-04-15T17:12:36+08:00 ] /JSJD/index.php/About/contactus | INFO: Tag[ view_filter ] --END-- [ RunTime:0.002821s ]
[ 2017-04-15T17:12:36+08:00 ] /JSJD/index.php/About/contactus | INFO: Tag[ view_end ] --START--
[ 2017-04-15T17:12:36+08:00 ] /JSJD/index.php/About/contactus | INFO: Run ShowPageTrace Behavior [ RunTime:0.000630s ]
[ 2017-04-15T17:12:36+08:00 ] /JSJD/index.php/About/contactus | INFO: Tag[ view_end ] --END-- [ RunTime:0.000699s ]
[ 2017-04-15T17:12:36+08:00 ] /JSJD/index.php/js/jquery.bxslider.min.js | ERR: (ThinkException) 无法加载模块js
[ 2017-04-15T17:12:38+08:00 ] /JSJD/index.php/About/About/rlzy.html | ERR: (ThinkException) 非法操作About
[ 2017-04-15T17:12:43+08:00 ] /JSJD/index.php/About/contactus | INFO: Tag[ route_check ] --START--
[ 2017-04-15T17:12:43+08:00 ] /JSJD/index.php/About/contactus | INFO: Run CheckRoute Behavior [ RunTime:0.001168s ]
[ 2017-04-15T17:12:43+08:00 ] /JSJD/index.php/About/contactus | INFO: Tag[ route_check ] --END-- [ RunTime:0.001272s ]
[ 2017-04-15T17:12:43+08:00 ] /JSJD/index.php/About/contactus | INFO: Tag[ app_begin ] --START--
[ 2017-04-15T17:12:43+08:00 ] /JSJD/index.php/About/contactus | INFO: Run ReadHtmlCache Behavior [ RunTime:0.000888s ]
[ 2017-04-15T17:12:43+08:00 ] /JSJD/index.php/About/contactus | INFO: Tag[ app_begin ] --END-- [ RunTime:0.000966s ]
[ 2017-04-15T17:12:43+08:00 ] /JSJD/index.php/About/contactus | SQL: SHOW COLUMNS FROM `czxy_systemconfig` [ RunTime:0.005899s ]
[ 2017-04-15T17:12:43+08:00 ] /JSJD/index.php/About/contactus | SQL: SELECT * FROM `czxy_systemconfig` WHERE ( `ckey` = 'rotateimg' )  [ RunTime:0.000404s ]
[ 2017-04-15T17:12:43+08:00 ] /JSJD/index.php/About/contactus | INFO: Tag[ view_template ] --START--
[ 2017-04-15T17:12:43+08:00 ] /JSJD/index.php/About/contactus | INFO: Run LocationTemplate Behavior [ RunTime:0.000789s ]
[ 2017-04-15T17:12:43+08:00 ] /JSJD/index.php/About/contactus | INFO: Tag[ view_template ] --END-- [ RunTime:0.000850s ]
[ 2017-04-15T17:12:43+08:00 ] /JSJD/index.php/About/contactus | INFO: Tag[ view_parse ] --START--
[ 2017-04-15T17:12:43+08:00 ] /JSJD/index.php/About/contactus | NOTIC: [2] file_get_contents(./Index/Tpl/Public/top.html) [<a href='function.file-get-contents'>function.file-get-contents</a>]: failed to open stream: No such file or directory ThinkTemplate.class.php 第 702 行.
[ 2017-04-15T17:12:43+08:00 ] /JSJD/index.php/About/contactus | NOTIC: [2] file_get_contents(./Index/Tpl/Public/luenhuan.html) [<a href='function.file-get-contents'>function.file-get-contents</a>]: failed to open stream: No such file or directory ThinkTemplate.class.php 第 702 行.
[ 2017-04-15T17:12:43+08:00 ] /JSJD/index.php/About/contactus | NOTIC: [2] file_get_contents(./Index/Tpl/Public/footer.html) [<a href='function.file-get-contents'>function.file-get-contents</a>]: failed to open stream: No such file or directory ThinkTemplate.class.php 第 702 行.
[ 2017-04-15T17:12:43+08:00 ] /JSJD/index.php/About/contactus | INFO: Run ParseTemplate Behavior [ RunTime:0.010696s ]
[ 2017-04-15T17:12:43+08:00 ] /JSJD/index.php/About/contactus | INFO: Tag[ view_parse ] --END-- [ RunTime:0.010756s ]
[ 2017-04-15T17:12:43+08:00 ] /JSJD/index.php/About/contactus | INFO: Tag[ view_filter ] --START--
[ 2017-04-15T17:12:43+08:00 ] /JSJD/index.php/About/contactus | INFO: Run ContentReplace Behavior [ RunTime:0.000738s ]
[ 2017-04-15T17:12:43+08:00 ] /JSJD/index.php/About/contactus | INFO: Run TokenBuild Behavior [ RunTime:0.000669s ]
[ 2017-04-15T17:12:43+08:00 ] /JSJD/index.php/About/contactus | INFO: Run WriteHtmlCache Behavior [ RunTime:0.000541s ]
[ 2017-04-15T17:12:43+08:00 ] /JSJD/index.php/About/contactus | INFO: Run ShowRuntime Behavior [ RunTime:0.000624s ]
[ 2017-04-15T17:12:43+08:00 ] /JSJD/index.php/About/contactus | INFO: Tag[ view_filter ] --END-- [ RunTime:0.002798s ]
[ 2017-04-15T17:12:43+08:00 ] /JSJD/index.php/About/contactus | INFO: Tag[ view_end ] --START--
[ 2017-04-15T17:12:43+08:00 ] /JSJD/index.php/About/contactus | INFO: Run ShowPageTrace Behavior [ RunTime:0.000713s ]
[ 2017-04-15T17:12:43+08:00 ] /JSJD/index.php/About/contactus | INFO: Tag[ view_end ] --END-- [ RunTime:0.000792s ]
[ 2017-04-15T17:12:43+08:00 ] /JSJD/index.php/js/jquery.bxslider.min.js | ERR: (ThinkException) 无法加载模块js
