[ 2017-03-17T17:20:32+08:00 ] /JSJD/index.php | INFO: Tag[ app_begin ] --START--
[ 2017-03-17T17:20:32+08:00 ] /JSJD/index.php | INFO: Run ReadHtmlCache Behavior [ RunTime:0.000801s ]
[ 2017-03-17T17:20:32+08:00 ] /JSJD/index.php | INFO: Tag[ app_begin ] --END-- [ RunTime:0.000914s ]
[ 2017-03-17T17:20:32+08:00 ] /JSJD/index.php | INFO: Tag[ view_template ] --START--
[ 2017-03-17T17:20:32+08:00 ] /JSJD/index.php | INFO: Run LocationTemplate Behavior [ RunTime:0.016291s ]
[ 2017-03-17T17:20:32+08:00 ] /JSJD/index.php | INFO: Tag[ view_template ] --END-- [ RunTime:0.016371s ]
[ 2017-03-17T17:20:32+08:00 ] /JSJD/index.php | INFO: Tag[ view_parse ] --START--
[ 2017-03-17T17:20:32+08:00 ] /JSJD/index.php | NOTIC: [8192] preg_replace(): The /e modifier is deprecated, use preg_replace_callback instead ThinkTemplate.class.php 第 186 行.
[ 2017-03-17T17:20:32+08:00 ] /JSJD/index.php | NOTIC: [2] file_get_contents(./Index/Tpl/Public/top.html): failed to open stream: No such file or directory ThinkTemplate.class.php 第 702 行.
[ 2017-03-17T17:20:32+08:00 ] /JSJD/index.php | NOTIC: [2] file_get_contents(./Index/Tpl/Public/luenhuan.html): failed to open stream: No such file or directory ThinkTemplate.class.php 第 702 行.
[ 2017-03-17T17:20:32+08:00 ] /JSJD/index.php | NOTIC: [2] file_get_contents(./Index/Tpl/Public/footer.html): failed to open stream: No such file or directory ThinkTemplate.class.php 第 702 行.
[ 2017-03-17T17:20:32+08:00 ] /JSJD/index.php | NOTIC: [8192] preg_replace(): The /e modifier is deprecated, use preg_replace_callback instead ThinkTemplate.class.php 第 406 行.
[ 2017-03-17T17:20:32+08:00 ] /JSJD/index.php | NOTIC: [8192] preg_replace(): The /e modifier is deprecated, use preg_replace_callback instead ThinkTemplate.class.php 第 406 行.
[ 2017-03-17T17:20:32+08:00 ] /JSJD/index.php | NOTIC: [8192] preg_replace(): The /e modifier is deprecated, use preg_replace_callback instead ThinkTemplate.class.php 第 406 行.
[ 2017-03-17T17:20:32+08:00 ] /JSJD/index.php | NOTIC: [8192] preg_replace(): The /e modifier is deprecated, use preg_replace_callback instead ThinkTemplate.class.php 第 406 行.
[ 2017-03-17T17:20:32+08:00 ] /JSJD/index.php | NOTIC: [8192] preg_replace(): The /e modifier is deprecated, use preg_replace_callback instead ThinkTemplate.class.php 第 406 行.
[ 2017-03-17T17:20:32+08:00 ] /JSJD/index.php | NOTIC: [8192] preg_replace(): The /e modifier is deprecated, use preg_replace_callback instead ThinkTemplate.class.php 第 406 行.
[ 2017-03-17T17:20:32+08:00 ] /JSJD/index.php | NOTIC: [8192] preg_replace(): The /e modifier is deprecated, use preg_replace_callback instead ThinkTemplate.class.php 第 406 行.
[ 2017-03-17T17:20:32+08:00 ] /JSJD/index.php | NOTIC: [8192] preg_replace(): The /e modifier is deprecated, use preg_replace_callback instead ThinkTemplate.class.php 第 406 行.
[ 2017-03-17T17:20:32+08:00 ] /JSJD/index.php | NOTIC: [8192] preg_replace(): The /e modifier is deprecated, use preg_replace_callback instead ThinkTemplate.class.php 第 406 行.
[ 2017-03-17T17:20:32+08:00 ] /JSJD/index.php | NOTIC: [8192] preg_replace(): The /e modifier is deprecated, use preg_replace_callback instead ThinkTemplate.class.php 第 402 行.
[ 2017-03-17T17:20:32+08:00 ] /JSJD/index.php | NOTIC: [8192] preg_replace(): The /e modifier is deprecated, use preg_replace_callback instead ThinkTemplate.class.php 第 402 行.
[ 2017-03-17T17:20:32+08:00 ] /JSJD/index.php | NOTIC: [8192] preg_replace(): The /e modifier is deprecated, use preg_replace_callback instead ThinkTemplate.class.php 第 406 行.
[ 2017-03-17T17:20:32+08:00 ] /JSJD/index.php | NOTIC: [8192] preg_replace(): The /e modifier is deprecated, use preg_replace_callback instead ThinkTemplate.class.php 第 406 行.
[ 2017-03-17T17:20:32+08:00 ] /JSJD/index.php | NOTIC: [8192] preg_replace(): The /e modifier is deprecated, use preg_replace_callback instead ThinkTemplate.class.php 第 406 行.
[ 2017-03-17T17:20:32+08:00 ] /JSJD/index.php | NOTIC: [8192] preg_replace(): The /e modifier is deprecated, use preg_replace_callback instead ThinkTemplate.class.php 第 402 行.
[ 2017-03-17T17:20:32+08:00 ] /JSJD/index.php | NOTIC: [8192] preg_replace(): The /e modifier is deprecated, use preg_replace_callback instead ThinkTemplate.class.php 第 406 行.
[ 2017-03-17T17:20:32+08:00 ] /JSJD/index.php | NOTIC: [8192] preg_replace(): The /e modifier is deprecated, use preg_replace_callback instead ThinkTemplate.class.php 第 406 行.
[ 2017-03-17T17:20:32+08:00 ] /JSJD/index.php | NOTIC: [8192] preg_replace(): The /e modifier is deprecated, use preg_replace_callback instead ThinkTemplate.class.php 第 406 行.
[ 2017-03-17T17:20:32+08:00 ] /JSJD/index.php | NOTIC: [8192] preg_replace(): The /e modifier is deprecated, use preg_replace_callback instead ThinkTemplate.class.php 第 406 行.
[ 2017-03-17T17:20:32+08:00 ] /JSJD/index.php | NOTIC: [8192] preg_replace(): The /e modifier is deprecated, use preg_replace_callback instead ThinkTemplate.class.php 第 406 行.
[ 2017-03-17T17:20:32+08:00 ] /JSJD/index.php | NOTIC: [8192] preg_replace(): The /e modifier is deprecated, use preg_replace_callback instead ThinkTemplate.class.php 第 406 行.
[ 2017-03-17T17:20:32+08:00 ] /JSJD/index.php | NOTIC: [8192] preg_replace(): The /e modifier is deprecated, use preg_replace_callback instead ThinkTemplate.class.php 第 406 行.
[ 2017-03-17T17:20:32+08:00 ] /JSJD/index.php | NOTIC: [8192] preg_replace(): The /e modifier is deprecated, use preg_replace_callback instead ThinkTemplate.class.php 第 406 行.
[ 2017-03-17T17:20:32+08:00 ] /JSJD/index.php | NOTIC: [8192] preg_replace(): The /e modifier is deprecated, use preg_replace_callback instead ThinkTemplate.class.php 第 406 行.
[ 2017-03-17T17:20:32+08:00 ] /JSJD/index.php | NOTIC: [8192] preg_replace(): The /e modifier is deprecated, use preg_replace_callback instead ThinkTemplate.class.php 第 406 行.
[ 2017-03-17T17:20:32+08:00 ] /JSJD/index.php | NOTIC: [8192] preg_replace(): The /e modifier is deprecated, use preg_replace_callback instead ThinkTemplate.class.php 第 406 行.
[ 2017-03-17T17:20:32+08:00 ] /JSJD/index.php | NOTIC: [8192] preg_replace(): The /e modifier is deprecated, use preg_replace_callback instead ThinkTemplate.class.php 第 406 行.
[ 2017-03-17T17:20:32+08:00 ] /JSJD/index.php | NOTIC: [8192] preg_replace(): The /e modifier is deprecated, use preg_replace_callback instead ThinkTemplate.class.php 第 406 行.
[ 2017-03-17T17:20:32+08:00 ] /JSJD/index.php | NOTIC: [8192] preg_replace(): The /e modifier is deprecated, use preg_replace_callback instead ThinkTemplate.class.php 第 406 行.
[ 2017-03-17T17:20:32+08:00 ] /JSJD/index.php | NOTIC: [8192] preg_replace(): The /e modifier is deprecated, use preg_replace_callback instead ThinkTemplate.class.php 第 406 行.
[ 2017-03-17T17:20:32+08:00 ] /JSJD/index.php | NOTIC: [8192] preg_replace(): The /e modifier is deprecated, use preg_replace_callback instead ThinkTemplate.class.php 第 406 行.
[ 2017-03-17T17:20:32+08:00 ] /JSJD/index.php | NOTIC: [8192] preg_replace(): The /e modifier is deprecated, use preg_replace_callback instead ThinkTemplate.class.php 第 406 行.
[ 2017-03-17T17:20:32+08:00 ] /JSJD/index.php | NOTIC: [8192] preg_replace(): The /e modifier is deprecated, use preg_replace_callback instead ThinkTemplate.class.php 第 406 行.
[ 2017-03-17T17:20:32+08:00 ] /JSJD/index.php | NOTIC: [8192] preg_replace(): The /e modifier is deprecated, use preg_replace_callback instead ThinkTemplate.class.php 第 406 行.
[ 2017-03-17T17:20:32+08:00 ] /JSJD/index.php | NOTIC: [8192] preg_replace(): The /e modifier is deprecated, use preg_replace_callback instead ThinkTemplate.class.php 第 406 行.
[ 2017-03-17T17:20:32+08:00 ] /JSJD/index.php | NOTIC: [8192] preg_replace(): The /e modifier is deprecated, use preg_replace_callback instead ThinkTemplate.class.php 第 406 行.
[ 2017-03-17T17:20:32+08:00 ] /JSJD/index.php | NOTIC: [8192] preg_replace(): The /e modifier is deprecated, use preg_replace_callback instead ThinkTemplate.class.php 第 406 行.
[ 2017-03-17T17:20:32+08:00 ] /JSJD/index.php | NOTIC: [8192] preg_replace(): The /e modifier is deprecated, use preg_replace_callback instead ThinkTemplate.class.php 第 406 行.
[ 2017-03-17T17:20:32+08:00 ] /JSJD/index.php | NOTIC: [8192] preg_replace(): The /e modifier is deprecated, use preg_replace_callback instead ThinkTemplate.class.php 第 406 行.
[ 2017-03-17T17:20:32+08:00 ] /JSJD/index.php | NOTIC: [8192] preg_replace(): The /e modifier is deprecated, use preg_replace_callback instead ThinkTemplate.class.php 第 406 行.
[ 2017-03-17T17:20:32+08:00 ] /JSJD/index.php | NOTIC: [8192] preg_replace(): The /e modifier is deprecated, use preg_replace_callback instead ThinkTemplate.class.php 第 406 行.
[ 2017-03-17T17:20:32+08:00 ] /JSJD/index.php | NOTIC: [8192] preg_replace(): The /e modifier is deprecated, use preg_replace_callback instead ThinkTemplate.class.php 第 406 行.
[ 2017-03-17T17:20:32+08:00 ] /JSJD/index.php | NOTIC: [8192] preg_replace(): The /e modifier is deprecated, use preg_replace_callback instead ThinkTemplate.class.php 第 406 行.
[ 2017-03-17T17:20:32+08:00 ] /JSJD/index.php | NOTIC: [8192] preg_replace(): The /e modifier is deprecated, use preg_replace_callback instead ThinkTemplate.class.php 第 406 行.
[ 2017-03-17T17:20:32+08:00 ] /JSJD/index.php | NOTIC: [8192] preg_replace(): The /e modifier is deprecated, use preg_replace_callback instead ThinkTemplate.class.php 第 406 行.
[ 2017-03-17T17:20:32+08:00 ] /JSJD/index.php | NOTIC: [8192] preg_replace(): The /e modifier is deprecated, use preg_replace_callback instead ThinkTemplate.class.php 第 406 行.
[ 2017-03-17T17:20:32+08:00 ] /JSJD/index.php | NOTIC: [8192] preg_replace(): The /e modifier is deprecated, use preg_replace_callback instead ThinkTemplate.class.php 第 406 行.
[ 2017-03-17T17:20:32+08:00 ] /JSJD/index.php | NOTIC: [8192] preg_replace(): The /e modifier is deprecated, use preg_replace_callback instead ThinkTemplate.class.php 第 406 行.
[ 2017-03-17T17:20:32+08:00 ] /JSJD/index.php | NOTIC: [8192] preg_replace(): The /e modifier is deprecated, use preg_replace_callback instead ThinkTemplate.class.php 第 406 行.
[ 2017-03-17T17:20:32+08:00 ] /JSJD/index.php | NOTIC: [8192] preg_replace(): The /e modifier is deprecated, use preg_replace_callback instead ThinkTemplate.class.php 第 406 行.
[ 2017-03-17T17:20:32+08:00 ] /JSJD/index.php | NOTIC: [8192] preg_replace(): The /e modifier is deprecated, use preg_replace_callback instead ThinkTemplate.class.php 第 406 行.
[ 2017-03-17T17:20:32+08:00 ] /JSJD/index.php | NOTIC: [8192] preg_replace(): The /e modifier is deprecated, use preg_replace_callback instead ThinkTemplate.class.php 第 406 行.
[ 2017-03-17T17:20:32+08:00 ] /JSJD/index.php | NOTIC: [8192] preg_replace(): The /e modifier is deprecated, use preg_replace_callback instead ThinkTemplate.class.php 第 406 行.
[ 2017-03-17T17:20:32+08:00 ] /JSJD/index.php | NOTIC: [8192] preg_replace(): The /e modifier is deprecated, use preg_replace_callback instead ThinkTemplate.class.php 第 406 行.
[ 2017-03-17T17:20:32+08:00 ] /JSJD/index.php | NOTIC: [8192] preg_replace(): The /e modifier is deprecated, use preg_replace_callback instead ThinkTemplate.class.php 第 406 行.
[ 2017-03-17T17:20:32+08:00 ] /JSJD/index.php | NOTIC: [8192] preg_replace(): The /e modifier is deprecated, use preg_replace_callback instead ThinkTemplate.class.php 第 406 行.
[ 2017-03-17T17:20:32+08:00 ] /JSJD/index.php | NOTIC: [8192] preg_replace(): The /e modifier is deprecated, use preg_replace_callback instead ThinkTemplate.class.php 第 406 行.
[ 2017-03-17T17:20:32+08:00 ] /JSJD/index.php | NOTIC: [8192] preg_replace(): The /e modifier is deprecated, use preg_replace_callback instead ThinkTemplate.class.php 第 406 行.
[ 2017-03-17T17:20:32+08:00 ] /JSJD/index.php | NOTIC: [8192] preg_replace(): The /e modifier is deprecated, use preg_replace_callback instead ThinkTemplate.class.php 第 406 行.
[ 2017-03-17T17:20:32+08:00 ] /JSJD/index.php | NOTIC: [8192] preg_replace(): The /e modifier is deprecated, use preg_replace_callback instead ThinkTemplate.class.php 第 406 行.
[ 2017-03-17T17:20:32+08:00 ] /JSJD/index.php | NOTIC: [8192] preg_replace(): The /e modifier is deprecated, use preg_replace_callback instead ThinkTemplate.class.php 第 406 行.
[ 2017-03-17T17:20:32+08:00 ] /JSJD/index.php | NOTIC: [8192] preg_replace(): The /e modifier is deprecated, use preg_replace_callback instead ThinkTemplate.class.php 第 406 行.
[ 2017-03-17T17:20:32+08:00 ] /JSJD/index.php | NOTIC: [8192] preg_replace(): The /e modifier is deprecated, use preg_replace_callback instead ThinkTemplate.class.php 第 406 行.
[ 2017-03-17T17:20:32+08:00 ] /JSJD/index.php | NOTIC: [8192] preg_replace(): The /e modifier is deprecated, use preg_replace_callback instead ThinkTemplate.class.php 第 406 行.
[ 2017-03-17T17:20:32+08:00 ] /JSJD/index.php | NOTIC: [8192] preg_replace(): The /e modifier is deprecated, use preg_replace_callback instead ThinkTemplate.class.php 第 406 行.
[ 2017-03-17T17:20:32+08:00 ] /JSJD/index.php | NOTIC: [8192] preg_replace(): The /e modifier is deprecated, use preg_replace_callback instead ThinkTemplate.class.php 第 406 行.
[ 2017-03-17T17:20:32+08:00 ] /JSJD/index.php | NOTIC: [8192] preg_replace(): The /e modifier is deprecated, use preg_replace_callback instead ThinkTemplate.class.php 第 406 行.
[ 2017-03-17T17:20:32+08:00 ] /JSJD/index.php | NOTIC: [8192] preg_replace(): The /e modifier is deprecated, use preg_replace_callback instead ThinkTemplate.class.php 第 406 行.
[ 2017-03-17T17:20:32+08:00 ] /JSJD/index.php | NOTIC: [8192] preg_replace(): The /e modifier is deprecated, use preg_replace_callback instead ThinkTemplate.class.php 第 406 行.
[ 2017-03-17T17:20:32+08:00 ] /JSJD/index.php | NOTIC: [8192] preg_replace(): The /e modifier is deprecated, use preg_replace_callback instead ThinkTemplate.class.php 第 406 行.
[ 2017-03-17T17:20:32+08:00 ] /JSJD/index.php | NOTIC: [8192] preg_replace(): The /e modifier is deprecated, use preg_replace_callback instead ThinkTemplate.class.php 第 406 行.
[ 2017-03-17T17:20:32+08:00 ] /JSJD/index.php | NOTIC: [8192] preg_replace(): The /e modifier is deprecated, use preg_replace_callback instead ThinkTemplate.class.php 第 406 行.
[ 2017-03-17T17:20:32+08:00 ] /JSJD/index.php | NOTIC: [8192] preg_replace(): The /e modifier is deprecated, use preg_replace_callback instead ThinkTemplate.class.php 第 406 行.
[ 2017-03-17T17:20:32+08:00 ] /JSJD/index.php | NOTIC: [8192] preg_replace(): The /e modifier is deprecated, use preg_replace_callback instead ThinkTemplate.class.php 第 406 行.
[ 2017-03-17T17:20:32+08:00 ] /JSJD/index.php | NOTIC: [8192] preg_replace(): The /e modifier is deprecated, use preg_replace_callback instead ThinkTemplate.class.php 第 406 行.
[ 2017-03-17T17:20:32+08:00 ] /JSJD/index.php | NOTIC: [8192] preg_replace(): The /e modifier is deprecated, use preg_replace_callback instead ThinkTemplate.class.php 第 406 行.
[ 2017-03-17T17:20:32+08:00 ] /JSJD/index.php | NOTIC: [8192] preg_replace(): The /e modifier is deprecated, use preg_replace_callback instead ThinkTemplate.class.php 第 406 行.
[ 2017-03-17T17:20:32+08:00 ] /JSJD/index.php | NOTIC: [8192] preg_replace(): The /e modifier is deprecated, use preg_replace_callback instead ThinkTemplate.class.php 第 406 行.
[ 2017-03-17T17:20:32+08:00 ] /JSJD/index.php | NOTIC: [8192] preg_replace(): The /e modifier is deprecated, use preg_replace_callback instead ThinkTemplate.class.php 第 406 行.
[ 2017-03-17T17:20:32+08:00 ] /JSJD/index.php | NOTIC: [8192] preg_replace(): The /e modifier is deprecated, use preg_replace_callback instead ThinkTemplate.class.php 第 406 行.
[ 2017-03-17T17:20:32+08:00 ] /JSJD/index.php | NOTIC: [8192] preg_replace(): The /e modifier is deprecated, use preg_replace_callback instead ThinkTemplate.class.php 第 406 行.
[ 2017-03-17T17:20:32+08:00 ] /JSJD/index.php | NOTIC: [8192] preg_replace(): The /e modifier is deprecated, use preg_replace_callback instead ThinkTemplate.class.php 第 402 行.
[ 2017-03-17T17:20:32+08:00 ] /JSJD/index.php | NOTIC: [8192] preg_replace(): The /e modifier is deprecated, use preg_replace_callback instead ThinkTemplate.class.php 第 402 行.
[ 2017-03-17T17:20:32+08:00 ] /JSJD/index.php | NOTIC: [8192] preg_replace(): The /e modifier is deprecated, use preg_replace_callback instead ThinkTemplate.class.php 第 402 行.
[ 2017-03-17T17:20:32+08:00 ] /JSJD/index.php | NOTIC: [8192] preg_replace(): The /e modifier is deprecated, use preg_replace_callback instead ThinkTemplate.class.php 第 402 行.
[ 2017-03-17T17:20:32+08:00 ] /JSJD/index.php | NOTIC: [8192] preg_replace(): The /e modifier is deprecated, use preg_replace_callback instead ThinkTemplate.class.php 第 402 行.
[ 2017-03-17T17:20:32+08:00 ] /JSJD/index.php | NOTIC: [8192] preg_replace(): The /e modifier is deprecated, use preg_replace_callback instead ThinkTemplate.class.php 第 402 行.
[ 2017-03-17T17:20:32+08:00 ] /JSJD/index.php | NOTIC: [8192] preg_replace(): The /e modifier is deprecated, use preg_replace_callback instead ThinkTemplate.class.php 第 406 行.
[ 2017-03-17T17:20:32+08:00 ] /JSJD/index.php | NOTIC: [8192] preg_replace(): The /e modifier is deprecated, use preg_replace_callback instead ThinkTemplate.class.php 第 406 行.
[ 2017-03-17T17:20:32+08:00 ] /JSJD/index.php | NOTIC: [8192] preg_replace(): The /e modifier is deprecated, use preg_replace_callback instead ThinkTemplate.class.php 第 406 行.
[ 2017-03-17T17:20:32+08:00 ] /JSJD/index.php | NOTIC: [8192] preg_replace(): The /e modifier is deprecated, use preg_replace_callback instead ThinkTemplate.class.php 第 220 行.
[ 2017-03-17T17:20:32+08:00 ] /JSJD/index.php | NOTIC: [8192] preg_replace(): The /e modifier is deprecated, use preg_replace_callback instead ThinkTemplate.class.php 第 154 行.
[ 2017-03-17T17:20:32+08:00 ] /JSJD/index.php | INFO: Run ParseTemplate Behavior [ RunTime:0.026577s ]
[ 2017-03-17T17:20:32+08:00 ] /JSJD/index.php | INFO: Tag[ view_parse ] --END-- [ RunTime:0.026652s ]
[ 2017-03-17T17:20:32+08:00 ] /JSJD/index.php | INFO: Tag[ view_filter ] --START--
[ 2017-03-17T17:20:32+08:00 ] /JSJD/index.php | INFO: Run ContentReplace Behavior [ RunTime:0.000761s ]
[ 2017-03-17T17:20:32+08:00 ] /JSJD/index.php | INFO: Run TokenBuild Behavior [ RunTime:0.000809s ]
[ 2017-03-17T17:20:32+08:00 ] /JSJD/index.php | INFO: Run WriteHtmlCache Behavior [ RunTime:0.001215s ]
[ 2017-03-17T17:20:32+08:00 ] /JSJD/index.php | INFO: Run ShowRuntime Behavior [ RunTime:0.000895s ]
[ 2017-03-17T17:20:32+08:00 ] /JSJD/index.php | INFO: Tag[ view_filter ] --END-- [ RunTime:0.003918s ]
[ 2017-03-17T17:20:32+08:00 ] /JSJD/index.php | INFO: Tag[ view_end ] --START--
[ 2017-03-17T17:20:32+08:00 ] /JSJD/index.php | INFO: Run ShowPageTrace Behavior [ RunTime:0.000692s ]
[ 2017-03-17T17:20:32+08:00 ] /JSJD/index.php | INFO: Tag[ view_end ] --END-- [ RunTime:0.000751s ]
[ 2017-03-17T17:20:46+08:00 ] /JSJD/index.php | INFO: Tag[ app_begin ] --START--
[ 2017-03-17T17:20:46+08:00 ] /JSJD/index.php | INFO: Run ReadHtmlCache Behavior [ RunTime:0.001032s ]
[ 2017-03-17T17:20:46+08:00 ] /JSJD/index.php | INFO: Tag[ app_begin ] --END-- [ RunTime:0.001133s ]
[ 2017-03-17T17:20:46+08:00 ] /JSJD/index.php | INFO: Tag[ view_template ] --START--
[ 2017-03-17T17:20:46+08:00 ] /JSJD/index.php | INFO: Run LocationTemplate Behavior [ RunTime:0.000686s ]
[ 2017-03-17T17:20:46+08:00 ] /JSJD/index.php | INFO: Tag[ view_template ] --END-- [ RunTime:0.000739s ]
[ 2017-03-17T17:20:46+08:00 ] /JSJD/index.php | INFO: Tag[ view_parse ] --START--
[ 2017-03-17T17:20:46+08:00 ] /JSJD/index.php | NOTIC: [8192] preg_replace(): The /e modifier is deprecated, use preg_replace_callback instead ThinkTemplate.class.php 第 186 行.
[ 2017-03-17T17:20:46+08:00 ] /JSJD/index.php | NOTIC: [2] file_get_contents(./Index/Tpl/Public/top.html): failed to open stream: No such file or directory ThinkTemplate.class.php 第 702 行.
[ 2017-03-17T17:20:46+08:00 ] /JSJD/index.php | NOTIC: [2] file_get_contents(./Index/Tpl/Public/luenhuan.html): failed to open stream: No such file or directory ThinkTemplate.class.php 第 702 行.
[ 2017-03-17T17:20:46+08:00 ] /JSJD/index.php | NOTIC: [2] file_get_contents(./Index/Tpl/Public/footer.html): failed to open stream: No such file or directory ThinkTemplate.class.php 第 702 行.
[ 2017-03-17T17:20:46+08:00 ] /JSJD/index.php | NOTIC: [8192] preg_replace(): The /e modifier is deprecated, use preg_replace_callback instead ThinkTemplate.class.php 第 406 行.
[ 2017-03-17T17:20:46+08:00 ] /JSJD/index.php | NOTIC: [8192] preg_replace(): The /e modifier is deprecated, use preg_replace_callback instead ThinkTemplate.class.php 第 406 行.
[ 2017-03-17T17:20:46+08:00 ] /JSJD/index.php | NOTIC: [8192] preg_replace(): The /e modifier is deprecated, use preg_replace_callback instead ThinkTemplate.class.php 第 406 行.
[ 2017-03-17T17:20:46+08:00 ] /JSJD/index.php | NOTIC: [8192] preg_replace(): The /e modifier is deprecated, use preg_replace_callback instead ThinkTemplate.class.php 第 406 行.
[ 2017-03-17T17:20:46+08:00 ] /JSJD/index.php | NOTIC: [8192] preg_replace(): The /e modifier is deprecated, use preg_replace_callback instead ThinkTemplate.class.php 第 406 行.
[ 2017-03-17T17:20:46+08:00 ] /JSJD/index.php | NOTIC: [8192] preg_replace(): The /e modifier is deprecated, use preg_replace_callback instead ThinkTemplate.class.php 第 406 行.
[ 2017-03-17T17:20:46+08:00 ] /JSJD/index.php | NOTIC: [8192] preg_replace(): The /e modifier is deprecated, use preg_replace_callback instead ThinkTemplate.class.php 第 406 行.
[ 2017-03-17T17:20:46+08:00 ] /JSJD/index.php | NOTIC: [8192] preg_replace(): The /e modifier is deprecated, use preg_replace_callback instead ThinkTemplate.class.php 第 406 行.
[ 2017-03-17T17:20:46+08:00 ] /JSJD/index.php | NOTIC: [8192] preg_replace(): The /e modifier is deprecated, use preg_replace_callback instead ThinkTemplate.class.php 第 406 行.
[ 2017-03-17T17:20:46+08:00 ] /JSJD/index.php | NOTIC: [8192] preg_replace(): The /e modifier is deprecated, use preg_replace_callback instead ThinkTemplate.class.php 第 402 行.
[ 2017-03-17T17:20:46+08:00 ] /JSJD/index.php | NOTIC: [8192] preg_replace(): The /e modifier is deprecated, use preg_replace_callback instead ThinkTemplate.class.php 第 402 行.
[ 2017-03-17T17:20:46+08:00 ] /JSJD/index.php | NOTIC: [8192] preg_replace(): The /e modifier is deprecated, use preg_replace_callback instead ThinkTemplate.class.php 第 406 行.
[ 2017-03-17T17:20:46+08:00 ] /JSJD/index.php | NOTIC: [8192] preg_replace(): The /e modifier is deprecated, use preg_replace_callback instead ThinkTemplate.class.php 第 406 行.
[ 2017-03-17T17:20:46+08:00 ] /JSJD/index.php | NOTIC: [8192] preg_replace(): The /e modifier is deprecated, use preg_replace_callback instead ThinkTemplate.class.php 第 406 行.
[ 2017-03-17T17:20:46+08:00 ] /JSJD/index.php | NOTIC: [8192] preg_replace(): The /e modifier is deprecated, use preg_replace_callback instead ThinkTemplate.class.php 第 402 行.
[ 2017-03-17T17:20:46+08:00 ] /JSJD/index.php | NOTIC: [8192] preg_replace(): The /e modifier is deprecated, use preg_replace_callback instead ThinkTemplate.class.php 第 406 行.
[ 2017-03-17T17:20:46+08:00 ] /JSJD/index.php | NOTIC: [8192] preg_replace(): The /e modifier is deprecated, use preg_replace_callback instead ThinkTemplate.class.php 第 406 行.
[ 2017-03-17T17:20:46+08:00 ] /JSJD/index.php | NOTIC: [8192] preg_replace(): The /e modifier is deprecated, use preg_replace_callback instead ThinkTemplate.class.php 第 406 行.
[ 2017-03-17T17:20:46+08:00 ] /JSJD/index.php | NOTIC: [8192] preg_replace(): The /e modifier is deprecated, use preg_replace_callback instead ThinkTemplate.class.php 第 406 行.
[ 2017-03-17T17:20:46+08:00 ] /JSJD/index.php | NOTIC: [8192] preg_replace(): The /e modifier is deprecated, use preg_replace_callback instead ThinkTemplate.class.php 第 406 行.
[ 2017-03-17T17:20:46+08:00 ] /JSJD/index.php | NOTIC: [8192] preg_replace(): The /e modifier is deprecated, use preg_replace_callback instead ThinkTemplate.class.php 第 406 行.
[ 2017-03-17T17:20:46+08:00 ] /JSJD/index.php | NOTIC: [8192] preg_replace(): The /e modifier is deprecated, use preg_replace_callback instead ThinkTemplate.class.php 第 406 行.
[ 2017-03-17T17:20:46+08:00 ] /JSJD/index.php | NOTIC: [8192] preg_replace(): The /e modifier is deprecated, use preg_replace_callback instead ThinkTemplate.class.php 第 406 行.
[ 2017-03-17T17:20:46+08:00 ] /JSJD/index.php | NOTIC: [8192] preg_replace(): The /e modifier is deprecated, use preg_replace_callback instead ThinkTemplate.class.php 第 406 行.
[ 2017-03-17T17:20:46+08:00 ] /JSJD/index.php | NOTIC: [8192] preg_replace(): The /e modifier is deprecated, use preg_replace_callback instead ThinkTemplate.class.php 第 406 行.
[ 2017-03-17T17:20:46+08:00 ] /JSJD/index.php | NOTIC: [8192] preg_replace(): The /e modifier is deprecated, use preg_replace_callback instead ThinkTemplate.class.php 第 406 行.
[ 2017-03-17T17:20:46+08:00 ] /JSJD/index.php | NOTIC: [8192] preg_replace(): The /e modifier is deprecated, use preg_replace_callback instead ThinkTemplate.class.php 第 406 行.
[ 2017-03-17T17:20:46+08:00 ] /JSJD/index.php | NOTIC: [8192] preg_replace(): The /e modifier is deprecated, use preg_replace_callback instead ThinkTemplate.class.php 第 406 行.
[ 2017-03-17T17:20:46+08:00 ] /JSJD/index.php | NOTIC: [8192] preg_replace(): The /e modifier is deprecated, use preg_replace_callback instead ThinkTemplate.class.php 第 406 行.
[ 2017-03-17T17:20:46+08:00 ] /JSJD/index.php | NOTIC: [8192] preg_replace(): The /e modifier is deprecated, use preg_replace_callback instead ThinkTemplate.class.php 第 406 行.
[ 2017-03-17T17:20:46+08:00 ] /JSJD/index.php | NOTIC: [8192] preg_replace(): The /e modifier is deprecated, use preg_replace_callback instead ThinkTemplate.class.php 第 406 行.
[ 2017-03-17T17:20:46+08:00 ] /JSJD/index.php | NOTIC: [8192] preg_replace(): The /e modifier is deprecated, use preg_replace_callback instead ThinkTemplate.class.php 第 406 行.
[ 2017-03-17T17:20:46+08:00 ] /JSJD/index.php | NOTIC: [8192] preg_replace(): The /e modifier is deprecated, use preg_replace_callback instead ThinkTemplate.class.php 第 406 行.
[ 2017-03-17T17:20:46+08:00 ] /JSJD/index.php | NOTIC: [8192] preg_replace(): The /e modifier is deprecated, use preg_replace_callback instead ThinkTemplate.class.php 第 406 行.
[ 2017-03-17T17:20:46+08:00 ] /JSJD/index.php | NOTIC: [8192] preg_replace(): The /e modifier is deprecated, use preg_replace_callback instead ThinkTemplate.class.php 第 406 行.
[ 2017-03-17T17:20:46+08:00 ] /JSJD/index.php | NOTIC: [8192] preg_replace(): The /e modifier is deprecated, use preg_replace_callback instead ThinkTemplate.class.php 第 406 行.
[ 2017-03-17T17:20:46+08:00 ] /JSJD/index.php | NOTIC: [8192] preg_replace(): The /e modifier is deprecated, use preg_replace_callback instead ThinkTemplate.class.php 第 406 行.
[ 2017-03-17T17:20:46+08:00 ] /JSJD/index.php | NOTIC: [8192] preg_replace(): The /e modifier is deprecated, use preg_replace_callback instead ThinkTemplate.class.php 第 406 行.
[ 2017-03-17T17:20:46+08:00 ] /JSJD/index.php | NOTIC: [8192] preg_replace(): The /e modifier is deprecated, use preg_replace_callback instead ThinkTemplate.class.php 第 406 行.
[ 2017-03-17T17:20:46+08:00 ] /JSJD/index.php | NOTIC: [8192] preg_replace(): The /e modifier is deprecated, use preg_replace_callback instead ThinkTemplate.class.php 第 406 行.
[ 2017-03-17T17:20:46+08:00 ] /JSJD/index.php | NOTIC: [8192] preg_replace(): The /e modifier is deprecated, use preg_replace_callback instead ThinkTemplate.class.php 第 406 行.
[ 2017-03-17T17:20:46+08:00 ] /JSJD/index.php | NOTIC: [8192] preg_replace(): The /e modifier is deprecated, use preg_replace_callback instead ThinkTemplate.class.php 第 406 行.
[ 2017-03-17T17:20:46+08:00 ] /JSJD/index.php | NOTIC: [8192] preg_replace(): The /e modifier is deprecated, use preg_replace_callback instead ThinkTemplate.class.php 第 406 行.
[ 2017-03-17T17:20:46+08:00 ] /JSJD/index.php | NOTIC: [8192] preg_replace(): The /e modifier is deprecated, use preg_replace_callback instead ThinkTemplate.class.php 第 406 行.
[ 2017-03-17T17:20:46+08:00 ] /JSJD/index.php | NOTIC: [8192] preg_replace(): The /e modifier is deprecated, use preg_replace_callback instead ThinkTemplate.class.php 第 406 行.
[ 2017-03-17T17:20:46+08:00 ] /JSJD/index.php | NOTIC: [8192] preg_replace(): The /e modifier is deprecated, use preg_replace_callback instead ThinkTemplate.class.php 第 406 行.
[ 2017-03-17T17:20:46+08:00 ] /JSJD/index.php | NOTIC: [8192] preg_replace(): The /e modifier is deprecated, use preg_replace_callback instead ThinkTemplate.class.php 第 406 行.
[ 2017-03-17T17:20:46+08:00 ] /JSJD/index.php | NOTIC: [8192] preg_replace(): The /e modifier is deprecated, use preg_replace_callback instead ThinkTemplate.class.php 第 406 行.
[ 2017-03-17T17:20:46+08:00 ] /JSJD/index.php | NOTIC: [8192] preg_replace(): The /e modifier is deprecated, use preg_replace_callback instead ThinkTemplate.class.php 第 406 行.
[ 2017-03-17T17:20:46+08:00 ] /JSJD/index.php | NOTIC: [8192] preg_replace(): The /e modifier is deprecated, use preg_replace_callback instead ThinkTemplate.class.php 第 406 行.
[ 2017-03-17T17:20:46+08:00 ] /JSJD/index.php | NOTIC: [8192] preg_replace(): The /e modifier is deprecated, use preg_replace_callback instead ThinkTemplate.class.php 第 406 行.
[ 2017-03-17T17:20:46+08:00 ] /JSJD/index.php | NOTIC: [8192] preg_replace(): The /e modifier is deprecated, use preg_replace_callback instead ThinkTemplate.class.php 第 406 行.
[ 2017-03-17T17:20:46+08:00 ] /JSJD/index.php | NOTIC: [8192] preg_replace(): The /e modifier is deprecated, use preg_replace_callback instead ThinkTemplate.class.php 第 406 行.
[ 2017-03-17T17:20:46+08:00 ] /JSJD/index.php | NOTIC: [8192] preg_replace(): The /e modifier is deprecated, use preg_replace_callback instead ThinkTemplate.class.php 第 406 行.
[ 2017-03-17T17:20:46+08:00 ] /JSJD/index.php | NOTIC: [8192] preg_replace(): The /e modifier is deprecated, use preg_replace_callback instead ThinkTemplate.class.php 第 406 行.
[ 2017-03-17T17:20:46+08:00 ] /JSJD/index.php | NOTIC: [8192] preg_replace(): The /e modifier is deprecated, use preg_replace_callback instead ThinkTemplate.class.php 第 406 行.
[ 2017-03-17T17:20:46+08:00 ] /JSJD/index.php | NOTIC: [8192] preg_replace(): The /e modifier is deprecated, use preg_replace_callback instead ThinkTemplate.class.php 第 406 行.
[ 2017-03-17T17:20:46+08:00 ] /JSJD/index.php | NOTIC: [8192] preg_replace(): The /e modifier is deprecated, use preg_replace_callback instead ThinkTemplate.class.php 第 406 行.
[ 2017-03-17T17:20:46+08:00 ] /JSJD/index.php | NOTIC: [8192] preg_replace(): The /e modifier is deprecated, use preg_replace_callback instead ThinkTemplate.class.php 第 406 行.
[ 2017-03-17T17:20:46+08:00 ] /JSJD/index.php | NOTIC: [8192] preg_replace(): The /e modifier is deprecated, use preg_replace_callback instead ThinkTemplate.class.php 第 406 行.
[ 2017-03-17T17:20:46+08:00 ] /JSJD/index.php | NOTIC: [8192] preg_replace(): The /e modifier is deprecated, use preg_replace_callback instead ThinkTemplate.class.php 第 406 行.
[ 2017-03-17T17:20:46+08:00 ] /JSJD/index.php | NOTIC: [8192] preg_replace(): The /e modifier is deprecated, use preg_replace_callback instead ThinkTemplate.class.php 第 406 行.
[ 2017-03-17T17:20:46+08:00 ] /JSJD/index.php | NOTIC: [8192] preg_replace(): The /e modifier is deprecated, use preg_replace_callback instead ThinkTemplate.class.php 第 406 行.
[ 2017-03-17T17:20:46+08:00 ] /JSJD/index.php | NOTIC: [8192] preg_replace(): The /e modifier is deprecated, use preg_replace_callback instead ThinkTemplate.class.php 第 406 行.
[ 2017-03-17T17:20:46+08:00 ] /JSJD/index.php | NOTIC: [8192] preg_replace(): The /e modifier is deprecated, use preg_replace_callback instead ThinkTemplate.class.php 第 406 行.
[ 2017-03-17T17:20:46+08:00 ] /JSJD/index.php | NOTIC: [8192] preg_replace(): The /e modifier is deprecated, use preg_replace_callback instead ThinkTemplate.class.php 第 406 行.
[ 2017-03-17T17:20:46+08:00 ] /JSJD/index.php | NOTIC: [8192] preg_replace(): The /e modifier is deprecated, use preg_replace_callback instead ThinkTemplate.class.php 第 406 行.
[ 2017-03-17T17:20:46+08:00 ] /JSJD/index.php | NOTIC: [8192] preg_replace(): The /e modifier is deprecated, use preg_replace_callback instead ThinkTemplate.class.php 第 406 行.
[ 2017-03-17T17:20:46+08:00 ] /JSJD/index.php | NOTIC: [8192] preg_replace(): The /e modifier is deprecated, use preg_replace_callback instead ThinkTemplate.class.php 第 406 行.
[ 2017-03-17T17:20:46+08:00 ] /JSJD/index.php | NOTIC: [8192] preg_replace(): The /e modifier is deprecated, use preg_replace_callback instead ThinkTemplate.class.php 第 406 行.
[ 2017-03-17T17:20:46+08:00 ] /JSJD/index.php | NOTIC: [8192] preg_replace(): The /e modifier is deprecated, use preg_replace_callback instead ThinkTemplate.class.php 第 406 行.
[ 2017-03-17T17:20:46+08:00 ] /JSJD/index.php | NOTIC: [8192] preg_replace(): The /e modifier is deprecated, use preg_replace_callback instead ThinkTemplate.class.php 第 406 行.
[ 2017-03-17T17:20:46+08:00 ] /JSJD/index.php | NOTIC: [8192] preg_replace(): The /e modifier is deprecated, use preg_replace_callback instead ThinkTemplate.class.php 第 406 行.
[ 2017-03-17T17:20:46+08:00 ] /JSJD/index.php | NOTIC: [8192] preg_replace(): The /e modifier is deprecated, use preg_replace_callback instead ThinkTemplate.class.php 第 406 行.
[ 2017-03-17T17:20:46+08:00 ] /JSJD/index.php | NOTIC: [8192] preg_replace(): The /e modifier is deprecated, use preg_replace_callback instead ThinkTemplate.class.php 第 406 行.
[ 2017-03-17T17:20:46+08:00 ] /JSJD/index.php | NOTIC: [8192] preg_replace(): The /e modifier is deprecated, use preg_replace_callback instead ThinkTemplate.class.php 第 406 行.
[ 2017-03-17T17:20:46+08:00 ] /JSJD/index.php | NOTIC: [8192] preg_replace(): The /e modifier is deprecated, use preg_replace_callback instead ThinkTemplate.class.php 第 406 行.
[ 2017-03-17T17:20:46+08:00 ] /JSJD/index.php | NOTIC: [8192] preg_replace(): The /e modifier is deprecated, use preg_replace_callback instead ThinkTemplate.class.php 第 406 行.
[ 2017-03-17T17:20:46+08:00 ] /JSJD/index.php | NOTIC: [8192] preg_replace(): The /e modifier is deprecated, use preg_replace_callback instead ThinkTemplate.class.php 第 406 行.
[ 2017-03-17T17:20:46+08:00 ] /JSJD/index.php | NOTIC: [8192] preg_replace(): The /e modifier is deprecated, use preg_replace_callback instead ThinkTemplate.class.php 第 406 行.
[ 2017-03-17T17:20:46+08:00 ] /JSJD/index.php | NOTIC: [8192] preg_replace(): The /e modifier is deprecated, use preg_replace_callback instead ThinkTemplate.class.php 第 406 行.
[ 2017-03-17T17:20:46+08:00 ] /JSJD/index.php | NOTIC: [8192] preg_replace(): The /e modifier is deprecated, use preg_replace_callback instead ThinkTemplate.class.php 第 402 行.
[ 2017-03-17T17:20:46+08:00 ] /JSJD/index.php | NOTIC: [8192] preg_replace(): The /e modifier is deprecated, use preg_replace_callback instead ThinkTemplate.class.php 第 402 行.
[ 2017-03-17T17:20:46+08:00 ] /JSJD/index.php | NOTIC: [8192] preg_replace(): The /e modifier is deprecated, use preg_replace_callback instead ThinkTemplate.class.php 第 402 行.
[ 2017-03-17T17:20:46+08:00 ] /JSJD/index.php | NOTIC: [8192] preg_replace(): The /e modifier is deprecated, use preg_replace_callback instead ThinkTemplate.class.php 第 402 行.
[ 2017-03-17T17:20:46+08:00 ] /JSJD/index.php | NOTIC: [8192] preg_replace(): The /e modifier is deprecated, use preg_replace_callback instead ThinkTemplate.class.php 第 402 行.
[ 2017-03-17T17:20:46+08:00 ] /JSJD/index.php | NOTIC: [8192] preg_replace(): The /e modifier is deprecated, use preg_replace_callback instead ThinkTemplate.class.php 第 402 行.
[ 2017-03-17T17:20:46+08:00 ] /JSJD/index.php | NOTIC: [8192] preg_replace(): The /e modifier is deprecated, use preg_replace_callback instead ThinkTemplate.class.php 第 406 行.
[ 2017-03-17T17:20:46+08:00 ] /JSJD/index.php | NOTIC: [8192] preg_replace(): The /e modifier is deprecated, use preg_replace_callback instead ThinkTemplate.class.php 第 406 行.
[ 2017-03-17T17:20:46+08:00 ] /JSJD/index.php | NOTIC: [8192] preg_replace(): The /e modifier is deprecated, use preg_replace_callback instead ThinkTemplate.class.php 第 406 行.
[ 2017-03-17T17:20:46+08:00 ] /JSJD/index.php | NOTIC: [8192] preg_replace(): The /e modifier is deprecated, use preg_replace_callback instead ThinkTemplate.class.php 第 220 行.
[ 2017-03-17T17:20:46+08:00 ] /JSJD/index.php | NOTIC: [8192] preg_replace(): The /e modifier is deprecated, use preg_replace_callback instead ThinkTemplate.class.php 第 154 行.
[ 2017-03-17T17:20:46+08:00 ] /JSJD/index.php | INFO: Run ParseTemplate Behavior [ RunTime:0.025424s ]
[ 2017-03-17T17:20:46+08:00 ] /JSJD/index.php | INFO: Tag[ view_parse ] --END-- [ RunTime:0.025538s ]
[ 2017-03-17T17:20:46+08:00 ] /JSJD/index.php | INFO: Tag[ view_filter ] --START--
[ 2017-03-17T17:20:46+08:00 ] /JSJD/index.php | INFO: Run ContentReplace Behavior [ RunTime:0.001281s ]
[ 2017-03-17T17:20:46+08:00 ] /JSJD/index.php | INFO: Run TokenBuild Behavior [ RunTime:0.000917s ]
[ 2017-03-17T17:20:46+08:00 ] /JSJD/index.php | INFO: Run WriteHtmlCache Behavior [ RunTime:0.000733s ]
[ 2017-03-17T17:20:46+08:00 ] /JSJD/index.php | INFO: Run ShowRuntime Behavior [ RunTime:0.001067s ]
[ 2017-03-17T17:20:46+08:00 ] /JSJD/index.php | INFO: Tag[ view_filter ] --END-- [ RunTime:0.004221s ]
[ 2017-03-17T17:20:46+08:00 ] /JSJD/index.php | INFO: Tag[ view_end ] --START--
[ 2017-03-17T17:20:46+08:00 ] /JSJD/index.php | INFO: Run ShowPageTrace Behavior [ RunTime:0.000878s ]
[ 2017-03-17T17:20:46+08:00 ] /JSJD/index.php | INFO: Tag[ view_end ] --END-- [ RunTime:0.000996s ]
[ 2017-03-17T17:20:53+08:00 ] /JSJD/index.php | INFO: Tag[ app_begin ] --START--
[ 2017-03-17T17:20:53+08:00 ] /JSJD/index.php | INFO: Run ReadHtmlCache Behavior [ RunTime:0.000981s ]
[ 2017-03-17T17:20:53+08:00 ] /JSJD/index.php | INFO: Tag[ app_begin ] --END-- [ RunTime:0.001077s ]
[ 2017-03-17T17:20:53+08:00 ] /JSJD/index.php | INFO: Tag[ view_template ] --START--
[ 2017-03-17T17:20:53+08:00 ] /JSJD/index.php | INFO: Run LocationTemplate Behavior [ RunTime:0.000778s ]
[ 2017-03-17T17:20:53+08:00 ] /JSJD/index.php | INFO: Tag[ view_template ] --END-- [ RunTime:0.000829s ]
[ 2017-03-17T17:20:53+08:00 ] /JSJD/index.php | INFO: Tag[ view_parse ] --START--
[ 2017-03-17T17:20:53+08:00 ] /JSJD/index.php | NOTIC: [8192] preg_replace(): The /e modifier is deprecated, use preg_replace_callback instead ThinkTemplate.class.php 第 186 行.
[ 2017-03-17T17:20:53+08:00 ] /JSJD/index.php | NOTIC: [2] file_get_contents(./Index/Tpl/Public/top.html): failed to open stream: No such file or directory ThinkTemplate.class.php 第 702 行.
[ 2017-03-17T17:20:53+08:00 ] /JSJD/index.php | NOTIC: [2] file_get_contents(./Index/Tpl/Public/luenhuan.html): failed to open stream: No such file or directory ThinkTemplate.class.php 第 702 行.
[ 2017-03-17T17:20:53+08:00 ] /JSJD/index.php | NOTIC: [2] file_get_contents(./Index/Tpl/Public/footer.html): failed to open stream: No such file or directory ThinkTemplate.class.php 第 702 行.
[ 2017-03-17T17:20:53+08:00 ] /JSJD/index.php | NOTIC: [8192] preg_replace(): The /e modifier is deprecated, use preg_replace_callback instead ThinkTemplate.class.php 第 406 行.
[ 2017-03-17T17:20:53+08:00 ] /JSJD/index.php | NOTIC: [8192] preg_replace(): The /e modifier is deprecated, use preg_replace_callback instead ThinkTemplate.class.php 第 406 行.
[ 2017-03-17T17:20:53+08:00 ] /JSJD/index.php | NOTIC: [8192] preg_replace(): The /e modifier is deprecated, use preg_replace_callback instead ThinkTemplate.class.php 第 406 行.
[ 2017-03-17T17:20:53+08:00 ] /JSJD/index.php | NOTIC: [8192] preg_replace(): The /e modifier is deprecated, use preg_replace_callback instead ThinkTemplate.class.php 第 406 行.
[ 2017-03-17T17:20:53+08:00 ] /JSJD/index.php | NOTIC: [8192] preg_replace(): The /e modifier is deprecated, use preg_replace_callback instead ThinkTemplate.class.php 第 406 行.
[ 2017-03-17T17:20:53+08:00 ] /JSJD/index.php | NOTIC: [8192] preg_replace(): The /e modifier is deprecated, use preg_replace_callback instead ThinkTemplate.class.php 第 406 行.
[ 2017-03-17T17:20:53+08:00 ] /JSJD/index.php | NOTIC: [8192] preg_replace(): The /e modifier is deprecated, use preg_replace_callback instead ThinkTemplate.class.php 第 406 行.
[ 2017-03-17T17:20:53+08:00 ] /JSJD/index.php | NOTIC: [8192] preg_replace(): The /e modifier is deprecated, use preg_replace_callback instead ThinkTemplate.class.php 第 406 行.
[ 2017-03-17T17:20:53+08:00 ] /JSJD/index.php | NOTIC: [8192] preg_replace(): The /e modifier is deprecated, use preg_replace_callback instead ThinkTemplate.class.php 第 406 行.
[ 2017-03-17T17:20:53+08:00 ] /JSJD/index.php | NOTIC: [8192] preg_replace(): The /e modifier is deprecated, use preg_replace_callback instead ThinkTemplate.class.php 第 402 行.
[ 2017-03-17T17:20:53+08:00 ] /JSJD/index.php | NOTIC: [8192] preg_replace(): The /e modifier is deprecated, use preg_replace_callback instead ThinkTemplate.class.php 第 402 行.
[ 2017-03-17T17:20:53+08:00 ] /JSJD/index.php | NOTIC: [8192] preg_replace(): The /e modifier is deprecated, use preg_replace_callback instead ThinkTemplate.class.php 第 406 行.
[ 2017-03-17T17:20:53+08:00 ] /JSJD/index.php | NOTIC: [8192] preg_replace(): The /e modifier is deprecated, use preg_replace_callback instead ThinkTemplate.class.php 第 406 行.
[ 2017-03-17T17:20:53+08:00 ] /JSJD/index.php | NOTIC: [8192] preg_replace(): The /e modifier is deprecated, use preg_replace_callback instead ThinkTemplate.class.php 第 406 行.
[ 2017-03-17T17:20:53+08:00 ] /JSJD/index.php | NOTIC: [8192] preg_replace(): The /e modifier is deprecated, use preg_replace_callback instead ThinkTemplate.class.php 第 402 行.
[ 2017-03-17T17:20:53+08:00 ] /JSJD/index.php | NOTIC: [8192] preg_replace(): The /e modifier is deprecated, use preg_replace_callback instead ThinkTemplate.class.php 第 406 行.
[ 2017-03-17T17:20:53+08:00 ] /JSJD/index.php | NOTIC: [8192] preg_replace(): The /e modifier is deprecated, use preg_replace_callback instead ThinkTemplate.class.php 第 406 行.
[ 2017-03-17T17:20:53+08:00 ] /JSJD/index.php | NOTIC: [8192] preg_replace(): The /e modifier is deprecated, use preg_replace_callback instead ThinkTemplate.class.php 第 406 行.
[ 2017-03-17T17:20:53+08:00 ] /JSJD/index.php | NOTIC: [8192] preg_replace(): The /e modifier is deprecated, use preg_replace_callback instead ThinkTemplate.class.php 第 406 行.
[ 2017-03-17T17:20:53+08:00 ] /JSJD/index.php | NOTIC: [8192] preg_replace(): The /e modifier is deprecated, use preg_replace_callback instead ThinkTemplate.class.php 第 406 行.
[ 2017-03-17T17:20:53+08:00 ] /JSJD/index.php | NOTIC: [8192] preg_replace(): The /e modifier is deprecated, use preg_replace_callback instead ThinkTemplate.class.php 第 406 行.
[ 2017-03-17T17:20:53+08:00 ] /JSJD/index.php | NOTIC: [8192] preg_replace(): The /e modifier is deprecated, use preg_replace_callback instead ThinkTemplate.class.php 第 406 行.
[ 2017-03-17T17:20:53+08:00 ] /JSJD/index.php | NOTIC: [8192] preg_replace(): The /e modifier is deprecated, use preg_replace_callback instead ThinkTemplate.class.php 第 406 行.
[ 2017-03-17T17:20:53+08:00 ] /JSJD/index.php | NOTIC: [8192] preg_replace(): The /e modifier is deprecated, use preg_replace_callback instead ThinkTemplate.class.php 第 406 行.
[ 2017-03-17T17:20:53+08:00 ] /JSJD/index.php | NOTIC: [8192] preg_replace(): The /e modifier is deprecated, use preg_replace_callback instead ThinkTemplate.class.php 第 406 行.
[ 2017-03-17T17:20:53+08:00 ] /JSJD/index.php | NOTIC: [8192] preg_replace(): The /e modifier is deprecated, use preg_replace_callback instead ThinkTemplate.class.php 第 406 行.
[ 2017-03-17T17:20:53+08:00 ] /JSJD/index.php | NOTIC: [8192] preg_replace(): The /e modifier is deprecated, use preg_replace_callback instead ThinkTemplate.class.php 第 406 行.
[ 2017-03-17T17:20:53+08:00 ] /JSJD/index.php | NOTIC: [8192] preg_replace(): The /e modifier is deprecated, use preg_replace_callback instead ThinkTemplate.class.php 第 406 行.
[ 2017-03-17T17:20:53+08:00 ] /JSJD/index.php | NOTIC: [8192] preg_replace(): The /e modifier is deprecated, use preg_replace_callback instead ThinkTemplate.class.php 第 406 行.
[ 2017-03-17T17:20:53+08:00 ] /JSJD/index.php | NOTIC: [8192] preg_replace(): The /e modifier is deprecated, use preg_replace_callback instead ThinkTemplate.class.php 第 406 行.
[ 2017-03-17T17:20:53+08:00 ] /JSJD/index.php | NOTIC: [8192] preg_replace(): The /e modifier is deprecated, use preg_replace_callback instead ThinkTemplate.class.php 第 406 行.
[ 2017-03-17T17:20:53+08:00 ] /JSJD/index.php | NOTIC: [8192] preg_replace(): The /e modifier is deprecated, use preg_replace_callback instead ThinkTemplate.class.php 第 406 行.
[ 2017-03-17T17:20:53+08:00 ] /JSJD/index.php | NOTIC: [8192] preg_replace(): The /e modifier is deprecated, use preg_replace_callback instead ThinkTemplate.class.php 第 406 行.
[ 2017-03-17T17:20:53+08:00 ] /JSJD/index.php | NOTIC: [8192] preg_replace(): The /e modifier is deprecated, use preg_replace_callback instead ThinkTemplate.class.php 第 406 行.
[ 2017-03-17T17:20:53+08:00 ] /JSJD/index.php | NOTIC: [8192] preg_replace(): The /e modifier is deprecated, use preg_replace_callback instead ThinkTemplate.class.php 第 406 行.
[ 2017-03-17T17:20:53+08:00 ] /JSJD/index.php | NOTIC: [8192] preg_replace(): The /e modifier is deprecated, use preg_replace_callback instead ThinkTemplate.class.php 第 406 行.
[ 2017-03-17T17:20:53+08:00 ] /JSJD/index.php | NOTIC: [8192] preg_replace(): The /e modifier is deprecated, use preg_replace_callback instead ThinkTemplate.class.php 第 406 行.
[ 2017-03-17T17:20:53+08:00 ] /JSJD/index.php | NOTIC: [8192] preg_replace(): The /e modifier is deprecated, use preg_replace_callback instead ThinkTemplate.class.php 第 406 行.
[ 2017-03-17T17:20:53+08:00 ] /JSJD/index.php | NOTIC: [8192] preg_replace(): The /e modifier is deprecated, use preg_replace_callback instead ThinkTemplate.class.php 第 406 行.
[ 2017-03-17T17:20:53+08:00 ] /JSJD/index.php | NOTIC: [8192] preg_replace(): The /e modifier is deprecated, use preg_replace_callback instead ThinkTemplate.class.php 第 406 行.
[ 2017-03-17T17:20:53+08:00 ] /JSJD/index.php | NOTIC: [8192] preg_replace(): The /e modifier is deprecated, use preg_replace_callback instead ThinkTemplate.class.php 第 406 行.
[ 2017-03-17T17:20:53+08:00 ] /JSJD/index.php | NOTIC: [8192] preg_replace(): The /e modifier is deprecated, use preg_replace_callback instead ThinkTemplate.class.php 第 406 行.
[ 2017-03-17T17:20:53+08:00 ] /JSJD/index.php | NOTIC: [8192] preg_replace(): The /e modifier is deprecated, use preg_replace_callback instead ThinkTemplate.class.php 第 406 行.
[ 2017-03-17T17:20:53+08:00 ] /JSJD/index.php | NOTIC: [8192] preg_replace(): The /e modifier is deprecated, use preg_replace_callback instead ThinkTemplate.class.php 第 406 行.
[ 2017-03-17T17:20:53+08:00 ] /JSJD/index.php | NOTIC: [8192] preg_replace(): The /e modifier is deprecated, use preg_replace_callback instead ThinkTemplate.class.php 第 406 行.
[ 2017-03-17T17:20:53+08:00 ] /JSJD/index.php | NOTIC: [8192] preg_replace(): The /e modifier is deprecated, use preg_replace_callback instead ThinkTemplate.class.php 第 406 行.
[ 2017-03-17T17:20:53+08:00 ] /JSJD/index.php | NOTIC: [8192] preg_replace(): The /e modifier is deprecated, use preg_replace_callback instead ThinkTemplate.class.php 第 406 行.
[ 2017-03-17T17:20:53+08:00 ] /JSJD/index.php | NOTIC: [8192] preg_replace(): The /e modifier is deprecated, use preg_replace_callback instead ThinkTemplate.class.php 第 406 行.
[ 2017-03-17T17:20:53+08:00 ] /JSJD/index.php | NOTIC: [8192] preg_replace(): The /e modifier is deprecated, use preg_replace_callback instead ThinkTemplate.class.php 第 406 行.
[ 2017-03-17T17:20:53+08:00 ] /JSJD/index.php | NOTIC: [8192] preg_replace(): The /e modifier is deprecated, use preg_replace_callback instead ThinkTemplate.class.php 第 406 行.
[ 2017-03-17T17:20:53+08:00 ] /JSJD/index.php | NOTIC: [8192] preg_replace(): The /e modifier is deprecated, use preg_replace_callback instead ThinkTemplate.class.php 第 406 行.
[ 2017-03-17T17:20:53+08:00 ] /JSJD/index.php | NOTIC: [8192] preg_replace(): The /e modifier is deprecated, use preg_replace_callback instead ThinkTemplate.class.php 第 406 行.
[ 2017-03-17T17:20:53+08:00 ] /JSJD/index.php | NOTIC: [8192] preg_replace(): The /e modifier is deprecated, use preg_replace_callback instead ThinkTemplate.class.php 第 406 行.
[ 2017-03-17T17:20:53+08:00 ] /JSJD/index.php | NOTIC: [8192] preg_replace(): The /e modifier is deprecated, use preg_replace_callback instead ThinkTemplate.class.php 第 406 行.
[ 2017-03-17T17:20:53+08:00 ] /JSJD/index.php | NOTIC: [8192] preg_replace(): The /e modifier is deprecated, use preg_replace_callback instead ThinkTemplate.class.php 第 406 行.
[ 2017-03-17T17:20:53+08:00 ] /JSJD/index.php | NOTIC: [8192] preg_replace(): The /e modifier is deprecated, use preg_replace_callback instead ThinkTemplate.class.php 第 406 行.
[ 2017-03-17T17:20:53+08:00 ] /JSJD/index.php | NOTIC: [8192] preg_replace(): The /e modifier is deprecated, use preg_replace_callback instead ThinkTemplate.class.php 第 406 行.
[ 2017-03-17T17:20:53+08:00 ] /JSJD/index.php | NOTIC: [8192] preg_replace(): The /e modifier is deprecated, use preg_replace_callback instead ThinkTemplate.class.php 第 406 行.
[ 2017-03-17T17:20:53+08:00 ] /JSJD/index.php | NOTIC: [8192] preg_replace(): The /e modifier is deprecated, use preg_replace_callback instead ThinkTemplate.class.php 第 406 行.
[ 2017-03-17T17:20:53+08:00 ] /JSJD/index.php | NOTIC: [8192] preg_replace(): The /e modifier is deprecated, use preg_replace_callback instead ThinkTemplate.class.php 第 406 行.
[ 2017-03-17T17:20:53+08:00 ] /JSJD/index.php | NOTIC: [8192] preg_replace(): The /e modifier is deprecated, use preg_replace_callback instead ThinkTemplate.class.php 第 406 行.
[ 2017-03-17T17:20:53+08:00 ] /JSJD/index.php | NOTIC: [8192] preg_replace(): The /e modifier is deprecated, use preg_replace_callback instead ThinkTemplate.class.php 第 406 行.
[ 2017-03-17T17:20:53+08:00 ] /JSJD/index.php | NOTIC: [8192] preg_replace(): The /e modifier is deprecated, use preg_replace_callback instead ThinkTemplate.class.php 第 406 行.
[ 2017-03-17T17:20:53+08:00 ] /JSJD/index.php | NOTIC: [8192] preg_replace(): The /e modifier is deprecated, use preg_replace_callback instead ThinkTemplate.class.php 第 406 行.
[ 2017-03-17T17:20:53+08:00 ] /JSJD/index.php | NOTIC: [8192] preg_replace(): The /e modifier is deprecated, use preg_replace_callback instead ThinkTemplate.class.php 第 406 行.
[ 2017-03-17T17:20:53+08:00 ] /JSJD/index.php | NOTIC: [8192] preg_replace(): The /e modifier is deprecated, use preg_replace_callback instead ThinkTemplate.class.php 第 406 行.
[ 2017-03-17T17:20:53+08:00 ] /JSJD/index.php | NOTIC: [8192] preg_replace(): The /e modifier is deprecated, use preg_replace_callback instead ThinkTemplate.class.php 第 406 行.
[ 2017-03-17T17:20:53+08:00 ] /JSJD/index.php | NOTIC: [8192] preg_replace(): The /e modifier is deprecated, use preg_replace_callback instead ThinkTemplate.class.php 第 406 行.
[ 2017-03-17T17:20:53+08:00 ] /JSJD/index.php | NOTIC: [8192] preg_replace(): The /e modifier is deprecated, use preg_replace_callback instead ThinkTemplate.class.php 第 406 行.
[ 2017-03-17T17:20:53+08:00 ] /JSJD/index.php | NOTIC: [8192] preg_replace(): The /e modifier is deprecated, use preg_replace_callback instead ThinkTemplate.class.php 第 406 行.
[ 2017-03-17T17:20:53+08:00 ] /JSJD/index.php | NOTIC: [8192] preg_replace(): The /e modifier is deprecated, use preg_replace_callback instead ThinkTemplate.class.php 第 406 行.
[ 2017-03-17T17:20:53+08:00 ] /JSJD/index.php | NOTIC: [8192] preg_replace(): The /e modifier is deprecated, use preg_replace_callback instead ThinkTemplate.class.php 第 406 行.
[ 2017-03-17T17:20:53+08:00 ] /JSJD/index.php | NOTIC: [8192] preg_replace(): The /e modifier is deprecated, use preg_replace_callback instead ThinkTemplate.class.php 第 406 行.
[ 2017-03-17T17:20:53+08:00 ] /JSJD/index.php | NOTIC: [8192] preg_replace(): The /e modifier is deprecated, use preg_replace_callback instead ThinkTemplate.class.php 第 406 行.
[ 2017-03-17T17:20:53+08:00 ] /JSJD/index.php | NOTIC: [8192] preg_replace(): The /e modifier is deprecated, use preg_replace_callback instead ThinkTemplate.class.php 第 406 行.
[ 2017-03-17T17:20:53+08:00 ] /JSJD/index.php | NOTIC: [8192] preg_replace(): The /e modifier is deprecated, use preg_replace_callback instead ThinkTemplate.class.php 第 406 行.
[ 2017-03-17T17:20:53+08:00 ] /JSJD/index.php | NOTIC: [8192] preg_replace(): The /e modifier is deprecated, use preg_replace_callback instead ThinkTemplate.class.php 第 406 行.
[ 2017-03-17T17:20:53+08:00 ] /JSJD/index.php | NOTIC: [8192] preg_replace(): The /e modifier is deprecated, use preg_replace_callback instead ThinkTemplate.class.php 第 406 行.
[ 2017-03-17T17:20:53+08:00 ] /JSJD/index.php | NOTIC: [8192] preg_replace(): The /e modifier is deprecated, use preg_replace_callback instead ThinkTemplate.class.php 第 406 行.
[ 2017-03-17T17:20:53+08:00 ] /JSJD/index.php | NOTIC: [8192] preg_replace(): The /e modifier is deprecated, use preg_replace_callback instead ThinkTemplate.class.php 第 406 行.
[ 2017-03-17T17:20:53+08:00 ] /JSJD/index.php | NOTIC: [8192] preg_replace(): The /e modifier is deprecated, use preg_replace_callback instead ThinkTemplate.class.php 第 406 行.
[ 2017-03-17T17:20:53+08:00 ] /JSJD/index.php | NOTIC: [8192] preg_replace(): The /e modifier is deprecated, use preg_replace_callback instead ThinkTemplate.class.php 第 402 行.
[ 2017-03-17T17:20:53+08:00 ] /JSJD/index.php | NOTIC: [8192] preg_replace(): The /e modifier is deprecated, use preg_replace_callback instead ThinkTemplate.class.php 第 402 行.
[ 2017-03-17T17:20:53+08:00 ] /JSJD/index.php | NOTIC: [8192] preg_replace(): The /e modifier is deprecated, use preg_replace_callback instead ThinkTemplate.class.php 第 402 行.
[ 2017-03-17T17:20:53+08:00 ] /JSJD/index.php | NOTIC: [8192] preg_replace(): The /e modifier is deprecated, use preg_replace_callback instead ThinkTemplate.class.php 第 402 行.
[ 2017-03-17T17:20:53+08:00 ] /JSJD/index.php | NOTIC: [8192] preg_replace(): The /e modifier is deprecated, use preg_replace_callback instead ThinkTemplate.class.php 第 402 行.
[ 2017-03-17T17:20:53+08:00 ] /JSJD/index.php | NOTIC: [8192] preg_replace(): The /e modifier is deprecated, use preg_replace_callback instead ThinkTemplate.class.php 第 402 行.
[ 2017-03-17T17:20:53+08:00 ] /JSJD/index.php | NOTIC: [8192] preg_replace(): The /e modifier is deprecated, use preg_replace_callback instead ThinkTemplate.class.php 第 406 行.
[ 2017-03-17T17:20:53+08:00 ] /JSJD/index.php | NOTIC: [8192] preg_replace(): The /e modifier is deprecated, use preg_replace_callback instead ThinkTemplate.class.php 第 406 行.
[ 2017-03-17T17:20:53+08:00 ] /JSJD/index.php | NOTIC: [8192] preg_replace(): The /e modifier is deprecated, use preg_replace_callback instead ThinkTemplate.class.php 第 406 行.
[ 2017-03-17T17:20:53+08:00 ] /JSJD/index.php | NOTIC: [8192] preg_replace(): The /e modifier is deprecated, use preg_replace_callback instead ThinkTemplate.class.php 第 220 行.
[ 2017-03-17T17:20:53+08:00 ] /JSJD/index.php | NOTIC: [8192] preg_replace(): The /e modifier is deprecated, use preg_replace_callback instead ThinkTemplate.class.php 第 154 行.
[ 2017-03-17T17:20:53+08:00 ] /JSJD/index.php | INFO: Run ParseTemplate Behavior [ RunTime:0.017597s ]
[ 2017-03-17T17:20:53+08:00 ] /JSJD/index.php | INFO: Tag[ view_parse ] --END-- [ RunTime:0.017652s ]
[ 2017-03-17T17:20:53+08:00 ] /JSJD/index.php | INFO: Tag[ view_filter ] --START--
[ 2017-03-17T17:20:53+08:00 ] /JSJD/index.php | INFO: Run ContentReplace Behavior [ RunTime:0.000673s ]
[ 2017-03-17T17:20:53+08:00 ] /JSJD/index.php | INFO: Run TokenBuild Behavior [ RunTime:0.000630s ]
[ 2017-03-17T17:20:53+08:00 ] /JSJD/index.php | INFO: Run WriteHtmlCache Behavior [ RunTime:0.000527s ]
[ 2017-03-17T17:20:53+08:00 ] /JSJD/index.php | INFO: Run ShowRuntime Behavior [ RunTime:0.000668s ]
[ 2017-03-17T17:20:53+08:00 ] /JSJD/index.php | INFO: Tag[ view_filter ] --END-- [ RunTime:0.002626s ]
[ 2017-03-17T17:20:53+08:00 ] /JSJD/index.php | INFO: Tag[ view_end ] --START--
[ 2017-03-17T17:20:53+08:00 ] /JSJD/index.php | INFO: Run ShowPageTrace Behavior [ RunTime:0.000849s ]
[ 2017-03-17T17:20:53+08:00 ] /JSJD/index.php | INFO: Tag[ view_end ] --END-- [ RunTime:0.000928s ]
[ 2017-03-17T17:21:15+08:00 ] /JSJD/index.php | INFO: Tag[ app_begin ] --START--
[ 2017-03-17T17:21:15+08:00 ] /JSJD/index.php | INFO: Run ReadHtmlCache Behavior [ RunTime:0.000851s ]
[ 2017-03-17T17:21:15+08:00 ] /JSJD/index.php | INFO: Tag[ app_begin ] --END-- [ RunTime:0.000955s ]
[ 2017-03-17T17:21:15+08:00 ] /JSJD/index.php | INFO: Tag[ view_template ] --START--
[ 2017-03-17T17:21:15+08:00 ] /JSJD/index.php | INFO: Run LocationTemplate Behavior [ RunTime:0.001103s ]
[ 2017-03-17T17:21:15+08:00 ] /JSJD/index.php | INFO: Tag[ view_template ] --END-- [ RunTime:0.001186s ]
[ 2017-03-17T17:21:15+08:00 ] /JSJD/index.php | INFO: Tag[ view_parse ] --START--
[ 2017-03-17T17:21:15+08:00 ] /JSJD/index.php | NOTIC: [8192] preg_replace(): The /e modifier is deprecated, use preg_replace_callback instead ThinkTemplate.class.php 第 186 行.
[ 2017-03-17T17:21:15+08:00 ] /JSJD/index.php | NOTIC: [2] file_get_contents(./Index/Tpl/Public/top.html): failed to open stream: No such file or directory ThinkTemplate.class.php 第 702 行.
[ 2017-03-17T17:21:15+08:00 ] /JSJD/index.php | NOTIC: [2] file_get_contents(./Index/Tpl/Public/luenhuan.html): failed to open stream: No such file or directory ThinkTemplate.class.php 第 702 行.
[ 2017-03-17T17:21:15+08:00 ] /JSJD/index.php | NOTIC: [2] file_get_contents(./Index/Tpl/Public/footer.html): failed to open stream: No such file or directory ThinkTemplate.class.php 第 702 行.
[ 2017-03-17T17:21:15+08:00 ] /JSJD/index.php | NOTIC: [8192] preg_replace(): The /e modifier is deprecated, use preg_replace_callback instead ThinkTemplate.class.php 第 406 行.
[ 2017-03-17T17:21:15+08:00 ] /JSJD/index.php | NOTIC: [8192] preg_replace(): The /e modifier is deprecated, use preg_replace_callback instead ThinkTemplate.class.php 第 406 行.
[ 2017-03-17T17:21:15+08:00 ] /JSJD/index.php | NOTIC: [8192] preg_replace(): The /e modifier is deprecated, use preg_replace_callback instead ThinkTemplate.class.php 第 406 行.
[ 2017-03-17T17:21:15+08:00 ] /JSJD/index.php | NOTIC: [8192] preg_replace(): The /e modifier is deprecated, use preg_replace_callback instead ThinkTemplate.class.php 第 406 行.
[ 2017-03-17T17:21:15+08:00 ] /JSJD/index.php | NOTIC: [8192] preg_replace(): The /e modifier is deprecated, use preg_replace_callback instead ThinkTemplate.class.php 第 406 行.
[ 2017-03-17T17:21:15+08:00 ] /JSJD/index.php | NOTIC: [8192] preg_replace(): The /e modifier is deprecated, use preg_replace_callback instead ThinkTemplate.class.php 第 406 行.
[ 2017-03-17T17:21:15+08:00 ] /JSJD/index.php | NOTIC: [8192] preg_replace(): The /e modifier is deprecated, use preg_replace_callback instead ThinkTemplate.class.php 第 406 行.
[ 2017-03-17T17:21:15+08:00 ] /JSJD/index.php | NOTIC: [8192] preg_replace(): The /e modifier is deprecated, use preg_replace_callback instead ThinkTemplate.class.php 第 406 行.
[ 2017-03-17T17:21:15+08:00 ] /JSJD/index.php | NOTIC: [8192] preg_replace(): The /e modifier is deprecated, use preg_replace_callback instead ThinkTemplate.class.php 第 406 行.
[ 2017-03-17T17:21:15+08:00 ] /JSJD/index.php | NOTIC: [8192] preg_replace(): The /e modifier is deprecated, use preg_replace_callback instead ThinkTemplate.class.php 第 402 行.
[ 2017-03-17T17:21:15+08:00 ] /JSJD/index.php | NOTIC: [8192] preg_replace(): The /e modifier is deprecated, use preg_replace_callback instead ThinkTemplate.class.php 第 402 行.
[ 2017-03-17T17:21:15+08:00 ] /JSJD/index.php | NOTIC: [8192] preg_replace(): The /e modifier is deprecated, use preg_replace_callback instead ThinkTemplate.class.php 第 406 行.
[ 2017-03-17T17:21:15+08:00 ] /JSJD/index.php | NOTIC: [8192] preg_replace(): The /e modifier is deprecated, use preg_replace_callback instead ThinkTemplate.class.php 第 406 行.
[ 2017-03-17T17:21:15+08:00 ] /JSJD/index.php | NOTIC: [8192] preg_replace(): The /e modifier is deprecated, use preg_replace_callback instead ThinkTemplate.class.php 第 406 行.
[ 2017-03-17T17:21:15+08:00 ] /JSJD/index.php | NOTIC: [8192] preg_replace(): The /e modifier is deprecated, use preg_replace_callback instead ThinkTemplate.class.php 第 402 行.
[ 2017-03-17T17:21:15+08:00 ] /JSJD/index.php | NOTIC: [8192] preg_replace(): The /e modifier is deprecated, use preg_replace_callback instead ThinkTemplate.class.php 第 406 行.
[ 2017-03-17T17:21:15+08:00 ] /JSJD/index.php | NOTIC: [8192] preg_replace(): The /e modifier is deprecated, use preg_replace_callback instead ThinkTemplate.class.php 第 406 行.
[ 2017-03-17T17:21:15+08:00 ] /JSJD/index.php | NOTIC: [8192] preg_replace(): The /e modifier is deprecated, use preg_replace_callback instead ThinkTemplate.class.php 第 406 行.
[ 2017-03-17T17:21:15+08:00 ] /JSJD/index.php | NOTIC: [8192] preg_replace(): The /e modifier is deprecated, use preg_replace_callback instead ThinkTemplate.class.php 第 406 行.
[ 2017-03-17T17:21:15+08:00 ] /JSJD/index.php | NOTIC: [8192] preg_replace(): The /e modifier is deprecated, use preg_replace_callback instead ThinkTemplate.class.php 第 406 行.
[ 2017-03-17T17:21:15+08:00 ] /JSJD/index.php | NOTIC: [8192] preg_replace(): The /e modifier is deprecated, use preg_replace_callback instead ThinkTemplate.class.php 第 406 行.
[ 2017-03-17T17:21:15+08:00 ] /JSJD/index.php | NOTIC: [8192] preg_replace(): The /e modifier is deprecated, use preg_replace_callback instead ThinkTemplate.class.php 第 406 行.
[ 2017-03-17T17:21:15+08:00 ] /JSJD/index.php | NOTIC: [8192] preg_replace(): The /e modifier is deprecated, use preg_replace_callback instead ThinkTemplate.class.php 第 406 行.
[ 2017-03-17T17:21:15+08:00 ] /JSJD/index.php | NOTIC: [8192] preg_replace(): The /e modifier is deprecated, use preg_replace_callback instead ThinkTemplate.class.php 第 406 行.
[ 2017-03-17T17:21:15+08:00 ] /JSJD/index.php | NOTIC: [8192] preg_replace(): The /e modifier is deprecated, use preg_replace_callback instead ThinkTemplate.class.php 第 406 行.
[ 2017-03-17T17:21:15+08:00 ] /JSJD/index.php | NOTIC: [8192] preg_replace(): The /e modifier is deprecated, use preg_replace_callback instead ThinkTemplate.class.php 第 406 行.
[ 2017-03-17T17:21:15+08:00 ] /JSJD/index.php | NOTIC: [8192] preg_replace(): The /e modifier is deprecated, use preg_replace_callback instead ThinkTemplate.class.php 第 406 行.
[ 2017-03-17T17:21:15+08:00 ] /JSJD/index.php | NOTIC: [8192] preg_replace(): The /e modifier is deprecated, use preg_replace_callback instead ThinkTemplate.class.php 第 406 行.
[ 2017-03-17T17:21:15+08:00 ] /JSJD/index.php | NOTIC: [8192] preg_replace(): The /e modifier is deprecated, use preg_replace_callback instead ThinkTemplate.class.php 第 406 行.
[ 2017-03-17T17:21:15+08:00 ] /JSJD/index.php | NOTIC: [8192] preg_replace(): The /e modifier is deprecated, use preg_replace_callback instead ThinkTemplate.class.php 第 406 行.
[ 2017-03-17T17:21:15+08:00 ] /JSJD/index.php | NOTIC: [8192] preg_replace(): The /e modifier is deprecated, use preg_replace_callback instead ThinkTemplate.class.php 第 406 行.
[ 2017-03-17T17:21:15+08:00 ] /JSJD/index.php | NOTIC: [8192] preg_replace(): The /e modifier is deprecated, use preg_replace_callback instead ThinkTemplate.class.php 第 406 行.
[ 2017-03-17T17:21:15+08:00 ] /JSJD/index.php | NOTIC: [8192] preg_replace(): The /e modifier is deprecated, use preg_replace_callback instead ThinkTemplate.class.php 第 406 行.
[ 2017-03-17T17:21:15+08:00 ] /JSJD/index.php | NOTIC: [8192] preg_replace(): The /e modifier is deprecated, use preg_replace_callback instead ThinkTemplate.class.php 第 406 行.
[ 2017-03-17T17:21:15+08:00 ] /JSJD/index.php | NOTIC: [8192] preg_replace(): The /e modifier is deprecated, use preg_replace_callback instead ThinkTemplate.class.php 第 406 行.
[ 2017-03-17T17:21:15+08:00 ] /JSJD/index.php | NOTIC: [8192] preg_replace(): The /e modifier is deprecated, use preg_replace_callback instead ThinkTemplate.class.php 第 406 行.
[ 2017-03-17T17:21:15+08:00 ] /JSJD/index.php | NOTIC: [8192] preg_replace(): The /e modifier is deprecated, use preg_replace_callback instead ThinkTemplate.class.php 第 406 行.
[ 2017-03-17T17:21:15+08:00 ] /JSJD/index.php | NOTIC: [8192] preg_replace(): The /e modifier is deprecated, use preg_replace_callback instead ThinkTemplate.class.php 第 406 行.
[ 2017-03-17T17:21:15+08:00 ] /JSJD/index.php | NOTIC: [8192] preg_replace(): The /e modifier is deprecated, use preg_replace_callback instead ThinkTemplate.class.php 第 406 行.
[ 2017-03-17T17:21:15+08:00 ] /JSJD/index.php | NOTIC: [8192] preg_replace(): The /e modifier is deprecated, use preg_replace_callback instead ThinkTemplate.class.php 第 406 行.
[ 2017-03-17T17:21:15+08:00 ] /JSJD/index.php | NOTIC: [8192] preg_replace(): The /e modifier is deprecated, use preg_replace_callback instead ThinkTemplate.class.php 第 406 行.
[ 2017-03-17T17:21:15+08:00 ] /JSJD/index.php | NOTIC: [8192] preg_replace(): The /e modifier is deprecated, use preg_replace_callback instead ThinkTemplate.class.php 第 406 行.
[ 2017-03-17T17:21:15+08:00 ] /JSJD/index.php | NOTIC: [8192] preg_replace(): The /e modifier is deprecated, use preg_replace_callback instead ThinkTemplate.class.php 第 406 行.
[ 2017-03-17T17:21:15+08:00 ] /JSJD/index.php | NOTIC: [8192] preg_replace(): The /e modifier is deprecated, use preg_replace_callback instead ThinkTemplate.class.php 第 406 行.
[ 2017-03-17T17:21:15+08:00 ] /JSJD/index.php | NOTIC: [8192] preg_replace(): The /e modifier is deprecated, use preg_replace_callback instead ThinkTemplate.class.php 第 406 行.
[ 2017-03-17T17:21:15+08:00 ] /JSJD/index.php | NOTIC: [8192] preg_replace(): The /e modifier is deprecated, use preg_replace_callback instead ThinkTemplate.class.php 第 406 行.
[ 2017-03-17T17:21:15+08:00 ] /JSJD/index.php | NOTIC: [8192] preg_replace(): The /e modifier is deprecated, use preg_replace_callback instead ThinkTemplate.class.php 第 406 行.
[ 2017-03-17T17:21:15+08:00 ] /JSJD/index.php | NOTIC: [8192] preg_replace(): The /e modifier is deprecated, use preg_replace_callback instead ThinkTemplate.class.php 第 406 行.
[ 2017-03-17T17:21:15+08:00 ] /JSJD/index.php | NOTIC: [8192] preg_replace(): The /e modifier is deprecated, use preg_replace_callback instead ThinkTemplate.class.php 第 406 行.
[ 2017-03-17T17:21:15+08:00 ] /JSJD/index.php | NOTIC: [8192] preg_replace(): The /e modifier is deprecated, use preg_replace_callback instead ThinkTemplate.class.php 第 406 行.
[ 2017-03-17T17:21:15+08:00 ] /JSJD/index.php | NOTIC: [8192] preg_replace(): The /e modifier is deprecated, use preg_replace_callback instead ThinkTemplate.class.php 第 406 行.
[ 2017-03-17T17:21:15+08:00 ] /JSJD/index.php | NOTIC: [8192] preg_replace(): The /e modifier is deprecated, use preg_replace_callback instead ThinkTemplate.class.php 第 406 行.
[ 2017-03-17T17:21:15+08:00 ] /JSJD/index.php | NOTIC: [8192] preg_replace(): The /e modifier is deprecated, use preg_replace_callback instead ThinkTemplate.class.php 第 406 行.
[ 2017-03-17T17:21:15+08:00 ] /JSJD/index.php | NOTIC: [8192] preg_replace(): The /e modifier is deprecated, use preg_replace_callback instead ThinkTemplate.class.php 第 406 行.
[ 2017-03-17T17:21:15+08:00 ] /JSJD/index.php | NOTIC: [8192] preg_replace(): The /e modifier is deprecated, use preg_replace_callback instead ThinkTemplate.class.php 第 406 行.
[ 2017-03-17T17:21:15+08:00 ] /JSJD/index.php | NOTIC: [8192] preg_replace(): The /e modifier is deprecated, use preg_replace_callback instead ThinkTemplate.class.php 第 406 行.
[ 2017-03-17T17:21:15+08:00 ] /JSJD/index.php | NOTIC: [8192] preg_replace(): The /e modifier is deprecated, use preg_replace_callback instead ThinkTemplate.class.php 第 406 行.
[ 2017-03-17T17:21:15+08:00 ] /JSJD/index.php | NOTIC: [8192] preg_replace(): The /e modifier is deprecated, use preg_replace_callback instead ThinkTemplate.class.php 第 406 行.
[ 2017-03-17T17:21:15+08:00 ] /JSJD/index.php | NOTIC: [8192] preg_replace(): The /e modifier is deprecated, use preg_replace_callback instead ThinkTemplate.class.php 第 406 行.
[ 2017-03-17T17:21:15+08:00 ] /JSJD/index.php | NOTIC: [8192] preg_replace(): The /e modifier is deprecated, use preg_replace_callback instead ThinkTemplate.class.php 第 406 行.
[ 2017-03-17T17:21:15+08:00 ] /JSJD/index.php | NOTIC: [8192] preg_replace(): The /e modifier is deprecated, use preg_replace_callback instead ThinkTemplate.class.php 第 406 行.
[ 2017-03-17T17:21:15+08:00 ] /JSJD/index.php | NOTIC: [8192] preg_replace(): The /e modifier is deprecated, use preg_replace_callback instead ThinkTemplate.class.php 第 406 行.
[ 2017-03-17T17:21:15+08:00 ] /JSJD/index.php | NOTIC: [8192] preg_replace(): The /e modifier is deprecated, use preg_replace_callback instead ThinkTemplate.class.php 第 406 行.
[ 2017-03-17T17:21:15+08:00 ] /JSJD/index.php | NOTIC: [8192] preg_replace(): The /e modifier is deprecated, use preg_replace_callback instead ThinkTemplate.class.php 第 406 行.
[ 2017-03-17T17:21:15+08:00 ] /JSJD/index.php | NOTIC: [8192] preg_replace(): The /e modifier is deprecated, use preg_replace_callback instead ThinkTemplate.class.php 第 406 行.
[ 2017-03-17T17:21:15+08:00 ] /JSJD/index.php | NOTIC: [8192] preg_replace(): The /e modifier is deprecated, use preg_replace_callback instead ThinkTemplate.class.php 第 406 行.
[ 2017-03-17T17:21:15+08:00 ] /JSJD/index.php | NOTIC: [8192] preg_replace(): The /e modifier is deprecated, use preg_replace_callback instead ThinkTemplate.class.php 第 406 行.
[ 2017-03-17T17:21:15+08:00 ] /JSJD/index.php | NOTIC: [8192] preg_replace(): The /e modifier is deprecated, use preg_replace_callback instead ThinkTemplate.class.php 第 406 行.
[ 2017-03-17T17:21:15+08:00 ] /JSJD/index.php | NOTIC: [8192] preg_replace(): The /e modifier is deprecated, use preg_replace_callback instead ThinkTemplate.class.php 第 406 行.
[ 2017-03-17T17:21:15+08:00 ] /JSJD/index.php | NOTIC: [8192] preg_replace(): The /e modifier is deprecated, use preg_replace_callback instead ThinkTemplate.class.php 第 406 行.
[ 2017-03-17T17:21:15+08:00 ] /JSJD/index.php | NOTIC: [8192] preg_replace(): The /e modifier is deprecated, use preg_replace_callback instead ThinkTemplate.class.php 第 406 行.
[ 2017-03-17T17:21:15+08:00 ] /JSJD/index.php | NOTIC: [8192] preg_replace(): The /e modifier is deprecated, use preg_replace_callback instead ThinkTemplate.class.php 第 406 行.
[ 2017-03-17T17:21:15+08:00 ] /JSJD/index.php | NOTIC: [8192] preg_replace(): The /e modifier is deprecated, use preg_replace_callback instead ThinkTemplate.class.php 第 406 行.
[ 2017-03-17T17:21:15+08:00 ] /JSJD/index.php | NOTIC: [8192] preg_replace(): The /e modifier is deprecated, use preg_replace_callback instead ThinkTemplate.class.php 第 406 行.
[ 2017-03-17T17:21:15+08:00 ] /JSJD/index.php | NOTIC: [8192] preg_replace(): The /e modifier is deprecated, use preg_replace_callback instead ThinkTemplate.class.php 第 406 行.
[ 2017-03-17T17:21:15+08:00 ] /JSJD/index.php | NOTIC: [8192] preg_replace(): The /e modifier is deprecated, use preg_replace_callback instead ThinkTemplate.class.php 第 406 行.
[ 2017-03-17T17:21:15+08:00 ] /JSJD/index.php | NOTIC: [8192] preg_replace(): The /e modifier is deprecated, use preg_replace_callback instead ThinkTemplate.class.php 第 406 行.
[ 2017-03-17T17:21:15+08:00 ] /JSJD/index.php | NOTIC: [8192] preg_replace(): The /e modifier is deprecated, use preg_replace_callback instead ThinkTemplate.class.php 第 406 行.
[ 2017-03-17T17:21:15+08:00 ] /JSJD/index.php | NOTIC: [8192] preg_replace(): The /e modifier is deprecated, use preg_replace_callback instead ThinkTemplate.class.php 第 406 行.
[ 2017-03-17T17:21:15+08:00 ] /JSJD/index.php | NOTIC: [8192] preg_replace(): The /e modifier is deprecated, use preg_replace_callback instead ThinkTemplate.class.php 第 406 行.
[ 2017-03-17T17:21:15+08:00 ] /JSJD/index.php | NOTIC: [8192] preg_replace(): The /e modifier is deprecated, use preg_replace_callback instead ThinkTemplate.class.php 第 406 行.
[ 2017-03-17T17:21:15+08:00 ] /JSJD/index.php | NOTIC: [8192] preg_replace(): The /e modifier is deprecated, use preg_replace_callback instead ThinkTemplate.class.php 第 402 行.
[ 2017-03-17T17:21:15+08:00 ] /JSJD/index.php | NOTIC: [8192] preg_replace(): The /e modifier is deprecated, use preg_replace_callback instead ThinkTemplate.class.php 第 402 行.
[ 2017-03-17T17:21:15+08:00 ] /JSJD/index.php | NOTIC: [8192] preg_replace(): The /e modifier is deprecated, use preg_replace_callback instead ThinkTemplate.class.php 第 402 行.
[ 2017-03-17T17:21:15+08:00 ] /JSJD/index.php | NOTIC: [8192] preg_replace(): The /e modifier is deprecated, use preg_replace_callback instead ThinkTemplate.class.php 第 402 行.
[ 2017-03-17T17:21:15+08:00 ] /JSJD/index.php | NOTIC: [8192] preg_replace(): The /e modifier is deprecated, use preg_replace_callback instead ThinkTemplate.class.php 第 402 行.
[ 2017-03-17T17:21:15+08:00 ] /JSJD/index.php | NOTIC: [8192] preg_replace(): The /e modifier is deprecated, use preg_replace_callback instead ThinkTemplate.class.php 第 402 行.
[ 2017-03-17T17:21:15+08:00 ] /JSJD/index.php | NOTIC: [8192] preg_replace(): The /e modifier is deprecated, use preg_replace_callback instead ThinkTemplate.class.php 第 406 行.
[ 2017-03-17T17:21:15+08:00 ] /JSJD/index.php | NOTIC: [8192] preg_replace(): The /e modifier is deprecated, use preg_replace_callback instead ThinkTemplate.class.php 第 406 行.
[ 2017-03-17T17:21:15+08:00 ] /JSJD/index.php | NOTIC: [8192] preg_replace(): The /e modifier is deprecated, use preg_replace_callback instead ThinkTemplate.class.php 第 406 行.
[ 2017-03-17T17:21:15+08:00 ] /JSJD/index.php | NOTIC: [8192] preg_replace(): The /e modifier is deprecated, use preg_replace_callback instead ThinkTemplate.class.php 第 220 行.
[ 2017-03-17T17:21:15+08:00 ] /JSJD/index.php | NOTIC: [8192] preg_replace(): The /e modifier is deprecated, use preg_replace_callback instead ThinkTemplate.class.php 第 154 行.
[ 2017-03-17T17:21:15+08:00 ] /JSJD/index.php | INFO: Run ParseTemplate Behavior [ RunTime:0.016945s ]
[ 2017-03-17T17:21:15+08:00 ] /JSJD/index.php | INFO: Tag[ view_parse ] --END-- [ RunTime:0.017025s ]
[ 2017-03-17T17:21:15+08:00 ] /JSJD/index.php | INFO: Tag[ view_filter ] --START--
[ 2017-03-17T17:21:15+08:00 ] /JSJD/index.php | INFO: Run ContentReplace Behavior [ RunTime:0.000747s ]
[ 2017-03-17T17:21:15+08:00 ] /JSJD/index.php | INFO: Run TokenBuild Behavior [ RunTime:0.000469s ]
[ 2017-03-17T17:21:15+08:00 ] /JSJD/index.php | INFO: Run WriteHtmlCache Behavior [ RunTime:0.000327s ]
[ 2017-03-17T17:21:15+08:00 ] /JSJD/index.php | INFO: Run ShowRuntime Behavior [ RunTime:0.000500s ]
[ 2017-03-17T17:21:15+08:00 ] /JSJD/index.php | INFO: Tag[ view_filter ] --END-- [ RunTime:0.002180s ]
[ 2017-03-17T17:21:15+08:00 ] /JSJD/index.php | INFO: Tag[ view_end ] --START--
[ 2017-03-17T17:21:15+08:00 ] /JSJD/index.php | INFO: Run ShowPageTrace Behavior [ RunTime:0.000786s ]
[ 2017-03-17T17:21:15+08:00 ] /JSJD/index.php | INFO: Tag[ view_end ] --END-- [ RunTime:0.000856s ]
