[ 2017-05-03T19:34:13+08:00 ] /JSJD/ | INFO: Tag[ app_begin ] --START--
[ 2017-05-03T19:34:13+08:00 ] /JSJD/ | INFO: Run ReadHtmlCache Behavior [ RunTime:0.000669s ]
[ 2017-05-03T19:34:13+08:00 ] /JSJD/ | INFO: Tag[ app_begin ] --END-- [ RunTime:0.001074s ]
[ 2017-05-03T19:34:13+08:00 ] /JSJD/ | NOTIC: [8192] mysql_connect(): The mysql extension is deprecated and will be removed in the future: use mysqli or PDO instead DbMysql.class.php 第 67 行.
[ 2017-05-03T19:34:13+08:00 ] /JSJD/ | SQL: SHOW COLUMNS FROM `czxy_systemconfig` [ RunTime:0.002383s ]
[ 2017-05-03T19:34:13+08:00 ] /JSJD/ | NOTIC: [8192] preg_replace(): The /e modifier is deprecated, use preg_replace_callback instead Db.class.php 第 660 行.
[ 2017-05-03T19:34:13+08:00 ] /JSJD/ | SQL: SELECT * FROM `czxy_systemconfig` WHERE ( `ckey` = 'rotateimg' )  [ RunTime:0.001975s ]
[ 2017-05-03T19:34:13+08:00 ] /JSJD/ | SQL: SHOW COLUMNS FROM `czxy_news` [ RunTime:0.003667s ]
[ 2017-05-03T19:34:13+08:00 ] /JSJD/ | NOTIC: [8192] preg_replace(): The /e modifier is deprecated, use preg_replace_callback instead Db.class.php 第 660 行.
[ 2017-05-03T19:34:13+08:00 ] /JSJD/ | SQL: SELECT * FROM `czxy_news` LIMIT 5   [ RunTime:0.000397s ]
[ 2017-05-03T19:34:13+08:00 ] /JSJD/ | SQL: SHOW COLUMNS FROM `czxy_subjectrace` [ RunTime:0.003423s ]
[ 2017-05-03T19:34:13+08:00 ] /JSJD/ | NOTIC: [8192] preg_replace(): The /e modifier is deprecated, use preg_replace_callback instead Db.class.php 第 660 行.
[ 2017-05-03T19:34:13+08:00 ] /JSJD/ | SQL: SELECT * FROM `czxy_subjectrace` ORDER BY id DESC LIMIT 3   [ RunTime:0.000866s ]
[ 2017-05-03T19:34:13+08:00 ] /JSJD/ | INFO: Tag[ view_template ] --START--
[ 2017-05-03T19:34:13+08:00 ] /JSJD/ | INFO: Run LocationTemplate Behavior [ RunTime:0.006611s ]
[ 2017-05-03T19:34:13+08:00 ] /JSJD/ | INFO: Tag[ view_template ] --END-- [ RunTime:0.006748s ]
[ 2017-05-03T19:34:13+08:00 ] /JSJD/ | INFO: Tag[ view_parse ] --START--
[ 2017-05-03T19:34:13+08:00 ] /JSJD/ | NOTIC: [8192] preg_replace(): The /e modifier is deprecated, use preg_replace_callback instead ThinkTemplate.class.php 第 186 行.
[ 2017-05-03T19:34:13+08:00 ] /JSJD/ | NOTIC: [2] file_get_contents(./Index/Tpl/Public/top.html): failed to open stream: No such file or directory ThinkTemplate.class.php 第 702 行.
[ 2017-05-03T19:34:13+08:00 ] /JSJD/ | NOTIC: [2] file_get_contents(./Index/Tpl/Public/luenhuan.html): failed to open stream: No such file or directory ThinkTemplate.class.php 第 702 行.
[ 2017-05-03T19:34:13+08:00 ] /JSJD/ | NOTIC: [2] file_get_contents(./Index/Tpl/Public/footer.html): failed to open stream: No such file or directory ThinkTemplate.class.php 第 702 行.
[ 2017-05-03T19:34:13+08:00 ] /JSJD/ | NOTIC: [8192] preg_replace(): The /e modifier is deprecated, use preg_replace_callback instead ThinkTemplate.class.php 第 406 行.
[ 2017-05-03T19:34:13+08:00 ] /JSJD/ | NOTIC: [8192] preg_replace(): The /e modifier is deprecated, use preg_replace_callback instead ThinkTemplate.class.php 第 406 行.
[ 2017-05-03T19:34:13+08:00 ] /JSJD/ | NOTIC: [8192] preg_replace(): The /e modifier is deprecated, use preg_replace_callback instead ThinkTemplate.class.php 第 406 行.
[ 2017-05-03T19:34:13+08:00 ] /JSJD/ | NOTIC: [8192] preg_replace(): The /e modifier is deprecated, use preg_replace_callback instead ThinkTemplate.class.php 第 406 行.
[ 2017-05-03T19:34:13+08:00 ] /JSJD/ | NOTIC: [8192] preg_replace(): The /e modifier is deprecated, use preg_replace_callback instead ThinkTemplate.class.php 第 406 行.
[ 2017-05-03T19:34:13+08:00 ] /JSJD/ | NOTIC: [8192] preg_replace(): The /e modifier is deprecated, use preg_replace_callback instead ThinkTemplate.class.php 第 406 行.
[ 2017-05-03T19:34:13+08:00 ] /JSJD/ | NOTIC: [8192] preg_replace(): The /e modifier is deprecated, use preg_replace_callback instead ThinkTemplate.class.php 第 406 行.
[ 2017-05-03T19:34:13+08:00 ] /JSJD/ | NOTIC: [8192] preg_replace(): The /e modifier is deprecated, use preg_replace_callback instead ThinkTemplate.class.php 第 406 行.
[ 2017-05-03T19:34:13+08:00 ] /JSJD/ | NOTIC: [8192] preg_replace(): The /e modifier is deprecated, use preg_replace_callback instead ThinkTemplate.class.php 第 406 行.
[ 2017-05-03T19:34:13+08:00 ] /JSJD/ | NOTIC: [8192] preg_replace(): The /e modifier is deprecated, use preg_replace_callback instead ThinkTemplate.class.php 第 402 行.
[ 2017-05-03T19:34:13+08:00 ] /JSJD/ | NOTIC: [8192] preg_replace(): The /e modifier is deprecated, use preg_replace_callback instead ThinkTemplate.class.php 第 402 行.
[ 2017-05-03T19:34:13+08:00 ] /JSJD/ | NOTIC: [8192] preg_replace(): The /e modifier is deprecated, use preg_replace_callback instead ThinkTemplate.class.php 第 406 行.
[ 2017-05-03T19:34:13+08:00 ] /JSJD/ | NOTIC: [8192] preg_replace(): The /e modifier is deprecated, use preg_replace_callback instead ThinkTemplate.class.php 第 406 行.
[ 2017-05-03T19:34:13+08:00 ] /JSJD/ | NOTIC: [8192] preg_replace(): The /e modifier is deprecated, use preg_replace_callback instead ThinkTemplate.class.php 第 406 行.
[ 2017-05-03T19:34:13+08:00 ] /JSJD/ | NOTIC: [8192] preg_replace(): The /e modifier is deprecated, use preg_replace_callback instead ThinkTemplate.class.php 第 402 行.
[ 2017-05-03T19:34:13+08:00 ] /JSJD/ | NOTIC: [8192] preg_replace(): The /e modifier is deprecated, use preg_replace_callback instead ThinkTemplate.class.php 第 406 行.
[ 2017-05-03T19:34:13+08:00 ] /JSJD/ | NOTIC: [8192] preg_replace(): The /e modifier is deprecated, use preg_replace_callback instead ThinkTemplate.class.php 第 406 行.
[ 2017-05-03T19:34:13+08:00 ] /JSJD/ | NOTIC: [8192] preg_replace(): The /e modifier is deprecated, use preg_replace_callback instead ThinkTemplate.class.php 第 406 行.
[ 2017-05-03T19:34:13+08:00 ] /JSJD/ | NOTIC: [8192] preg_replace(): The /e modifier is deprecated, use preg_replace_callback instead ThinkTemplate.class.php 第 406 行.
[ 2017-05-03T19:34:13+08:00 ] /JSJD/ | NOTIC: [8192] preg_replace(): The /e modifier is deprecated, use preg_replace_callback instead ThinkTemplate.class.php 第 406 行.
[ 2017-05-03T19:34:13+08:00 ] /JSJD/ | NOTIC: [8192] preg_replace(): The /e modifier is deprecated, use preg_replace_callback instead ThinkTemplate.class.php 第 406 行.
[ 2017-05-03T19:34:13+08:00 ] /JSJD/ | NOTIC: [8192] preg_replace(): The /e modifier is deprecated, use preg_replace_callback instead ThinkTemplate.class.php 第 406 行.
[ 2017-05-03T19:34:13+08:00 ] /JSJD/ | NOTIC: [8192] preg_replace(): The /e modifier is deprecated, use preg_replace_callback instead ThinkTemplate.class.php 第 406 行.
[ 2017-05-03T19:34:13+08:00 ] /JSJD/ | NOTIC: [8192] preg_replace(): The /e modifier is deprecated, use preg_replace_callback instead ThinkTemplate.class.php 第 406 行.
[ 2017-05-03T19:34:13+08:00 ] /JSJD/ | NOTIC: [8192] preg_replace(): The /e modifier is deprecated, use preg_replace_callback instead ThinkTemplate.class.php 第 406 行.
[ 2017-05-03T19:34:13+08:00 ] /JSJD/ | NOTIC: [8192] preg_replace(): The /e modifier is deprecated, use preg_replace_callback instead ThinkTemplate.class.php 第 406 行.
[ 2017-05-03T19:34:13+08:00 ] /JSJD/ | NOTIC: [8192] preg_replace(): The /e modifier is deprecated, use preg_replace_callback instead ThinkTemplate.class.php 第 406 行.
[ 2017-05-03T19:34:13+08:00 ] /JSJD/ | NOTIC: [8192] preg_replace(): The /e modifier is deprecated, use preg_replace_callback instead ThinkTemplate.class.php 第 406 行.
[ 2017-05-03T19:34:13+08:00 ] /JSJD/ | NOTIC: [8192] preg_replace(): The /e modifier is deprecated, use preg_replace_callback instead ThinkTemplate.class.php 第 406 行.
[ 2017-05-03T19:34:13+08:00 ] /JSJD/ | NOTIC: [8192] preg_replace(): The /e modifier is deprecated, use preg_replace_callback instead ThinkTemplate.class.php 第 406 行.
[ 2017-05-03T19:34:13+08:00 ] /JSJD/ | NOTIC: [8192] preg_replace(): The /e modifier is deprecated, use preg_replace_callback instead ThinkTemplate.class.php 第 406 行.
[ 2017-05-03T19:34:13+08:00 ] /JSJD/ | NOTIC: [8192] preg_replace(): The /e modifier is deprecated, use preg_replace_callback instead ThinkTemplate.class.php 第 406 行.
[ 2017-05-03T19:34:13+08:00 ] /JSJD/ | NOTIC: [8192] preg_replace(): The /e modifier is deprecated, use preg_replace_callback instead ThinkTemplate.class.php 第 406 行.
[ 2017-05-03T19:34:13+08:00 ] /JSJD/ | NOTIC: [8192] preg_replace(): The /e modifier is deprecated, use preg_replace_callback instead ThinkTemplate.class.php 第 406 行.
[ 2017-05-03T19:34:13+08:00 ] /JSJD/ | NOTIC: [8192] preg_replace(): The /e modifier is deprecated, use preg_replace_callback instead ThinkTemplate.class.php 第 406 行.
[ 2017-05-03T19:34:13+08:00 ] /JSJD/ | NOTIC: [8192] preg_replace(): The /e modifier is deprecated, use preg_replace_callback instead ThinkTemplate.class.php 第 406 行.
[ 2017-05-03T19:34:13+08:00 ] /JSJD/ | NOTIC: [8192] preg_replace(): The /e modifier is deprecated, use preg_replace_callback instead ThinkTemplate.class.php 第 406 行.
[ 2017-05-03T19:34:13+08:00 ] /JSJD/ | NOTIC: [8192] preg_replace(): The /e modifier is deprecated, use preg_replace_callback instead ThinkTemplate.class.php 第 406 行.
[ 2017-05-03T19:34:13+08:00 ] /JSJD/ | NOTIC: [8192] preg_replace(): The /e modifier is deprecated, use preg_replace_callback instead ThinkTemplate.class.php 第 406 行.
[ 2017-05-03T19:34:13+08:00 ] /JSJD/ | NOTIC: [8192] preg_replace(): The /e modifier is deprecated, use preg_replace_callback instead ThinkTemplate.class.php 第 406 行.
[ 2017-05-03T19:34:13+08:00 ] /JSJD/ | NOTIC: [8192] preg_replace(): The /e modifier is deprecated, use preg_replace_callback instead ThinkTemplate.class.php 第 406 行.
[ 2017-05-03T19:34:13+08:00 ] /JSJD/ | NOTIC: [8192] preg_replace(): The /e modifier is deprecated, use preg_replace_callback instead ThinkTemplate.class.php 第 406 行.
[ 2017-05-03T19:34:13+08:00 ] /JSJD/ | NOTIC: [8192] preg_replace(): The /e modifier is deprecated, use preg_replace_callback instead ThinkTemplate.class.php 第 406 行.
[ 2017-05-03T19:34:13+08:00 ] /JSJD/ | NOTIC: [8192] preg_replace(): The /e modifier is deprecated, use preg_replace_callback instead ThinkTemplate.class.php 第 406 行.
[ 2017-05-03T19:34:13+08:00 ] /JSJD/ | NOTIC: [8192] preg_replace(): The /e modifier is deprecated, use preg_replace_callback instead ThinkTemplate.class.php 第 406 行.
[ 2017-05-03T19:34:13+08:00 ] /JSJD/ | NOTIC: [8192] preg_replace(): The /e modifier is deprecated, use preg_replace_callback instead ThinkTemplate.class.php 第 406 行.
[ 2017-05-03T19:34:13+08:00 ] /JSJD/ | NOTIC: [8192] preg_replace(): The /e modifier is deprecated, use preg_replace_callback instead ThinkTemplate.class.php 第 406 行.
[ 2017-05-03T19:34:13+08:00 ] /JSJD/ | NOTIC: [8192] preg_replace(): The /e modifier is deprecated, use preg_replace_callback instead ThinkTemplate.class.php 第 406 行.
[ 2017-05-03T19:34:13+08:00 ] /JSJD/ | NOTIC: [8192] preg_replace(): The /e modifier is deprecated, use preg_replace_callback instead ThinkTemplate.class.php 第 406 行.
[ 2017-05-03T19:34:13+08:00 ] /JSJD/ | NOTIC: [8192] preg_replace(): The /e modifier is deprecated, use preg_replace_callback instead ThinkTemplate.class.php 第 406 行.
[ 2017-05-03T19:34:13+08:00 ] /JSJD/ | NOTIC: [8192] preg_replace(): The /e modifier is deprecated, use preg_replace_callback instead ThinkTemplate.class.php 第 406 行.
[ 2017-05-03T19:34:13+08:00 ] /JSJD/ | NOTIC: [8192] preg_replace(): The /e modifier is deprecated, use preg_replace_callback instead ThinkTemplate.class.php 第 406 行.
[ 2017-05-03T19:34:13+08:00 ] /JSJD/ | NOTIC: [8192] preg_replace(): The /e modifier is deprecated, use preg_replace_callback instead ThinkTemplate.class.php 第 406 行.
[ 2017-05-03T19:34:13+08:00 ] /JSJD/ | NOTIC: [8192] preg_replace(): The /e modifier is deprecated, use preg_replace_callback instead ThinkTemplate.class.php 第 406 行.
[ 2017-05-03T19:34:13+08:00 ] /JSJD/ | NOTIC: [8192] preg_replace(): The /e modifier is deprecated, use preg_replace_callback instead ThinkTemplate.class.php 第 406 行.
[ 2017-05-03T19:34:13+08:00 ] /JSJD/ | NOTIC: [8192] preg_replace(): The /e modifier is deprecated, use preg_replace_callback instead ThinkTemplate.class.php 第 406 行.
[ 2017-05-03T19:34:13+08:00 ] /JSJD/ | NOTIC: [8192] preg_replace(): The /e modifier is deprecated, use preg_replace_callback instead ThinkTemplate.class.php 第 406 行.
[ 2017-05-03T19:34:13+08:00 ] /JSJD/ | NOTIC: [8192] preg_replace(): The /e modifier is deprecated, use preg_replace_callback instead ThinkTemplate.class.php 第 406 行.
[ 2017-05-03T19:34:13+08:00 ] /JSJD/ | NOTIC: [8192] preg_replace(): The /e modifier is deprecated, use preg_replace_callback instead ThinkTemplate.class.php 第 406 行.
[ 2017-05-03T19:34:13+08:00 ] /JSJD/ | NOTIC: [8192] preg_replace(): The /e modifier is deprecated, use preg_replace_callback instead ThinkTemplate.class.php 第 406 行.
[ 2017-05-03T19:34:13+08:00 ] /JSJD/ | NOTIC: [8192] preg_replace(): The /e modifier is deprecated, use preg_replace_callback instead ThinkTemplate.class.php 第 406 行.
[ 2017-05-03T19:34:13+08:00 ] /JSJD/ | NOTIC: [8192] preg_replace(): The /e modifier is deprecated, use preg_replace_callback instead ThinkTemplate.class.php 第 406 行.
[ 2017-05-03T19:34:13+08:00 ] /JSJD/ | NOTIC: [8192] preg_replace(): The /e modifier is deprecated, use preg_replace_callback instead ThinkTemplate.class.php 第 406 行.
[ 2017-05-03T19:34:13+08:00 ] /JSJD/ | NOTIC: [8192] preg_replace(): The /e modifier is deprecated, use preg_replace_callback instead ThinkTemplate.class.php 第 406 行.
[ 2017-05-03T19:34:13+08:00 ] /JSJD/ | NOTIC: [8192] preg_replace(): The /e modifier is deprecated, use preg_replace_callback instead ThinkTemplate.class.php 第 406 行.
[ 2017-05-03T19:34:13+08:00 ] /JSJD/ | NOTIC: [8192] preg_replace(): The /e modifier is deprecated, use preg_replace_callback instead ThinkTemplate.class.php 第 406 行.
[ 2017-05-03T19:34:13+08:00 ] /JSJD/ | NOTIC: [8192] preg_replace(): The /e modifier is deprecated, use preg_replace_callback instead ThinkTemplate.class.php 第 406 行.
[ 2017-05-03T19:34:13+08:00 ] /JSJD/ | NOTIC: [8192] preg_replace(): The /e modifier is deprecated, use preg_replace_callback instead ThinkTemplate.class.php 第 406 行.
[ 2017-05-03T19:34:13+08:00 ] /JSJD/ | NOTIC: [8192] preg_replace(): The /e modifier is deprecated, use preg_replace_callback instead ThinkTemplate.class.php 第 406 行.
[ 2017-05-03T19:34:13+08:00 ] /JSJD/ | NOTIC: [8192] preg_replace(): The /e modifier is deprecated, use preg_replace_callback instead ThinkTemplate.class.php 第 406 行.
[ 2017-05-03T19:34:13+08:00 ] /JSJD/ | NOTIC: [8192] preg_replace(): The /e modifier is deprecated, use preg_replace_callback instead ThinkTemplate.class.php 第 406 行.
[ 2017-05-03T19:34:13+08:00 ] /JSJD/ | NOTIC: [8192] preg_replace(): The /e modifier is deprecated, use preg_replace_callback instead ThinkTemplate.class.php 第 406 行.
[ 2017-05-03T19:34:13+08:00 ] /JSJD/ | NOTIC: [8192] preg_replace(): The /e modifier is deprecated, use preg_replace_callback instead ThinkTemplate.class.php 第 406 行.
[ 2017-05-03T19:34:13+08:00 ] /JSJD/ | NOTIC: [8192] preg_replace(): The /e modifier is deprecated, use preg_replace_callback instead ThinkTemplate.class.php 第 406 行.
[ 2017-05-03T19:34:13+08:00 ] /JSJD/ | NOTIC: [8192] preg_replace(): The /e modifier is deprecated, use preg_replace_callback instead ThinkTemplate.class.php 第 406 行.
[ 2017-05-03T19:34:13+08:00 ] /JSJD/ | NOTIC: [8192] preg_replace(): The /e modifier is deprecated, use preg_replace_callback instead ThinkTemplate.class.php 第 406 行.
[ 2017-05-03T19:34:13+08:00 ] /JSJD/ | NOTIC: [8192] preg_replace(): The /e modifier is deprecated, use preg_replace_callback instead ThinkTemplate.class.php 第 406 行.
[ 2017-05-03T19:34:13+08:00 ] /JSJD/ | NOTIC: [8192] preg_replace(): The /e modifier is deprecated, use preg_replace_callback instead ThinkTemplate.class.php 第 406 行.
[ 2017-05-03T19:34:13+08:00 ] /JSJD/ | NOTIC: [8192] preg_replace(): The /e modifier is deprecated, use preg_replace_callback instead ThinkTemplate.class.php 第 406 行.
[ 2017-05-03T19:34:13+08:00 ] /JSJD/ | NOTIC: [8192] preg_replace(): The /e modifier is deprecated, use preg_replace_callback instead ThinkTemplate.class.php 第 406 行.
[ 2017-05-03T19:34:13+08:00 ] /JSJD/ | NOTIC: [8192] preg_replace(): The /e modifier is deprecated, use preg_replace_callback instead ThinkTemplate.class.php 第 406 行.
[ 2017-05-03T19:34:13+08:00 ] /JSJD/ | NOTIC: [8192] preg_replace(): The /e modifier is deprecated, use preg_replace_callback instead ThinkTemplate.class.php 第 402 行.
[ 2017-05-03T19:34:13+08:00 ] /JSJD/ | NOTIC: [8192] preg_replace(): The /e modifier is deprecated, use preg_replace_callback instead ThinkTemplate.class.php 第 402 行.
[ 2017-05-03T19:34:13+08:00 ] /JSJD/ | NOTIC: [8192] preg_replace(): The /e modifier is deprecated, use preg_replace_callback instead ThinkTemplate.class.php 第 402 行.
[ 2017-05-03T19:34:13+08:00 ] /JSJD/ | NOTIC: [8192] preg_replace(): The /e modifier is deprecated, use preg_replace_callback instead ThinkTemplate.class.php 第 402 行.
[ 2017-05-03T19:34:13+08:00 ] /JSJD/ | NOTIC: [8192] preg_replace(): The /e modifier is deprecated, use preg_replace_callback instead ThinkTemplate.class.php 第 402 行.
[ 2017-05-03T19:34:13+08:00 ] /JSJD/ | NOTIC: [8192] preg_replace(): The /e modifier is deprecated, use preg_replace_callback instead ThinkTemplate.class.php 第 402 行.
[ 2017-05-03T19:34:13+08:00 ] /JSJD/ | NOTIC: [8192] preg_replace(): The /e modifier is deprecated, use preg_replace_callback instead ThinkTemplate.class.php 第 406 行.
[ 2017-05-03T19:34:13+08:00 ] /JSJD/ | NOTIC: [8192] preg_replace(): The /e modifier is deprecated, use preg_replace_callback instead ThinkTemplate.class.php 第 406 行.
[ 2017-05-03T19:34:13+08:00 ] /JSJD/ | NOTIC: [8192] preg_replace(): The /e modifier is deprecated, use preg_replace_callback instead ThinkTemplate.class.php 第 406 行.
[ 2017-05-03T19:34:13+08:00 ] /JSJD/ | NOTIC: [8192] preg_replace(): The /e modifier is deprecated, use preg_replace_callback instead ThinkTemplate.class.php 第 220 行.
[ 2017-05-03T19:34:13+08:00 ] /JSJD/ | NOTIC: [8192] preg_replace(): The /e modifier is deprecated, use preg_replace_callback instead ThinkTemplate.class.php 第 154 行.
[ 2017-05-03T19:34:13+08:00 ] /JSJD/ | INFO: Run ParseTemplate Behavior [ RunTime:0.032569s ]
[ 2017-05-03T19:34:13+08:00 ] /JSJD/ | INFO: Tag[ view_parse ] --END-- [ RunTime:0.032631s ]
[ 2017-05-03T19:34:13+08:00 ] /JSJD/ | INFO: Tag[ view_filter ] --START--
[ 2017-05-03T19:34:13+08:00 ] /JSJD/ | INFO: Run ContentReplace Behavior [ RunTime:0.000635s ]
[ 2017-05-03T19:34:13+08:00 ] /JSJD/ | INFO: Run TokenBuild Behavior [ RunTime:0.000472s ]
[ 2017-05-03T19:34:13+08:00 ] /JSJD/ | INFO: Run WriteHtmlCache Behavior [ RunTime:0.000397s ]
[ 2017-05-03T19:34:13+08:00 ] /JSJD/ | INFO: Run ShowRuntime Behavior [ RunTime:0.000559s ]
[ 2017-05-03T19:34:13+08:00 ] /JSJD/ | INFO: Tag[ view_filter ] --END-- [ RunTime:0.002214s ]
[ 2017-05-03T19:34:13+08:00 ] /JSJD/ | INFO: Tag[ view_end ] --START--
[ 2017-05-03T19:34:13+08:00 ] /JSJD/ | INFO: Run ShowPageTrace Behavior [ RunTime:0.001588s ]
[ 2017-05-03T19:34:13+08:00 ] /JSJD/ | INFO: Tag[ view_end ] --END-- [ RunTime:0.001668s ]
[ 2017-05-03T19:34:20+08:00 ] /JSJD/index.php/About/index | INFO: Tag[ route_check ] --START--
[ 2017-05-03T19:34:20+08:00 ] /JSJD/index.php/About/index | INFO: Run CheckRoute Behavior [ RunTime:0.001668s ]
[ 2017-05-03T19:34:20+08:00 ] /JSJD/index.php/About/index | INFO: Tag[ route_check ] --END-- [ RunTime:0.001743s ]
[ 2017-05-03T19:34:20+08:00 ] /JSJD/index.php/About/index | NOTIC: [8192] preg_replace(): The /e modifier is deprecated, use preg_replace_callback instead Dispatcher.class.php 第 125 行.
[ 2017-05-03T19:34:20+08:00 ] /JSJD/index.php/About/index | INFO: Tag[ app_begin ] --START--
[ 2017-05-03T19:34:20+08:00 ] /JSJD/index.php/About/index | INFO: Run ReadHtmlCache Behavior [ RunTime:0.000367s ]
[ 2017-05-03T19:34:20+08:00 ] /JSJD/index.php/About/index | INFO: Tag[ app_begin ] --END-- [ RunTime:0.000409s ]
[ 2017-05-03T19:34:20+08:00 ] /JSJD/index.php/About/index | NOTIC: [8192] mysql_connect(): The mysql extension is deprecated and will be removed in the future: use mysqli or PDO instead DbMysql.class.php 第 67 行.
[ 2017-05-03T19:34:20+08:00 ] /JSJD/index.php/About/index | SQL: SHOW COLUMNS FROM `czxy_systemconfig` [ RunTime:0.002108s ]
[ 2017-05-03T19:34:20+08:00 ] /JSJD/index.php/About/index | NOTIC: [8192] preg_replace(): The /e modifier is deprecated, use preg_replace_callback instead Db.class.php 第 660 行.
[ 2017-05-03T19:34:20+08:00 ] /JSJD/index.php/About/index | SQL: SELECT * FROM `czxy_systemconfig` WHERE ( `ckey` = 'rotateimg' )  [ RunTime:0.000373s ]
[ 2017-05-03T19:34:20+08:00 ] /JSJD/index.php/About/index | INFO: Tag[ view_template ] --START--
[ 2017-05-03T19:34:20+08:00 ] /JSJD/index.php/About/index | INFO: Run LocationTemplate Behavior [ RunTime:0.000241s ]
[ 2017-05-03T19:34:20+08:00 ] /JSJD/index.php/About/index | INFO: Tag[ view_template ] --END-- [ RunTime:0.000283s ]
[ 2017-05-03T19:34:20+08:00 ] /JSJD/index.php/About/index | INFO: Tag[ view_parse ] --START--
[ 2017-05-03T19:34:20+08:00 ] /JSJD/index.php/About/index | NOTIC: [8192] preg_replace(): The /e modifier is deprecated, use preg_replace_callback instead ThinkTemplate.class.php 第 186 行.
[ 2017-05-03T19:34:20+08:00 ] /JSJD/index.php/About/index | NOTIC: [2] file_get_contents(./Index/Tpl/Public/top.html): failed to open stream: No such file or directory ThinkTemplate.class.php 第 702 行.
[ 2017-05-03T19:34:20+08:00 ] /JSJD/index.php/About/index | NOTIC: [2] file_get_contents(./Index/Tpl/Public/luenhuan.html): failed to open stream: No such file or directory ThinkTemplate.class.php 第 702 行.
[ 2017-05-03T19:34:20+08:00 ] /JSJD/index.php/About/index | NOTIC: [2] file_get_contents(./Index/Tpl/Public/footer.html): failed to open stream: No such file or directory ThinkTemplate.class.php 第 702 行.
[ 2017-05-03T19:34:20+08:00 ] /JSJD/index.php/About/index | NOTIC: [8192] preg_replace(): The /e modifier is deprecated, use preg_replace_callback instead ThinkTemplate.class.php 第 406 行.
[ 2017-05-03T19:34:20+08:00 ] /JSJD/index.php/About/index | NOTIC: [8192] preg_replace(): The /e modifier is deprecated, use preg_replace_callback instead ThinkTemplate.class.php 第 406 行.
[ 2017-05-03T19:34:20+08:00 ] /JSJD/index.php/About/index | NOTIC: [8192] preg_replace(): The /e modifier is deprecated, use preg_replace_callback instead ThinkTemplate.class.php 第 406 行.
[ 2017-05-03T19:34:20+08:00 ] /JSJD/index.php/About/index | NOTIC: [8192] preg_replace(): The /e modifier is deprecated, use preg_replace_callback instead ThinkTemplate.class.php 第 406 行.
[ 2017-05-03T19:34:20+08:00 ] /JSJD/index.php/About/index | NOTIC: [8192] preg_replace(): The /e modifier is deprecated, use preg_replace_callback instead ThinkTemplate.class.php 第 406 行.
[ 2017-05-03T19:34:20+08:00 ] /JSJD/index.php/About/index | NOTIC: [8192] preg_replace(): The /e modifier is deprecated, use preg_replace_callback instead ThinkTemplate.class.php 第 406 行.
[ 2017-05-03T19:34:20+08:00 ] /JSJD/index.php/About/index | NOTIC: [8192] preg_replace(): The /e modifier is deprecated, use preg_replace_callback instead ThinkTemplate.class.php 第 406 行.
[ 2017-05-03T19:34:20+08:00 ] /JSJD/index.php/About/index | NOTIC: [8192] preg_replace(): The /e modifier is deprecated, use preg_replace_callback instead ThinkTemplate.class.php 第 406 行.
[ 2017-05-03T19:34:20+08:00 ] /JSJD/index.php/About/index | NOTIC: [8192] preg_replace(): The /e modifier is deprecated, use preg_replace_callback instead ThinkTemplate.class.php 第 406 行.
[ 2017-05-03T19:34:20+08:00 ] /JSJD/index.php/About/index | NOTIC: [8192] preg_replace(): The /e modifier is deprecated, use preg_replace_callback instead ThinkTemplate.class.php 第 402 行.
[ 2017-05-03T19:34:20+08:00 ] /JSJD/index.php/About/index | NOTIC: [8192] preg_replace(): The /e modifier is deprecated, use preg_replace_callback instead ThinkTemplate.class.php 第 402 行.
[ 2017-05-03T19:34:20+08:00 ] /JSJD/index.php/About/index | NOTIC: [8192] preg_replace(): The /e modifier is deprecated, use preg_replace_callback instead ThinkTemplate.class.php 第 406 行.
[ 2017-05-03T19:34:20+08:00 ] /JSJD/index.php/About/index | NOTIC: [8192] preg_replace(): The /e modifier is deprecated, use preg_replace_callback instead ThinkTemplate.class.php 第 406 行.
[ 2017-05-03T19:34:20+08:00 ] /JSJD/index.php/About/index | NOTIC: [8192] preg_replace(): The /e modifier is deprecated, use preg_replace_callback instead ThinkTemplate.class.php 第 406 行.
[ 2017-05-03T19:34:20+08:00 ] /JSJD/index.php/About/index | NOTIC: [8192] preg_replace(): The /e modifier is deprecated, use preg_replace_callback instead ThinkTemplate.class.php 第 402 行.
[ 2017-05-03T19:34:20+08:00 ] /JSJD/index.php/About/index | NOTIC: [8192] preg_replace(): The /e modifier is deprecated, use preg_replace_callback instead ThinkTemplate.class.php 第 406 行.
[ 2017-05-03T19:34:20+08:00 ] /JSJD/index.php/About/index | NOTIC: [8192] preg_replace(): The /e modifier is deprecated, use preg_replace_callback instead ThinkTemplate.class.php 第 406 行.
[ 2017-05-03T19:34:20+08:00 ] /JSJD/index.php/About/index | NOTIC: [8192] preg_replace(): The /e modifier is deprecated, use preg_replace_callback instead ThinkTemplate.class.php 第 406 行.
[ 2017-05-03T19:34:20+08:00 ] /JSJD/index.php/About/index | NOTIC: [8192] preg_replace(): The /e modifier is deprecated, use preg_replace_callback instead ThinkTemplate.class.php 第 406 行.
[ 2017-05-03T19:34:20+08:00 ] /JSJD/index.php/About/index | NOTIC: [8192] preg_replace(): The /e modifier is deprecated, use preg_replace_callback instead ThinkTemplate.class.php 第 406 行.
[ 2017-05-03T19:34:20+08:00 ] /JSJD/index.php/About/index | NOTIC: [8192] preg_replace(): The /e modifier is deprecated, use preg_replace_callback instead ThinkTemplate.class.php 第 406 行.
[ 2017-05-03T19:34:20+08:00 ] /JSJD/index.php/About/index | NOTIC: [8192] preg_replace(): The /e modifier is deprecated, use preg_replace_callback instead ThinkTemplate.class.php 第 406 行.
[ 2017-05-03T19:34:20+08:00 ] /JSJD/index.php/About/index | NOTIC: [8192] preg_replace(): The /e modifier is deprecated, use preg_replace_callback instead ThinkTemplate.class.php 第 406 行.
[ 2017-05-03T19:34:20+08:00 ] /JSJD/index.php/About/index | NOTIC: [8192] preg_replace(): The /e modifier is deprecated, use preg_replace_callback instead ThinkTemplate.class.php 第 406 行.
[ 2017-05-03T19:34:20+08:00 ] /JSJD/index.php/About/index | NOTIC: [8192] preg_replace(): The /e modifier is deprecated, use preg_replace_callback instead ThinkTemplate.class.php 第 406 行.
[ 2017-05-03T19:34:20+08:00 ] /JSJD/index.php/About/index | NOTIC: [8192] preg_replace(): The /e modifier is deprecated, use preg_replace_callback instead ThinkTemplate.class.php 第 406 行.
[ 2017-05-03T19:34:20+08:00 ] /JSJD/index.php/About/index | NOTIC: [8192] preg_replace(): The /e modifier is deprecated, use preg_replace_callback instead ThinkTemplate.class.php 第 406 行.
[ 2017-05-03T19:34:20+08:00 ] /JSJD/index.php/About/index | NOTIC: [8192] preg_replace(): The /e modifier is deprecated, use preg_replace_callback instead ThinkTemplate.class.php 第 406 行.
[ 2017-05-03T19:34:20+08:00 ] /JSJD/index.php/About/index | NOTIC: [8192] preg_replace(): The /e modifier is deprecated, use preg_replace_callback instead ThinkTemplate.class.php 第 406 行.
[ 2017-05-03T19:34:20+08:00 ] /JSJD/index.php/About/index | NOTIC: [8192] preg_replace(): The /e modifier is deprecated, use preg_replace_callback instead ThinkTemplate.class.php 第 406 行.
[ 2017-05-03T19:34:20+08:00 ] /JSJD/index.php/About/index | NOTIC: [8192] preg_replace(): The /e modifier is deprecated, use preg_replace_callback instead ThinkTemplate.class.php 第 406 行.
[ 2017-05-03T19:34:20+08:00 ] /JSJD/index.php/About/index | NOTIC: [8192] preg_replace(): The /e modifier is deprecated, use preg_replace_callback instead ThinkTemplate.class.php 第 406 行.
[ 2017-05-03T19:34:20+08:00 ] /JSJD/index.php/About/index | NOTIC: [8192] preg_replace(): The /e modifier is deprecated, use preg_replace_callback instead ThinkTemplate.class.php 第 406 行.
[ 2017-05-03T19:34:20+08:00 ] /JSJD/index.php/About/index | NOTIC: [8192] preg_replace(): The /e modifier is deprecated, use preg_replace_callback instead ThinkTemplate.class.php 第 406 行.
[ 2017-05-03T19:34:20+08:00 ] /JSJD/index.php/About/index | NOTIC: [8192] preg_replace(): The /e modifier is deprecated, use preg_replace_callback instead ThinkTemplate.class.php 第 406 行.
[ 2017-05-03T19:34:20+08:00 ] /JSJD/index.php/About/index | NOTIC: [8192] preg_replace(): The /e modifier is deprecated, use preg_replace_callback instead ThinkTemplate.class.php 第 406 行.
[ 2017-05-03T19:34:20+08:00 ] /JSJD/index.php/About/index | NOTIC: [8192] preg_replace(): The /e modifier is deprecated, use preg_replace_callback instead ThinkTemplate.class.php 第 406 行.
[ 2017-05-03T19:34:20+08:00 ] /JSJD/index.php/About/index | NOTIC: [8192] preg_replace(): The /e modifier is deprecated, use preg_replace_callback instead ThinkTemplate.class.php 第 406 行.
[ 2017-05-03T19:34:20+08:00 ] /JSJD/index.php/About/index | NOTIC: [8192] preg_replace(): The /e modifier is deprecated, use preg_replace_callback instead ThinkTemplate.class.php 第 406 行.
[ 2017-05-03T19:34:20+08:00 ] /JSJD/index.php/About/index | NOTIC: [8192] preg_replace(): The /e modifier is deprecated, use preg_replace_callback instead ThinkTemplate.class.php 第 406 行.
[ 2017-05-03T19:34:20+08:00 ] /JSJD/index.php/About/index | NOTIC: [8192] preg_replace(): The /e modifier is deprecated, use preg_replace_callback instead ThinkTemplate.class.php 第 406 行.
[ 2017-05-03T19:34:20+08:00 ] /JSJD/index.php/About/index | NOTIC: [8192] preg_replace(): The /e modifier is deprecated, use preg_replace_callback instead ThinkTemplate.class.php 第 406 行.
[ 2017-05-03T19:34:20+08:00 ] /JSJD/index.php/About/index | NOTIC: [8192] preg_replace(): The /e modifier is deprecated, use preg_replace_callback instead ThinkTemplate.class.php 第 406 行.
[ 2017-05-03T19:34:20+08:00 ] /JSJD/index.php/About/index | NOTIC: [8192] preg_replace(): The /e modifier is deprecated, use preg_replace_callback instead ThinkTemplate.class.php 第 406 行.
[ 2017-05-03T19:34:20+08:00 ] /JSJD/index.php/About/index | NOTIC: [8192] preg_replace(): The /e modifier is deprecated, use preg_replace_callback instead ThinkTemplate.class.php 第 406 行.
[ 2017-05-03T19:34:20+08:00 ] /JSJD/index.php/About/index | NOTIC: [8192] preg_replace(): The /e modifier is deprecated, use preg_replace_callback instead ThinkTemplate.class.php 第 406 行.
[ 2017-05-03T19:34:20+08:00 ] /JSJD/index.php/About/index | NOTIC: [8192] preg_replace(): The /e modifier is deprecated, use preg_replace_callback instead ThinkTemplate.class.php 第 406 行.
[ 2017-05-03T19:34:20+08:00 ] /JSJD/index.php/About/index | NOTIC: [8192] preg_replace(): The /e modifier is deprecated, use preg_replace_callback instead ThinkTemplate.class.php 第 406 行.
[ 2017-05-03T19:34:20+08:00 ] /JSJD/index.php/About/index | NOTIC: [8192] preg_replace(): The /e modifier is deprecated, use preg_replace_callback instead ThinkTemplate.class.php 第 406 行.
[ 2017-05-03T19:34:20+08:00 ] /JSJD/index.php/About/index | NOTIC: [8192] preg_replace(): The /e modifier is deprecated, use preg_replace_callback instead ThinkTemplate.class.php 第 406 行.
[ 2017-05-03T19:34:20+08:00 ] /JSJD/index.php/About/index | NOTIC: [8192] preg_replace(): The /e modifier is deprecated, use preg_replace_callback instead ThinkTemplate.class.php 第 406 行.
[ 2017-05-03T19:34:20+08:00 ] /JSJD/index.php/About/index | NOTIC: [8192] preg_replace(): The /e modifier is deprecated, use preg_replace_callback instead ThinkTemplate.class.php 第 406 行.
[ 2017-05-03T19:34:20+08:00 ] /JSJD/index.php/About/index | NOTIC: [8192] preg_replace(): The /e modifier is deprecated, use preg_replace_callback instead ThinkTemplate.class.php 第 406 行.
[ 2017-05-03T19:34:20+08:00 ] /JSJD/index.php/About/index | NOTIC: [8192] preg_replace(): The /e modifier is deprecated, use preg_replace_callback instead ThinkTemplate.class.php 第 406 行.
[ 2017-05-03T19:34:20+08:00 ] /JSJD/index.php/About/index | NOTIC: [8192] preg_replace(): The /e modifier is deprecated, use preg_replace_callback instead ThinkTemplate.class.php 第 406 行.
[ 2017-05-03T19:34:20+08:00 ] /JSJD/index.php/About/index | NOTIC: [8192] preg_replace(): The /e modifier is deprecated, use preg_replace_callback instead ThinkTemplate.class.php 第 406 行.
[ 2017-05-03T19:34:20+08:00 ] /JSJD/index.php/About/index | NOTIC: [8192] preg_replace(): The /e modifier is deprecated, use preg_replace_callback instead ThinkTemplate.class.php 第 406 行.
[ 2017-05-03T19:34:20+08:00 ] /JSJD/index.php/About/index | NOTIC: [8192] preg_replace(): The /e modifier is deprecated, use preg_replace_callback instead ThinkTemplate.class.php 第 406 行.
[ 2017-05-03T19:34:20+08:00 ] /JSJD/index.php/About/index | NOTIC: [8192] preg_replace(): The /e modifier is deprecated, use preg_replace_callback instead ThinkTemplate.class.php 第 406 行.
[ 2017-05-03T19:34:20+08:00 ] /JSJD/index.php/About/index | NOTIC: [8192] preg_replace(): The /e modifier is deprecated, use preg_replace_callback instead ThinkTemplate.class.php 第 406 行.
[ 2017-05-03T19:34:20+08:00 ] /JSJD/index.php/About/index | NOTIC: [8192] preg_replace(): The /e modifier is deprecated, use preg_replace_callback instead ThinkTemplate.class.php 第 406 行.
[ 2017-05-03T19:34:20+08:00 ] /JSJD/index.php/About/index | NOTIC: [8192] preg_replace(): The /e modifier is deprecated, use preg_replace_callback instead ThinkTemplate.class.php 第 406 行.
[ 2017-05-03T19:34:20+08:00 ] /JSJD/index.php/About/index | NOTIC: [8192] preg_replace(): The /e modifier is deprecated, use preg_replace_callback instead ThinkTemplate.class.php 第 406 行.
[ 2017-05-03T19:34:20+08:00 ] /JSJD/index.php/About/index | NOTIC: [8192] preg_replace(): The /e modifier is deprecated, use preg_replace_callback instead ThinkTemplate.class.php 第 406 行.
[ 2017-05-03T19:34:20+08:00 ] /JSJD/index.php/About/index | NOTIC: [8192] preg_replace(): The /e modifier is deprecated, use preg_replace_callback instead ThinkTemplate.class.php 第 406 行.
[ 2017-05-03T19:34:20+08:00 ] /JSJD/index.php/About/index | NOTIC: [8192] preg_replace(): The /e modifier is deprecated, use preg_replace_callback instead ThinkTemplate.class.php 第 406 行.
[ 2017-05-03T19:34:20+08:00 ] /JSJD/index.php/About/index | NOTIC: [8192] preg_replace(): The /e modifier is deprecated, use preg_replace_callback instead ThinkTemplate.class.php 第 406 行.
[ 2017-05-03T19:34:20+08:00 ] /JSJD/index.php/About/index | NOTIC: [8192] preg_replace(): The /e modifier is deprecated, use preg_replace_callback instead ThinkTemplate.class.php 第 406 行.
[ 2017-05-03T19:34:20+08:00 ] /JSJD/index.php/About/index | NOTIC: [8192] preg_replace(): The /e modifier is deprecated, use preg_replace_callback instead ThinkTemplate.class.php 第 406 行.
[ 2017-05-03T19:34:20+08:00 ] /JSJD/index.php/About/index | NOTIC: [8192] preg_replace(): The /e modifier is deprecated, use preg_replace_callback instead ThinkTemplate.class.php 第 406 行.
[ 2017-05-03T19:34:20+08:00 ] /JSJD/index.php/About/index | NOTIC: [8192] preg_replace(): The /e modifier is deprecated, use preg_replace_callback instead ThinkTemplate.class.php 第 406 行.
[ 2017-05-03T19:34:20+08:00 ] /JSJD/index.php/About/index | NOTIC: [8192] preg_replace(): The /e modifier is deprecated, use preg_replace_callback instead ThinkTemplate.class.php 第 406 行.
[ 2017-05-03T19:34:20+08:00 ] /JSJD/index.php/About/index | NOTIC: [8192] preg_replace(): The /e modifier is deprecated, use preg_replace_callback instead ThinkTemplate.class.php 第 406 行.
[ 2017-05-03T19:34:20+08:00 ] /JSJD/index.php/About/index | NOTIC: [8192] preg_replace(): The /e modifier is deprecated, use preg_replace_callback instead ThinkTemplate.class.php 第 406 行.
[ 2017-05-03T19:34:20+08:00 ] /JSJD/index.php/About/index | NOTIC: [8192] preg_replace(): The /e modifier is deprecated, use preg_replace_callback instead ThinkTemplate.class.php 第 406 行.
[ 2017-05-03T19:34:20+08:00 ] /JSJD/index.php/About/index | NOTIC: [8192] preg_replace(): The /e modifier is deprecated, use preg_replace_callback instead ThinkTemplate.class.php 第 406 行.
[ 2017-05-03T19:34:20+08:00 ] /JSJD/index.php/About/index | NOTIC: [8192] preg_replace(): The /e modifier is deprecated, use preg_replace_callback instead ThinkTemplate.class.php 第 406 行.
[ 2017-05-03T19:34:20+08:00 ] /JSJD/index.php/About/index | NOTIC: [8192] preg_replace(): The /e modifier is deprecated, use preg_replace_callback instead ThinkTemplate.class.php 第 406 行.
[ 2017-05-03T19:34:20+08:00 ] /JSJD/index.php/About/index | NOTIC: [8192] preg_replace(): The /e modifier is deprecated, use preg_replace_callback instead ThinkTemplate.class.php 第 406 行.
[ 2017-05-03T19:34:20+08:00 ] /JSJD/index.php/About/index | NOTIC: [8192] preg_replace(): The /e modifier is deprecated, use preg_replace_callback instead ThinkTemplate.class.php 第 406 行.
[ 2017-05-03T19:34:20+08:00 ] /JSJD/index.php/About/index | NOTIC: [8192] preg_replace(): The /e modifier is deprecated, use preg_replace_callback instead ThinkTemplate.class.php 第 406 行.
[ 2017-05-03T19:34:20+08:00 ] /JSJD/index.php/About/index | NOTIC: [8192] preg_replace(): The /e modifier is deprecated, use preg_replace_callback instead ThinkTemplate.class.php 第 402 行.
[ 2017-05-03T19:34:20+08:00 ] /JSJD/index.php/About/index | NOTIC: [8192] preg_replace(): The /e modifier is deprecated, use preg_replace_callback instead ThinkTemplate.class.php 第 402 行.
[ 2017-05-03T19:34:20+08:00 ] /JSJD/index.php/About/index | NOTIC: [8192] preg_replace(): The /e modifier is deprecated, use preg_replace_callback instead ThinkTemplate.class.php 第 402 行.
[ 2017-05-03T19:34:20+08:00 ] /JSJD/index.php/About/index | NOTIC: [8192] preg_replace(): The /e modifier is deprecated, use preg_replace_callback instead ThinkTemplate.class.php 第 402 行.
[ 2017-05-03T19:34:20+08:00 ] /JSJD/index.php/About/index | NOTIC: [8192] preg_replace(): The /e modifier is deprecated, use preg_replace_callback instead ThinkTemplate.class.php 第 402 行.
[ 2017-05-03T19:34:20+08:00 ] /JSJD/index.php/About/index | NOTIC: [8192] preg_replace(): The /e modifier is deprecated, use preg_replace_callback instead ThinkTemplate.class.php 第 402 行.
[ 2017-05-03T19:34:20+08:00 ] /JSJD/index.php/About/index | NOTIC: [8192] preg_replace(): The /e modifier is deprecated, use preg_replace_callback instead ThinkTemplate.class.php 第 406 行.
[ 2017-05-03T19:34:20+08:00 ] /JSJD/index.php/About/index | NOTIC: [8192] preg_replace(): The /e modifier is deprecated, use preg_replace_callback instead ThinkTemplate.class.php 第 406 行.
[ 2017-05-03T19:34:20+08:00 ] /JSJD/index.php/About/index | NOTIC: [8192] preg_replace(): The /e modifier is deprecated, use preg_replace_callback instead ThinkTemplate.class.php 第 406 行.
[ 2017-05-03T19:34:20+08:00 ] /JSJD/index.php/About/index | NOTIC: [8192] preg_replace(): The /e modifier is deprecated, use preg_replace_callback instead ThinkTemplate.class.php 第 220 行.
[ 2017-05-03T19:34:20+08:00 ] /JSJD/index.php/About/index | NOTIC: [8192] preg_replace(): The /e modifier is deprecated, use preg_replace_callback instead ThinkTemplate.class.php 第 154 行.
[ 2017-05-03T19:34:20+08:00 ] /JSJD/index.php/About/index | INFO: Run ParseTemplate Behavior [ RunTime:0.017822s ]
[ 2017-05-03T19:34:20+08:00 ] /JSJD/index.php/About/index | INFO: Tag[ view_parse ] --END-- [ RunTime:0.017971s ]
[ 2017-05-03T19:34:20+08:00 ] /JSJD/index.php/About/index | INFO: Tag[ view_filter ] --START--
[ 2017-05-03T19:34:20+08:00 ] /JSJD/index.php/About/index | INFO: Run ContentReplace Behavior [ RunTime:0.000293s ]
[ 2017-05-03T19:34:20+08:00 ] /JSJD/index.php/About/index | INFO: Run TokenBuild Behavior [ RunTime:0.000302s ]
[ 2017-05-03T19:34:20+08:00 ] /JSJD/index.php/About/index | INFO: Run WriteHtmlCache Behavior [ RunTime:0.000125s ]
[ 2017-05-03T19:34:20+08:00 ] /JSJD/index.php/About/index | INFO: Run ShowRuntime Behavior [ RunTime:0.000269s ]
[ 2017-05-03T19:34:20+08:00 ] /JSJD/index.php/About/index | INFO: Tag[ view_filter ] --END-- [ RunTime:0.001103s ]
[ 2017-05-03T19:34:20+08:00 ] /JSJD/index.php/About/index | INFO: Tag[ view_end ] --START--
[ 2017-05-03T19:34:20+08:00 ] /JSJD/index.php/About/index | INFO: Run ShowPageTrace Behavior [ RunTime:0.000454s ]
[ 2017-05-03T19:34:20+08:00 ] /JSJD/index.php/About/index | INFO: Tag[ view_end ] --END-- [ RunTime:0.000522s ]
[ 2017-05-03T19:34:24+08:00 ] /JSJD/index.php/About/contactus | INFO: Tag[ route_check ] --START--
[ 2017-05-03T19:34:24+08:00 ] /JSJD/index.php/About/contactus | INFO: Run CheckRoute Behavior [ RunTime:0.000877s ]
[ 2017-05-03T19:34:24+08:00 ] /JSJD/index.php/About/contactus | INFO: Tag[ route_check ] --END-- [ RunTime:0.001012s ]
[ 2017-05-03T19:34:24+08:00 ] /JSJD/index.php/About/contactus | NOTIC: [8192] preg_replace(): The /e modifier is deprecated, use preg_replace_callback instead Dispatcher.class.php 第 125 行.
[ 2017-05-03T19:34:24+08:00 ] /JSJD/index.php/About/contactus | INFO: Tag[ app_begin ] --START--
[ 2017-05-03T19:34:24+08:00 ] /JSJD/index.php/About/contactus | INFO: Run ReadHtmlCache Behavior [ RunTime:0.000602s ]
[ 2017-05-03T19:34:24+08:00 ] /JSJD/index.php/About/contactus | INFO: Tag[ app_begin ] --END-- [ RunTime:0.000685s ]
[ 2017-05-03T19:34:24+08:00 ] /JSJD/index.php/About/contactus | NOTIC: [8192] mysql_connect(): The mysql extension is deprecated and will be removed in the future: use mysqli or PDO instead DbMysql.class.php 第 67 行.
[ 2017-05-03T19:34:24+08:00 ] /JSJD/index.php/About/contactus | SQL: SHOW COLUMNS FROM `czxy_systemconfig` [ RunTime:0.001849s ]
[ 2017-05-03T19:34:24+08:00 ] /JSJD/index.php/About/contactus | NOTIC: [8192] preg_replace(): The /e modifier is deprecated, use preg_replace_callback instead Db.class.php 第 660 行.
[ 2017-05-03T19:34:24+08:00 ] /JSJD/index.php/About/contactus | SQL: SELECT * FROM `czxy_systemconfig` WHERE ( `ckey` = 'rotateimg' )  [ RunTime:0.000386s ]
[ 2017-05-03T19:34:24+08:00 ] /JSJD/index.php/About/contactus | INFO: Tag[ view_template ] --START--
[ 2017-05-03T19:34:24+08:00 ] /JSJD/index.php/About/contactus | INFO: Run LocationTemplate Behavior [ RunTime:0.000400s ]
[ 2017-05-03T19:34:24+08:00 ] /JSJD/index.php/About/contactus | INFO: Tag[ view_template ] --END-- [ RunTime:0.000482s ]
[ 2017-05-03T19:34:24+08:00 ] /JSJD/index.php/About/contactus | INFO: Tag[ view_parse ] --START--
[ 2017-05-03T19:34:24+08:00 ] /JSJD/index.php/About/contactus | NOTIC: [8192] preg_replace(): The /e modifier is deprecated, use preg_replace_callback instead ThinkTemplate.class.php 第 186 行.
[ 2017-05-03T19:34:24+08:00 ] /JSJD/index.php/About/contactus | NOTIC: [2] file_get_contents(./Index/Tpl/Public/top.html): failed to open stream: No such file or directory ThinkTemplate.class.php 第 702 行.
[ 2017-05-03T19:34:24+08:00 ] /JSJD/index.php/About/contactus | NOTIC: [2] file_get_contents(./Index/Tpl/Public/luenhuan.html): failed to open stream: No such file or directory ThinkTemplate.class.php 第 702 行.
[ 2017-05-03T19:34:24+08:00 ] /JSJD/index.php/About/contactus | NOTIC: [2] file_get_contents(./Index/Tpl/Public/footer.html): failed to open stream: No such file or directory ThinkTemplate.class.php 第 702 行.
[ 2017-05-03T19:34:24+08:00 ] /JSJD/index.php/About/contactus | NOTIC: [8192] preg_replace(): The /e modifier is deprecated, use preg_replace_callback instead ThinkTemplate.class.php 第 406 行.
[ 2017-05-03T19:34:24+08:00 ] /JSJD/index.php/About/contactus | NOTIC: [8192] preg_replace(): The /e modifier is deprecated, use preg_replace_callback instead ThinkTemplate.class.php 第 406 行.
[ 2017-05-03T19:34:24+08:00 ] /JSJD/index.php/About/contactus | NOTIC: [8192] preg_replace(): The /e modifier is deprecated, use preg_replace_callback instead ThinkTemplate.class.php 第 406 行.
[ 2017-05-03T19:34:24+08:00 ] /JSJD/index.php/About/contactus | NOTIC: [8192] preg_replace(): The /e modifier is deprecated, use preg_replace_callback instead ThinkTemplate.class.php 第 406 行.
[ 2017-05-03T19:34:24+08:00 ] /JSJD/index.php/About/contactus | NOTIC: [8192] preg_replace(): The /e modifier is deprecated, use preg_replace_callback instead ThinkTemplate.class.php 第 406 行.
[ 2017-05-03T19:34:24+08:00 ] /JSJD/index.php/About/contactus | NOTIC: [8192] preg_replace(): The /e modifier is deprecated, use preg_replace_callback instead ThinkTemplate.class.php 第 406 行.
[ 2017-05-03T19:34:24+08:00 ] /JSJD/index.php/About/contactus | NOTIC: [8192] preg_replace(): The /e modifier is deprecated, use preg_replace_callback instead ThinkTemplate.class.php 第 406 行.
[ 2017-05-03T19:34:24+08:00 ] /JSJD/index.php/About/contactus | NOTIC: [8192] preg_replace(): The /e modifier is deprecated, use preg_replace_callback instead ThinkTemplate.class.php 第 406 行.
[ 2017-05-03T19:34:24+08:00 ] /JSJD/index.php/About/contactus | NOTIC: [8192] preg_replace(): The /e modifier is deprecated, use preg_replace_callback instead ThinkTemplate.class.php 第 406 行.
[ 2017-05-03T19:34:24+08:00 ] /JSJD/index.php/About/contactus | NOTIC: [8192] preg_replace(): The /e modifier is deprecated, use preg_replace_callback instead ThinkTemplate.class.php 第 402 行.
[ 2017-05-03T19:34:24+08:00 ] /JSJD/index.php/About/contactus | NOTIC: [8192] preg_replace(): The /e modifier is deprecated, use preg_replace_callback instead ThinkTemplate.class.php 第 402 行.
[ 2017-05-03T19:34:24+08:00 ] /JSJD/index.php/About/contactus | NOTIC: [8192] preg_replace(): The /e modifier is deprecated, use preg_replace_callback instead ThinkTemplate.class.php 第 406 行.
[ 2017-05-03T19:34:24+08:00 ] /JSJD/index.php/About/contactus | NOTIC: [8192] preg_replace(): The /e modifier is deprecated, use preg_replace_callback instead ThinkTemplate.class.php 第 406 行.
[ 2017-05-03T19:34:24+08:00 ] /JSJD/index.php/About/contactus | NOTIC: [8192] preg_replace(): The /e modifier is deprecated, use preg_replace_callback instead ThinkTemplate.class.php 第 406 行.
[ 2017-05-03T19:34:24+08:00 ] /JSJD/index.php/About/contactus | NOTIC: [8192] preg_replace(): The /e modifier is deprecated, use preg_replace_callback instead ThinkTemplate.class.php 第 402 行.
[ 2017-05-03T19:34:24+08:00 ] /JSJD/index.php/About/contactus | NOTIC: [8192] preg_replace(): The /e modifier is deprecated, use preg_replace_callback instead ThinkTemplate.class.php 第 406 行.
[ 2017-05-03T19:34:24+08:00 ] /JSJD/index.php/About/contactus | NOTIC: [8192] preg_replace(): The /e modifier is deprecated, use preg_replace_callback instead ThinkTemplate.class.php 第 406 行.
[ 2017-05-03T19:34:24+08:00 ] /JSJD/index.php/About/contactus | NOTIC: [8192] preg_replace(): The /e modifier is deprecated, use preg_replace_callback instead ThinkTemplate.class.php 第 406 行.
[ 2017-05-03T19:34:24+08:00 ] /JSJD/index.php/About/contactus | NOTIC: [8192] preg_replace(): The /e modifier is deprecated, use preg_replace_callback instead ThinkTemplate.class.php 第 406 行.
[ 2017-05-03T19:34:24+08:00 ] /JSJD/index.php/About/contactus | NOTIC: [8192] preg_replace(): The /e modifier is deprecated, use preg_replace_callback instead ThinkTemplate.class.php 第 406 行.
[ 2017-05-03T19:34:24+08:00 ] /JSJD/index.php/About/contactus | NOTIC: [8192] preg_replace(): The /e modifier is deprecated, use preg_replace_callback instead ThinkTemplate.class.php 第 406 行.
[ 2017-05-03T19:34:24+08:00 ] /JSJD/index.php/About/contactus | NOTIC: [8192] preg_replace(): The /e modifier is deprecated, use preg_replace_callback instead ThinkTemplate.class.php 第 406 行.
[ 2017-05-03T19:34:24+08:00 ] /JSJD/index.php/About/contactus | NOTIC: [8192] preg_replace(): The /e modifier is deprecated, use preg_replace_callback instead ThinkTemplate.class.php 第 406 行.
[ 2017-05-03T19:34:24+08:00 ] /JSJD/index.php/About/contactus | NOTIC: [8192] preg_replace(): The /e modifier is deprecated, use preg_replace_callback instead ThinkTemplate.class.php 第 406 行.
[ 2017-05-03T19:34:24+08:00 ] /JSJD/index.php/About/contactus | NOTIC: [8192] preg_replace(): The /e modifier is deprecated, use preg_replace_callback instead ThinkTemplate.class.php 第 406 行.
[ 2017-05-03T19:34:24+08:00 ] /JSJD/index.php/About/contactus | NOTIC: [8192] preg_replace(): The /e modifier is deprecated, use preg_replace_callback instead ThinkTemplate.class.php 第 406 行.
[ 2017-05-03T19:34:24+08:00 ] /JSJD/index.php/About/contactus | NOTIC: [8192] preg_replace(): The /e modifier is deprecated, use preg_replace_callback instead ThinkTemplate.class.php 第 406 行.
[ 2017-05-03T19:34:24+08:00 ] /JSJD/index.php/About/contactus | NOTIC: [8192] preg_replace(): The /e modifier is deprecated, use preg_replace_callback instead ThinkTemplate.class.php 第 406 行.
[ 2017-05-03T19:34:24+08:00 ] /JSJD/index.php/About/contactus | NOTIC: [8192] preg_replace(): The /e modifier is deprecated, use preg_replace_callback instead ThinkTemplate.class.php 第 406 行.
[ 2017-05-03T19:34:24+08:00 ] /JSJD/index.php/About/contactus | NOTIC: [8192] preg_replace(): The /e modifier is deprecated, use preg_replace_callback instead ThinkTemplate.class.php 第 406 行.
[ 2017-05-03T19:34:24+08:00 ] /JSJD/index.php/About/contactus | NOTIC: [8192] preg_replace(): The /e modifier is deprecated, use preg_replace_callback instead ThinkTemplate.class.php 第 406 行.
[ 2017-05-03T19:34:24+08:00 ] /JSJD/index.php/About/contactus | NOTIC: [8192] preg_replace(): The /e modifier is deprecated, use preg_replace_callback instead ThinkTemplate.class.php 第 406 行.
[ 2017-05-03T19:34:24+08:00 ] /JSJD/index.php/About/contactus | NOTIC: [8192] preg_replace(): The /e modifier is deprecated, use preg_replace_callback instead ThinkTemplate.class.php 第 406 行.
[ 2017-05-03T19:34:24+08:00 ] /JSJD/index.php/About/contactus | NOTIC: [8192] preg_replace(): The /e modifier is deprecated, use preg_replace_callback instead ThinkTemplate.class.php 第 406 行.
[ 2017-05-03T19:34:24+08:00 ] /JSJD/index.php/About/contactus | NOTIC: [8192] preg_replace(): The /e modifier is deprecated, use preg_replace_callback instead ThinkTemplate.class.php 第 406 行.
[ 2017-05-03T19:34:24+08:00 ] /JSJD/index.php/About/contactus | NOTIC: [8192] preg_replace(): The /e modifier is deprecated, use preg_replace_callback instead ThinkTemplate.class.php 第 406 行.
[ 2017-05-03T19:34:24+08:00 ] /JSJD/index.php/About/contactus | NOTIC: [8192] preg_replace(): The /e modifier is deprecated, use preg_replace_callback instead ThinkTemplate.class.php 第 406 行.
[ 2017-05-03T19:34:24+08:00 ] /JSJD/index.php/About/contactus | NOTIC: [8192] preg_replace(): The /e modifier is deprecated, use preg_replace_callback instead ThinkTemplate.class.php 第 406 行.
[ 2017-05-03T19:34:24+08:00 ] /JSJD/index.php/About/contactus | NOTIC: [8192] preg_replace(): The /e modifier is deprecated, use preg_replace_callback instead ThinkTemplate.class.php 第 406 行.
[ 2017-05-03T19:34:24+08:00 ] /JSJD/index.php/About/contactus | NOTIC: [8192] preg_replace(): The /e modifier is deprecated, use preg_replace_callback instead ThinkTemplate.class.php 第 406 行.
[ 2017-05-03T19:34:24+08:00 ] /JSJD/index.php/About/contactus | NOTIC: [8192] preg_replace(): The /e modifier is deprecated, use preg_replace_callback instead ThinkTemplate.class.php 第 406 行.
[ 2017-05-03T19:34:24+08:00 ] /JSJD/index.php/About/contactus | NOTIC: [8192] preg_replace(): The /e modifier is deprecated, use preg_replace_callback instead ThinkTemplate.class.php 第 406 行.
[ 2017-05-03T19:34:24+08:00 ] /JSJD/index.php/About/contactus | NOTIC: [8192] preg_replace(): The /e modifier is deprecated, use preg_replace_callback instead ThinkTemplate.class.php 第 406 行.
[ 2017-05-03T19:34:24+08:00 ] /JSJD/index.php/About/contactus | NOTIC: [8192] preg_replace(): The /e modifier is deprecated, use preg_replace_callback instead ThinkTemplate.class.php 第 406 行.
[ 2017-05-03T19:34:24+08:00 ] /JSJD/index.php/About/contactus | NOTIC: [8192] preg_replace(): The /e modifier is deprecated, use preg_replace_callback instead ThinkTemplate.class.php 第 406 行.
[ 2017-05-03T19:34:24+08:00 ] /JSJD/index.php/About/contactus | NOTIC: [8192] preg_replace(): The /e modifier is deprecated, use preg_replace_callback instead ThinkTemplate.class.php 第 406 行.
[ 2017-05-03T19:34:24+08:00 ] /JSJD/index.php/About/contactus | NOTIC: [8192] preg_replace(): The /e modifier is deprecated, use preg_replace_callback instead ThinkTemplate.class.php 第 406 行.
[ 2017-05-03T19:34:24+08:00 ] /JSJD/index.php/About/contactus | NOTIC: [8192] preg_replace(): The /e modifier is deprecated, use preg_replace_callback instead ThinkTemplate.class.php 第 406 行.
[ 2017-05-03T19:34:24+08:00 ] /JSJD/index.php/About/contactus | NOTIC: [8192] preg_replace(): The /e modifier is deprecated, use preg_replace_callback instead ThinkTemplate.class.php 第 406 行.
[ 2017-05-03T19:34:24+08:00 ] /JSJD/index.php/About/contactus | NOTIC: [8192] preg_replace(): The /e modifier is deprecated, use preg_replace_callback instead ThinkTemplate.class.php 第 406 行.
[ 2017-05-03T19:34:24+08:00 ] /JSJD/index.php/About/contactus | NOTIC: [8192] preg_replace(): The /e modifier is deprecated, use preg_replace_callback instead ThinkTemplate.class.php 第 406 行.
[ 2017-05-03T19:34:24+08:00 ] /JSJD/index.php/About/contactus | NOTIC: [8192] preg_replace(): The /e modifier is deprecated, use preg_replace_callback instead ThinkTemplate.class.php 第 406 行.
[ 2017-05-03T19:34:24+08:00 ] /JSJD/index.php/About/contactus | NOTIC: [8192] preg_replace(): The /e modifier is deprecated, use preg_replace_callback instead ThinkTemplate.class.php 第 406 行.
[ 2017-05-03T19:34:24+08:00 ] /JSJD/index.php/About/contactus | NOTIC: [8192] preg_replace(): The /e modifier is deprecated, use preg_replace_callback instead ThinkTemplate.class.php 第 406 行.
[ 2017-05-03T19:34:24+08:00 ] /JSJD/index.php/About/contactus | NOTIC: [8192] preg_replace(): The /e modifier is deprecated, use preg_replace_callback instead ThinkTemplate.class.php 第 406 行.
[ 2017-05-03T19:34:24+08:00 ] /JSJD/index.php/About/contactus | NOTIC: [8192] preg_replace(): The /e modifier is deprecated, use preg_replace_callback instead ThinkTemplate.class.php 第 406 行.
[ 2017-05-03T19:34:24+08:00 ] /JSJD/index.php/About/contactus | NOTIC: [8192] preg_replace(): The /e modifier is deprecated, use preg_replace_callback instead ThinkTemplate.class.php 第 406 行.
[ 2017-05-03T19:34:24+08:00 ] /JSJD/index.php/About/contactus | NOTIC: [8192] preg_replace(): The /e modifier is deprecated, use preg_replace_callback instead ThinkTemplate.class.php 第 406 行.
[ 2017-05-03T19:34:24+08:00 ] /JSJD/index.php/About/contactus | NOTIC: [8192] preg_replace(): The /e modifier is deprecated, use preg_replace_callback instead ThinkTemplate.class.php 第 406 行.
[ 2017-05-03T19:34:24+08:00 ] /JSJD/index.php/About/contactus | NOTIC: [8192] preg_replace(): The /e modifier is deprecated, use preg_replace_callback instead ThinkTemplate.class.php 第 406 行.
[ 2017-05-03T19:34:24+08:00 ] /JSJD/index.php/About/contactus | NOTIC: [8192] preg_replace(): The /e modifier is deprecated, use preg_replace_callback instead ThinkTemplate.class.php 第 406 行.
[ 2017-05-03T19:34:24+08:00 ] /JSJD/index.php/About/contactus | NOTIC: [8192] preg_replace(): The /e modifier is deprecated, use preg_replace_callback instead ThinkTemplate.class.php 第 406 行.
[ 2017-05-03T19:34:24+08:00 ] /JSJD/index.php/About/contactus | NOTIC: [8192] preg_replace(): The /e modifier is deprecated, use preg_replace_callback instead ThinkTemplate.class.php 第 406 行.
[ 2017-05-03T19:34:24+08:00 ] /JSJD/index.php/About/contactus | NOTIC: [8192] preg_replace(): The /e modifier is deprecated, use preg_replace_callback instead ThinkTemplate.class.php 第 406 行.
[ 2017-05-03T19:34:24+08:00 ] /JSJD/index.php/About/contactus | NOTIC: [8192] preg_replace(): The /e modifier is deprecated, use preg_replace_callback instead ThinkTemplate.class.php 第 406 行.
[ 2017-05-03T19:34:24+08:00 ] /JSJD/index.php/About/contactus | NOTIC: [8192] preg_replace(): The /e modifier is deprecated, use preg_replace_callback instead ThinkTemplate.class.php 第 406 行.
[ 2017-05-03T19:34:24+08:00 ] /JSJD/index.php/About/contactus | NOTIC: [8192] preg_replace(): The /e modifier is deprecated, use preg_replace_callback instead ThinkTemplate.class.php 第 406 行.
[ 2017-05-03T19:34:24+08:00 ] /JSJD/index.php/About/contactus | NOTIC: [8192] preg_replace(): The /e modifier is deprecated, use preg_replace_callback instead ThinkTemplate.class.php 第 406 行.
[ 2017-05-03T19:34:24+08:00 ] /JSJD/index.php/About/contactus | NOTIC: [8192] preg_replace(): The /e modifier is deprecated, use preg_replace_callback instead ThinkTemplate.class.php 第 406 行.
[ 2017-05-03T19:34:24+08:00 ] /JSJD/index.php/About/contactus | NOTIC: [8192] preg_replace(): The /e modifier is deprecated, use preg_replace_callback instead ThinkTemplate.class.php 第 406 行.
[ 2017-05-03T19:34:24+08:00 ] /JSJD/index.php/About/contactus | NOTIC: [8192] preg_replace(): The /e modifier is deprecated, use preg_replace_callback instead ThinkTemplate.class.php 第 406 行.
[ 2017-05-03T19:34:24+08:00 ] /JSJD/index.php/About/contactus | NOTIC: [8192] preg_replace(): The /e modifier is deprecated, use preg_replace_callback instead ThinkTemplate.class.php 第 406 行.
[ 2017-05-03T19:34:24+08:00 ] /JSJD/index.php/About/contactus | NOTIC: [8192] preg_replace(): The /e modifier is deprecated, use preg_replace_callback instead ThinkTemplate.class.php 第 406 行.
[ 2017-05-03T19:34:24+08:00 ] /JSJD/index.php/About/contactus | NOTIC: [8192] preg_replace(): The /e modifier is deprecated, use preg_replace_callback instead ThinkTemplate.class.php 第 406 行.
[ 2017-05-03T19:34:24+08:00 ] /JSJD/index.php/About/contactus | NOTIC: [8192] preg_replace(): The /e modifier is deprecated, use preg_replace_callback instead ThinkTemplate.class.php 第 406 行.
[ 2017-05-03T19:34:24+08:00 ] /JSJD/index.php/About/contactus | NOTIC: [8192] preg_replace(): The /e modifier is deprecated, use preg_replace_callback instead ThinkTemplate.class.php 第 406 行.
[ 2017-05-03T19:34:24+08:00 ] /JSJD/index.php/About/contactus | NOTIC: [8192] preg_replace(): The /e modifier is deprecated, use preg_replace_callback instead ThinkTemplate.class.php 第 406 行.
[ 2017-05-03T19:34:24+08:00 ] /JSJD/index.php/About/contactus | NOTIC: [8192] preg_replace(): The /e modifier is deprecated, use preg_replace_callback instead ThinkTemplate.class.php 第 406 行.
[ 2017-05-03T19:34:24+08:00 ] /JSJD/index.php/About/contactus | NOTIC: [8192] preg_replace(): The /e modifier is deprecated, use preg_replace_callback instead ThinkTemplate.class.php 第 406 行.
[ 2017-05-03T19:34:24+08:00 ] /JSJD/index.php/About/contactus | NOTIC: [8192] preg_replace(): The /e modifier is deprecated, use preg_replace_callback instead ThinkTemplate.class.php 第 406 行.
[ 2017-05-03T19:34:24+08:00 ] /JSJD/index.php/About/contactus | NOTIC: [8192] preg_replace(): The /e modifier is deprecated, use preg_replace_callback instead ThinkTemplate.class.php 第 406 行.
[ 2017-05-03T19:34:24+08:00 ] /JSJD/index.php/About/contactus | NOTIC: [8192] preg_replace(): The /e modifier is deprecated, use preg_replace_callback instead ThinkTemplate.class.php 第 402 行.
[ 2017-05-03T19:34:24+08:00 ] /JSJD/index.php/About/contactus | NOTIC: [8192] preg_replace(): The /e modifier is deprecated, use preg_replace_callback instead ThinkTemplate.class.php 第 402 行.
[ 2017-05-03T19:34:24+08:00 ] /JSJD/index.php/About/contactus | NOTIC: [8192] preg_replace(): The /e modifier is deprecated, use preg_replace_callback instead ThinkTemplate.class.php 第 402 行.
[ 2017-05-03T19:34:24+08:00 ] /JSJD/index.php/About/contactus | NOTIC: [8192] preg_replace(): The /e modifier is deprecated, use preg_replace_callback instead ThinkTemplate.class.php 第 402 行.
[ 2017-05-03T19:34:24+08:00 ] /JSJD/index.php/About/contactus | NOTIC: [8192] preg_replace(): The /e modifier is deprecated, use preg_replace_callback instead ThinkTemplate.class.php 第 402 行.
[ 2017-05-03T19:34:24+08:00 ] /JSJD/index.php/About/contactus | NOTIC: [8192] preg_replace(): The /e modifier is deprecated, use preg_replace_callback instead ThinkTemplate.class.php 第 402 行.
[ 2017-05-03T19:34:24+08:00 ] /JSJD/index.php/About/contactus | NOTIC: [8192] preg_replace(): The /e modifier is deprecated, use preg_replace_callback instead ThinkTemplate.class.php 第 406 行.
[ 2017-05-03T19:34:24+08:00 ] /JSJD/index.php/About/contactus | NOTIC: [8192] preg_replace(): The /e modifier is deprecated, use preg_replace_callback instead ThinkTemplate.class.php 第 406 行.
[ 2017-05-03T19:34:24+08:00 ] /JSJD/index.php/About/contactus | NOTIC: [8192] preg_replace(): The /e modifier is deprecated, use preg_replace_callback instead ThinkTemplate.class.php 第 406 行.
[ 2017-05-03T19:34:24+08:00 ] /JSJD/index.php/About/contactus | NOTIC: [8192] preg_replace(): The /e modifier is deprecated, use preg_replace_callback instead ThinkTemplate.class.php 第 220 行.
[ 2017-05-03T19:34:24+08:00 ] /JSJD/index.php/About/contactus | NOTIC: [8192] preg_replace(): The /e modifier is deprecated, use preg_replace_callback instead ThinkTemplate.class.php 第 154 行.
[ 2017-05-03T19:34:24+08:00 ] /JSJD/index.php/About/contactus | INFO: Run ParseTemplate Behavior [ RunTime:0.018044s ]
[ 2017-05-03T19:34:24+08:00 ] /JSJD/index.php/About/contactus | INFO: Tag[ view_parse ] --END-- [ RunTime:0.018138s ]
[ 2017-05-03T19:34:24+08:00 ] /JSJD/index.php/About/contactus | INFO: Tag[ view_filter ] --START--
[ 2017-05-03T19:34:24+08:00 ] /JSJD/index.php/About/contactus | INFO: Run ContentReplace Behavior [ RunTime:0.000453s ]
[ 2017-05-03T19:34:24+08:00 ] /JSJD/index.php/About/contactus | INFO: Run TokenBuild Behavior [ RunTime:0.000739s ]
[ 2017-05-03T19:34:24+08:00 ] /JSJD/index.php/About/contactus | INFO: Run WriteHtmlCache Behavior [ RunTime:0.000251s ]
[ 2017-05-03T19:34:24+08:00 ] /JSJD/index.php/About/contactus | INFO: Run ShowRuntime Behavior [ RunTime:0.000385s ]
[ 2017-05-03T19:34:24+08:00 ] /JSJD/index.php/About/contactus | INFO: Tag[ view_filter ] --END-- [ RunTime:0.002016s ]
[ 2017-05-03T19:34:24+08:00 ] /JSJD/index.php/About/contactus | INFO: Tag[ view_end ] --START--
[ 2017-05-03T19:34:24+08:00 ] /JSJD/index.php/About/contactus | INFO: Run ShowPageTrace Behavior [ RunTime:0.000463s ]
[ 2017-05-03T19:34:24+08:00 ] /JSJD/index.php/About/contactus | INFO: Tag[ view_end ] --END-- [ RunTime:0.000529s ]
[ 2017-05-03T19:34:24+08:00 ] /JSJD/index.php/js/jquery.bxslider.min.js | ERR: (ThinkException) 无法加载模块js
[ 2017-05-03T19:34:31+08:00 ] /JSJD/index.php/About/About/rlzy.html | ERR: (ThinkException) 非法操作About
