[ 2017-03-29T09:10:36+08:00 ] /JSJD/ | INFO: Tag[ app_begin ] --START--
[ 2017-03-29T09:10:36+08:00 ] /JSJD/ | INFO: Run ReadHtmlCache Behavior [ RunTime:0.000630s ]
[ 2017-03-29T09:10:36+08:00 ] /JSJD/ | INFO: Tag[ app_begin ] --END-- [ RunTime:0.000704s ]
[ 2017-03-29T09:10:36+08:00 ] /JSJD/ | SQL: SHOW COLUMNS FROM `czxy_systemconfig` [ RunTime:0.036028s ]
[ 2017-03-29T09:10:36+08:00 ] /JSJD/ | SQL: SELECT * FROM `czxy_systemconfig` WHERE ( `ckey` = 'rotateimg' )  [ RunTime:0.000445s ]
[ 2017-03-29T09:10:36+08:00 ] /JSJD/ | INFO: Tag[ view_template ] --START--
[ 2017-03-29T09:10:36+08:00 ] /JSJD/ | INFO: Run LocationTemplate Behavior [ RunTime:0.000883s ]
[ 2017-03-29T09:10:36+08:00 ] /JSJD/ | INFO: Tag[ view_template ] --END-- [ RunTime:0.000924s ]
[ 2017-03-29T09:10:36+08:00 ] /JSJD/ | INFO: Tag[ view_parse ] --START--
[ 2017-03-29T09:10:36+08:00 ] /JSJD/ | NOTIC: [2] file_get_contents(./Index/Tpl/Public/top.html): failed to open stream: No such file or directory ThinkTemplate.class.php 第 702 行.
[ 2017-03-29T09:10:36+08:00 ] /JSJD/ | NOTIC: [2] file_get_contents(./Index/Tpl/Public/luenhuan.html): failed to open stream: No such file or directory ThinkTemplate.class.php 第 702 行.
[ 2017-03-29T09:10:36+08:00 ] /JSJD/ | NOTIC: [2] file_get_contents(./Index/Tpl/Public/footer.html): failed to open stream: No such file or directory ThinkTemplate.class.php 第 702 行.
[ 2017-03-29T09:10:36+08:00 ] /JSJD/ | INFO: Run ParseTemplate Behavior [ RunTime:0.043508s ]
[ 2017-03-29T09:10:36+08:00 ] /JSJD/ | INFO: Tag[ view_parse ] --END-- [ RunTime:0.043560s ]
[ 2017-03-29T09:10:36+08:00 ] /JSJD/ | INFO: Tag[ view_filter ] --START--
[ 2017-03-29T09:10:36+08:00 ] /JSJD/ | INFO: Run ContentReplace Behavior [ RunTime:0.000748s ]
[ 2017-03-29T09:10:36+08:00 ] /JSJD/ | INFO: Run TokenBuild Behavior [ RunTime:0.001060s ]
[ 2017-03-29T09:10:36+08:00 ] /JSJD/ | INFO: Run WriteHtmlCache Behavior [ RunTime:0.000623s ]
[ 2017-03-29T09:10:36+08:00 ] /JSJD/ | INFO: Run ShowRuntime Behavior [ RunTime:0.000715s ]
[ 2017-03-29T09:10:36+08:00 ] /JSJD/ | INFO: Tag[ view_filter ] --END-- [ RunTime:0.003282s ]
[ 2017-03-29T09:10:36+08:00 ] /JSJD/ | INFO: Tag[ view_end ] --START--
[ 2017-03-29T09:10:36+08:00 ] /JSJD/ | INFO: Run ShowPageTrace Behavior [ RunTime:0.000806s ]
[ 2017-03-29T09:10:36+08:00 ] /JSJD/ | INFO: Tag[ view_end ] --END-- [ RunTime:0.000873s ]
[ 2017-03-29T09:10:40+08:00 ] /JSJD/ | INFO: Tag[ app_begin ] --START--
[ 2017-03-29T09:10:40+08:00 ] /JSJD/ | INFO: Run ReadHtmlCache Behavior [ RunTime:0.001179s ]
[ 2017-03-29T09:10:40+08:00 ] /JSJD/ | INFO: Tag[ app_begin ] --END-- [ RunTime:0.001339s ]
[ 2017-03-29T09:10:40+08:00 ] /JSJD/ | SQL: SHOW COLUMNS FROM `czxy_systemconfig` [ RunTime:0.005853s ]
[ 2017-03-29T09:10:40+08:00 ] /JSJD/ | SQL: SELECT * FROM `czxy_systemconfig` WHERE ( `ckey` = 'rotateimg' )  [ RunTime:0.000523s ]
[ 2017-03-29T09:10:40+08:00 ] /JSJD/ | INFO: Tag[ view_template ] --START--
[ 2017-03-29T09:10:40+08:00 ] /JSJD/ | INFO: Run LocationTemplate Behavior [ RunTime:0.000787s ]
[ 2017-03-29T09:10:40+08:00 ] /JSJD/ | INFO: Tag[ view_template ] --END-- [ RunTime:0.000842s ]
[ 2017-03-29T09:10:40+08:00 ] /JSJD/ | INFO: Tag[ view_parse ] --START--
[ 2017-03-29T09:10:40+08:00 ] /JSJD/ | NOTIC: [2] file_get_contents(./Index/Tpl/Public/top.html): failed to open stream: No such file or directory ThinkTemplate.class.php 第 702 行.
[ 2017-03-29T09:10:40+08:00 ] /JSJD/ | NOTIC: [2] file_get_contents(./Index/Tpl/Public/luenhuan.html): failed to open stream: No such file or directory ThinkTemplate.class.php 第 702 行.
[ 2017-03-29T09:10:40+08:00 ] /JSJD/ | NOTIC: [2] file_get_contents(./Index/Tpl/Public/footer.html): failed to open stream: No such file or directory ThinkTemplate.class.php 第 702 行.
[ 2017-03-29T09:10:40+08:00 ] /JSJD/ | INFO: Run ParseTemplate Behavior [ RunTime:0.013603s ]
[ 2017-03-29T09:10:40+08:00 ] /JSJD/ | INFO: Tag[ view_parse ] --END-- [ RunTime:0.013669s ]
[ 2017-03-29T09:10:40+08:00 ] /JSJD/ | INFO: Tag[ view_filter ] --START--
[ 2017-03-29T09:10:40+08:00 ] /JSJD/ | INFO: Run ContentReplace Behavior [ RunTime:0.000909s ]
[ 2017-03-29T09:10:40+08:00 ] /JSJD/ | INFO: Run TokenBuild Behavior [ RunTime:0.000839s ]
[ 2017-03-29T09:10:40+08:00 ] /JSJD/ | INFO: Run WriteHtmlCache Behavior [ RunTime:0.000662s ]
[ 2017-03-29T09:10:40+08:00 ] /JSJD/ | INFO: Run ShowRuntime Behavior [ RunTime:0.000852s ]
[ 2017-03-29T09:10:40+08:00 ] /JSJD/ | INFO: Tag[ view_filter ] --END-- [ RunTime:0.003423s ]
[ 2017-03-29T09:10:40+08:00 ] /JSJD/ | INFO: Tag[ view_end ] --START--
[ 2017-03-29T09:10:40+08:00 ] /JSJD/ | INFO: Run ShowPageTrace Behavior [ RunTime:0.000960s ]
[ 2017-03-29T09:10:40+08:00 ] /JSJD/ | INFO: Tag[ view_end ] --END-- [ RunTime:0.001048s ]
[ 2017-03-29T09:10:41+08:00 ] /JSJD/ | INFO: Tag[ app_begin ] --START--
[ 2017-03-29T09:10:41+08:00 ] /JSJD/ | INFO: Run ReadHtmlCache Behavior [ RunTime:0.000887s ]
[ 2017-03-29T09:10:41+08:00 ] /JSJD/ | INFO: Tag[ app_begin ] --END-- [ RunTime:0.001004s ]
[ 2017-03-29T09:10:41+08:00 ] /JSJD/ | SQL: SHOW COLUMNS FROM `czxy_systemconfig` [ RunTime:0.006530s ]
[ 2017-03-29T09:10:41+08:00 ] /JSJD/ | SQL: SELECT * FROM `czxy_systemconfig` WHERE ( `ckey` = 'rotateimg' )  [ RunTime:0.000513s ]
[ 2017-03-29T09:10:41+08:00 ] /JSJD/ | INFO: Tag[ view_template ] --START--
[ 2017-03-29T09:10:41+08:00 ] /JSJD/ | INFO: Run LocationTemplate Behavior [ RunTime:0.000915s ]
[ 2017-03-29T09:10:41+08:00 ] /JSJD/ | INFO: Tag[ view_template ] --END-- [ RunTime:0.000993s ]
[ 2017-03-29T09:10:41+08:00 ] /JSJD/ | INFO: Tag[ view_parse ] --START--
[ 2017-03-29T09:10:41+08:00 ] /JSJD/ | NOTIC: [2] file_get_contents(./Index/Tpl/Public/top.html): failed to open stream: No such file or directory ThinkTemplate.class.php 第 702 行.
[ 2017-03-29T09:10:41+08:00 ] /JSJD/ | NOTIC: [2] file_get_contents(./Index/Tpl/Public/luenhuan.html): failed to open stream: No such file or directory ThinkTemplate.class.php 第 702 行.
[ 2017-03-29T09:10:41+08:00 ] /JSJD/ | NOTIC: [2] file_get_contents(./Index/Tpl/Public/footer.html): failed to open stream: No such file or directory ThinkTemplate.class.php 第 702 行.
[ 2017-03-29T09:10:41+08:00 ] /JSJD/ | INFO: Run ParseTemplate Behavior [ RunTime:0.011008s ]
[ 2017-03-29T09:10:41+08:00 ] /JSJD/ | INFO: Tag[ view_parse ] --END-- [ RunTime:0.011078s ]
[ 2017-03-29T09:10:41+08:00 ] /JSJD/ | INFO: Tag[ view_filter ] --START--
[ 2017-03-29T09:10:41+08:00 ] /JSJD/ | INFO: Run ContentReplace Behavior [ RunTime:0.000779s ]
[ 2017-03-29T09:10:41+08:00 ] /JSJD/ | INFO: Run TokenBuild Behavior [ RunTime:0.000678s ]
[ 2017-03-29T09:10:41+08:00 ] /JSJD/ | INFO: Run WriteHtmlCache Behavior [ RunTime:0.000500s ]
[ 2017-03-29T09:10:41+08:00 ] /JSJD/ | INFO: Run ShowRuntime Behavior [ RunTime:0.000627s ]
[ 2017-03-29T09:10:41+08:00 ] /JSJD/ | INFO: Tag[ view_filter ] --END-- [ RunTime:0.002702s ]
[ 2017-03-29T09:10:41+08:00 ] /JSJD/ | INFO: Tag[ view_end ] --START--
[ 2017-03-29T09:10:41+08:00 ] /JSJD/ | INFO: Run ShowPageTrace Behavior [ RunTime:0.000666s ]
[ 2017-03-29T09:10:41+08:00 ] /JSJD/ | INFO: Tag[ view_end ] --END-- [ RunTime:0.000723s ]
[ 2017-03-29T09:10:41+08:00 ] /JSJD/ | INFO: Tag[ app_begin ] --START--
[ 2017-03-29T09:10:41+08:00 ] /JSJD/ | INFO: Run ReadHtmlCache Behavior [ RunTime:0.000850s ]
[ 2017-03-29T09:10:41+08:00 ] /JSJD/ | INFO: Tag[ app_begin ] --END-- [ RunTime:0.000968s ]
[ 2017-03-29T09:10:41+08:00 ] /JSJD/ | SQL: SHOW COLUMNS FROM `czxy_systemconfig` [ RunTime:0.007467s ]
[ 2017-03-29T09:10:41+08:00 ] /JSJD/ | SQL: SELECT * FROM `czxy_systemconfig` WHERE ( `ckey` = 'rotateimg' )  [ RunTime:0.000489s ]
[ 2017-03-29T09:10:41+08:00 ] /JSJD/ | INFO: Tag[ view_template ] --START--
[ 2017-03-29T09:10:41+08:00 ] /JSJD/ | INFO: Run LocationTemplate Behavior [ RunTime:0.000923s ]
[ 2017-03-29T09:10:41+08:00 ] /JSJD/ | INFO: Tag[ view_template ] --END-- [ RunTime:0.000986s ]
[ 2017-03-29T09:10:41+08:00 ] /JSJD/ | INFO: Tag[ view_parse ] --START--
[ 2017-03-29T09:10:41+08:00 ] /JSJD/ | NOTIC: [2] file_get_contents(./Index/Tpl/Public/top.html): failed to open stream: No such file or directory ThinkTemplate.class.php 第 702 行.
[ 2017-03-29T09:10:41+08:00 ] /JSJD/ | NOTIC: [2] file_get_contents(./Index/Tpl/Public/luenhuan.html): failed to open stream: No such file or directory ThinkTemplate.class.php 第 702 行.
[ 2017-03-29T09:10:41+08:00 ] /JSJD/ | NOTIC: [2] file_get_contents(./Index/Tpl/Public/footer.html): failed to open stream: No such file or directory ThinkTemplate.class.php 第 702 行.
[ 2017-03-29T09:10:41+08:00 ] /JSJD/ | INFO: Run ParseTemplate Behavior [ RunTime:0.010150s ]
[ 2017-03-29T09:10:41+08:00 ] /JSJD/ | INFO: Tag[ view_parse ] --END-- [ RunTime:0.010206s ]
[ 2017-03-29T09:10:41+08:00 ] /JSJD/ | INFO: Tag[ view_filter ] --START--
[ 2017-03-29T09:10:41+08:00 ] /JSJD/ | INFO: Run ContentReplace Behavior [ RunTime:0.000716s ]
[ 2017-03-29T09:10:41+08:00 ] /JSJD/ | INFO: Run TokenBuild Behavior [ RunTime:0.000597s ]
[ 2017-03-29T09:10:41+08:00 ] /JSJD/ | INFO: Run WriteHtmlCache Behavior [ RunTime:0.000505s ]
[ 2017-03-29T09:10:41+08:00 ] /JSJD/ | INFO: Run ShowRuntime Behavior [ RunTime:0.000621s ]
[ 2017-03-29T09:10:41+08:00 ] /JSJD/ | INFO: Tag[ view_filter ] --END-- [ RunTime:0.002557s ]
[ 2017-03-29T09:10:41+08:00 ] /JSJD/ | INFO: Tag[ view_end ] --START--
[ 2017-03-29T09:10:41+08:00 ] /JSJD/ | INFO: Run ShowPageTrace Behavior [ RunTime:0.000691s ]
[ 2017-03-29T09:10:41+08:00 ] /JSJD/ | INFO: Tag[ view_end ] --END-- [ RunTime:0.000752s ]
[ 2017-03-29T09:10:41+08:00 ] /JSJD/ | INFO: Tag[ app_begin ] --START--
[ 2017-03-29T09:10:41+08:00 ] /JSJD/ | INFO: Run ReadHtmlCache Behavior [ RunTime:0.001284s ]
[ 2017-03-29T09:10:41+08:00 ] /JSJD/ | INFO: Tag[ app_begin ] --END-- [ RunTime:0.001476s ]
[ 2017-03-29T09:10:41+08:00 ] /JSJD/ | SQL: SHOW COLUMNS FROM `czxy_systemconfig` [ RunTime:0.005556s ]
[ 2017-03-29T09:10:41+08:00 ] /JSJD/ | SQL: SELECT * FROM `czxy_systemconfig` WHERE ( `ckey` = 'rotateimg' )  [ RunTime:0.000642s ]
[ 2017-03-29T09:10:41+08:00 ] /JSJD/ | INFO: Tag[ view_template ] --START--
[ 2017-03-29T09:10:41+08:00 ] /JSJD/ | INFO: Run LocationTemplate Behavior [ RunTime:0.000672s ]
[ 2017-03-29T09:10:41+08:00 ] /JSJD/ | INFO: Tag[ view_template ] --END-- [ RunTime:0.000723s ]
[ 2017-03-29T09:10:41+08:00 ] /JSJD/ | INFO: Tag[ view_parse ] --START--
[ 2017-03-29T09:10:41+08:00 ] /JSJD/ | NOTIC: [2] file_get_contents(./Index/Tpl/Public/top.html): failed to open stream: No such file or directory ThinkTemplate.class.php 第 702 行.
[ 2017-03-29T09:10:41+08:00 ] /JSJD/ | NOTIC: [2] file_get_contents(./Index/Tpl/Public/luenhuan.html): failed to open stream: No such file or directory ThinkTemplate.class.php 第 702 行.
[ 2017-03-29T09:10:41+08:00 ] /JSJD/ | NOTIC: [2] file_get_contents(./Index/Tpl/Public/footer.html): failed to open stream: No such file or directory ThinkTemplate.class.php 第 702 行.
[ 2017-03-29T09:10:41+08:00 ] /JSJD/ | INFO: Run ParseTemplate Behavior [ RunTime:0.011869s ]
[ 2017-03-29T09:10:41+08:00 ] /JSJD/ | INFO: Tag[ view_parse ] --END-- [ RunTime:0.011932s ]
[ 2017-03-29T09:10:41+08:00 ] /JSJD/ | INFO: Tag[ view_filter ] --START--
[ 2017-03-29T09:10:41+08:00 ] /JSJD/ | INFO: Run ContentReplace Behavior [ RunTime:0.000892s ]
[ 2017-03-29T09:10:41+08:00 ] /JSJD/ | INFO: Run TokenBuild Behavior [ RunTime:0.000780s ]
[ 2017-03-29T09:10:41+08:00 ] /JSJD/ | INFO: Run WriteHtmlCache Behavior [ RunTime:0.000601s ]
[ 2017-03-29T09:10:41+08:00 ] /JSJD/ | INFO: Run ShowRuntime Behavior [ RunTime:0.000796s ]
[ 2017-03-29T09:10:41+08:00 ] /JSJD/ | INFO: Tag[ view_filter ] --END-- [ RunTime:0.003214s ]
[ 2017-03-29T09:10:41+08:00 ] /JSJD/ | INFO: Tag[ view_end ] --START--
[ 2017-03-29T09:10:41+08:00 ] /JSJD/ | INFO: Run ShowPageTrace Behavior [ RunTime:0.000869s ]
[ 2017-03-29T09:10:41+08:00 ] /JSJD/ | INFO: Tag[ view_end ] --END-- [ RunTime:0.000952s ]
[ 2017-03-29T09:10:42+08:00 ] /JSJD/ | INFO: Tag[ app_begin ] --START--
[ 2017-03-29T09:10:42+08:00 ] /JSJD/ | INFO: Run ReadHtmlCache Behavior [ RunTime:0.000753s ]
[ 2017-03-29T09:10:42+08:00 ] /JSJD/ | INFO: Tag[ app_begin ] --END-- [ RunTime:0.000857s ]
[ 2017-03-29T09:10:42+08:00 ] /JSJD/ | SQL: SHOW COLUMNS FROM `czxy_systemconfig` [ RunTime:0.005062s ]
[ 2017-03-29T09:10:42+08:00 ] /JSJD/ | SQL: SELECT * FROM `czxy_systemconfig` WHERE ( `ckey` = 'rotateimg' )  [ RunTime:0.000379s ]
[ 2017-03-29T09:10:42+08:00 ] /JSJD/ | INFO: Tag[ view_template ] --START--
[ 2017-03-29T09:10:42+08:00 ] /JSJD/ | INFO: Run LocationTemplate Behavior [ RunTime:0.000642s ]
[ 2017-03-29T09:10:42+08:00 ] /JSJD/ | INFO: Tag[ view_template ] --END-- [ RunTime:0.000684s ]
[ 2017-03-29T09:10:42+08:00 ] /JSJD/ | INFO: Tag[ view_parse ] --START--
[ 2017-03-29T09:10:42+08:00 ] /JSJD/ | NOTIC: [2] file_get_contents(./Index/Tpl/Public/top.html): failed to open stream: No such file or directory ThinkTemplate.class.php 第 702 行.
[ 2017-03-29T09:10:42+08:00 ] /JSJD/ | NOTIC: [2] file_get_contents(./Index/Tpl/Public/luenhuan.html): failed to open stream: No such file or directory ThinkTemplate.class.php 第 702 行.
[ 2017-03-29T09:10:42+08:00 ] /JSJD/ | NOTIC: [2] file_get_contents(./Index/Tpl/Public/footer.html): failed to open stream: No such file or directory ThinkTemplate.class.php 第 702 行.
[ 2017-03-29T09:10:42+08:00 ] /JSJD/ | INFO: Run ParseTemplate Behavior [ RunTime:0.009520s ]
[ 2017-03-29T09:10:42+08:00 ] /JSJD/ | INFO: Tag[ view_parse ] --END-- [ RunTime:0.009575s ]
[ 2017-03-29T09:10:42+08:00 ] /JSJD/ | INFO: Tag[ view_filter ] --START--
[ 2017-03-29T09:10:42+08:00 ] /JSJD/ | INFO: Run ContentReplace Behavior [ RunTime:0.000732s ]
[ 2017-03-29T09:10:42+08:00 ] /JSJD/ | INFO: Run TokenBuild Behavior [ RunTime:0.000686s ]
[ 2017-03-29T09:10:42+08:00 ] /JSJD/ | INFO: Run WriteHtmlCache Behavior [ RunTime:0.000501s ]
[ 2017-03-29T09:10:42+08:00 ] /JSJD/ | INFO: Run ShowRuntime Behavior [ RunTime:0.000604s ]
[ 2017-03-29T09:10:42+08:00 ] /JSJD/ | INFO: Tag[ view_filter ] --END-- [ RunTime:0.002661s ]
[ 2017-03-29T09:10:42+08:00 ] /JSJD/ | INFO: Tag[ view_end ] --START--
[ 2017-03-29T09:10:42+08:00 ] /JSJD/ | INFO: Run ShowPageTrace Behavior [ RunTime:0.000837s ]
[ 2017-03-29T09:10:42+08:00 ] /JSJD/ | INFO: Tag[ view_end ] --END-- [ RunTime:0.000912s ]
[ 2017-03-29T09:10:42+08:00 ] /JSJD/ | INFO: Tag[ app_begin ] --START--
[ 2017-03-29T09:10:42+08:00 ] /JSJD/ | INFO: Run ReadHtmlCache Behavior [ RunTime:0.000680s ]
[ 2017-03-29T09:10:42+08:00 ] /JSJD/ | INFO: Tag[ app_begin ] --END-- [ RunTime:0.000775s ]
[ 2017-03-29T09:10:42+08:00 ] /JSJD/ | SQL: SHOW COLUMNS FROM `czxy_systemconfig` [ RunTime:0.005685s ]
[ 2017-03-29T09:10:42+08:00 ] /JSJD/ | SQL: SELECT * FROM `czxy_systemconfig` WHERE ( `ckey` = 'rotateimg' )  [ RunTime:0.000368s ]
[ 2017-03-29T09:10:42+08:00 ] /JSJD/ | INFO: Tag[ view_template ] --START--
[ 2017-03-29T09:10:42+08:00 ] /JSJD/ | INFO: Run LocationTemplate Behavior [ RunTime:0.000614s ]
[ 2017-03-29T09:10:42+08:00 ] /JSJD/ | INFO: Tag[ view_template ] --END-- [ RunTime:0.000656s ]
[ 2017-03-29T09:10:42+08:00 ] /JSJD/ | INFO: Tag[ view_parse ] --START--
[ 2017-03-29T09:10:42+08:00 ] /JSJD/ | NOTIC: [2] file_get_contents(./Index/Tpl/Public/top.html): failed to open stream: No such file or directory ThinkTemplate.class.php 第 702 行.
[ 2017-03-29T09:10:42+08:00 ] /JSJD/ | NOTIC: [2] file_get_contents(./Index/Tpl/Public/luenhuan.html): failed to open stream: No such file or directory ThinkTemplate.class.php 第 702 行.
[ 2017-03-29T09:10:42+08:00 ] /JSJD/ | NOTIC: [2] file_get_contents(./Index/Tpl/Public/footer.html): failed to open stream: No such file or directory ThinkTemplate.class.php 第 702 行.
[ 2017-03-29T09:10:42+08:00 ] /JSJD/ | INFO: Run ParseTemplate Behavior [ RunTime:0.009645s ]
[ 2017-03-29T09:10:42+08:00 ] /JSJD/ | INFO: Tag[ view_parse ] --END-- [ RunTime:0.009718s ]
[ 2017-03-29T09:10:42+08:00 ] /JSJD/ | INFO: Tag[ view_filter ] --START--
[ 2017-03-29T09:10:42+08:00 ] /JSJD/ | INFO: Run ContentReplace Behavior [ RunTime:0.000987s ]
[ 2017-03-29T09:10:42+08:00 ] /JSJD/ | INFO: Run TokenBuild Behavior [ RunTime:0.000632s ]
[ 2017-03-29T09:10:42+08:00 ] /JSJD/ | INFO: Run WriteHtmlCache Behavior [ RunTime:0.000526s ]
[ 2017-03-29T09:10:42+08:00 ] /JSJD/ | INFO: Run ShowRuntime Behavior [ RunTime:0.000626s ]
[ 2017-03-29T09:10:42+08:00 ] /JSJD/ | INFO: Tag[ view_filter ] --END-- [ RunTime:0.002902s ]
[ 2017-03-29T09:10:42+08:00 ] /JSJD/ | INFO: Tag[ view_end ] --START--
[ 2017-03-29T09:10:42+08:00 ] /JSJD/ | INFO: Run ShowPageTrace Behavior [ RunTime:0.000789s ]
[ 2017-03-29T09:10:42+08:00 ] /JSJD/ | INFO: Tag[ view_end ] --END-- [ RunTime:0.000863s ]
[ 2017-03-29T09:10:42+08:00 ] /JSJD/ | INFO: Tag[ app_begin ] --START--
[ 2017-03-29T09:10:42+08:00 ] /JSJD/ | INFO: Run ReadHtmlCache Behavior [ RunTime:0.000559s ]
[ 2017-03-29T09:10:42+08:00 ] /JSJD/ | INFO: Tag[ app_begin ] --END-- [ RunTime:0.000638s ]
[ 2017-03-29T09:10:42+08:00 ] /JSJD/ | SQL: SHOW COLUMNS FROM `czxy_systemconfig` [ RunTime:0.004359s ]
[ 2017-03-29T09:10:42+08:00 ] /JSJD/ | SQL: SELECT * FROM `czxy_systemconfig` WHERE ( `ckey` = 'rotateimg' )  [ RunTime:0.000368s ]
[ 2017-03-29T09:10:42+08:00 ] /JSJD/ | INFO: Tag[ view_template ] --START--
[ 2017-03-29T09:10:42+08:00 ] /JSJD/ | INFO: Run LocationTemplate Behavior [ RunTime:0.000619s ]
[ 2017-03-29T09:10:42+08:00 ] /JSJD/ | INFO: Tag[ view_template ] --END-- [ RunTime:0.000662s ]
[ 2017-03-29T09:10:42+08:00 ] /JSJD/ | INFO: Tag[ view_parse ] --START--
[ 2017-03-29T09:10:42+08:00 ] /JSJD/ | NOTIC: [2] file_get_contents(./Index/Tpl/Public/top.html): failed to open stream: No such file or directory ThinkTemplate.class.php 第 702 行.
[ 2017-03-29T09:10:42+08:00 ] /JSJD/ | NOTIC: [2] file_get_contents(./Index/Tpl/Public/luenhuan.html): failed to open stream: No such file or directory ThinkTemplate.class.php 第 702 行.
[ 2017-03-29T09:10:42+08:00 ] /JSJD/ | NOTIC: [2] file_get_contents(./Index/Tpl/Public/footer.html): failed to open stream: No such file or directory ThinkTemplate.class.php 第 702 行.
[ 2017-03-29T09:10:42+08:00 ] /JSJD/ | INFO: Run ParseTemplate Behavior [ RunTime:0.010390s ]
[ 2017-03-29T09:10:42+08:00 ] /JSJD/ | INFO: Tag[ view_parse ] --END-- [ RunTime:0.010441s ]
[ 2017-03-29T09:10:42+08:00 ] /JSJD/ | INFO: Tag[ view_filter ] --START--
[ 2017-03-29T09:10:42+08:00 ] /JSJD/ | INFO: Run ContentReplace Behavior [ RunTime:0.000737s ]
[ 2017-03-29T09:10:42+08:00 ] /JSJD/ | INFO: Run TokenBuild Behavior [ RunTime:0.000695s ]
[ 2017-03-29T09:10:42+08:00 ] /JSJD/ | INFO: Run WriteHtmlCache Behavior [ RunTime:0.000494s ]
[ 2017-03-29T09:10:42+08:00 ] /JSJD/ | INFO: Run ShowRuntime Behavior [ RunTime:0.000685s ]
[ 2017-03-29T09:10:42+08:00 ] /JSJD/ | INFO: Tag[ view_filter ] --END-- [ RunTime:0.002745s ]
[ 2017-03-29T09:10:42+08:00 ] /JSJD/ | INFO: Tag[ view_end ] --START--
[ 2017-03-29T09:10:42+08:00 ] /JSJD/ | INFO: Run ShowPageTrace Behavior [ RunTime:0.000766s ]
[ 2017-03-29T09:10:42+08:00 ] /JSJD/ | INFO: Tag[ view_end ] --END-- [ RunTime:0.000827s ]
[ 2017-03-29T09:10:42+08:00 ] /JSJD/ | INFO: Tag[ app_begin ] --START--
[ 2017-03-29T09:10:42+08:00 ] /JSJD/ | INFO: Run ReadHtmlCache Behavior [ RunTime:0.001051s ]
[ 2017-03-29T09:10:42+08:00 ] /JSJD/ | INFO: Tag[ app_begin ] --END-- [ RunTime:0.001174s ]
[ 2017-03-29T09:10:42+08:00 ] /JSJD/ | SQL: SHOW COLUMNS FROM `czxy_systemconfig` [ RunTime:0.005074s ]
[ 2017-03-29T09:10:42+08:00 ] /JSJD/ | SQL: SELECT * FROM `czxy_systemconfig` WHERE ( `ckey` = 'rotateimg' )  [ RunTime:0.000383s ]
[ 2017-03-29T09:10:42+08:00 ] /JSJD/ | INFO: Tag[ view_template ] --START--
[ 2017-03-29T09:10:42+08:00 ] /JSJD/ | INFO: Run LocationTemplate Behavior [ RunTime:0.000646s ]
[ 2017-03-29T09:10:42+08:00 ] /JSJD/ | INFO: Tag[ view_template ] --END-- [ RunTime:0.000687s ]
[ 2017-03-29T09:10:42+08:00 ] /JSJD/ | INFO: Tag[ view_parse ] --START--
[ 2017-03-29T09:10:42+08:00 ] /JSJD/ | NOTIC: [2] file_get_contents(./Index/Tpl/Public/top.html): failed to open stream: No such file or directory ThinkTemplate.class.php 第 702 行.
[ 2017-03-29T09:10:42+08:00 ] /JSJD/ | NOTIC: [2] file_get_contents(./Index/Tpl/Public/luenhuan.html): failed to open stream: No such file or directory ThinkTemplate.class.php 第 702 行.
[ 2017-03-29T09:10:42+08:00 ] /JSJD/ | NOTIC: [2] file_get_contents(./Index/Tpl/Public/footer.html): failed to open stream: No such file or directory ThinkTemplate.class.php 第 702 行.
[ 2017-03-29T09:10:42+08:00 ] /JSJD/ | INFO: Run ParseTemplate Behavior [ RunTime:0.010012s ]
[ 2017-03-29T09:10:42+08:00 ] /JSJD/ | INFO: Tag[ view_parse ] --END-- [ RunTime:0.010075s ]
[ 2017-03-29T09:10:42+08:00 ] /JSJD/ | INFO: Tag[ view_filter ] --START--
[ 2017-03-29T09:10:42+08:00 ] /JSJD/ | INFO: Run ContentReplace Behavior [ RunTime:0.000694s ]
[ 2017-03-29T09:10:42+08:00 ] /JSJD/ | INFO: Run TokenBuild Behavior [ RunTime:0.000667s ]
[ 2017-03-29T09:10:42+08:00 ] /JSJD/ | INFO: Run WriteHtmlCache Behavior [ RunTime:0.000536s ]
[ 2017-03-29T09:10:42+08:00 ] /JSJD/ | INFO: Run ShowRuntime Behavior [ RunTime:0.000693s ]
[ 2017-03-29T09:10:42+08:00 ] /JSJD/ | INFO: Tag[ view_filter ] --END-- [ RunTime:0.002740s ]
[ 2017-03-29T09:10:42+08:00 ] /JSJD/ | INFO: Tag[ view_end ] --START--
[ 2017-03-29T09:10:42+08:00 ] /JSJD/ | INFO: Run ShowPageTrace Behavior [ RunTime:0.000750s ]
[ 2017-03-29T09:10:42+08:00 ] /JSJD/ | INFO: Tag[ view_end ] --END-- [ RunTime:0.000802s ]
[ 2017-03-29T09:10:43+08:00 ] /JSJD/ | INFO: Tag[ app_begin ] --START--
[ 2017-03-29T09:10:43+08:00 ] /JSJD/ | INFO: Run ReadHtmlCache Behavior [ RunTime:0.000576s ]
[ 2017-03-29T09:10:43+08:00 ] /JSJD/ | INFO: Tag[ app_begin ] --END-- [ RunTime:0.000656s ]
[ 2017-03-29T09:10:43+08:00 ] /JSJD/ | SQL: SHOW COLUMNS FROM `czxy_systemconfig` [ RunTime:0.004845s ]
[ 2017-03-29T09:10:43+08:00 ] /JSJD/ | SQL: SELECT * FROM `czxy_systemconfig` WHERE ( `ckey` = 'rotateimg' )  [ RunTime:0.000361s ]
[ 2017-03-29T09:10:43+08:00 ] /JSJD/ | INFO: Tag[ view_template ] --START--
[ 2017-03-29T09:10:43+08:00 ] /JSJD/ | INFO: Run LocationTemplate Behavior [ RunTime:0.000617s ]
[ 2017-03-29T09:10:43+08:00 ] /JSJD/ | INFO: Tag[ view_template ] --END-- [ RunTime:0.000666s ]
[ 2017-03-29T09:10:43+08:00 ] /JSJD/ | INFO: Tag[ view_parse ] --START--
[ 2017-03-29T09:10:43+08:00 ] /JSJD/ | NOTIC: [2] file_get_contents(./Index/Tpl/Public/top.html): failed to open stream: No such file or directory ThinkTemplate.class.php 第 702 行.
[ 2017-03-29T09:10:43+08:00 ] /JSJD/ | NOTIC: [2] file_get_contents(./Index/Tpl/Public/luenhuan.html): failed to open stream: No such file or directory ThinkTemplate.class.php 第 702 行.
[ 2017-03-29T09:10:43+08:00 ] /JSJD/ | NOTIC: [2] file_get_contents(./Index/Tpl/Public/footer.html): failed to open stream: No such file or directory ThinkTemplate.class.php 第 702 行.
[ 2017-03-29T09:10:43+08:00 ] /JSJD/ | INFO: Run ParseTemplate Behavior [ RunTime:0.010137s ]
[ 2017-03-29T09:10:43+08:00 ] /JSJD/ | INFO: Tag[ view_parse ] --END-- [ RunTime:0.010199s ]
[ 2017-03-29T09:10:43+08:00 ] /JSJD/ | INFO: Tag[ view_filter ] --START--
[ 2017-03-29T09:10:43+08:00 ] /JSJD/ | INFO: Run ContentReplace Behavior [ RunTime:0.000743s ]
[ 2017-03-29T09:10:43+08:00 ] /JSJD/ | INFO: Run TokenBuild Behavior [ RunTime:0.000670s ]
[ 2017-03-29T09:10:43+08:00 ] /JSJD/ | INFO: Run WriteHtmlCache Behavior [ RunTime:0.000496s ]
[ 2017-03-29T09:10:43+08:00 ] /JSJD/ | INFO: Run ShowRuntime Behavior [ RunTime:0.000646s ]
[ 2017-03-29T09:10:43+08:00 ] /JSJD/ | INFO: Tag[ view_filter ] --END-- [ RunTime:0.002672s ]
[ 2017-03-29T09:10:43+08:00 ] /JSJD/ | INFO: Tag[ view_end ] --START--
[ 2017-03-29T09:10:43+08:00 ] /JSJD/ | INFO: Run ShowPageTrace Behavior [ RunTime:0.000707s ]
[ 2017-03-29T09:10:43+08:00 ] /JSJD/ | INFO: Tag[ view_end ] --END-- [ RunTime:0.000761s ]
[ 2017-03-29T09:12:22+08:00 ] /JSJD/ | INFO: Tag[ app_begin ] --START--
[ 2017-03-29T09:12:22+08:00 ] /JSJD/ | INFO: Run ReadHtmlCache Behavior [ RunTime:0.000529s ]
[ 2017-03-29T09:12:22+08:00 ] /JSJD/ | INFO: Tag[ app_begin ] --END-- [ RunTime:0.000606s ]
[ 2017-03-29T09:12:22+08:00 ] /JSJD/ | SQL: SHOW COLUMNS FROM `czxy_systemconfig` [ RunTime:0.005422s ]
[ 2017-03-29T09:12:22+08:00 ] /JSJD/ | SQL: SELECT * FROM `czxy_systemconfig` WHERE ( `ckey` = 'rotateimg' )  [ RunTime:0.000388s ]
[ 2017-03-29T09:12:22+08:00 ] /JSJD/ | INFO: Tag[ view_template ] --START--
[ 2017-03-29T09:12:22+08:00 ] /JSJD/ | INFO: Run LocationTemplate Behavior [ RunTime:0.000685s ]
[ 2017-03-29T09:12:22+08:00 ] /JSJD/ | INFO: Tag[ view_template ] --END-- [ RunTime:0.000736s ]
[ 2017-03-29T09:12:22+08:00 ] /JSJD/ | INFO: Tag[ view_parse ] --START--
[ 2017-03-29T09:12:22+08:00 ] /JSJD/ | NOTIC: [2] file_get_contents(./Index/Tpl/Public/top.html): failed to open stream: No such file or directory ThinkTemplate.class.php 第 702 行.
[ 2017-03-29T09:12:22+08:00 ] /JSJD/ | NOTIC: [2] file_get_contents(./Index/Tpl/Public/luenhuan.html): failed to open stream: No such file or directory ThinkTemplate.class.php 第 702 行.
[ 2017-03-29T09:12:22+08:00 ] /JSJD/ | NOTIC: [2] file_get_contents(./Index/Tpl/Public/footer.html): failed to open stream: No such file or directory ThinkTemplate.class.php 第 702 行.
[ 2017-03-29T09:12:22+08:00 ] /JSJD/ | INFO: Run ParseTemplate Behavior [ RunTime:0.012752s ]
[ 2017-03-29T09:12:22+08:00 ] /JSJD/ | INFO: Tag[ view_parse ] --END-- [ RunTime:0.012818s ]
[ 2017-03-29T09:12:22+08:00 ] /JSJD/ | INFO: Tag[ view_filter ] --START--
[ 2017-03-29T09:12:22+08:00 ] /JSJD/ | INFO: Run ContentReplace Behavior [ RunTime:0.000678s ]
[ 2017-03-29T09:12:22+08:00 ] /JSJD/ | INFO: Run TokenBuild Behavior [ RunTime:0.000658s ]
[ 2017-03-29T09:12:22+08:00 ] /JSJD/ | INFO: Run WriteHtmlCache Behavior [ RunTime:0.000456s ]
[ 2017-03-29T09:12:22+08:00 ] /JSJD/ | INFO: Run ShowRuntime Behavior [ RunTime:0.000577s ]
[ 2017-03-29T09:12:22+08:00 ] /JSJD/ | INFO: Tag[ view_filter ] --END-- [ RunTime:0.002512s ]
[ 2017-03-29T09:12:22+08:00 ] /JSJD/ | INFO: Tag[ view_end ] --START--
[ 2017-03-29T09:12:22+08:00 ] /JSJD/ | INFO: Run ShowPageTrace Behavior [ RunTime:0.000952s ]
[ 2017-03-29T09:12:22+08:00 ] /JSJD/ | INFO: Tag[ view_end ] --END-- [ RunTime:0.001023s ]
[ 2017-03-29T09:12:23+08:00 ] /JSJD/ | INFO: Tag[ app_begin ] --START--
[ 2017-03-29T09:12:23+08:00 ] /JSJD/ | INFO: Run ReadHtmlCache Behavior [ RunTime:0.000824s ]
[ 2017-03-29T09:12:23+08:00 ] /JSJD/ | INFO: Tag[ app_begin ] --END-- [ RunTime:0.000920s ]
[ 2017-03-29T09:12:23+08:00 ] /JSJD/ | SQL: SHOW COLUMNS FROM `czxy_systemconfig` [ RunTime:0.006089s ]
[ 2017-03-29T09:12:23+08:00 ] /JSJD/ | SQL: SELECT * FROM `czxy_systemconfig` WHERE ( `ckey` = 'rotateimg' )  [ RunTime:0.000410s ]
[ 2017-03-29T09:12:23+08:00 ] /JSJD/ | INFO: Tag[ view_template ] --START--
[ 2017-03-29T09:12:23+08:00 ] /JSJD/ | INFO: Run LocationTemplate Behavior [ RunTime:0.000693s ]
[ 2017-03-29T09:12:23+08:00 ] /JSJD/ | INFO: Tag[ view_template ] --END-- [ RunTime:0.000745s ]
[ 2017-03-29T09:12:23+08:00 ] /JSJD/ | INFO: Tag[ view_parse ] --START--
[ 2017-03-29T09:12:23+08:00 ] /JSJD/ | NOTIC: [2] file_get_contents(./Index/Tpl/Public/top.html): failed to open stream: No such file or directory ThinkTemplate.class.php 第 702 行.
[ 2017-03-29T09:12:23+08:00 ] /JSJD/ | NOTIC: [2] file_get_contents(./Index/Tpl/Public/luenhuan.html): failed to open stream: No such file or directory ThinkTemplate.class.php 第 702 行.
[ 2017-03-29T09:12:23+08:00 ] /JSJD/ | NOTIC: [2] file_get_contents(./Index/Tpl/Public/footer.html): failed to open stream: No such file or directory ThinkTemplate.class.php 第 702 行.
[ 2017-03-29T09:12:23+08:00 ] /JSJD/ | INFO: Run ParseTemplate Behavior [ RunTime:0.011006s ]
[ 2017-03-29T09:12:23+08:00 ] /JSJD/ | INFO: Tag[ view_parse ] --END-- [ RunTime:0.011061s ]
[ 2017-03-29T09:12:23+08:00 ] /JSJD/ | INFO: Tag[ view_filter ] --START--
[ 2017-03-29T09:12:23+08:00 ] /JSJD/ | INFO: Run ContentReplace Behavior [ RunTime:0.000688s ]
[ 2017-03-29T09:12:23+08:00 ] /JSJD/ | INFO: Run TokenBuild Behavior [ RunTime:0.000658s ]
[ 2017-03-29T09:12:23+08:00 ] /JSJD/ | INFO: Run WriteHtmlCache Behavior [ RunTime:0.000503s ]
[ 2017-03-29T09:12:23+08:00 ] /JSJD/ | INFO: Run ShowRuntime Behavior [ RunTime:0.000630s ]
[ 2017-03-29T09:12:23+08:00 ] /JSJD/ | INFO: Tag[ view_filter ] --END-- [ RunTime:0.002611s ]
[ 2017-03-29T09:12:23+08:00 ] /JSJD/ | INFO: Tag[ view_end ] --START--
[ 2017-03-29T09:12:23+08:00 ] /JSJD/ | INFO: Run ShowPageTrace Behavior [ RunTime:0.000817s ]
[ 2017-03-29T09:12:23+08:00 ] /JSJD/ | INFO: Tag[ view_end ] --END-- [ RunTime:0.000873s ]
[ 2017-03-29T09:12:24+08:00 ] /JSJD/ | INFO: Tag[ app_begin ] --START--
[ 2017-03-29T09:12:24+08:00 ] /JSJD/ | INFO: Run ReadHtmlCache Behavior [ RunTime:0.000552s ]
[ 2017-03-29T09:12:24+08:00 ] /JSJD/ | INFO: Tag[ app_begin ] --END-- [ RunTime:0.000632s ]
[ 2017-03-29T09:12:24+08:00 ] /JSJD/ | SQL: SHOW COLUMNS FROM `czxy_systemconfig` [ RunTime:0.006411s ]
[ 2017-03-29T09:12:24+08:00 ] /JSJD/ | SQL: SELECT * FROM `czxy_systemconfig` WHERE ( `ckey` = 'rotateimg' )  [ RunTime:0.000428s ]
[ 2017-03-29T09:12:24+08:00 ] /JSJD/ | INFO: Tag[ view_template ] --START--
[ 2017-03-29T09:12:24+08:00 ] /JSJD/ | INFO: Run LocationTemplate Behavior [ RunTime:0.000767s ]
[ 2017-03-29T09:12:24+08:00 ] /JSJD/ | INFO: Tag[ view_template ] --END-- [ RunTime:0.000829s ]
[ 2017-03-29T09:12:24+08:00 ] /JSJD/ | INFO: Tag[ view_parse ] --START--
[ 2017-03-29T09:12:24+08:00 ] /JSJD/ | NOTIC: [2] file_get_contents(./Index/Tpl/Public/top.html): failed to open stream: No such file or directory ThinkTemplate.class.php 第 702 行.
[ 2017-03-29T09:12:24+08:00 ] /JSJD/ | NOTIC: [2] file_get_contents(./Index/Tpl/Public/luenhuan.html): failed to open stream: No such file or directory ThinkTemplate.class.php 第 702 行.
[ 2017-03-29T09:12:24+08:00 ] /JSJD/ | NOTIC: [2] file_get_contents(./Index/Tpl/Public/footer.html): failed to open stream: No such file or directory ThinkTemplate.class.php 第 702 行.
[ 2017-03-29T09:12:24+08:00 ] /JSJD/ | INFO: Run ParseTemplate Behavior [ RunTime:0.011882s ]
[ 2017-03-29T09:12:24+08:00 ] /JSJD/ | INFO: Tag[ view_parse ] --END-- [ RunTime:0.011960s ]
[ 2017-03-29T09:12:24+08:00 ] /JSJD/ | INFO: Tag[ view_filter ] --START--
[ 2017-03-29T09:12:24+08:00 ] /JSJD/ | INFO: Run ContentReplace Behavior [ RunTime:0.000982s ]
[ 2017-03-29T09:12:24+08:00 ] /JSJD/ | INFO: Run TokenBuild Behavior [ RunTime:0.000770s ]
[ 2017-03-29T09:12:24+08:00 ] /JSJD/ | INFO: Run WriteHtmlCache Behavior [ RunTime:0.000469s ]
[ 2017-03-29T09:12:24+08:00 ] /JSJD/ | INFO: Run ShowRuntime Behavior [ RunTime:0.000579s ]
[ 2017-03-29T09:12:24+08:00 ] /JSJD/ | INFO: Tag[ view_filter ] --END-- [ RunTime:0.002957s ]
[ 2017-03-29T09:12:24+08:00 ] /JSJD/ | INFO: Tag[ view_end ] --START--
[ 2017-03-29T09:12:24+08:00 ] /JSJD/ | INFO: Run ShowPageTrace Behavior [ RunTime:0.000984s ]
[ 2017-03-29T09:12:24+08:00 ] /JSJD/ | INFO: Tag[ view_end ] --END-- [ RunTime:0.001055s ]
[ 2017-03-29T09:12:50+08:00 ] /JSJD/ | INFO: Tag[ app_begin ] --START--
[ 2017-03-29T09:12:50+08:00 ] /JSJD/ | INFO: Run ReadHtmlCache Behavior [ RunTime:0.000713s ]
[ 2017-03-29T09:12:50+08:00 ] /JSJD/ | INFO: Tag[ app_begin ] --END-- [ RunTime:0.000824s ]
[ 2017-03-29T09:12:50+08:00 ] /JSJD/ | SQL: SHOW COLUMNS FROM `czxy_systemconfig` [ RunTime:0.005759s ]
[ 2017-03-29T09:12:50+08:00 ] /JSJD/ | SQL: SELECT * FROM `czxy_systemconfig` WHERE ( `ckey` = 'rotateimg' )  [ RunTime:0.000352s ]
[ 2017-03-29T09:12:50+08:00 ] /JSJD/ | INFO: Tag[ view_template ] --START--
[ 2017-03-29T09:12:50+08:00 ] /JSJD/ | INFO: Run LocationTemplate Behavior [ RunTime:0.000819s ]
[ 2017-03-29T09:12:50+08:00 ] /JSJD/ | INFO: Tag[ view_template ] --END-- [ RunTime:0.000870s ]
[ 2017-03-29T09:12:50+08:00 ] /JSJD/ | INFO: Tag[ view_parse ] --START--
[ 2017-03-29T09:12:50+08:00 ] /JSJD/ | NOTIC: [2] file_get_contents(./Index/Tpl/Public/top.html): failed to open stream: No such file or directory ThinkTemplate.class.php 第 702 行.
[ 2017-03-29T09:12:50+08:00 ] /JSJD/ | NOTIC: [2] file_get_contents(./Index/Tpl/Public/luenhuan.html): failed to open stream: No such file or directory ThinkTemplate.class.php 第 702 行.
[ 2017-03-29T09:12:50+08:00 ] /JSJD/ | NOTIC: [2] file_get_contents(./Index/Tpl/Public/footer.html): failed to open stream: No such file or directory ThinkTemplate.class.php 第 702 行.
[ 2017-03-29T09:12:50+08:00 ] /JSJD/ | INFO: Run ParseTemplate Behavior [ RunTime:0.015223s ]
[ 2017-03-29T09:12:50+08:00 ] /JSJD/ | INFO: Tag[ view_parse ] --END-- [ RunTime:0.015295s ]
[ 2017-03-29T09:12:50+08:00 ] /JSJD/ | INFO: Tag[ view_filter ] --START--
[ 2017-03-29T09:12:50+08:00 ] /JSJD/ | INFO: Run ContentReplace Behavior [ RunTime:0.000954s ]
[ 2017-03-29T09:12:50+08:00 ] /JSJD/ | INFO: Run TokenBuild Behavior [ RunTime:0.000832s ]
[ 2017-03-29T09:12:50+08:00 ] /JSJD/ | INFO: Run WriteHtmlCache Behavior [ RunTime:0.000481s ]
[ 2017-03-29T09:12:50+08:00 ] /JSJD/ | INFO: Run ShowRuntime Behavior [ RunTime:0.000605s ]
[ 2017-03-29T09:12:50+08:00 ] /JSJD/ | INFO: Tag[ view_filter ] --END-- [ RunTime:0.003020s ]
[ 2017-03-29T09:12:50+08:00 ] /JSJD/ | INFO: Tag[ view_end ] --START--
[ 2017-03-29T09:12:50+08:00 ] /JSJD/ | INFO: Run ShowPageTrace Behavior [ RunTime:0.001041s ]
[ 2017-03-29T09:12:50+08:00 ] /JSJD/ | INFO: Tag[ view_end ] --END-- [ RunTime:0.001124s ]
[ 2017-03-29T09:12:51+08:00 ] /JSJD/ | INFO: Tag[ app_begin ] --START--
[ 2017-03-29T09:12:51+08:00 ] /JSJD/ | INFO: Run ReadHtmlCache Behavior [ RunTime:0.000618s ]
[ 2017-03-29T09:12:51+08:00 ] /JSJD/ | INFO: Tag[ app_begin ] --END-- [ RunTime:0.000708s ]
[ 2017-03-29T09:12:51+08:00 ] /JSJD/ | SQL: SHOW COLUMNS FROM `czxy_systemconfig` [ RunTime:0.005766s ]
[ 2017-03-29T09:12:51+08:00 ] /JSJD/ | SQL: SELECT * FROM `czxy_systemconfig` WHERE ( `ckey` = 'rotateimg' )  [ RunTime:0.000380s ]
[ 2017-03-29T09:12:51+08:00 ] /JSJD/ | INFO: Tag[ view_template ] --START--
[ 2017-03-29T09:12:51+08:00 ] /JSJD/ | INFO: Run LocationTemplate Behavior [ RunTime:0.000738s ]
[ 2017-03-29T09:12:51+08:00 ] /JSJD/ | INFO: Tag[ view_template ] --END-- [ RunTime:0.000791s ]
[ 2017-03-29T09:12:51+08:00 ] /JSJD/ | INFO: Tag[ view_parse ] --START--
[ 2017-03-29T09:12:51+08:00 ] /JSJD/ | NOTIC: [2] file_get_contents(./Index/Tpl/Public/top.html): failed to open stream: No such file or directory ThinkTemplate.class.php 第 702 行.
[ 2017-03-29T09:12:51+08:00 ] /JSJD/ | NOTIC: [2] file_get_contents(./Index/Tpl/Public/luenhuan.html): failed to open stream: No such file or directory ThinkTemplate.class.php 第 702 行.
[ 2017-03-29T09:12:51+08:00 ] /JSJD/ | NOTIC: [2] file_get_contents(./Index/Tpl/Public/footer.html): failed to open stream: No such file or directory ThinkTemplate.class.php 第 702 行.
[ 2017-03-29T09:12:51+08:00 ] /JSJD/ | INFO: Run ParseTemplate Behavior [ RunTime:0.010321s ]
[ 2017-03-29T09:12:51+08:00 ] /JSJD/ | INFO: Tag[ view_parse ] --END-- [ RunTime:0.010388s ]
[ 2017-03-29T09:12:51+08:00 ] /JSJD/ | INFO: Tag[ view_filter ] --START--
[ 2017-03-29T09:12:51+08:00 ] /JSJD/ | INFO: Run ContentReplace Behavior [ RunTime:0.000729s ]
[ 2017-03-29T09:12:51+08:00 ] /JSJD/ | INFO: Run TokenBuild Behavior [ RunTime:0.000717s ]
[ 2017-03-29T09:12:51+08:00 ] /JSJD/ | INFO: Run WriteHtmlCache Behavior [ RunTime:0.000749s ]
[ 2017-03-29T09:12:51+08:00 ] /JSJD/ | INFO: Run ShowRuntime Behavior [ RunTime:0.000599s ]
[ 2017-03-29T09:12:51+08:00 ] /JSJD/ | INFO: Tag[ view_filter ] --END-- [ RunTime:0.002950s ]
[ 2017-03-29T09:12:51+08:00 ] /JSJD/ | INFO: Tag[ view_end ] --START--
[ 2017-03-29T09:12:51+08:00 ] /JSJD/ | INFO: Run ShowPageTrace Behavior [ RunTime:0.000866s ]
[ 2017-03-29T09:12:51+08:00 ] /JSJD/ | INFO: Tag[ view_end ] --END-- [ RunTime:0.000930s ]
[ 2017-03-29T09:13:20+08:00 ] /JSJD/ | INFO: Tag[ app_begin ] --START--
[ 2017-03-29T09:13:20+08:00 ] /JSJD/ | INFO: Run ReadHtmlCache Behavior [ RunTime:0.001019s ]
[ 2017-03-29T09:13:20+08:00 ] /JSJD/ | INFO: Tag[ app_begin ] --END-- [ RunTime:0.001160s ]
[ 2017-03-29T09:13:20+08:00 ] /JSJD/ | SQL: SHOW COLUMNS FROM `czxy_systemconfig` [ RunTime:0.006086s ]
[ 2017-03-29T09:13:20+08:00 ] /JSJD/ | SQL: SELECT * FROM `czxy_systemconfig` WHERE ( `ckey` = 'rotateimg' )  [ RunTime:0.000461s ]
[ 2017-03-29T09:13:20+08:00 ] /JSJD/ | INFO: Tag[ view_template ] --START--
[ 2017-03-29T09:13:20+08:00 ] /JSJD/ | INFO: Run LocationTemplate Behavior [ RunTime:0.000825s ]
[ 2017-03-29T09:13:20+08:00 ] /JSJD/ | INFO: Tag[ view_template ] --END-- [ RunTime:0.000927s ]
[ 2017-03-29T09:13:20+08:00 ] /JSJD/ | INFO: Tag[ view_parse ] --START--
[ 2017-03-29T09:13:20+08:00 ] /JSJD/ | NOTIC: [2] file_get_contents(./Index/Tpl/Public/top.html): failed to open stream: No such file or directory ThinkTemplate.class.php 第 702 行.
[ 2017-03-29T09:13:20+08:00 ] /JSJD/ | NOTIC: [2] file_get_contents(./Index/Tpl/Public/luenhuan.html): failed to open stream: No such file or directory ThinkTemplate.class.php 第 702 行.
[ 2017-03-29T09:13:20+08:00 ] /JSJD/ | NOTIC: [2] file_get_contents(./Index/Tpl/Public/footer.html): failed to open stream: No such file or directory ThinkTemplate.class.php 第 702 行.
[ 2017-03-29T09:13:20+08:00 ] /JSJD/ | INFO: Run ParseTemplate Behavior [ RunTime:0.009840s ]
[ 2017-03-29T09:13:20+08:00 ] /JSJD/ | INFO: Tag[ view_parse ] --END-- [ RunTime:0.009954s ]
[ 2017-03-29T09:13:20+08:00 ] /JSJD/ | INFO: Tag[ view_filter ] --START--
[ 2017-03-29T09:13:20+08:00 ] /JSJD/ | INFO: Run ContentReplace Behavior [ RunTime:0.000890s ]
[ 2017-03-29T09:13:20+08:00 ] /JSJD/ | INFO: Run TokenBuild Behavior [ RunTime:0.000642s ]
[ 2017-03-29T09:13:20+08:00 ] /JSJD/ | INFO: Run WriteHtmlCache Behavior [ RunTime:0.000616s ]
[ 2017-03-29T09:13:20+08:00 ] /JSJD/ | INFO: Run ShowRuntime Behavior [ RunTime:0.000673s ]
[ 2017-03-29T09:13:20+08:00 ] /JSJD/ | INFO: Tag[ view_filter ] --END-- [ RunTime:0.002982s ]
[ 2017-03-29T09:13:20+08:00 ] /JSJD/ | INFO: Tag[ view_end ] --START--
[ 2017-03-29T09:13:20+08:00 ] /JSJD/ | INFO: Run ShowPageTrace Behavior [ RunTime:0.000855s ]
[ 2017-03-29T09:13:20+08:00 ] /JSJD/ | INFO: Tag[ view_end ] --END-- [ RunTime:0.000923s ]
[ 2017-03-29T09:13:23+08:00 ] /JSJD/ | INFO: Tag[ app_begin ] --START--
[ 2017-03-29T09:13:23+08:00 ] /JSJD/ | INFO: Run ReadHtmlCache Behavior [ RunTime:0.000885s ]
[ 2017-03-29T09:13:23+08:00 ] /JSJD/ | INFO: Tag[ app_begin ] --END-- [ RunTime:0.001005s ]
[ 2017-03-29T09:13:23+08:00 ] /JSJD/ | SQL: SHOW COLUMNS FROM `czxy_systemconfig` [ RunTime:0.005362s ]
[ 2017-03-29T09:13:23+08:00 ] /JSJD/ | SQL: SELECT * FROM `czxy_systemconfig` WHERE ( `ckey` = 'rotateimg' )  [ RunTime:0.000365s ]
[ 2017-03-29T09:13:23+08:00 ] /JSJD/ | INFO: Tag[ view_template ] --START--
[ 2017-03-29T09:13:23+08:00 ] /JSJD/ | INFO: Run LocationTemplate Behavior [ RunTime:0.000633s ]
[ 2017-03-29T09:13:23+08:00 ] /JSJD/ | INFO: Tag[ view_template ] --END-- [ RunTime:0.000677s ]
[ 2017-03-29T09:13:23+08:00 ] /JSJD/ | INFO: Tag[ view_parse ] --START--
[ 2017-03-29T09:13:23+08:00 ] /JSJD/ | NOTIC: [2] file_get_contents(./Index/Tpl/Public/top.html): failed to open stream: No such file or directory ThinkTemplate.class.php 第 702 行.
[ 2017-03-29T09:13:23+08:00 ] /JSJD/ | NOTIC: [2] file_get_contents(./Index/Tpl/Public/luenhuan.html): failed to open stream: No such file or directory ThinkTemplate.class.php 第 702 行.
[ 2017-03-29T09:13:23+08:00 ] /JSJD/ | NOTIC: [2] file_get_contents(./Index/Tpl/Public/footer.html): failed to open stream: No such file or directory ThinkTemplate.class.php 第 702 行.
[ 2017-03-29T09:13:23+08:00 ] /JSJD/ | INFO: Run ParseTemplate Behavior [ RunTime:0.010877s ]
[ 2017-03-29T09:13:23+08:00 ] /JSJD/ | INFO: Tag[ view_parse ] --END-- [ RunTime:0.010938s ]
[ 2017-03-29T09:13:23+08:00 ] /JSJD/ | INFO: Tag[ view_filter ] --START--
[ 2017-03-29T09:13:23+08:00 ] /JSJD/ | INFO: Run ContentReplace Behavior [ RunTime:0.000693s ]
[ 2017-03-29T09:13:23+08:00 ] /JSJD/ | INFO: Run TokenBuild Behavior [ RunTime:0.000641s ]
[ 2017-03-29T09:13:23+08:00 ] /JSJD/ | INFO: Run WriteHtmlCache Behavior [ RunTime:0.000527s ]
[ 2017-03-29T09:13:23+08:00 ] /JSJD/ | INFO: Run ShowRuntime Behavior [ RunTime:0.000608s ]
[ 2017-03-29T09:13:23+08:00 ] /JSJD/ | INFO: Tag[ view_filter ] --END-- [ RunTime:0.002601s ]
[ 2017-03-29T09:13:23+08:00 ] /JSJD/ | INFO: Tag[ view_end ] --START--
[ 2017-03-29T09:13:23+08:00 ] /JSJD/ | INFO: Run ShowPageTrace Behavior [ RunTime:0.000987s ]
[ 2017-03-29T09:13:23+08:00 ] /JSJD/ | INFO: Tag[ view_end ] --END-- [ RunTime:0.001056s ]
[ 2017-03-29T09:13:26+08:00 ] /JSJD/ | INFO: Tag[ app_begin ] --START--
[ 2017-03-29T09:13:26+08:00 ] /JSJD/ | INFO: Run ReadHtmlCache Behavior [ RunTime:0.000650s ]
[ 2017-03-29T09:13:26+08:00 ] /JSJD/ | INFO: Tag[ app_begin ] --END-- [ RunTime:0.000736s ]
[ 2017-03-29T09:13:26+08:00 ] /JSJD/ | SQL: SHOW COLUMNS FROM `czxy_systemconfig` [ RunTime:0.004811s ]
[ 2017-03-29T09:13:26+08:00 ] /JSJD/ | SQL: SELECT * FROM `czxy_systemconfig` WHERE ( `ckey` = 'rotateimg' )  [ RunTime:0.000478s ]
[ 2017-03-29T09:13:26+08:00 ] /JSJD/ | INFO: Tag[ view_template ] --START--
[ 2017-03-29T09:13:26+08:00 ] /JSJD/ | INFO: Run LocationTemplate Behavior [ RunTime:0.000566s ]
[ 2017-03-29T09:13:26+08:00 ] /JSJD/ | INFO: Tag[ view_template ] --END-- [ RunTime:0.000604s ]
[ 2017-03-29T09:13:26+08:00 ] /JSJD/ | INFO: Tag[ view_parse ] --START--
[ 2017-03-29T09:13:26+08:00 ] /JSJD/ | NOTIC: [2] file_get_contents(./Index/Tpl/Public/top.html): failed to open stream: No such file or directory ThinkTemplate.class.php 第 702 行.
[ 2017-03-29T09:13:26+08:00 ] /JSJD/ | NOTIC: [2] file_get_contents(./Index/Tpl/Public/luenhuan.html): failed to open stream: No such file or directory ThinkTemplate.class.php 第 702 行.
[ 2017-03-29T09:13:26+08:00 ] /JSJD/ | NOTIC: [2] file_get_contents(./Index/Tpl/Public/footer.html): failed to open stream: No such file or directory ThinkTemplate.class.php 第 702 行.
[ 2017-03-29T09:13:26+08:00 ] /JSJD/ | INFO: Run ParseTemplate Behavior [ RunTime:0.009423s ]
[ 2017-03-29T09:13:26+08:00 ] /JSJD/ | INFO: Tag[ view_parse ] --END-- [ RunTime:0.009472s ]
[ 2017-03-29T09:13:26+08:00 ] /JSJD/ | INFO: Tag[ view_filter ] --START--
[ 2017-03-29T09:13:26+08:00 ] /JSJD/ | INFO: Run ContentReplace Behavior [ RunTime:0.000666s ]
[ 2017-03-29T09:13:26+08:00 ] /JSJD/ | INFO: Run TokenBuild Behavior [ RunTime:0.000604s ]
[ 2017-03-29T09:13:26+08:00 ] /JSJD/ | INFO: Run WriteHtmlCache Behavior [ RunTime:0.000473s ]
[ 2017-03-29T09:13:26+08:00 ] /JSJD/ | INFO: Run ShowRuntime Behavior [ RunTime:0.000626s ]
[ 2017-03-29T09:13:26+08:00 ] /JSJD/ | INFO: Tag[ view_filter ] --END-- [ RunTime:0.002479s ]
[ 2017-03-29T09:13:26+08:00 ] /JSJD/ | INFO: Tag[ view_end ] --START--
[ 2017-03-29T09:13:26+08:00 ] /JSJD/ | INFO: Run ShowPageTrace Behavior [ RunTime:0.000732s ]
[ 2017-03-29T09:13:26+08:00 ] /JSJD/ | INFO: Tag[ view_end ] --END-- [ RunTime:0.000791s ]
[ 2017-03-29T09:14:04+08:00 ] /JSJD/ | INFO: Tag[ app_begin ] --START--
[ 2017-03-29T09:14:04+08:00 ] /JSJD/ | INFO: Run ReadHtmlCache Behavior [ RunTime:0.000544s ]
[ 2017-03-29T09:14:04+08:00 ] /JSJD/ | INFO: Tag[ app_begin ] --END-- [ RunTime:0.000617s ]
[ 2017-03-29T09:14:04+08:00 ] /JSJD/ | SQL: SHOW COLUMNS FROM `czxy_systemconfig` [ RunTime:0.006446s ]
[ 2017-03-29T09:14:04+08:00 ] /JSJD/ | SQL: SELECT * FROM `czxy_systemconfig` WHERE ( `ckey` = 'rotateimg' )  [ RunTime:0.000423s ]
[ 2017-03-29T09:14:04+08:00 ] /JSJD/ | INFO: Tag[ view_template ] --START--
[ 2017-03-29T09:14:04+08:00 ] /JSJD/ | INFO: Run LocationTemplate Behavior [ RunTime:0.000585s ]
[ 2017-03-29T09:14:04+08:00 ] /JSJD/ | INFO: Tag[ view_template ] --END-- [ RunTime:0.000636s ]
[ 2017-03-29T09:14:04+08:00 ] /JSJD/ | INFO: Tag[ view_parse ] --START--
[ 2017-03-29T09:14:04+08:00 ] /JSJD/ | NOTIC: [2] file_get_contents(./Index/Tpl/Public/top.html): failed to open stream: No such file or directory ThinkTemplate.class.php 第 702 行.
[ 2017-03-29T09:14:04+08:00 ] /JSJD/ | NOTIC: [2] file_get_contents(./Index/Tpl/Public/luenhuan.html): failed to open stream: No such file or directory ThinkTemplate.class.php 第 702 行.
[ 2017-03-29T09:14:04+08:00 ] /JSJD/ | NOTIC: [2] file_get_contents(./Index/Tpl/Public/footer.html): failed to open stream: No such file or directory ThinkTemplate.class.php 第 702 行.
[ 2017-03-29T09:14:04+08:00 ] /JSJD/ | INFO: Run ParseTemplate Behavior [ RunTime:0.009739s ]
[ 2017-03-29T09:14:04+08:00 ] /JSJD/ | INFO: Tag[ view_parse ] --END-- [ RunTime:0.009800s ]
[ 2017-03-29T09:14:04+08:00 ] /JSJD/ | INFO: Tag[ view_filter ] --START--
[ 2017-03-29T09:14:04+08:00 ] /JSJD/ | INFO: Run ContentReplace Behavior [ RunTime:0.000848s ]
[ 2017-03-29T09:14:04+08:00 ] /JSJD/ | INFO: Run TokenBuild Behavior [ RunTime:0.000664s ]
[ 2017-03-29T09:14:04+08:00 ] /JSJD/ | INFO: Run WriteHtmlCache Behavior [ RunTime:0.000477s ]
[ 2017-03-29T09:14:04+08:00 ] /JSJD/ | INFO: Run ShowRuntime Behavior [ RunTime:0.000620s ]
[ 2017-03-29T09:14:04+08:00 ] /JSJD/ | INFO: Tag[ view_filter ] --END-- [ RunTime:0.002737s ]
[ 2017-03-29T09:14:04+08:00 ] /JSJD/ | INFO: Tag[ view_end ] --START--
[ 2017-03-29T09:14:04+08:00 ] /JSJD/ | INFO: Run ShowPageTrace Behavior [ RunTime:0.000683s ]
[ 2017-03-29T09:14:04+08:00 ] /JSJD/ | INFO: Tag[ view_end ] --END-- [ RunTime:0.000733s ]
[ 2017-03-29T09:15:05+08:00 ] /JSJD/ | INFO: Tag[ app_begin ] --START--
[ 2017-03-29T09:15:05+08:00 ] /JSJD/ | INFO: Run ReadHtmlCache Behavior [ RunTime:0.000689s ]
[ 2017-03-29T09:15:05+08:00 ] /JSJD/ | INFO: Tag[ app_begin ] --END-- [ RunTime:0.000773s ]
[ 2017-03-29T09:15:05+08:00 ] /JSJD/ | SQL: SHOW COLUMNS FROM `czxy_systemconfig` [ RunTime:0.005763s ]
[ 2017-03-29T09:15:05+08:00 ] /JSJD/ | SQL: SELECT * FROM `czxy_systemconfig` WHERE ( `ckey` = 'rotateimg' )  [ RunTime:0.000397s ]
[ 2017-03-29T09:15:05+08:00 ] /JSJD/ | INFO: Tag[ view_template ] --START--
[ 2017-03-29T09:15:05+08:00 ] /JSJD/ | INFO: Run LocationTemplate Behavior [ RunTime:0.000837s ]
[ 2017-03-29T09:15:05+08:00 ] /JSJD/ | INFO: Tag[ view_template ] --END-- [ RunTime:0.000885s ]
[ 2017-03-29T09:15:05+08:00 ] /JSJD/ | INFO: Tag[ view_parse ] --START--
[ 2017-03-29T09:15:05+08:00 ] /JSJD/ | NOTIC: [2] file_get_contents(./Index/Tpl/Public/top.html): failed to open stream: No such file or directory ThinkTemplate.class.php 第 702 行.
[ 2017-03-29T09:15:05+08:00 ] /JSJD/ | NOTIC: [2] file_get_contents(./Index/Tpl/Public/luenhuan.html): failed to open stream: No such file or directory ThinkTemplate.class.php 第 702 行.
[ 2017-03-29T09:15:05+08:00 ] /JSJD/ | NOTIC: [2] file_get_contents(./Index/Tpl/Public/footer.html): failed to open stream: No such file or directory ThinkTemplate.class.php 第 702 行.
[ 2017-03-29T09:15:05+08:00 ] /JSJD/ | INFO: Run ParseTemplate Behavior [ RunTime:0.010285s ]
[ 2017-03-29T09:15:05+08:00 ] /JSJD/ | INFO: Tag[ view_parse ] --END-- [ RunTime:0.010370s ]
[ 2017-03-29T09:15:05+08:00 ] /JSJD/ | INFO: Tag[ view_filter ] --START--
[ 2017-03-29T09:15:05+08:00 ] /JSJD/ | INFO: Run ContentReplace Behavior [ RunTime:0.000702s ]
[ 2017-03-29T09:15:05+08:00 ] /JSJD/ | INFO: Run TokenBuild Behavior [ RunTime:0.000587s ]
[ 2017-03-29T09:15:05+08:00 ] /JSJD/ | INFO: Run WriteHtmlCache Behavior [ RunTime:0.000430s ]
[ 2017-03-29T09:15:05+08:00 ] /JSJD/ | INFO: Run ShowRuntime Behavior [ RunTime:0.000956s ]
[ 2017-03-29T09:15:05+08:00 ] /JSJD/ | INFO: Tag[ view_filter ] --END-- [ RunTime:0.002842s ]
[ 2017-03-29T09:15:05+08:00 ] /JSJD/ | INFO: Tag[ view_end ] --START--
[ 2017-03-29T09:15:05+08:00 ] /JSJD/ | INFO: Run ShowPageTrace Behavior [ RunTime:0.000984s ]
[ 2017-03-29T09:15:05+08:00 ] /JSJD/ | INFO: Tag[ view_end ] --END-- [ RunTime:0.001054s ]
[ 2017-03-29T09:15:13+08:00 ] /JSJD/ | INFO: Tag[ app_begin ] --START--
[ 2017-03-29T09:15:13+08:00 ] /JSJD/ | INFO: Run ReadHtmlCache Behavior [ RunTime:0.000588s ]
[ 2017-03-29T09:15:13+08:00 ] /JSJD/ | INFO: Tag[ app_begin ] --END-- [ RunTime:0.000666s ]
[ 2017-03-29T09:15:13+08:00 ] /JSJD/ | SQL: SHOW COLUMNS FROM `czxy_systemconfig` [ RunTime:0.006034s ]
[ 2017-03-29T09:15:13+08:00 ] /JSJD/ | SQL: SELECT * FROM `czxy_systemconfig` WHERE ( `ckey` = 'rotateimg' )  [ RunTime:0.000403s ]
[ 2017-03-29T09:15:13+08:00 ] /JSJD/ | INFO: Tag[ view_template ] --START--
[ 2017-03-29T09:15:13+08:00 ] /JSJD/ | INFO: Run LocationTemplate Behavior [ RunTime:0.000603s ]
[ 2017-03-29T09:15:13+08:00 ] /JSJD/ | INFO: Tag[ view_template ] --END-- [ RunTime:0.000647s ]
[ 2017-03-29T09:15:13+08:00 ] /JSJD/ | INFO: Tag[ view_parse ] --START--
[ 2017-03-29T09:15:13+08:00 ] /JSJD/ | NOTIC: [2] file_get_contents(./Index/Tpl/Public/top.html): failed to open stream: No such file or directory ThinkTemplate.class.php 第 702 行.
[ 2017-03-29T09:15:13+08:00 ] /JSJD/ | NOTIC: [2] file_get_contents(./Index/Tpl/Public/luenhuan.html): failed to open stream: No such file or directory ThinkTemplate.class.php 第 702 行.
[ 2017-03-29T09:15:13+08:00 ] /JSJD/ | NOTIC: [2] file_get_contents(./Index/Tpl/Public/footer.html): failed to open stream: No such file or directory ThinkTemplate.class.php 第 702 行.
[ 2017-03-29T09:15:13+08:00 ] /JSJD/ | INFO: Run ParseTemplate Behavior [ RunTime:0.010574s ]
[ 2017-03-29T09:15:13+08:00 ] /JSJD/ | INFO: Tag[ view_parse ] --END-- [ RunTime:0.010642s ]
[ 2017-03-29T09:15:13+08:00 ] /JSJD/ | INFO: Tag[ view_filter ] --START--
[ 2017-03-29T09:15:13+08:00 ] /JSJD/ | INFO: Run ContentReplace Behavior [ RunTime:0.000689s ]
[ 2017-03-29T09:15:13+08:00 ] /JSJD/ | INFO: Run TokenBuild Behavior [ RunTime:0.000659s ]
[ 2017-03-29T09:15:13+08:00 ] /JSJD/ | INFO: Run WriteHtmlCache Behavior [ RunTime:0.000486s ]
[ 2017-03-29T09:15:13+08:00 ] /JSJD/ | INFO: Run ShowRuntime Behavior [ RunTime:0.000544s ]
[ 2017-03-29T09:15:13+08:00 ] /JSJD/ | INFO: Tag[ view_filter ] --END-- [ RunTime:0.002483s ]
[ 2017-03-29T09:15:13+08:00 ] /JSJD/ | INFO: Tag[ view_end ] --START--
[ 2017-03-29T09:15:13+08:00 ] /JSJD/ | INFO: Run ShowPageTrace Behavior [ RunTime:0.000691s ]
[ 2017-03-29T09:15:13+08:00 ] /JSJD/ | INFO: Tag[ view_end ] --END-- [ RunTime:0.000749s ]
[ 2017-03-29T09:16:45+08:00 ] /JSJD/ | INFO: Tag[ app_begin ] --START--
[ 2017-03-29T09:16:45+08:00 ] /JSJD/ | INFO: Run ReadHtmlCache Behavior [ RunTime:0.000712s ]
[ 2017-03-29T09:16:45+08:00 ] /JSJD/ | INFO: Tag[ app_begin ] --END-- [ RunTime:0.000847s ]
[ 2017-03-29T09:16:45+08:00 ] /JSJD/ | SQL: SHOW COLUMNS FROM `czxy_systemconfig` [ RunTime:0.005637s ]
[ 2017-03-29T09:16:45+08:00 ] /JSJD/ | SQL: SELECT * FROM `czxy_systemconfig` WHERE ( `ckey` = 'rotateimg' )  [ RunTime:0.000594s ]
[ 2017-03-29T09:16:45+08:00 ] /JSJD/ | INFO: Tag[ view_template ] --START--
[ 2017-03-29T09:16:45+08:00 ] /JSJD/ | INFO: Run LocationTemplate Behavior [ RunTime:0.001197s ]
[ 2017-03-29T09:16:45+08:00 ] /JSJD/ | INFO: Tag[ view_template ] --END-- [ RunTime:0.001274s ]
[ 2017-03-29T09:16:45+08:00 ] /JSJD/ | INFO: Tag[ view_parse ] --START--
[ 2017-03-29T09:16:45+08:00 ] /JSJD/ | NOTIC: [2] file_get_contents(./Index/Tpl/Public/top.html): failed to open stream: No such file or directory ThinkTemplate.class.php 第 702 行.
[ 2017-03-29T09:16:45+08:00 ] /JSJD/ | NOTIC: [2] file_get_contents(./Index/Tpl/Public/luenhuan.html): failed to open stream: No such file or directory ThinkTemplate.class.php 第 702 行.
[ 2017-03-29T09:16:45+08:00 ] /JSJD/ | NOTIC: [2] file_get_contents(./Index/Tpl/Public/footer.html): failed to open stream: No such file or directory ThinkTemplate.class.php 第 702 行.
[ 2017-03-29T09:16:45+08:00 ] /JSJD/ | INFO: Run ParseTemplate Behavior [ RunTime:0.018833s ]
[ 2017-03-29T09:16:45+08:00 ] /JSJD/ | INFO: Tag[ view_parse ] --END-- [ RunTime:0.018894s ]
[ 2017-03-29T09:16:45+08:00 ] /JSJD/ | INFO: Tag[ view_filter ] --START--
[ 2017-03-29T09:16:45+08:00 ] /JSJD/ | INFO: Run ContentReplace Behavior [ RunTime:0.000730s ]
[ 2017-03-29T09:16:45+08:00 ] /JSJD/ | INFO: Run TokenBuild Behavior [ RunTime:0.000796s ]
[ 2017-03-29T09:16:45+08:00 ] /JSJD/ | INFO: Run WriteHtmlCache Behavior [ RunTime:0.000504s ]
[ 2017-03-29T09:16:45+08:00 ] /JSJD/ | INFO: Run ShowRuntime Behavior [ RunTime:0.000575s ]
[ 2017-03-29T09:16:45+08:00 ] /JSJD/ | INFO: Tag[ view_filter ] --END-- [ RunTime:0.002717s ]
[ 2017-03-29T09:16:45+08:00 ] /JSJD/ | INFO: Tag[ view_end ] --START--
[ 2017-03-29T09:16:45+08:00 ] /JSJD/ | INFO: Run ShowPageTrace Behavior [ RunTime:0.000851s ]
[ 2017-03-29T09:16:45+08:00 ] /JSJD/ | INFO: Tag[ view_end ] --END-- [ RunTime:0.000923s ]
[ 2017-03-29T09:16:48+08:00 ] /JSJD/ | INFO: Tag[ app_begin ] --START--
[ 2017-03-29T09:16:48+08:00 ] /JSJD/ | INFO: Run ReadHtmlCache Behavior [ RunTime:0.000794s ]
[ 2017-03-29T09:16:48+08:00 ] /JSJD/ | INFO: Tag[ app_begin ] --END-- [ RunTime:0.000904s ]
[ 2017-03-29T09:16:48+08:00 ] /JSJD/ | SQL: SHOW COLUMNS FROM `czxy_systemconfig` [ RunTime:0.005700s ]
[ 2017-03-29T09:16:48+08:00 ] /JSJD/ | SQL: SELECT * FROM `czxy_systemconfig` WHERE ( `ckey` = 'rotateimg' )  [ RunTime:0.000505s ]
[ 2017-03-29T09:16:48+08:00 ] /JSJD/ | INFO: Tag[ view_template ] --START--
[ 2017-03-29T09:16:48+08:00 ] /JSJD/ | INFO: Run LocationTemplate Behavior [ RunTime:0.000762s ]
[ 2017-03-29T09:16:48+08:00 ] /JSJD/ | INFO: Tag[ view_template ] --END-- [ RunTime:0.000815s ]
[ 2017-03-29T09:16:48+08:00 ] /JSJD/ | INFO: Tag[ view_parse ] --START--
[ 2017-03-29T09:16:48+08:00 ] /JSJD/ | NOTIC: [2] file_get_contents(./Index/Tpl/Public/top.html): failed to open stream: No such file or directory ThinkTemplate.class.php 第 702 行.
[ 2017-03-29T09:16:48+08:00 ] /JSJD/ | NOTIC: [2] file_get_contents(./Index/Tpl/Public/luenhuan.html): failed to open stream: No such file or directory ThinkTemplate.class.php 第 702 行.
[ 2017-03-29T09:16:48+08:00 ] /JSJD/ | NOTIC: [2] file_get_contents(./Index/Tpl/Public/footer.html): failed to open stream: No such file or directory ThinkTemplate.class.php 第 702 行.
[ 2017-03-29T09:16:48+08:00 ] /JSJD/ | INFO: Run ParseTemplate Behavior [ RunTime:0.009706s ]
[ 2017-03-29T09:16:48+08:00 ] /JSJD/ | INFO: Tag[ view_parse ] --END-- [ RunTime:0.009759s ]
[ 2017-03-29T09:16:48+08:00 ] /JSJD/ | INFO: Tag[ view_filter ] --START--
[ 2017-03-29T09:16:48+08:00 ] /JSJD/ | INFO: Run ContentReplace Behavior [ RunTime:0.000642s ]
[ 2017-03-29T09:16:48+08:00 ] /JSJD/ | INFO: Run TokenBuild Behavior [ RunTime:0.000571s ]
[ 2017-03-29T09:16:48+08:00 ] /JSJD/ | INFO: Run WriteHtmlCache Behavior [ RunTime:0.000473s ]
[ 2017-03-29T09:16:48+08:00 ] /JSJD/ | INFO: Run ShowRuntime Behavior [ RunTime:0.000565s ]
[ 2017-03-29T09:16:48+08:00 ] /JSJD/ | INFO: Tag[ view_filter ] --END-- [ RunTime:0.002384s ]
[ 2017-03-29T09:16:48+08:00 ] /JSJD/ | INFO: Tag[ view_end ] --START--
[ 2017-03-29T09:16:48+08:00 ] /JSJD/ | INFO: Run ShowPageTrace Behavior [ RunTime:0.000654s ]
[ 2017-03-29T09:16:48+08:00 ] /JSJD/ | INFO: Tag[ view_end ] --END-- [ RunTime:0.000711s ]
[ 2017-03-29T10:53:13+08:00 ] /JSJD/ | INFO: Tag[ app_begin ] --START--
[ 2017-03-29T10:53:13+08:00 ] /JSJD/ | INFO: Run ReadHtmlCache Behavior [ RunTime:0.000805s ]
[ 2017-03-29T10:53:13+08:00 ] /JSJD/ | INFO: Tag[ app_begin ] --END-- [ RunTime:0.000889s ]
[ 2017-03-29T10:53:13+08:00 ] /JSJD/ | SQL: SHOW COLUMNS FROM `czxy_systemconfig` [ RunTime:0.007140s ]
[ 2017-03-29T10:53:13+08:00 ] /JSJD/ | SQL: SELECT * FROM `czxy_systemconfig` WHERE ( `ckey` = 'rotateimg' )  [ RunTime:0.001195s ]
[ 2017-03-29T10:53:13+08:00 ] /JSJD/ | INFO: Tag[ view_template ] --START--
[ 2017-03-29T10:53:13+08:00 ] /JSJD/ | INFO: Run LocationTemplate Behavior [ RunTime:0.001130s ]
[ 2017-03-29T10:53:13+08:00 ] /JSJD/ | INFO: Tag[ view_template ] --END-- [ RunTime:0.001203s ]
[ 2017-03-29T10:53:13+08:00 ] /JSJD/ | INFO: Tag[ view_parse ] --START--
[ 2017-03-29T10:53:13+08:00 ] /JSJD/ | NOTIC: [2] file_get_contents(./Index/Tpl/Public/top.html): failed to open stream: No such file or directory ThinkTemplate.class.php 第 702 行.
[ 2017-03-29T10:53:13+08:00 ] /JSJD/ | NOTIC: [2] file_get_contents(./Index/Tpl/Public/luenhuan.html): failed to open stream: No such file or directory ThinkTemplate.class.php 第 702 行.
[ 2017-03-29T10:53:13+08:00 ] /JSJD/ | NOTIC: [2] file_get_contents(./Index/Tpl/Public/footer.html): failed to open stream: No such file or directory ThinkTemplate.class.php 第 702 行.
[ 2017-03-29T10:53:13+08:00 ] /JSJD/ | INFO: Run ParseTemplate Behavior [ RunTime:0.019287s ]
[ 2017-03-29T10:53:13+08:00 ] /JSJD/ | INFO: Tag[ view_parse ] --END-- [ RunTime:0.019348s ]
[ 2017-03-29T10:53:13+08:00 ] /JSJD/ | INFO: Tag[ view_filter ] --START--
[ 2017-03-29T10:53:13+08:00 ] /JSJD/ | INFO: Run ContentReplace Behavior [ RunTime:0.000744s ]
[ 2017-03-29T10:53:13+08:00 ] /JSJD/ | INFO: Run TokenBuild Behavior [ RunTime:0.000797s ]
[ 2017-03-29T10:53:13+08:00 ] /JSJD/ | INFO: Run WriteHtmlCache Behavior [ RunTime:0.000525s ]
[ 2017-03-29T10:53:13+08:00 ] /JSJD/ | INFO: Run ShowRuntime Behavior [ RunTime:0.000672s ]
[ 2017-03-29T10:53:13+08:00 ] /JSJD/ | INFO: Tag[ view_filter ] --END-- [ RunTime:0.002854s ]
[ 2017-03-29T10:53:13+08:00 ] /JSJD/ | INFO: Tag[ view_end ] --START--
[ 2017-03-29T10:53:13+08:00 ] /JSJD/ | INFO: Run ShowPageTrace Behavior [ RunTime:0.000856s ]
[ 2017-03-29T10:53:13+08:00 ] /JSJD/ | INFO: Tag[ view_end ] --END-- [ RunTime:0.000925s ]
[ 2017-03-29T17:27:33+08:00 ] /JSJD/ | INFO: Tag[ app_begin ] --START--
[ 2017-03-29T17:27:33+08:00 ] /JSJD/ | INFO: Run ReadHtmlCache Behavior [ RunTime:0.001287s ]
[ 2017-03-29T17:27:33+08:00 ] /JSJD/ | INFO: Tag[ app_begin ] --END-- [ RunTime:0.001414s ]
[ 2017-03-29T17:27:33+08:00 ] /JSJD/ | SQL: SHOW COLUMNS FROM `czxy_systemconfig` [ RunTime:0.007960s ]
[ 2017-03-29T17:27:33+08:00 ] /JSJD/ | SQL: SELECT * FROM `czxy_systemconfig` WHERE ( `ckey` = 'rotateimg' )  [ RunTime:0.000772s ]
[ 2017-03-29T17:27:33+08:00 ] /JSJD/ | INFO: Tag[ view_template ] --START--
[ 2017-03-29T17:27:33+08:00 ] /JSJD/ | INFO: Run LocationTemplate Behavior [ RunTime:0.000884s ]
[ 2017-03-29T17:27:33+08:00 ] /JSJD/ | INFO: Tag[ view_template ] --END-- [ RunTime:0.000930s ]
[ 2017-03-29T17:27:33+08:00 ] /JSJD/ | INFO: Tag[ view_parse ] --START--
[ 2017-03-29T17:27:33+08:00 ] /JSJD/ | NOTIC: [2] file_get_contents(./Index/Tpl/Public/top.html): failed to open stream: No such file or directory ThinkTemplate.class.php 第 702 行.
[ 2017-03-29T17:27:33+08:00 ] /JSJD/ | NOTIC: [2] file_get_contents(./Index/Tpl/Public/luenhuan.html): failed to open stream: No such file or directory ThinkTemplate.class.php 第 702 行.
[ 2017-03-29T17:27:33+08:00 ] /JSJD/ | NOTIC: [2] file_get_contents(./Index/Tpl/Public/footer.html): failed to open stream: No such file or directory ThinkTemplate.class.php 第 702 行.
[ 2017-03-29T17:27:33+08:00 ] /JSJD/ | INFO: Run ParseTemplate Behavior [ RunTime:0.028230s ]
[ 2017-03-29T17:27:33+08:00 ] /JSJD/ | INFO: Tag[ view_parse ] --END-- [ RunTime:0.028296s ]
[ 2017-03-29T17:27:33+08:00 ] /JSJD/ | INFO: Tag[ view_filter ] --START--
[ 2017-03-29T17:27:33+08:00 ] /JSJD/ | INFO: Run ContentReplace Behavior [ RunTime:0.001015s ]
[ 2017-03-29T17:27:33+08:00 ] /JSJD/ | INFO: Run TokenBuild Behavior [ RunTime:0.001126s ]
[ 2017-03-29T17:27:33+08:00 ] /JSJD/ | INFO: Run WriteHtmlCache Behavior [ RunTime:0.000691s ]
[ 2017-03-29T17:27:33+08:00 ] /JSJD/ | INFO: Run ShowRuntime Behavior [ RunTime:0.000796s ]
[ 2017-03-29T17:27:33+08:00 ] /JSJD/ | INFO: Tag[ view_filter ] --END-- [ RunTime:0.003813s ]
[ 2017-03-29T17:27:33+08:00 ] /JSJD/ | INFO: Tag[ view_end ] --START--
[ 2017-03-29T17:27:33+08:00 ] /JSJD/ | INFO: Run ShowPageTrace Behavior [ RunTime:0.001036s ]
[ 2017-03-29T17:27:33+08:00 ] /JSJD/ | INFO: Tag[ view_end ] --END-- [ RunTime:0.001102s ]
