[ 2017-06-01T23:58:31+08:00 ] /JSJD/index.php/Login/index | INFO: Tag[ route_check ] --START--
[ 2017-06-01T23:58:31+08:00 ] /JSJD/index.php/Login/index | INFO: Run CheckRoute Behavior [ RunTime:0.000774s ]
[ 2017-06-01T23:58:31+08:00 ] /JSJD/index.php/Login/index | INFO: Tag[ route_check ] --END-- [ RunTime:0.000856s ]
[ 2017-06-01T23:58:31+08:00 ] /JSJD/index.php/Login/index | NOTIC: [8192] preg_replace(): The /e modifier is deprecated, use preg_replace_callback instead Dispatcher.class.php 第 125 行.
[ 2017-06-01T23:58:31+08:00 ] /JSJD/index.php/Login/index | INFO: Tag[ app_begin ] --START--
[ 2017-06-01T23:58:31+08:00 ] /JSJD/index.php/Login/index | INFO: Run ReadHtmlCache Behavior [ RunTime:0.000428s ]
[ 2017-06-01T23:58:31+08:00 ] /JSJD/index.php/Login/index | INFO: Tag[ app_begin ] --END-- [ RunTime:0.000478s ]
[ 2017-06-01T23:58:31+08:00 ] /JSJD/index.php/Login/index | INFO: Tag[ view_template ] --START--
[ 2017-06-01T23:58:31+08:00 ] /JSJD/index.php/Login/index | INFO: Run LocationTemplate Behavior [ RunTime:0.000177s ]
[ 2017-06-01T23:58:31+08:00 ] /JSJD/index.php/Login/index | INFO: Tag[ view_template ] --END-- [ RunTime:0.000223s ]
[ 2017-06-01T23:58:31+08:00 ] /JSJD/index.php/Login/index | INFO: Tag[ view_parse ] --START--
[ 2017-06-01T23:58:31+08:00 ] /JSJD/index.php/Login/index | NOTIC: [8192] preg_replace(): The /e modifier is deprecated, use preg_replace_callback instead ThinkTemplate.class.php 第 186 行.
[ 2017-06-01T23:58:31+08:00 ] /JSJD/index.php/Login/index | NOTIC: [8192] preg_replace(): The /e modifier is deprecated, use preg_replace_callback instead ThinkTemplate.class.php 第 406 行.
[ 2017-06-01T23:58:31+08:00 ] /JSJD/index.php/Login/index | NOTIC: [8192] preg_replace(): The /e modifier is deprecated, use preg_replace_callback instead ThinkTemplate.class.php 第 406 行.
[ 2017-06-01T23:58:31+08:00 ] /JSJD/index.php/Login/index | NOTIC: [8192] preg_replace(): The /e modifier is deprecated, use preg_replace_callback instead ThinkTemplate.class.php 第 406 行.
[ 2017-06-01T23:58:31+08:00 ] /JSJD/index.php/Login/index | NOTIC: [8192] preg_replace(): The /e modifier is deprecated, use preg_replace_callback instead ThinkTemplate.class.php 第 406 行.
[ 2017-06-01T23:58:31+08:00 ] /JSJD/index.php/Login/index | NOTIC: [8192] preg_replace(): The /e modifier is deprecated, use preg_replace_callback instead ThinkTemplate.class.php 第 406 行.
[ 2017-06-01T23:58:31+08:00 ] /JSJD/index.php/Login/index | NOTIC: [8192] preg_replace(): The /e modifier is deprecated, use preg_replace_callback instead ThinkTemplate.class.php 第 406 行.
[ 2017-06-01T23:58:31+08:00 ] /JSJD/index.php/Login/index | NOTIC: [8192] preg_replace(): The /e modifier is deprecated, use preg_replace_callback instead ThinkTemplate.class.php 第 406 行.
[ 2017-06-01T23:58:31+08:00 ] /JSJD/index.php/Login/index | NOTIC: [8192] preg_replace(): The /e modifier is deprecated, use preg_replace_callback instead ThinkTemplate.class.php 第 406 行.
[ 2017-06-01T23:58:31+08:00 ] /JSJD/index.php/Login/index | NOTIC: [8192] preg_replace(): The /e modifier is deprecated, use preg_replace_callback instead ThinkTemplate.class.php 第 406 行.
[ 2017-06-01T23:58:31+08:00 ] /JSJD/index.php/Login/index | NOTIC: [8192] preg_replace(): The /e modifier is deprecated, use preg_replace_callback instead ThinkTemplate.class.php 第 402 行.
[ 2017-06-01T23:58:31+08:00 ] /JSJD/index.php/Login/index | NOTIC: [8192] preg_replace(): The /e modifier is deprecated, use preg_replace_callback instead ThinkTemplate.class.php 第 402 行.
[ 2017-06-01T23:58:31+08:00 ] /JSJD/index.php/Login/index | NOTIC: [8192] preg_replace(): The /e modifier is deprecated, use preg_replace_callback instead ThinkTemplate.class.php 第 406 行.
[ 2017-06-01T23:58:31+08:00 ] /JSJD/index.php/Login/index | NOTIC: [8192] preg_replace(): The /e modifier is deprecated, use preg_replace_callback instead ThinkTemplate.class.php 第 406 行.
[ 2017-06-01T23:58:31+08:00 ] /JSJD/index.php/Login/index | NOTIC: [8192] preg_replace(): The /e modifier is deprecated, use preg_replace_callback instead ThinkTemplate.class.php 第 406 行.
[ 2017-06-01T23:58:31+08:00 ] /JSJD/index.php/Login/index | NOTIC: [8192] preg_replace(): The /e modifier is deprecated, use preg_replace_callback instead ThinkTemplate.class.php 第 402 行.
[ 2017-06-01T23:58:31+08:00 ] /JSJD/index.php/Login/index | NOTIC: [8192] preg_replace(): The /e modifier is deprecated, use preg_replace_callback instead ThinkTemplate.class.php 第 406 行.
[ 2017-06-01T23:58:31+08:00 ] /JSJD/index.php/Login/index | NOTIC: [8192] preg_replace(): The /e modifier is deprecated, use preg_replace_callback instead ThinkTemplate.class.php 第 406 行.
[ 2017-06-01T23:58:31+08:00 ] /JSJD/index.php/Login/index | NOTIC: [8192] preg_replace(): The /e modifier is deprecated, use preg_replace_callback instead ThinkTemplate.class.php 第 406 行.
[ 2017-06-01T23:58:31+08:00 ] /JSJD/index.php/Login/index | NOTIC: [8192] preg_replace(): The /e modifier is deprecated, use preg_replace_callback instead ThinkTemplate.class.php 第 406 行.
[ 2017-06-01T23:58:31+08:00 ] /JSJD/index.php/Login/index | NOTIC: [8192] preg_replace(): The /e modifier is deprecated, use preg_replace_callback instead ThinkTemplate.class.php 第 406 行.
[ 2017-06-01T23:58:31+08:00 ] /JSJD/index.php/Login/index | NOTIC: [8192] preg_replace(): The /e modifier is deprecated, use preg_replace_callback instead ThinkTemplate.class.php 第 406 行.
[ 2017-06-01T23:58:31+08:00 ] /JSJD/index.php/Login/index | NOTIC: [8192] preg_replace(): The /e modifier is deprecated, use preg_replace_callback instead ThinkTemplate.class.php 第 406 行.
[ 2017-06-01T23:58:31+08:00 ] /JSJD/index.php/Login/index | NOTIC: [8192] preg_replace(): The /e modifier is deprecated, use preg_replace_callback instead ThinkTemplate.class.php 第 406 行.
[ 2017-06-01T23:58:31+08:00 ] /JSJD/index.php/Login/index | NOTIC: [8192] preg_replace(): The /e modifier is deprecated, use preg_replace_callback instead ThinkTemplate.class.php 第 406 行.
[ 2017-06-01T23:58:31+08:00 ] /JSJD/index.php/Login/index | NOTIC: [8192] preg_replace(): The /e modifier is deprecated, use preg_replace_callback instead ThinkTemplate.class.php 第 406 行.
[ 2017-06-01T23:58:31+08:00 ] /JSJD/index.php/Login/index | NOTIC: [8192] preg_replace(): The /e modifier is deprecated, use preg_replace_callback instead ThinkTemplate.class.php 第 406 行.
[ 2017-06-01T23:58:31+08:00 ] /JSJD/index.php/Login/index | NOTIC: [8192] preg_replace(): The /e modifier is deprecated, use preg_replace_callback instead ThinkTemplate.class.php 第 406 行.
[ 2017-06-01T23:58:31+08:00 ] /JSJD/index.php/Login/index | NOTIC: [8192] preg_replace(): The /e modifier is deprecated, use preg_replace_callback instead ThinkTemplate.class.php 第 406 行.
[ 2017-06-01T23:58:31+08:00 ] /JSJD/index.php/Login/index | NOTIC: [8192] preg_replace(): The /e modifier is deprecated, use preg_replace_callback instead ThinkTemplate.class.php 第 406 行.
[ 2017-06-01T23:58:31+08:00 ] /JSJD/index.php/Login/index | NOTIC: [8192] preg_replace(): The /e modifier is deprecated, use preg_replace_callback instead ThinkTemplate.class.php 第 406 行.
[ 2017-06-01T23:58:31+08:00 ] /JSJD/index.php/Login/index | NOTIC: [8192] preg_replace(): The /e modifier is deprecated, use preg_replace_callback instead ThinkTemplate.class.php 第 406 行.
[ 2017-06-01T23:58:31+08:00 ] /JSJD/index.php/Login/index | NOTIC: [8192] preg_replace(): The /e modifier is deprecated, use preg_replace_callback instead ThinkTemplate.class.php 第 406 行.
[ 2017-06-01T23:58:31+08:00 ] /JSJD/index.php/Login/index | NOTIC: [8192] preg_replace(): The /e modifier is deprecated, use preg_replace_callback instead ThinkTemplate.class.php 第 406 行.
[ 2017-06-01T23:58:31+08:00 ] /JSJD/index.php/Login/index | NOTIC: [8192] preg_replace(): The /e modifier is deprecated, use preg_replace_callback instead ThinkTemplate.class.php 第 406 行.
[ 2017-06-01T23:58:31+08:00 ] /JSJD/index.php/Login/index | NOTIC: [8192] preg_replace(): The /e modifier is deprecated, use preg_replace_callback instead ThinkTemplate.class.php 第 406 行.
[ 2017-06-01T23:58:31+08:00 ] /JSJD/index.php/Login/index | NOTIC: [8192] preg_replace(): The /e modifier is deprecated, use preg_replace_callback instead ThinkTemplate.class.php 第 406 行.
[ 2017-06-01T23:58:31+08:00 ] /JSJD/index.php/Login/index | NOTIC: [8192] preg_replace(): The /e modifier is deprecated, use preg_replace_callback instead ThinkTemplate.class.php 第 406 行.
[ 2017-06-01T23:58:31+08:00 ] /JSJD/index.php/Login/index | NOTIC: [8192] preg_replace(): The /e modifier is deprecated, use preg_replace_callback instead ThinkTemplate.class.php 第 406 行.
[ 2017-06-01T23:58:31+08:00 ] /JSJD/index.php/Login/index | NOTIC: [8192] preg_replace(): The /e modifier is deprecated, use preg_replace_callback instead ThinkTemplate.class.php 第 406 行.
[ 2017-06-01T23:58:31+08:00 ] /JSJD/index.php/Login/index | NOTIC: [8192] preg_replace(): The /e modifier is deprecated, use preg_replace_callback instead ThinkTemplate.class.php 第 406 行.
[ 2017-06-01T23:58:31+08:00 ] /JSJD/index.php/Login/index | NOTIC: [8192] preg_replace(): The /e modifier is deprecated, use preg_replace_callback instead ThinkTemplate.class.php 第 406 行.
[ 2017-06-01T23:58:31+08:00 ] /JSJD/index.php/Login/index | NOTIC: [8192] preg_replace(): The /e modifier is deprecated, use preg_replace_callback instead ThinkTemplate.class.php 第 406 行.
[ 2017-06-01T23:58:31+08:00 ] /JSJD/index.php/Login/index | NOTIC: [8192] preg_replace(): The /e modifier is deprecated, use preg_replace_callback instead ThinkTemplate.class.php 第 406 行.
[ 2017-06-01T23:58:31+08:00 ] /JSJD/index.php/Login/index | NOTIC: [8192] preg_replace(): The /e modifier is deprecated, use preg_replace_callback instead ThinkTemplate.class.php 第 406 行.
[ 2017-06-01T23:58:31+08:00 ] /JSJD/index.php/Login/index | NOTIC: [8192] preg_replace(): The /e modifier is deprecated, use preg_replace_callback instead ThinkTemplate.class.php 第 406 行.
[ 2017-06-01T23:58:31+08:00 ] /JSJD/index.php/Login/index | NOTIC: [8192] preg_replace(): The /e modifier is deprecated, use preg_replace_callback instead ThinkTemplate.class.php 第 406 行.
[ 2017-06-01T23:58:31+08:00 ] /JSJD/index.php/Login/index | NOTIC: [8192] preg_replace(): The /e modifier is deprecated, use preg_replace_callback instead ThinkTemplate.class.php 第 406 行.
[ 2017-06-01T23:58:31+08:00 ] /JSJD/index.php/Login/index | NOTIC: [8192] preg_replace(): The /e modifier is deprecated, use preg_replace_callback instead ThinkTemplate.class.php 第 406 行.
[ 2017-06-01T23:58:31+08:00 ] /JSJD/index.php/Login/index | NOTIC: [8192] preg_replace(): The /e modifier is deprecated, use preg_replace_callback instead ThinkTemplate.class.php 第 406 行.
[ 2017-06-01T23:58:31+08:00 ] /JSJD/index.php/Login/index | NOTIC: [8192] preg_replace(): The /e modifier is deprecated, use preg_replace_callback instead ThinkTemplate.class.php 第 406 行.
[ 2017-06-01T23:58:31+08:00 ] /JSJD/index.php/Login/index | NOTIC: [8192] preg_replace(): The /e modifier is deprecated, use preg_replace_callback instead ThinkTemplate.class.php 第 406 行.
[ 2017-06-01T23:58:31+08:00 ] /JSJD/index.php/Login/index | NOTIC: [8192] preg_replace(): The /e modifier is deprecated, use preg_replace_callback instead ThinkTemplate.class.php 第 406 行.
[ 2017-06-01T23:58:31+08:00 ] /JSJD/index.php/Login/index | NOTIC: [8192] preg_replace(): The /e modifier is deprecated, use preg_replace_callback instead ThinkTemplate.class.php 第 406 行.
[ 2017-06-01T23:58:31+08:00 ] /JSJD/index.php/Login/index | NOTIC: [8192] preg_replace(): The /e modifier is deprecated, use preg_replace_callback instead ThinkTemplate.class.php 第 406 行.
[ 2017-06-01T23:58:31+08:00 ] /JSJD/index.php/Login/index | NOTIC: [8192] preg_replace(): The /e modifier is deprecated, use preg_replace_callback instead ThinkTemplate.class.php 第 406 行.
[ 2017-06-01T23:58:31+08:00 ] /JSJD/index.php/Login/index | NOTIC: [8192] preg_replace(): The /e modifier is deprecated, use preg_replace_callback instead ThinkTemplate.class.php 第 406 行.
[ 2017-06-01T23:58:31+08:00 ] /JSJD/index.php/Login/index | NOTIC: [8192] preg_replace(): The /e modifier is deprecated, use preg_replace_callback instead ThinkTemplate.class.php 第 406 行.
[ 2017-06-01T23:58:31+08:00 ] /JSJD/index.php/Login/index | NOTIC: [8192] preg_replace(): The /e modifier is deprecated, use preg_replace_callback instead ThinkTemplate.class.php 第 406 行.
[ 2017-06-01T23:58:31+08:00 ] /JSJD/index.php/Login/index | NOTIC: [8192] preg_replace(): The /e modifier is deprecated, use preg_replace_callback instead ThinkTemplate.class.php 第 406 行.
[ 2017-06-01T23:58:31+08:00 ] /JSJD/index.php/Login/index | NOTIC: [8192] preg_replace(): The /e modifier is deprecated, use preg_replace_callback instead ThinkTemplate.class.php 第 406 行.
[ 2017-06-01T23:58:31+08:00 ] /JSJD/index.php/Login/index | NOTIC: [8192] preg_replace(): The /e modifier is deprecated, use preg_replace_callback instead ThinkTemplate.class.php 第 406 行.
[ 2017-06-01T23:58:31+08:00 ] /JSJD/index.php/Login/index | NOTIC: [8192] preg_replace(): The /e modifier is deprecated, use preg_replace_callback instead ThinkTemplate.class.php 第 406 行.
[ 2017-06-01T23:58:31+08:00 ] /JSJD/index.php/Login/index | NOTIC: [8192] preg_replace(): The /e modifier is deprecated, use preg_replace_callback instead ThinkTemplate.class.php 第 406 行.
[ 2017-06-01T23:58:31+08:00 ] /JSJD/index.php/Login/index | NOTIC: [8192] preg_replace(): The /e modifier is deprecated, use preg_replace_callback instead ThinkTemplate.class.php 第 406 行.
[ 2017-06-01T23:58:31+08:00 ] /JSJD/index.php/Login/index | NOTIC: [8192] preg_replace(): The /e modifier is deprecated, use preg_replace_callback instead ThinkTemplate.class.php 第 406 行.
[ 2017-06-01T23:58:31+08:00 ] /JSJD/index.php/Login/index | NOTIC: [8192] preg_replace(): The /e modifier is deprecated, use preg_replace_callback instead ThinkTemplate.class.php 第 406 行.
[ 2017-06-01T23:58:31+08:00 ] /JSJD/index.php/Login/index | NOTIC: [8192] preg_replace(): The /e modifier is deprecated, use preg_replace_callback instead ThinkTemplate.class.php 第 406 行.
[ 2017-06-01T23:58:31+08:00 ] /JSJD/index.php/Login/index | NOTIC: [8192] preg_replace(): The /e modifier is deprecated, use preg_replace_callback instead ThinkTemplate.class.php 第 406 行.
[ 2017-06-01T23:58:31+08:00 ] /JSJD/index.php/Login/index | NOTIC: [8192] preg_replace(): The /e modifier is deprecated, use preg_replace_callback instead ThinkTemplate.class.php 第 406 行.
[ 2017-06-01T23:58:31+08:00 ] /JSJD/index.php/Login/index | NOTIC: [8192] preg_replace(): The /e modifier is deprecated, use preg_replace_callback instead ThinkTemplate.class.php 第 406 行.
[ 2017-06-01T23:58:31+08:00 ] /JSJD/index.php/Login/index | NOTIC: [8192] preg_replace(): The /e modifier is deprecated, use preg_replace_callback instead ThinkTemplate.class.php 第 406 行.
[ 2017-06-01T23:58:31+08:00 ] /JSJD/index.php/Login/index | NOTIC: [8192] preg_replace(): The /e modifier is deprecated, use preg_replace_callback instead ThinkTemplate.class.php 第 406 行.
[ 2017-06-01T23:58:31+08:00 ] /JSJD/index.php/Login/index | NOTIC: [8192] preg_replace(): The /e modifier is deprecated, use preg_replace_callback instead ThinkTemplate.class.php 第 406 行.
[ 2017-06-01T23:58:31+08:00 ] /JSJD/index.php/Login/index | NOTIC: [8192] preg_replace(): The /e modifier is deprecated, use preg_replace_callback instead ThinkTemplate.class.php 第 406 行.
[ 2017-06-01T23:58:31+08:00 ] /JSJD/index.php/Login/index | NOTIC: [8192] preg_replace(): The /e modifier is deprecated, use preg_replace_callback instead ThinkTemplate.class.php 第 406 行.
[ 2017-06-01T23:58:31+08:00 ] /JSJD/index.php/Login/index | NOTIC: [8192] preg_replace(): The /e modifier is deprecated, use preg_replace_callback instead ThinkTemplate.class.php 第 406 行.
[ 2017-06-01T23:58:31+08:00 ] /JSJD/index.php/Login/index | NOTIC: [8192] preg_replace(): The /e modifier is deprecated, use preg_replace_callback instead ThinkTemplate.class.php 第 406 行.
[ 2017-06-01T23:58:31+08:00 ] /JSJD/index.php/Login/index | NOTIC: [8192] preg_replace(): The /e modifier is deprecated, use preg_replace_callback instead ThinkTemplate.class.php 第 406 行.
[ 2017-06-01T23:58:31+08:00 ] /JSJD/index.php/Login/index | NOTIC: [8192] preg_replace(): The /e modifier is deprecated, use preg_replace_callback instead ThinkTemplate.class.php 第 406 行.
[ 2017-06-01T23:58:31+08:00 ] /JSJD/index.php/Login/index | NOTIC: [8192] preg_replace(): The /e modifier is deprecated, use preg_replace_callback instead ThinkTemplate.class.php 第 406 行.
[ 2017-06-01T23:58:31+08:00 ] /JSJD/index.php/Login/index | NOTIC: [8192] preg_replace(): The /e modifier is deprecated, use preg_replace_callback instead ThinkTemplate.class.php 第 406 行.
[ 2017-06-01T23:58:31+08:00 ] /JSJD/index.php/Login/index | NOTIC: [8192] preg_replace(): The /e modifier is deprecated, use preg_replace_callback instead ThinkTemplate.class.php 第 402 行.
[ 2017-06-01T23:58:31+08:00 ] /JSJD/index.php/Login/index | NOTIC: [8192] preg_replace(): The /e modifier is deprecated, use preg_replace_callback instead ThinkTemplate.class.php 第 402 行.
[ 2017-06-01T23:58:31+08:00 ] /JSJD/index.php/Login/index | NOTIC: [8192] preg_replace(): The /e modifier is deprecated, use preg_replace_callback instead ThinkTemplate.class.php 第 402 行.
[ 2017-06-01T23:58:31+08:00 ] /JSJD/index.php/Login/index | NOTIC: [8192] preg_replace(): The /e modifier is deprecated, use preg_replace_callback instead ThinkTemplate.class.php 第 402 行.
[ 2017-06-01T23:58:31+08:00 ] /JSJD/index.php/Login/index | NOTIC: [8192] preg_replace(): The /e modifier is deprecated, use preg_replace_callback instead ThinkTemplate.class.php 第 402 行.
[ 2017-06-01T23:58:31+08:00 ] /JSJD/index.php/Login/index | NOTIC: [8192] preg_replace(): The /e modifier is deprecated, use preg_replace_callback instead ThinkTemplate.class.php 第 402 行.
[ 2017-06-01T23:58:31+08:00 ] /JSJD/index.php/Login/index | NOTIC: [8192] preg_replace(): The /e modifier is deprecated, use preg_replace_callback instead ThinkTemplate.class.php 第 406 行.
[ 2017-06-01T23:58:31+08:00 ] /JSJD/index.php/Login/index | NOTIC: [8192] preg_replace(): The /e modifier is deprecated, use preg_replace_callback instead ThinkTemplate.class.php 第 406 行.
[ 2017-06-01T23:58:31+08:00 ] /JSJD/index.php/Login/index | NOTIC: [8192] preg_replace(): The /e modifier is deprecated, use preg_replace_callback instead ThinkTemplate.class.php 第 406 行.
[ 2017-06-01T23:58:31+08:00 ] /JSJD/index.php/Login/index | NOTIC: [8192] preg_replace(): The /e modifier is deprecated, use preg_replace_callback instead ThinkTemplate.class.php 第 220 行.
[ 2017-06-01T23:58:31+08:00 ] /JSJD/index.php/Login/index | NOTIC: [8192] preg_replace(): The /e modifier is deprecated, use preg_replace_callback instead ThinkTemplate.class.php 第 154 行.
[ 2017-06-01T23:58:31+08:00 ] /JSJD/index.php/Login/index | INFO: Run ParseTemplate Behavior [ RunTime:0.012650s ]
[ 2017-06-01T23:58:31+08:00 ] /JSJD/index.php/Login/index | INFO: Tag[ view_parse ] --END-- [ RunTime:0.012697s ]
[ 2017-06-01T23:58:31+08:00 ] /JSJD/index.php/Login/index | INFO: Tag[ view_filter ] --START--
[ 2017-06-01T23:58:31+08:00 ] /JSJD/index.php/Login/index | INFO: Run ContentReplace Behavior [ RunTime:0.000233s ]
[ 2017-06-01T23:58:31+08:00 ] /JSJD/index.php/Login/index | INFO: Run TokenBuild Behavior [ RunTime:0.000251s ]
[ 2017-06-01T23:58:31+08:00 ] /JSJD/index.php/Login/index | INFO: Run WriteHtmlCache Behavior [ RunTime:0.000117s ]
[ 2017-06-01T23:58:31+08:00 ] /JSJD/index.php/Login/index | INFO: Run ShowRuntime Behavior [ RunTime:0.000279s ]
[ 2017-06-01T23:58:31+08:00 ] /JSJD/index.php/Login/index | INFO: Tag[ view_filter ] --END-- [ RunTime:0.000991s ]
[ 2017-06-01T23:58:31+08:00 ] /JSJD/index.php/Login/index | INFO: Tag[ view_end ] --START--
[ 2017-06-01T23:58:31+08:00 ] /JSJD/index.php/Login/index | INFO: Run ShowPageTrace Behavior [ RunTime:0.000260s ]
[ 2017-06-01T23:58:31+08:00 ] /JSJD/index.php/Login/index | INFO: Tag[ view_end ] --END-- [ RunTime:0.000296s ]
[ 2017-06-01T23:58:49+08:00 ] /JSJD/index.php/ | INFO: Tag[ route_check ] --START--
[ 2017-06-01T23:58:49+08:00 ] /JSJD/index.php/ | INFO: Run CheckRoute Behavior [ RunTime:0.000667s ]
[ 2017-06-01T23:58:49+08:00 ] /JSJD/index.php/ | INFO: Tag[ route_check ] --END-- [ RunTime:0.000736s ]
[ 2017-06-01T23:58:49+08:00 ] /JSJD/index.php/ | INFO: Tag[ app_begin ] --START--
[ 2017-06-01T23:58:49+08:00 ] /JSJD/index.php/ | INFO: Run ReadHtmlCache Behavior [ RunTime:0.000353s ]
[ 2017-06-01T23:58:49+08:00 ] /JSJD/index.php/ | INFO: Tag[ app_begin ] --END-- [ RunTime:0.000393s ]
[ 2017-06-01T23:58:49+08:00 ] /JSJD/index.php/ | NOTIC: [8192] mysql_connect(): The mysql extension is deprecated and will be removed in the future: use mysqli or PDO instead DbMysql.class.php 第 67 行.
[ 2017-06-01T23:58:49+08:00 ] /JSJD/index.php/ | SQL: SHOW COLUMNS FROM `czxy_news` [ RunTime:0.002405s ]
[ 2017-06-01T23:58:49+08:00 ] /JSJD/index.php/ | NOTIC: [8192] preg_replace(): The /e modifier is deprecated, use preg_replace_callback instead Db.class.php 第 660 行.
[ 2017-06-01T23:58:49+08:00 ] /JSJD/index.php/ | SQL: SELECT * FROM `czxy_news` LIMIT 5   [ RunTime:0.000273s ]
[ 2017-06-01T23:58:49+08:00 ] /JSJD/index.php/ | SQL: SHOW COLUMNS FROM `czxy_subjectrace` [ RunTime:0.002300s ]
[ 2017-06-01T23:58:49+08:00 ] /JSJD/index.php/ | NOTIC: [8192] preg_replace(): The /e modifier is deprecated, use preg_replace_callback instead Db.class.php 第 660 行.
[ 2017-06-01T23:58:49+08:00 ] /JSJD/index.php/ | SQL: SELECT * FROM `czxy_subjectrace` ORDER BY id DESC LIMIT 3   [ RunTime:0.000348s ]
[ 2017-06-01T23:58:49+08:00 ] /JSJD/index.php/ | INFO: Tag[ view_template ] --START--
[ 2017-06-01T23:58:49+08:00 ] /JSJD/index.php/ | INFO: Run LocationTemplate Behavior [ RunTime:0.000292s ]
[ 2017-06-01T23:58:49+08:00 ] /JSJD/index.php/ | INFO: Tag[ view_template ] --END-- [ RunTime:0.000349s ]
[ 2017-06-01T23:58:49+08:00 ] /JSJD/index.php/ | INFO: Tag[ view_parse ] --START--
[ 2017-06-01T23:58:49+08:00 ] /JSJD/index.php/ | NOTIC: [8192] preg_replace(): The /e modifier is deprecated, use preg_replace_callback instead ThinkTemplate.class.php 第 186 行.
[ 2017-06-01T23:58:49+08:00 ] /JSJD/index.php/ | NOTIC: [2] file_get_contents(./Index/Tpl/Public/top.html): failed to open stream: No such file or directory ThinkTemplate.class.php 第 702 行.
[ 2017-06-01T23:58:49+08:00 ] /JSJD/index.php/ | NOTIC: [2] file_get_contents(./Index/Tpl/Public/luenhuan.html): failed to open stream: No such file or directory ThinkTemplate.class.php 第 702 行.
[ 2017-06-01T23:58:49+08:00 ] /JSJD/index.php/ | NOTIC: [2] file_get_contents(./Index/Tpl/Public/footer.html): failed to open stream: No such file or directory ThinkTemplate.class.php 第 702 行.
[ 2017-06-01T23:58:49+08:00 ] /JSJD/index.php/ | NOTIC: [8192] preg_replace(): The /e modifier is deprecated, use preg_replace_callback instead ThinkTemplate.class.php 第 406 行.
[ 2017-06-01T23:58:49+08:00 ] /JSJD/index.php/ | NOTIC: [8192] preg_replace(): The /e modifier is deprecated, use preg_replace_callback instead ThinkTemplate.class.php 第 406 行.
[ 2017-06-01T23:58:49+08:00 ] /JSJD/index.php/ | NOTIC: [8192] preg_replace(): The /e modifier is deprecated, use preg_replace_callback instead ThinkTemplate.class.php 第 406 行.
[ 2017-06-01T23:58:49+08:00 ] /JSJD/index.php/ | NOTIC: [8192] preg_replace(): The /e modifier is deprecated, use preg_replace_callback instead ThinkTemplate.class.php 第 406 行.
[ 2017-06-01T23:58:49+08:00 ] /JSJD/index.php/ | NOTIC: [8192] preg_replace(): The /e modifier is deprecated, use preg_replace_callback instead ThinkTemplate.class.php 第 406 行.
[ 2017-06-01T23:58:49+08:00 ] /JSJD/index.php/ | NOTIC: [8192] preg_replace(): The /e modifier is deprecated, use preg_replace_callback instead ThinkTemplate.class.php 第 406 行.
[ 2017-06-01T23:58:49+08:00 ] /JSJD/index.php/ | NOTIC: [8192] preg_replace(): The /e modifier is deprecated, use preg_replace_callback instead ThinkTemplate.class.php 第 406 行.
[ 2017-06-01T23:58:49+08:00 ] /JSJD/index.php/ | NOTIC: [8192] preg_replace(): The /e modifier is deprecated, use preg_replace_callback instead ThinkTemplate.class.php 第 406 行.
[ 2017-06-01T23:58:49+08:00 ] /JSJD/index.php/ | NOTIC: [8192] preg_replace(): The /e modifier is deprecated, use preg_replace_callback instead ThinkTemplate.class.php 第 406 行.
[ 2017-06-01T23:58:49+08:00 ] /JSJD/index.php/ | NOTIC: [8192] preg_replace(): The /e modifier is deprecated, use preg_replace_callback instead ThinkTemplate.class.php 第 402 行.
[ 2017-06-01T23:58:49+08:00 ] /JSJD/index.php/ | NOTIC: [8192] preg_replace(): The /e modifier is deprecated, use preg_replace_callback instead ThinkTemplate.class.php 第 402 行.
[ 2017-06-01T23:58:49+08:00 ] /JSJD/index.php/ | NOTIC: [8192] preg_replace(): The /e modifier is deprecated, use preg_replace_callback instead ThinkTemplate.class.php 第 406 行.
[ 2017-06-01T23:58:49+08:00 ] /JSJD/index.php/ | NOTIC: [8192] preg_replace(): The /e modifier is deprecated, use preg_replace_callback instead ThinkTemplate.class.php 第 406 行.
[ 2017-06-01T23:58:49+08:00 ] /JSJD/index.php/ | NOTIC: [8192] preg_replace(): The /e modifier is deprecated, use preg_replace_callback instead ThinkTemplate.class.php 第 406 行.
[ 2017-06-01T23:58:49+08:00 ] /JSJD/index.php/ | NOTIC: [8192] preg_replace(): The /e modifier is deprecated, use preg_replace_callback instead ThinkTemplate.class.php 第 402 行.
[ 2017-06-01T23:58:49+08:00 ] /JSJD/index.php/ | NOTIC: [8192] preg_replace(): The /e modifier is deprecated, use preg_replace_callback instead ThinkTemplate.class.php 第 406 行.
[ 2017-06-01T23:58:49+08:00 ] /JSJD/index.php/ | NOTIC: [8192] preg_replace(): The /e modifier is deprecated, use preg_replace_callback instead ThinkTemplate.class.php 第 406 行.
[ 2017-06-01T23:58:49+08:00 ] /JSJD/index.php/ | NOTIC: [8192] preg_replace(): The /e modifier is deprecated, use preg_replace_callback instead ThinkTemplate.class.php 第 406 行.
[ 2017-06-01T23:58:49+08:00 ] /JSJD/index.php/ | NOTIC: [8192] preg_replace(): The /e modifier is deprecated, use preg_replace_callback instead ThinkTemplate.class.php 第 406 行.
[ 2017-06-01T23:58:49+08:00 ] /JSJD/index.php/ | NOTIC: [8192] preg_replace(): The /e modifier is deprecated, use preg_replace_callback instead ThinkTemplate.class.php 第 406 行.
[ 2017-06-01T23:58:49+08:00 ] /JSJD/index.php/ | NOTIC: [8192] preg_replace(): The /e modifier is deprecated, use preg_replace_callback instead ThinkTemplate.class.php 第 406 行.
[ 2017-06-01T23:58:49+08:00 ] /JSJD/index.php/ | NOTIC: [8192] preg_replace(): The /e modifier is deprecated, use preg_replace_callback instead ThinkTemplate.class.php 第 406 行.
[ 2017-06-01T23:58:49+08:00 ] /JSJD/index.php/ | NOTIC: [8192] preg_replace(): The /e modifier is deprecated, use preg_replace_callback instead ThinkTemplate.class.php 第 406 行.
[ 2017-06-01T23:58:49+08:00 ] /JSJD/index.php/ | NOTIC: [8192] preg_replace(): The /e modifier is deprecated, use preg_replace_callback instead ThinkTemplate.class.php 第 406 行.
[ 2017-06-01T23:58:49+08:00 ] /JSJD/index.php/ | NOTIC: [8192] preg_replace(): The /e modifier is deprecated, use preg_replace_callback instead ThinkTemplate.class.php 第 406 行.
[ 2017-06-01T23:58:49+08:00 ] /JSJD/index.php/ | NOTIC: [8192] preg_replace(): The /e modifier is deprecated, use preg_replace_callback instead ThinkTemplate.class.php 第 406 行.
[ 2017-06-01T23:58:49+08:00 ] /JSJD/index.php/ | NOTIC: [8192] preg_replace(): The /e modifier is deprecated, use preg_replace_callback instead ThinkTemplate.class.php 第 406 行.
[ 2017-06-01T23:58:49+08:00 ] /JSJD/index.php/ | NOTIC: [8192] preg_replace(): The /e modifier is deprecated, use preg_replace_callback instead ThinkTemplate.class.php 第 406 行.
[ 2017-06-01T23:58:49+08:00 ] /JSJD/index.php/ | NOTIC: [8192] preg_replace(): The /e modifier is deprecated, use preg_replace_callback instead ThinkTemplate.class.php 第 406 行.
[ 2017-06-01T23:58:49+08:00 ] /JSJD/index.php/ | NOTIC: [8192] preg_replace(): The /e modifier is deprecated, use preg_replace_callback instead ThinkTemplate.class.php 第 406 行.
[ 2017-06-01T23:58:49+08:00 ] /JSJD/index.php/ | NOTIC: [8192] preg_replace(): The /e modifier is deprecated, use preg_replace_callback instead ThinkTemplate.class.php 第 406 行.
[ 2017-06-01T23:58:49+08:00 ] /JSJD/index.php/ | NOTIC: [8192] preg_replace(): The /e modifier is deprecated, use preg_replace_callback instead ThinkTemplate.class.php 第 406 行.
[ 2017-06-01T23:58:49+08:00 ] /JSJD/index.php/ | NOTIC: [8192] preg_replace(): The /e modifier is deprecated, use preg_replace_callback instead ThinkTemplate.class.php 第 406 行.
[ 2017-06-01T23:58:49+08:00 ] /JSJD/index.php/ | NOTIC: [8192] preg_replace(): The /e modifier is deprecated, use preg_replace_callback instead ThinkTemplate.class.php 第 406 行.
[ 2017-06-01T23:58:49+08:00 ] /JSJD/index.php/ | NOTIC: [8192] preg_replace(): The /e modifier is deprecated, use preg_replace_callback instead ThinkTemplate.class.php 第 406 行.
[ 2017-06-01T23:58:49+08:00 ] /JSJD/index.php/ | NOTIC: [8192] preg_replace(): The /e modifier is deprecated, use preg_replace_callback instead ThinkTemplate.class.php 第 406 行.
[ 2017-06-01T23:58:49+08:00 ] /JSJD/index.php/ | NOTIC: [8192] preg_replace(): The /e modifier is deprecated, use preg_replace_callback instead ThinkTemplate.class.php 第 406 行.
[ 2017-06-01T23:58:49+08:00 ] /JSJD/index.php/ | NOTIC: [8192] preg_replace(): The /e modifier is deprecated, use preg_replace_callback instead ThinkTemplate.class.php 第 406 行.
[ 2017-06-01T23:58:49+08:00 ] /JSJD/index.php/ | NOTIC: [8192] preg_replace(): The /e modifier is deprecated, use preg_replace_callback instead ThinkTemplate.class.php 第 406 行.
[ 2017-06-01T23:58:49+08:00 ] /JSJD/index.php/ | NOTIC: [8192] preg_replace(): The /e modifier is deprecated, use preg_replace_callback instead ThinkTemplate.class.php 第 406 行.
[ 2017-06-01T23:58:49+08:00 ] /JSJD/index.php/ | NOTIC: [8192] preg_replace(): The /e modifier is deprecated, use preg_replace_callback instead ThinkTemplate.class.php 第 406 行.
[ 2017-06-01T23:58:49+08:00 ] /JSJD/index.php/ | NOTIC: [8192] preg_replace(): The /e modifier is deprecated, use preg_replace_callback instead ThinkTemplate.class.php 第 406 行.
[ 2017-06-01T23:58:49+08:00 ] /JSJD/index.php/ | NOTIC: [8192] preg_replace(): The /e modifier is deprecated, use preg_replace_callback instead ThinkTemplate.class.php 第 406 行.
[ 2017-06-01T23:58:49+08:00 ] /JSJD/index.php/ | NOTIC: [8192] preg_replace(): The /e modifier is deprecated, use preg_replace_callback instead ThinkTemplate.class.php 第 406 行.
[ 2017-06-01T23:58:49+08:00 ] /JSJD/index.php/ | NOTIC: [8192] preg_replace(): The /e modifier is deprecated, use preg_replace_callback instead ThinkTemplate.class.php 第 406 行.
[ 2017-06-01T23:58:49+08:00 ] /JSJD/index.php/ | NOTIC: [8192] preg_replace(): The /e modifier is deprecated, use preg_replace_callback instead ThinkTemplate.class.php 第 406 行.
[ 2017-06-01T23:58:49+08:00 ] /JSJD/index.php/ | NOTIC: [8192] preg_replace(): The /e modifier is deprecated, use preg_replace_callback instead ThinkTemplate.class.php 第 406 行.
[ 2017-06-01T23:58:49+08:00 ] /JSJD/index.php/ | NOTIC: [8192] preg_replace(): The /e modifier is deprecated, use preg_replace_callback instead ThinkTemplate.class.php 第 406 行.
[ 2017-06-01T23:58:49+08:00 ] /JSJD/index.php/ | NOTIC: [8192] preg_replace(): The /e modifier is deprecated, use preg_replace_callback instead ThinkTemplate.class.php 第 406 行.
[ 2017-06-01T23:58:49+08:00 ] /JSJD/index.php/ | NOTIC: [8192] preg_replace(): The /e modifier is deprecated, use preg_replace_callback instead ThinkTemplate.class.php 第 406 行.
[ 2017-06-01T23:58:49+08:00 ] /JSJD/index.php/ | NOTIC: [8192] preg_replace(): The /e modifier is deprecated, use preg_replace_callback instead ThinkTemplate.class.php 第 406 行.
[ 2017-06-01T23:58:49+08:00 ] /JSJD/index.php/ | NOTIC: [8192] preg_replace(): The /e modifier is deprecated, use preg_replace_callback instead ThinkTemplate.class.php 第 406 行.
[ 2017-06-01T23:58:49+08:00 ] /JSJD/index.php/ | NOTIC: [8192] preg_replace(): The /e modifier is deprecated, use preg_replace_callback instead ThinkTemplate.class.php 第 406 行.
[ 2017-06-01T23:58:49+08:00 ] /JSJD/index.php/ | NOTIC: [8192] preg_replace(): The /e modifier is deprecated, use preg_replace_callback instead ThinkTemplate.class.php 第 406 行.
[ 2017-06-01T23:58:49+08:00 ] /JSJD/index.php/ | NOTIC: [8192] preg_replace(): The /e modifier is deprecated, use preg_replace_callback instead ThinkTemplate.class.php 第 406 行.
[ 2017-06-01T23:58:49+08:00 ] /JSJD/index.php/ | NOTIC: [8192] preg_replace(): The /e modifier is deprecated, use preg_replace_callback instead ThinkTemplate.class.php 第 406 行.
[ 2017-06-01T23:58:49+08:00 ] /JSJD/index.php/ | NOTIC: [8192] preg_replace(): The /e modifier is deprecated, use preg_replace_callback instead ThinkTemplate.class.php 第 406 行.
[ 2017-06-01T23:58:49+08:00 ] /JSJD/index.php/ | NOTIC: [8192] preg_replace(): The /e modifier is deprecated, use preg_replace_callback instead ThinkTemplate.class.php 第 406 行.
[ 2017-06-01T23:58:49+08:00 ] /JSJD/index.php/ | NOTIC: [8192] preg_replace(): The /e modifier is deprecated, use preg_replace_callback instead ThinkTemplate.class.php 第 406 行.
[ 2017-06-01T23:58:49+08:00 ] /JSJD/index.php/ | NOTIC: [8192] preg_replace(): The /e modifier is deprecated, use preg_replace_callback instead ThinkTemplate.class.php 第 406 行.
[ 2017-06-01T23:58:49+08:00 ] /JSJD/index.php/ | NOTIC: [8192] preg_replace(): The /e modifier is deprecated, use preg_replace_callback instead ThinkTemplate.class.php 第 406 行.
[ 2017-06-01T23:58:49+08:00 ] /JSJD/index.php/ | NOTIC: [8192] preg_replace(): The /e modifier is deprecated, use preg_replace_callback instead ThinkTemplate.class.php 第 406 行.
[ 2017-06-01T23:58:49+08:00 ] /JSJD/index.php/ | NOTIC: [8192] preg_replace(): The /e modifier is deprecated, use preg_replace_callback instead ThinkTemplate.class.php 第 406 行.
[ 2017-06-01T23:58:49+08:00 ] /JSJD/index.php/ | NOTIC: [8192] preg_replace(): The /e modifier is deprecated, use preg_replace_callback instead ThinkTemplate.class.php 第 406 行.
[ 2017-06-01T23:58:49+08:00 ] /JSJD/index.php/ | NOTIC: [8192] preg_replace(): The /e modifier is deprecated, use preg_replace_callback instead ThinkTemplate.class.php 第 406 行.
[ 2017-06-01T23:58:49+08:00 ] /JSJD/index.php/ | NOTIC: [8192] preg_replace(): The /e modifier is deprecated, use preg_replace_callback instead ThinkTemplate.class.php 第 406 行.
[ 2017-06-01T23:58:49+08:00 ] /JSJD/index.php/ | NOTIC: [8192] preg_replace(): The /e modifier is deprecated, use preg_replace_callback instead ThinkTemplate.class.php 第 406 行.
[ 2017-06-01T23:58:49+08:00 ] /JSJD/index.php/ | NOTIC: [8192] preg_replace(): The /e modifier is deprecated, use preg_replace_callback instead ThinkTemplate.class.php 第 406 行.
[ 2017-06-01T23:58:49+08:00 ] /JSJD/index.php/ | NOTIC: [8192] preg_replace(): The /e modifier is deprecated, use preg_replace_callback instead ThinkTemplate.class.php 第 406 行.
[ 2017-06-01T23:58:49+08:00 ] /JSJD/index.php/ | NOTIC: [8192] preg_replace(): The /e modifier is deprecated, use preg_replace_callback instead ThinkTemplate.class.php 第 406 行.
[ 2017-06-01T23:58:49+08:00 ] /JSJD/index.php/ | NOTIC: [8192] preg_replace(): The /e modifier is deprecated, use preg_replace_callback instead ThinkTemplate.class.php 第 406 行.
[ 2017-06-01T23:58:49+08:00 ] /JSJD/index.php/ | NOTIC: [8192] preg_replace(): The /e modifier is deprecated, use preg_replace_callback instead ThinkTemplate.class.php 第 406 行.
[ 2017-06-01T23:58:49+08:00 ] /JSJD/index.php/ | NOTIC: [8192] preg_replace(): The /e modifier is deprecated, use preg_replace_callback instead ThinkTemplate.class.php 第 406 行.
[ 2017-06-01T23:58:49+08:00 ] /JSJD/index.php/ | NOTIC: [8192] preg_replace(): The /e modifier is deprecated, use preg_replace_callback instead ThinkTemplate.class.php 第 406 行.
[ 2017-06-01T23:58:49+08:00 ] /JSJD/index.php/ | NOTIC: [8192] preg_replace(): The /e modifier is deprecated, use preg_replace_callback instead ThinkTemplate.class.php 第 406 行.
[ 2017-06-01T23:58:49+08:00 ] /JSJD/index.php/ | NOTIC: [8192] preg_replace(): The /e modifier is deprecated, use preg_replace_callback instead ThinkTemplate.class.php 第 406 行.
[ 2017-06-01T23:58:49+08:00 ] /JSJD/index.php/ | NOTIC: [8192] preg_replace(): The /e modifier is deprecated, use preg_replace_callback instead ThinkTemplate.class.php 第 406 行.
[ 2017-06-01T23:58:49+08:00 ] /JSJD/index.php/ | NOTIC: [8192] preg_replace(): The /e modifier is deprecated, use preg_replace_callback instead ThinkTemplate.class.php 第 406 行.
[ 2017-06-01T23:58:49+08:00 ] /JSJD/index.php/ | NOTIC: [8192] preg_replace(): The /e modifier is deprecated, use preg_replace_callback instead ThinkTemplate.class.php 第 406 行.
[ 2017-06-01T23:58:49+08:00 ] /JSJD/index.php/ | NOTIC: [8192] preg_replace(): The /e modifier is deprecated, use preg_replace_callback instead ThinkTemplate.class.php 第 406 行.
[ 2017-06-01T23:58:49+08:00 ] /JSJD/index.php/ | NOTIC: [8192] preg_replace(): The /e modifier is deprecated, use preg_replace_callback instead ThinkTemplate.class.php 第 406 行.
[ 2017-06-01T23:58:49+08:00 ] /JSJD/index.php/ | NOTIC: [8192] preg_replace(): The /e modifier is deprecated, use preg_replace_callback instead ThinkTemplate.class.php 第 402 行.
[ 2017-06-01T23:58:49+08:00 ] /JSJD/index.php/ | NOTIC: [8192] preg_replace(): The /e modifier is deprecated, use preg_replace_callback instead ThinkTemplate.class.php 第 402 行.
[ 2017-06-01T23:58:49+08:00 ] /JSJD/index.php/ | NOTIC: [8192] preg_replace(): The /e modifier is deprecated, use preg_replace_callback instead ThinkTemplate.class.php 第 402 行.
[ 2017-06-01T23:58:49+08:00 ] /JSJD/index.php/ | NOTIC: [8192] preg_replace(): The /e modifier is deprecated, use preg_replace_callback instead ThinkTemplate.class.php 第 402 行.
[ 2017-06-01T23:58:49+08:00 ] /JSJD/index.php/ | NOTIC: [8192] preg_replace(): The /e modifier is deprecated, use preg_replace_callback instead ThinkTemplate.class.php 第 402 行.
[ 2017-06-01T23:58:49+08:00 ] /JSJD/index.php/ | NOTIC: [8192] preg_replace(): The /e modifier is deprecated, use preg_replace_callback instead ThinkTemplate.class.php 第 402 行.
[ 2017-06-01T23:58:49+08:00 ] /JSJD/index.php/ | NOTIC: [8192] preg_replace(): The /e modifier is deprecated, use preg_replace_callback instead ThinkTemplate.class.php 第 406 行.
[ 2017-06-01T23:58:49+08:00 ] /JSJD/index.php/ | NOTIC: [8192] preg_replace(): The /e modifier is deprecated, use preg_replace_callback instead ThinkTemplate.class.php 第 406 行.
[ 2017-06-01T23:58:49+08:00 ] /JSJD/index.php/ | NOTIC: [8192] preg_replace(): The /e modifier is deprecated, use preg_replace_callback instead ThinkTemplate.class.php 第 406 行.
[ 2017-06-01T23:58:49+08:00 ] /JSJD/index.php/ | NOTIC: [8192] preg_replace(): The /e modifier is deprecated, use preg_replace_callback instead ThinkTemplate.class.php 第 220 行.
[ 2017-06-01T23:58:49+08:00 ] /JSJD/index.php/ | NOTIC: [8192] preg_replace(): The /e modifier is deprecated, use preg_replace_callback instead ThinkTemplate.class.php 第 154 行.
[ 2017-06-01T23:58:49+08:00 ] /JSJD/index.php/ | NOTIC: [8] Undefined index: sid functions.php 第 441 行.
[ 2017-06-01T23:58:49+08:00 ] /JSJD/index.php/ | NOTIC: [8] Undefined variable: rotatedata f9c22b8b40e560036663a0ce7ed378ae.php 第 78 行.
[ 2017-06-01T23:58:49+08:00 ] /JSJD/index.php/ | NOTIC: [2] Invalid argument supplied for foreach() f9c22b8b40e560036663a0ce7ed378ae.php 第 78 行.
[ 2017-06-01T23:58:49+08:00 ] /JSJD/index.php/ | INFO: Run ParseTemplate Behavior [ RunTime:0.016447s ]
[ 2017-06-01T23:58:49+08:00 ] /JSJD/index.php/ | INFO: Tag[ view_parse ] --END-- [ RunTime:0.016532s ]
[ 2017-06-01T23:58:49+08:00 ] /JSJD/index.php/ | INFO: Tag[ view_filter ] --START--
[ 2017-06-01T23:58:49+08:00 ] /JSJD/index.php/ | INFO: Run ContentReplace Behavior [ RunTime:0.000623s ]
[ 2017-06-01T23:58:49+08:00 ] /JSJD/index.php/ | INFO: Run TokenBuild Behavior [ RunTime:0.000465s ]
[ 2017-06-01T23:58:49+08:00 ] /JSJD/index.php/ | INFO: Run WriteHtmlCache Behavior [ RunTime:0.000186s ]
[ 2017-06-01T23:58:49+08:00 ] /JSJD/index.php/ | INFO: Run ShowRuntime Behavior [ RunTime:0.000418s ]
[ 2017-06-01T23:58:49+08:00 ] /JSJD/index.php/ | INFO: Tag[ view_filter ] --END-- [ RunTime:0.001911s ]
[ 2017-06-01T23:58:49+08:00 ] /JSJD/index.php/ | INFO: Tag[ view_end ] --START--
[ 2017-06-01T23:58:49+08:00 ] /JSJD/index.php/ | INFO: Run ShowPageTrace Behavior [ RunTime:0.000432s ]
[ 2017-06-01T23:58:49+08:00 ] /JSJD/index.php/ | INFO: Tag[ view_end ] --END-- [ RunTime:0.000500s ]
